This file contains any messages produced by compilers while
running configure, to aid debugging if configure makes a mistake.

It was created by configure, which was
generated by GNU Autoconf 2.69.  Invocation command line was

  $ ./configure --with-build-version=2020-09-24 15:23:05 (Thu, 24 Sep 2020) - Darwin x86_64 --enable-verbose --with-openldap --enable-category-b --enable-bundled-dictionaries --enable-wiki-publisher --with-jdk-home=/Library/Java/JavaVirtualMachines/jdk1.7.0_80.jdk/Contents/Home --with-ant-home=/usr/local/share/java/apache-ant-1.9 --with-junit=/usr/local/share/java/junit.jar --with-epm=/usr/local/bin/epm --with-dmake-path=/usr/local/bin/dmake --without-stlport --with-package-format=dmg --disable-systray --with-macosx-target=10.7 --with-alloc=internal --with-lang=ast bg ca ca-XR ca-XV cs da de el en-GB en-US es eu fi fr gd gl he hi hu it ja km ko lt nb nl pl pt pt-BR ru sk sl sr sv ta th tr vi zh-CN zh-TW

## --------- ##
## Platform. ##
## --------- ##

hostname = aoo-builder64-macos13.local
uname -m = x86_64
uname -r = 17.7.0
uname -s = Darwin
uname -v = Darwin Kernel Version 17.7.0: Sun Jun  2 20:31:42 PDT 2019; root:xnu-4570.71.46~1/RELEASE_X86_64

/usr/bin/uname -p = i386
/bin/uname -X     = unknown

/bin/arch              = unknown
/usr/bin/arch -k       = unknown
/usr/convex/getsysinfo = unknown
/usr/bin/hostinfo      = Mach kernel version:
	 Darwin Kernel Version 17.7.0: Sun Jun  2 20:31:42 PDT 2019; root:xnu-4570.71.46~1/RELEASE_X86_64
Kernel configured for up to 8 processors.
8 processors are physically available.
8 processors are logically available.
Processor type: i486 (Intel 80486)
Processors active: 0 1 2 3 4 5 6 7
Primary memory available: 16.00 gigabytes
Default processor set: 255 tasks, 825 threads, 8 processors
Load average: 1.39, Mach factor: 6.60
/bin/machine           = unknown
/usr/bin/oslevel       = unknown
/bin/universe          = unknown

PATH: /Users/jim/bin
PATH: /usr/local/bin
PATH: /usr/bin
PATH: /bin
PATH: /usr/sbin
PATH: /sbin
PATH: /opt/X11/bin
PATH: .


## ----------- ##
## Core tests. ##
## ----------- ##

configure:5168: checking whether configure is up-to-date
configure:5175: result: yes
configure:5202: checking for grep that handles long lines and -e
configure:5260: result: /usr/bin/grep
configure:5265: checking for egrep
configure:5327: result: /usr/bin/grep -E
configure:5336: checking for gawk
configure:5366: result: no
configure:5336: checking for mawk
configure:5366: result: no
configure:5336: checking for nawk
configure:5366: result: no
configure:5336: checking for awk
configure:5352: found /usr/bin/awk
configure:5363: result: awk
configure:5376: checking for awk
configure:5394: found /usr/bin/awk
configure:5406: result: /usr/bin/awk
configure:5422: checking for sed
configure:5440: found /usr/bin/sed
configure:5452: result: /usr/bin/sed
configure:5467: checking for solenv environment
configure:5471: result: default
configure:5498: checking for custom pack.lst
configure:5512: result: no
configure:5552: checking build system type
configure:5566: result: x86_64-apple-darwin17.7.0
configure:5586: checking host system type
configure:5599: result: x86_64-apple-darwin17.7.0
configure:5619: checking target system type
configure:5632: result: x86_64-apple-darwin17.7.0
configure:5935: checking for pkg-config
configure:5953: found /usr/local/bin/pkg-config
configure:5965: result: /usr/local/bin/pkg-config
configure:5990: checking pkg-config is at least version 0.9.0
configure:5993: result: yes
configure:6003: checking whether to enable crashdump feature
configure:6012: result: no
configure:6051: checking whether to turn warnings to errors
configure:6064: result: no
configure:6069: checking whether to do a debug build
configure:6080: result: no
configure:6085: checking whether to build with additional debug utilities
configure:6097: result: no, full product build
configure:6104: checking whether to include symbols into final build
configure:6126: result: no
configure:6131: checking whether to strip the solver or not.
configure:6150: result: yes
configure:6167: checking whether to enable category B components
configure:6188: result: yes: allow modules nss, hunspell, hyphen, saxon, rhino, beanshell, graphite, coinmp to be built
configure:6209: checking whether to enable the Online Update support
configure:6214: result: yes
configure:6224: checking whether to enable native CUPS support
configure:6228: result: yes
configure:6237: checking whether to enable fontconfig support
configure:6245: result: no
configure:6306: checking whether to use RPATH in shared libraries
configure:6313: result: yes
configure:6334: checking whether to use dicts from external paths
configure:6368: result: no
configure:6417: checking for bash
configure:6435: found /usr/local/bin/bash
configure:6447: result: /usr/local/bin/bash
configure:6462: checking gcc home
configure:6469: result: /usr
configure:6531: checking for gcc
configure:6558: result: /Applications/Xcode7.app/Contents/Developer/Toolchains/XcodeDefault.xctoolchain/usr/bin/clang -arch x86_64
configure:6787: checking for C compiler version
configure:6796: /Applications/Xcode7.app/Contents/Developer/Toolchains/XcodeDefault.xctoolchain/usr/bin/clang -arch x86_64 --version >&5
Apple LLVM version 7.3.0 (clang-703.0.31)
Target: x86_64-apple-darwin17.7.0
Thread model: posix
InstalledDir: /Applications/Xcode7.app/Contents/Developer/Toolchains/XcodeDefault.xctoolchain/usr/bin
configure:6807: $? = 0
configure:6796: /Applications/Xcode7.app/Contents/Developer/Toolchains/XcodeDefault.xctoolchain/usr/bin/clang -arch x86_64 -v >&5
Apple LLVM version 7.3.0 (clang-703.0.31)
Target: x86_64-apple-darwin17.7.0
Thread model: posix
InstalledDir: /Applications/Xcode7.app/Contents/Developer/Toolchains/XcodeDefault.xctoolchain/usr/bin
configure:6807: $? = 0
configure:6796: /Applications/Xcode7.app/Contents/Developer/Toolchains/XcodeDefault.xctoolchain/usr/bin/clang -arch x86_64 -V >&5
clang: error: argument to '-V' is missing (expected 1 value)
clang: error: no input files
configure:6807: $? = 1
configure:6796: /Applications/Xcode7.app/Contents/Developer/Toolchains/XcodeDefault.xctoolchain/usr/bin/clang -arch x86_64 -qversion >&5
clang: error: unknown argument: '-qversion'
clang: error: no input files
configure:6807: $? = 1
configure:6827: checking whether the C compiler works
configure:6849: /Applications/Xcode7.app/Contents/Developer/Toolchains/XcodeDefault.xctoolchain/usr/bin/clang -arch x86_64    conftest.c  >&5
configure:6853: $? = 0
configure:6901: result: yes
configure:6904: checking for C compiler default output file name
configure:6906: result: a.out
configure:6912: checking for suffix of executables
configure:6919: /Applications/Xcode7.app/Contents/Developer/Toolchains/XcodeDefault.xctoolchain/usr/bin/clang -arch x86_64 -o conftest    conftest.c  >&5
configure:6923: $? = 0
configure:6945: result: 
configure:6967: checking whether we are cross compiling
configure:6975: /Applications/Xcode7.app/Contents/Developer/Toolchains/XcodeDefault.xctoolchain/usr/bin/clang -arch x86_64 -o conftest    conftest.c  >&5
configure:6979: $? = 0
configure:6986: ./conftest
configure:6990: $? = 0
configure:7005: result: no
configure:7010: checking for suffix of object files
configure:7032: /Applications/Xcode7.app/Contents/Developer/Toolchains/XcodeDefault.xctoolchain/usr/bin/clang -arch x86_64 -c   conftest.c >&5
configure:7036: $? = 0
configure:7057: result: o
configure:7061: checking whether we are using the GNU C compiler
configure:7080: /Applications/Xcode7.app/Contents/Developer/Toolchains/XcodeDefault.xctoolchain/usr/bin/clang -arch x86_64 -c   conftest.c >&5
configure:7080: $? = 0
configure:7089: result: yes
configure:7098: checking whether /Applications/Xcode7.app/Contents/Developer/Toolchains/XcodeDefault.xctoolchain/usr/bin/clang -arch x86_64 accepts -g
configure:7118: /Applications/Xcode7.app/Contents/Developer/Toolchains/XcodeDefault.xctoolchain/usr/bin/clang -arch x86_64 -c -g  conftest.c >&5
configure:7118: $? = 0
configure:7159: result: yes
configure:7176: checking for /Applications/Xcode7.app/Contents/Developer/Toolchains/XcodeDefault.xctoolchain/usr/bin/clang -arch x86_64 option to accept ISO C89
configure:7239: /Applications/Xcode7.app/Contents/Developer/Toolchains/XcodeDefault.xctoolchain/usr/bin/clang -arch x86_64  -c -g -O2  conftest.c >&5
configure:7239: $? = 0
configure:7252: result: none needed
configure:7345: checking the GNU gcc compiler version
configure:7361: result: implicitly using CC=/Applications/Xcode7.app/Contents/Developer/Toolchains/XcodeDefault.xctoolchain/usr/bin/clang -arch x86_64
configure:7381: checking for -Bsymbolic-functions linker support 
configure:7401: /Applications/Xcode7.app/Contents/Developer/Toolchains/XcodeDefault.xctoolchain/usr/bin/clang -arch x86_64 -o conftest -g -O2   -Wl,-Bsymbolic-functions -Wl,--dynamic-list-cpp-new -Wl,--dynamic-list-cpp-typeinfo conftest.c  >&5
ld: unknown option: -Bsymbolic-functions
clang: error: linker command failed with exit code 1 (use -v to see invocation)
configure:7401: $? = 1
configure: failed program was:
| /* confdefs.h */
| #define PACKAGE_NAME ""
| #define PACKAGE_TARNAME ""
| #define PACKAGE_VERSION ""
| #define PACKAGE_STRING ""
| #define PACKAGE_BUGREPORT ""
| #define PACKAGE_URL ""
| /* end confdefs.h.  */
| 
|    #include <stdio.h>
| 
| int
| main ()
| {
| 
|     printf ("hello world\n");
| 
|   ;
|   return 0;
| }
configure:7410: result: not found 
configure:7417: checking whether to enable pch feature
configure:7435: result: no
configure:7440: checking for GNU make
configure:7449: result: make
configure:7455: checking the GNU make version
configure:7460: result: make 4.2.1
3+:
configure:7467: checking for dmake
configure:7523: looking for dmake at /usr/local/bin/dmake
configure:7526: result: using user provided dmake
configure:7549: checking whether the found dmake is the right dmake
configure:7559: result: yes
configure:7561: checking the dmake version
configure:7569: result: OK, >= 4.11
configure:7589: checking for GNU or compatible BSD tar
configure:7598: result: gtar
configure:7674: checking for --hash-style=both linker support 
configure:7693: /Applications/Xcode7.app/Contents/Developer/Toolchains/XcodeDefault.xctoolchain/usr/bin/clang -arch x86_64 -o conftest -g -O2   -Wl,--hash-style=both conftest.c  >&5
ld: unknown option: --hash-style=both
clang: error: linker command failed with exit code 1 (use -v to see invocation)
configure:7693: $? = 1
configure: failed program was:
| /* confdefs.h */
| #define PACKAGE_NAME ""
| #define PACKAGE_TARNAME ""
| #define PACKAGE_VERSION ""
| #define PACKAGE_STRING ""
| #define PACKAGE_BUGREPORT ""
| #define PACKAGE_URL ""
| /* end confdefs.h.  */
| 
|    #include <stdio.h>
| 
| int
| main ()
| {
| 
|     printf ("hello world\n");
| 
|   ;
|   return 0;
| }
configure:7704: result: not found 
configure:7777: checking for perl
configure:7795: found /Users/jim/bin/perl
configure:7807: result: /Users/jim/bin/perl
configure:7828: checking the Perl version
configure:7835: result: checked (perl 5)
configure:7842: checking for required Perl modules
configure:7845: result: all modules found
configure:8272: checking how to run the C preprocessor
configure:8303: /Applications/Xcode7.app/Contents/Developer/Toolchains/XcodeDefault.xctoolchain/usr/bin/clang -arch x86_64 -E  conftest.c
configure:8303: $? = 0
configure:8317: /Applications/Xcode7.app/Contents/Developer/Toolchains/XcodeDefault.xctoolchain/usr/bin/clang -arch x86_64 -E  conftest.c
conftest.c:9:10: fatal error: 'ac_nonexistent.h' file not found
#include <ac_nonexistent.h>
         ^
1 error generated.
configure:8317: $? = 1
configure: failed program was:
| /* confdefs.h */
| #define PACKAGE_NAME ""
| #define PACKAGE_TARNAME ""
| #define PACKAGE_VERSION ""
| #define PACKAGE_STRING ""
| #define PACKAGE_BUGREPORT ""
| #define PACKAGE_URL ""
| /* end confdefs.h.  */
| #include <ac_nonexistent.h>
configure:8342: result: /Applications/Xcode7.app/Contents/Developer/Toolchains/XcodeDefault.xctoolchain/usr/bin/clang -arch x86_64 -E
configure:8362: /Applications/Xcode7.app/Contents/Developer/Toolchains/XcodeDefault.xctoolchain/usr/bin/clang -arch x86_64 -E  conftest.c
configure:8362: $? = 0
configure:8376: /Applications/Xcode7.app/Contents/Developer/Toolchains/XcodeDefault.xctoolchain/usr/bin/clang -arch x86_64 -E  conftest.c
conftest.c:9:10: fatal error: 'ac_nonexistent.h' file not found
#include <ac_nonexistent.h>
         ^
1 error generated.
configure:8376: $? = 1
configure: failed program was:
| /* confdefs.h */
| #define PACKAGE_NAME ""
| #define PACKAGE_TARNAME ""
| #define PACKAGE_VERSION ""
| #define PACKAGE_STRING ""
| #define PACKAGE_BUGREPORT ""
| #define PACKAGE_URL ""
| /* end confdefs.h.  */
| #include <ac_nonexistent.h>
configure:8405: checking for ANSI C header files
configure:8425: /Applications/Xcode7.app/Contents/Developer/Toolchains/XcodeDefault.xctoolchain/usr/bin/clang -arch x86_64 -c -g -O2  conftest.c >&5
configure:8425: $? = 0
configure:8498: /Applications/Xcode7.app/Contents/Developer/Toolchains/XcodeDefault.xctoolchain/usr/bin/clang -arch x86_64 -o conftest -g -O2   conftest.c  >&5
configure:8498: $? = 0
configure:8498: ./conftest
configure:8498: $? = 0
configure:8509: result: yes
configure:8632: checking for C++ compiler version
configure:8641: /Applications/Xcode7.app/Contents/Developer/Toolchains/XcodeDefault.xctoolchain/usr/bin/clang++ -arch x86_64 -std=c++11 --version >&5
Apple LLVM version 7.3.0 (clang-703.0.31)
Target: x86_64-apple-darwin17.7.0
Thread model: posix
InstalledDir: /Applications/Xcode7.app/Contents/Developer/Toolchains/XcodeDefault.xctoolchain/usr/bin
configure:8652: $? = 0
configure:8641: /Applications/Xcode7.app/Contents/Developer/Toolchains/XcodeDefault.xctoolchain/usr/bin/clang++ -arch x86_64 -std=c++11 -v >&5
Apple LLVM version 7.3.0 (clang-703.0.31)
Target: x86_64-apple-darwin17.7.0
Thread model: posix
InstalledDir: /Applications/Xcode7.app/Contents/Developer/Toolchains/XcodeDefault.xctoolchain/usr/bin
clang: warning: argument unused during compilation: '-std=c++11'
configure:8652: $? = 0
configure:8641: /Applications/Xcode7.app/Contents/Developer/Toolchains/XcodeDefault.xctoolchain/usr/bin/clang++ -arch x86_64 -std=c++11 -V >&5
clang: error: argument to '-V' is missing (expected 1 value)
clang: error: no input files
configure:8652: $? = 1
configure:8641: /Applications/Xcode7.app/Contents/Developer/Toolchains/XcodeDefault.xctoolchain/usr/bin/clang++ -arch x86_64 -std=c++11 -qversion >&5
clang: error: unknown argument: '-qversion'
clang: error: no input files
configure:8652: $? = 1
configure:8656: checking whether we are using the GNU C++ compiler
configure:8675: /Applications/Xcode7.app/Contents/Developer/Toolchains/XcodeDefault.xctoolchain/usr/bin/clang++ -arch x86_64 -std=c++11 -c   conftest.cpp >&5
configure:8675: $? = 0
configure:8684: result: yes
configure:8693: checking whether /Applications/Xcode7.app/Contents/Developer/Toolchains/XcodeDefault.xctoolchain/usr/bin/clang++ -arch x86_64 -std=c++11 accepts -g
configure:8713: /Applications/Xcode7.app/Contents/Developer/Toolchains/XcodeDefault.xctoolchain/usr/bin/clang++ -arch x86_64 -std=c++11 -c -g  conftest.cpp >&5
configure:8713: $? = 0
configure:8754: result: yes
configure:8782: checking how to run the C++ preprocessor
configure:8809: /Applications/Xcode7.app/Contents/Developer/Toolchains/XcodeDefault.xctoolchain/usr/bin/clang++ -arch x86_64 -std=c++11 -E  conftest.cpp
configure:8809: $? = 0
configure:8823: /Applications/Xcode7.app/Contents/Developer/Toolchains/XcodeDefault.xctoolchain/usr/bin/clang++ -arch x86_64 -std=c++11 -E  conftest.cpp
conftest.cpp:10:10: fatal error: 'ac_nonexistent.h' file not found
#include <ac_nonexistent.h>
         ^
1 error generated.
configure:8823: $? = 1
configure: failed program was:
| /* confdefs.h */
| #define PACKAGE_NAME ""
| #define PACKAGE_TARNAME ""
| #define PACKAGE_VERSION ""
| #define PACKAGE_STRING ""
| #define PACKAGE_BUGREPORT ""
| #define PACKAGE_URL ""
| #define STDC_HEADERS 1
| /* end confdefs.h.  */
| #include <ac_nonexistent.h>
configure:8848: result: /Applications/Xcode7.app/Contents/Developer/Toolchains/XcodeDefault.xctoolchain/usr/bin/clang++ -arch x86_64 -std=c++11 -E
configure:8868: /Applications/Xcode7.app/Contents/Developer/Toolchains/XcodeDefault.xctoolchain/usr/bin/clang++ -arch x86_64 -std=c++11 -E  conftest.cpp
configure:8868: $? = 0
configure:8882: /Applications/Xcode7.app/Contents/Developer/Toolchains/XcodeDefault.xctoolchain/usr/bin/clang++ -arch x86_64 -std=c++11 -E  conftest.cpp
conftest.cpp:10:10: fatal error: 'ac_nonexistent.h' file not found
#include <ac_nonexistent.h>
         ^
1 error generated.
configure:8882: $? = 1
configure: failed program was:
| /* confdefs.h */
| #define PACKAGE_NAME ""
| #define PACKAGE_TARNAME ""
| #define PACKAGE_VERSION ""
| #define PACKAGE_STRING ""
| #define PACKAGE_BUGREPORT ""
| #define PACKAGE_URL ""
| #define STDC_HEADERS 1
| /* end confdefs.h.  */
| #include <ac_nonexistent.h>
configure:8919: checking how to run the C preprocessor
configure:8989: result: /Applications/Xcode7.app/Contents/Developer/Toolchains/XcodeDefault.xctoolchain/usr/bin/clang -arch x86_64 -E
configure:9009: /Applications/Xcode7.app/Contents/Developer/Toolchains/XcodeDefault.xctoolchain/usr/bin/clang -arch x86_64 -E  conftest.c
configure:9009: $? = 0
configure:9023: /Applications/Xcode7.app/Contents/Developer/Toolchains/XcodeDefault.xctoolchain/usr/bin/clang -arch x86_64 -E  conftest.c
conftest.c:10:10: fatal error: 'ac_nonexistent.h' file not found
#include <ac_nonexistent.h>
         ^
1 error generated.
configure:9023: $? = 1
configure: failed program was:
| /* confdefs.h */
| #define PACKAGE_NAME ""
| #define PACKAGE_TARNAME ""
| #define PACKAGE_VERSION ""
| #define PACKAGE_STRING ""
| #define PACKAGE_BUGREPORT ""
| #define PACKAGE_URL ""
| #define STDC_HEADERS 1
| /* end confdefs.h.  */
| #include <ac_nonexistent.h>
configure:9059: checking for sys/types.h
configure:9059: /Applications/Xcode7.app/Contents/Developer/Toolchains/XcodeDefault.xctoolchain/usr/bin/clang -arch x86_64 -c -g -O2  conftest.c >&5
configure:9059: $? = 0
configure:9059: result: yes
configure:9059: checking for sys/stat.h
configure:9059: /Applications/Xcode7.app/Contents/Developer/Toolchains/XcodeDefault.xctoolchain/usr/bin/clang -arch x86_64 -c -g -O2  conftest.c >&5
configure:9059: $? = 0
configure:9059: result: yes
configure:9059: checking for stdlib.h
configure:9059: /Applications/Xcode7.app/Contents/Developer/Toolchains/XcodeDefault.xctoolchain/usr/bin/clang -arch x86_64 -c -g -O2  conftest.c >&5
configure:9059: $? = 0
configure:9059: result: yes
configure:9059: checking for string.h
configure:9059: /Applications/Xcode7.app/Contents/Developer/Toolchains/XcodeDefault.xctoolchain/usr/bin/clang -arch x86_64 -c -g -O2  conftest.c >&5
configure:9059: $? = 0
configure:9059: result: yes
configure:9059: checking for memory.h
configure:9059: /Applications/Xcode7.app/Contents/Developer/Toolchains/XcodeDefault.xctoolchain/usr/bin/clang -arch x86_64 -c -g -O2  conftest.c >&5
configure:9059: $? = 0
configure:9059: result: yes
configure:9059: checking for strings.h
configure:9059: /Applications/Xcode7.app/Contents/Developer/Toolchains/XcodeDefault.xctoolchain/usr/bin/clang -arch x86_64 -c -g -O2  conftest.c >&5
configure:9059: $? = 0
configure:9059: result: yes
configure:9059: checking for inttypes.h
configure:9059: /Applications/Xcode7.app/Contents/Developer/Toolchains/XcodeDefault.xctoolchain/usr/bin/clang -arch x86_64 -c -g -O2  conftest.c >&5
configure:9059: $? = 0
configure:9059: result: yes
configure:9059: checking for stdint.h
configure:9059: /Applications/Xcode7.app/Contents/Developer/Toolchains/XcodeDefault.xctoolchain/usr/bin/clang -arch x86_64 -c -g -O2  conftest.c >&5
configure:9059: $? = 0
configure:9059: result: yes
configure:9059: checking for unistd.h
configure:9059: /Applications/Xcode7.app/Contents/Developer/Toolchains/XcodeDefault.xctoolchain/usr/bin/clang -arch x86_64 -c -g -O2  conftest.c >&5
configure:9059: $? = 0
configure:9059: result: yes
configure:9075: checking size of long
configure:9080: /Applications/Xcode7.app/Contents/Developer/Toolchains/XcodeDefault.xctoolchain/usr/bin/clang -arch x86_64 -o conftest -g -O2   conftest.c  >&5
configure:9080: $? = 0
configure:9080: ./conftest
configure:9080: $? = 0
configure:9094: result: 8
configure:9106: checking whether byte ordering is bigendian
configure:9121: /Applications/Xcode7.app/Contents/Developer/Toolchains/XcodeDefault.xctoolchain/usr/bin/clang -arch x86_64 -c -g -O2  conftest.c >&5
configure:9121: $? = 0
configure:9166: /Applications/Xcode7.app/Contents/Developer/Toolchains/XcodeDefault.xctoolchain/usr/bin/clang -arch x86_64 -c -g -O2  conftest.c >&5
configure:9166: $? = 0
configure:9184: /Applications/Xcode7.app/Contents/Developer/Toolchains/XcodeDefault.xctoolchain/usr/bin/clang -arch x86_64 -c -g -O2  conftest.c >&5
conftest.c:27:4: error: use of undeclared identifier 'not'
                 not big endian
                 ^
1 error generated.
configure:9184: $? = 1
configure: failed program was:
| /* confdefs.h */
| #define PACKAGE_NAME ""
| #define PACKAGE_TARNAME ""
| #define PACKAGE_VERSION ""
| #define PACKAGE_STRING ""
| #define PACKAGE_BUGREPORT ""
| #define PACKAGE_URL ""
| #define STDC_HEADERS 1
| #define HAVE_SYS_TYPES_H 1
| #define HAVE_SYS_STAT_H 1
| #define HAVE_STDLIB_H 1
| #define HAVE_STRING_H 1
| #define HAVE_MEMORY_H 1
| #define HAVE_STRINGS_H 1
| #define HAVE_INTTYPES_H 1
| #define HAVE_STDINT_H 1
| #define HAVE_UNISTD_H 1
| #define SIZEOF_LONG 8
| /* end confdefs.h.  */
| #include <sys/types.h>
| 		#include <sys/param.h>
| 
| int
| main ()
| {
| #if BYTE_ORDER != BIG_ENDIAN
| 		 not big endian
| 		#endif
| 
|   ;
|   return 0;
| }
configure:9312: result: no
configure:9340: checking for special C compiler options needed for large files
configure:9385: result: no
configure:9391: checking for _FILE_OFFSET_BITS value needed for large files
configure:9416: /Applications/Xcode7.app/Contents/Developer/Toolchains/XcodeDefault.xctoolchain/usr/bin/clang -arch x86_64 -c -g -O2  conftest.c >&5
configure:9416: $? = 0
configure:9448: result: no
configure:9580: checking cups/cups.h usability
configure:9580: /Applications/Xcode7.app/Contents/Developer/Toolchains/XcodeDefault.xctoolchain/usr/bin/clang -arch x86_64 -c -g -O2  conftest.c >&5
configure:9580: $? = 0
configure:9580: result: yes
configure:9580: checking cups/cups.h presence
configure:9580: /Applications/Xcode7.app/Contents/Developer/Toolchains/XcodeDefault.xctoolchain/usr/bin/clang -arch x86_64 -E  conftest.c
configure:9580: $? = 0
configure:9580: result: yes
configure:9580: checking for cups/cups.h
configure:9580: result: yes
configure:9862: checking for C++ compiler version
configure:9871: /Applications/Xcode7.app/Contents/Developer/Toolchains/XcodeDefault.xctoolchain/usr/bin/clang++ -arch x86_64 -std=c++11 --version >&5
Apple LLVM version 7.3.0 (clang-703.0.31)
Target: x86_64-apple-darwin17.7.0
Thread model: posix
InstalledDir: /Applications/Xcode7.app/Contents/Developer/Toolchains/XcodeDefault.xctoolchain/usr/bin
configure:9882: $? = 0
configure:9871: /Applications/Xcode7.app/Contents/Developer/Toolchains/XcodeDefault.xctoolchain/usr/bin/clang++ -arch x86_64 -std=c++11 -v >&5
Apple LLVM version 7.3.0 (clang-703.0.31)
Target: x86_64-apple-darwin17.7.0
Thread model: posix
InstalledDir: /Applications/Xcode7.app/Contents/Developer/Toolchains/XcodeDefault.xctoolchain/usr/bin
clang: warning: argument unused during compilation: '-std=c++11'
configure:9882: $? = 0
configure:9871: /Applications/Xcode7.app/Contents/Developer/Toolchains/XcodeDefault.xctoolchain/usr/bin/clang++ -arch x86_64 -std=c++11 -V >&5
clang: error: argument to '-V' is missing (expected 1 value)
clang: error: no input files
configure:9882: $? = 1
configure:9871: /Applications/Xcode7.app/Contents/Developer/Toolchains/XcodeDefault.xctoolchain/usr/bin/clang++ -arch x86_64 -std=c++11 -qversion >&5
clang: error: unknown argument: '-qversion'
clang: error: no input files
configure:9882: $? = 1
configure:9886: checking whether we are using the GNU C++ compiler
configure:9914: result: yes
configure:9923: checking whether /Applications/Xcode7.app/Contents/Developer/Toolchains/XcodeDefault.xctoolchain/usr/bin/clang++ -arch x86_64 -std=c++11 accepts -g
configure:9984: result: yes
configure:10010: checking the GNU C++ compiler version
configure:10016: result: checked (g++ 4.2.1)
configure:10069: checking for g++ include path
configure:10091: result: /usr/include/c++/4.2.1
configure:10235: checking exception type
configure:10270: result: 
configure:10378: checking what the default STL should be
configure:10390: checking whether /Applications/Xcode7.app/Contents/Developer/Toolchains/XcodeDefault.xctoolchain/usr/bin/clang -arch x86_64 supports -fvisibility=hidden
configure:10405: /Applications/Xcode7.app/Contents/Developer/Toolchains/XcodeDefault.xctoolchain/usr/bin/clang -arch x86_64 -o conftest -g -O2 -fvisibility=hidden   conftest.c  >&5
configure:10405: $? = 0
configure:10412: result: yes
configure:10423: checking whether we are allowed and able to use --ccache-skip
configure:10438: result: probing...
configure:10442: checking for ccache
configure:10473: result: not_found
configure:10482: not enabling --ccache-skip (ccache not found)
configure:10674: checking which memory allocator to use
configure:10822: result: internal
configure:10828: checking whether to add custom build version
configure:10832: result: yes, 2020-09-24 15:23:05 (Thu, 24 Sep 2020) - Darwin x86_64
configure:10841: checking whether to build with Java support
configure:10844: result: yes
configure:10939: checking the installed JDK
configure:11021: result: checked (JDK 1.7.0_80)
configure:11352: checking for jawt lib name
configure:11522: result: -ljawt
configure:11528: checking whether to enable gcj aot compilation
configure:11593: result: no
configure:11609: checking whether to enable EPM for packing
configure:11612: result: yes
configure:11676: checking whether the found epm is the right epm
configure:11679: result: yes
configure:11684: checking epm version
configure:11689: result: OK, >= 3.7
configure:11700: checking which package format to use
configure:11768: result: dmg
configure:11986: checking for gperf
configure:12004: found /usr/bin/gperf
configure:12016: result: /usr/bin/gperf
configure:12027: checking for gperf
configure:12057: result: /usr/bin/gperf
configure:12075: checking gperf version
configure:12078: result: OK
configure:12086: checking whether to build the stax
configure:12094: result: yes
configure:12099: checking whether to build the ODK
configure:12102: result: yes
configure:12105: checking for external/unowinreg/unowinreg.dll
configure:12113: result: found
configure:12469: checking whether to provide libstdc++/libgcc_s in the installset
configure:12477: result: yes
configure:12486: checking which zlib to use
configure:12490: result: external
configure:12493: checking zlib.h usability
configure:12493: /Applications/Xcode7.app/Contents/Developer/Toolchains/XcodeDefault.xctoolchain/usr/bin/clang -arch x86_64 -c -g -O2  conftest.c >&5
configure:12493: $? = 0
configure:12493: result: yes
configure:12493: checking zlib.h presence
configure:12493: /Applications/Xcode7.app/Contents/Developer/Toolchains/XcodeDefault.xctoolchain/usr/bin/clang -arch x86_64 -E  conftest.c
configure:12493: $? = 0
configure:12493: result: yes
configure:12493: checking for zlib.h
configure:12493: result: yes
configure:12501: checking for deflate in -lz
configure:12526: /Applications/Xcode7.app/Contents/Developer/Toolchains/XcodeDefault.xctoolchain/usr/bin/clang -arch x86_64 -o conftest -g -O2   conftest.c -lz   >&5
configure:12526: $? = 0
configure:12535: result: yes
configure:12551: checking which jpeg to use
configure:12610: result: internal
configure:12617: checking which expat to use
configure:12681: result: internal
configure:12688: checking which libwpd to use
configure:12787: result: no
configure:12796: checking which cppunit to use
configure:12882: WARNING: not using cppunit
configure:13064: checking which libxslt to use
configure:13069: result: external
configure:13172: checking for xsltproc
configure:13190: found /usr/local/bin/xsltproc
configure:13203: result: /usr/local/bin/xsltproc
configure:13225: checking which libxml to use
configure:13230: result: external
configure:13344: checking checking SDK compatibility with OSX 10.7
configure:13358: result: yes, by using SDK macosx10.11
configure:13363: checking for /Applications/Xcode7.app/Contents/Developer/Platforms/MacOSX.platform/Developer/SDKs/MacOSX10.11.sdk
configure:13366: result: yes
configure:13380: checking which python to use
configure:13389: result: compiling against system python (/usr/bin/python)
configure:13396: result: compiling against system python (version 2.7)
configure:13654: checking Python.h usability
configure:13654: /Applications/Xcode7.app/Contents/Developer/Toolchains/XcodeDefault.xctoolchain/usr/bin/clang -arch x86_64 -c -g -O2  -I/Applications/Xcode7.app/Contents/Developer/Platforms/MacOSX.platform/Developer/SDKs/MacOSX10.11.sdk/usr/include/python2.7 conftest.c >&5
configure:13654: $? = 0
configure:13654: result: yes
configure:13654: checking Python.h presence
configure:13654: /Applications/Xcode7.app/Contents/Developer/Toolchains/XcodeDefault.xctoolchain/usr/bin/clang -arch x86_64 -E  -I/Applications/Xcode7.app/Contents/Developer/Platforms/MacOSX.platform/Developer/SDKs/MacOSX10.11.sdk/usr/include/python2.7 conftest.c
configure:13654: $? = 0
configure:13654: result: yes
configure:13654: checking for Python.h
configure:13654: result: yes
configure:13725: checking which lucene to use
configure:13934: result: internal
configure:13943: checking whether to build the MySQL Connector extension
configure:13959: result: no
configure:14189: checking which hsqldb to use
configure:14252: result: internal
configure:14261: checking which beanshell to use
configure:14295: result: internal
configure:14311: checking which saxon to use
configure:14509: result: internal
configure:14525: checking whether to enable support for JavaScript
configure:14529: result: yes
configure:14543: checking which libapr to use
configure:14641: result: internal
configure:14654: checking which libapr-util to use
configure:14752: result: internal
configure:14765: checking which libserf to use
configure:14864: result: internal
configure:14878: checking whether to enable support for CoinMP
configure:14882: result: yes
configure:14886: checking which coinmp to use
configure:15075: result: internal
configure:15094: checking which curl to use
configure:15098: result: external
configure:15104: checking for curl-config
configure:15122: found /usr/bin/curl-config
configure:15134: result: /usr/bin/curl-config
configure:15147: checking whether curl is >= 7.13.1
configure:15154: result: yes
configure:15169: checking which mdds to use
configure:15197: result: internal
configure:15204: checking which boost to use
configure:15279: result: internal
configure:15286: checking which vigra to use
configure:15314: result: internal
configure:15321: checking which odbc headers to use
configure:15338: result: internal
configure:15345: checking whether to build XML Security support
configure:15351: result: yes
configure:15355: checking whether to build LDAP configuration backend
configure:15359: result: yes
configure:15372: checking which LDAP SDK to use
configure:15375: result: OpenLDAP
configure:15380: checking ldap.h usability
configure:15380: /Applications/Xcode7.app/Contents/Developer/Toolchains/XcodeDefault.xctoolchain/usr/bin/clang -arch x86_64 -c -g -O2  conftest.c >&5
configure:15380: $? = 0
configure:15380: result: yes
configure:15380: checking ldap.h presence
configure:15380: /Applications/Xcode7.app/Contents/Developer/Toolchains/XcodeDefault.xctoolchain/usr/bin/clang -arch x86_64 -E  conftest.c
configure:15380: $? = 0
configure:15380: result: yes
configure:15380: checking for ldap.h
configure:15380: result: yes
configure:15392: checking for ldap_simple_bind_s in -lldap
configure:15417: /Applications/Xcode7.app/Contents/Developer/Toolchains/XcodeDefault.xctoolchain/usr/bin/clang -arch x86_64 -o conftest -g -O2   conftest.c -lldap   >&5
configure:15417: $? = 0
configure:15426: result: yes
configure:15441: checking for ldap_set_option in -lldap
configure:15466: /Applications/Xcode7.app/Contents/Developer/Toolchains/XcodeDefault.xctoolchain/usr/bin/clang -arch x86_64 -o conftest -g -O2   conftest.c -lldap  -lldap  >&5
configure:15466: $? = 0
configure:15475: result: yes
configure:15493: checking whether to build the internal NSS module
configure:15498: result: yes
configure:15538: checking which sane header to use
configure:15554: result: internal
configure:15561: checking which icu to use
configure:15785: result: internal
configure:15800: checking whether to enable graphite support
configure:15911: result: no
configure:15926: checking for /System/Library/Frameworks/AppKit.framework
configure:15929: result: yes
configure:16798: checking whether to link to Xrender
configure:16806: result: no, dynamically open it
configure:16810: checking which Xrender headers to use
configure:16826: result: internal
configure:16883: checking whether to enable RandR support
configure:17028: result: no
configure:17036: checking which libnss to use
configure:17134: result: internal
configure:17146: checking which libssl to use
configure:17150: result: external
configure:17261: checking which redland library to use
configure:17360: result: internal
configure:17369: checking whether to build the Spell Checking component
configure:17374: checking which libhunspell to use
configure:17525: result: internal
configure:17540: checking whether to build the Hyphenator component
configure:17545: checking which libhyphen to use
configure:17699: result: internal
configure:17726: checking which mythes to use
configure:17909: result: internal
configure:17919: checking which libtextcat to use
configure:17981: result: internal
configure:17988: checking which libtextcat data directory to use
configure:17999: result: internal
configure:18061: checking for getopt
configure:18061: /Applications/Xcode7.app/Contents/Developer/Toolchains/XcodeDefault.xctoolchain/usr/bin/clang -arch x86_64 -o conftest -g -O2   conftest.c -lldap -lldap  >&5
configure:18061: $? = 0
configure:18061: result: yes
configure:18074: checking for readdir_r
configure:18074: /Applications/Xcode7.app/Contents/Developer/Toolchains/XcodeDefault.xctoolchain/usr/bin/clang -arch x86_64 -o conftest -g -O2   conftest.c -lldap -lldap  >&5
configure:18074: $? = 0
configure:18074: result: yes
configure:18451: checking for bison
configure:18469: found /usr/bin/bison
configure:18481: result: /usr/bin/bison
configure:18492: checking the bison version
configure:18503: result: checked (/usr/bin/bison 2.3)
configure:18512: checking for flex
configure:18530: found /usr/bin/flex
configure:18542: result: /usr/bin/flex
configure:18555: checking for patch
configure:18573: found /usr/local/bin/patch
configure:18585: result: /usr/local/bin/patch
configure:18608: checking whether /usr/local/bin/patch is GNU patch
configure:18611: result: yes
configure:18628: checking for gnucp
configure:18661: result: no
configure:18628: checking for cp
configure:18646: found /bin/cp
configure:18658: result: /bin/cp
configure:18681: checking whether /bin/cp is GNU cp from coreutils with preserve= support
configure:18687: result: no
configure:18696: result: no GNU cp from coreutils found - using the system's cp command
configure:18895: checking for zip
configure:18913: found /usr/bin/zip
configure:18925: result: /usr/bin/zip
configure:18935: checking for unzip
configure:18953: found /usr/bin/unzip
configure:18965: result: /usr/bin/unzip
configure:19065: checking which VCLplugs shall be built
configure:19089: result: none
configure:19098: checking whether to enable GConf support
configure:19196: result: no
configure:19203: checking whether to enable GNOME VFS support
configure:19394: result: no
configure:19961: checking whether to use cairo
configure:20112: result: no
configure:20130: checking whether to build the OpenGL Transitions component
configure:20229: result: no
configure:20236: checking whether to build the PDF Import extension
configure:20348: result: no
configure:20357: checking whether to build the Wiki Publisher extension
configure:20360: result: yes
configure:20362: checking for swext module
configure:20365: result: OK
configure:20380: checking which Servlet API Jar to use
configure:20413: result: internal
configure:20422: checking whether to build the Report Builder extension
configure:21190: result: no
configure:21211: checking which Apache commons-* libs to use
configure:21508: result: internal
configure:21871: checking whether to enable the lockdown pieces
configure:21879: result: no
configure:21884: checking whether to enable evolution 2 support
configure:21983: result: no
configure:21990: checking whether to enable KDE address book support
configure:22041: result: no
configure:22047: checking whether to include MathMLDTD
configure:22055: result: yes
configure:22066: checking whether to include category B fonts
configure:22069: result: yes
configure:22081: checking whether to include category A fonts
configure:22084: result: yes
configure:22096: checking whether any fonts are included
configure:22101: result: yes
configure:22112: checking whether to include PPDs
configure:22115: result: yes
configure:22125: checking whether to include AFMs
configure:22128: result: yes
configure:22141: checking whether and how to use Xinerama
configure:22146: result: yes
configure:22280: checking whether to build own version of libpng
configure:22291: result: yes
configure:22303: checking whether to build own version of libjpeg
configure:22326: result: yes
configure:22332: checking whether to trigger rat scan
configure:22335: result: no
configure:22516: checking for jakarta-ant
configure:22550: result: no
configure:22516: checking for ant
configure:22535: found /usr/local/share/java/apache-ant-1.9/bin/ant
configure:22547: result: /usr/local/share/java/apache-ant-1.9/bin/ant
configure:22582: checking if /usr/local/share/java/apache-ant-1.9/bin/ant works
configure:22607: /usr/local/share/java/apache-ant-1.9/bin/ant -buildfile conftest.xml 1>&2
Buildfile: /Users/jim/src/asf/aoo-git/main/conftest.xml

conftest:
    [javac] /Users/jim/src/asf/aoo-git/main/conftest.xml:3: warning: 'includeantruntime' was not set, defaulting to build.sysclasspath=last; set to false for repeatable builds
    [javac] Compiling 1 source file

BUILD SUCCESSFUL
Total time: 1 second
configure:22610: $? = 0
configure:22613: result: Ant works
configure:22641: checking Ant lib directory
configure:22668: result: Ant lib directory found.
configure:22681: checking whether ant is >= 1.7.0
configure: ant_version 1.9.13 
configure: ant_version_major 1 
configure: ant_version_minor 9 
configure:22693: result: yes, 1.9.13
configure:22700: checking whether ant supports mapper type="regexp"
configure:22733: /usr/local/share/java/apache-ant-1.9/bin/ant -buildfile conftest.xml 1>&2
Buildfile: /Users/jim/src/asf/aoo-git/main/conftest.xml

copytest:

conftest:
    [javac] /Users/jim/src/asf/aoo-git/main/conftest.xml:3: warning: 'includeantruntime' was not set, defaulting to build.sysclasspath=last; set to false for repeatable builds
    [javac] Compiling 1 source file

BUILD SUCCESSFUL
Total time: 1 second
configure:22736: $? = 0
configure:22739: result: yes
configure:22754: checking for JUnit 4
configure:22775: result: /usr/local/share/java/junit.jar
configure:22787: checking which languages to be built
configure:22794: result: ast bg ca ca-XR ca-XV cs da de el en-GB en-US es eu fi fr gd gl he hi hu it ja km ko lt nb nl pl pt pt-BR ru sk sl sr sv ta th tr vi zh-CN zh-TW
configure:22801: checking which languages have poor help localizations
configure:22805: result: none
configure:22813: checking which dictionaries to include
configure:22817: result: ALL
configure:22826: checking for additional 'intro' bitmaps
configure:22831: result: none
configure:22849: checking for additional 'about' bitmaps
configure:22854: result: none
configure:22873: checking for vendor
configure:22876: result: not set
configure:22886: checking for UNIX wrapper name
configure:22889: result: not set
configure:22898: checking whether to statically link to Gtk
configure:22906: result: no
configure:22911: checking whether to use layout dialogs
configure:22919: result: no
configure:22927: checking build verbosity
configure:22932: result: high
configure:22946: checking whether to enable dependency tracking
configure:22953: result: yes
configure:22970: checking solver path
configure:22974: result: default
configure:22993: writing config.status
configure:23146: creating ./config.status

## ---------------------- ##
## Running config.status. ##
## ---------------------- ##

This file was extended by config.status, which was
generated by GNU Autoconf 2.69.  Invocation command line was

  CONFIG_FILES    = 
  CONFIG_HEADERS  = 
  CONFIG_LINKS    = 
  CONFIG_COMMANDS = 
  $ ./config.status 

on aoo-builder64-macos13.local

config.status:1122: creating set_soenv
config.status:1122: creating Makefile
configure:24149: WARNING: unrecognized options: --with-macosx-target

## ---------------- ##
## Cache variables. ##
## ---------------- ##

ac_cv_build=x86_64-apple-darwin17.7.0
ac_cv_c_bigendian=no
ac_cv_c_compiler_gnu=yes
ac_cv_cxx_compiler_gnu=yes
ac_cv_env_APR_CFLAGS_set=
ac_cv_env_APR_CFLAGS_value=
ac_cv_env_APR_LIBS_set=
ac_cv_env_APR_LIBS_value=
ac_cv_env_APR_UTIL_CFLAGS_set=
ac_cv_env_APR_UTIL_CFLAGS_value=
ac_cv_env_APR_UTIL_LIBS_set=
ac_cv_env_APR_UTIL_LIBS_value=
ac_cv_env_CAIRO_CFLAGS_set=
ac_cv_env_CAIRO_CFLAGS_value=
ac_cv_env_CAIRO_LIBS_set=
ac_cv_env_CAIRO_LIBS_value=
ac_cv_env_CCC_set=
ac_cv_env_CCC_value=
ac_cv_env_CC_set=
ac_cv_env_CC_value=
ac_cv_env_CFLAGS_set=
ac_cv_env_CFLAGS_value=
ac_cv_env_COINMP_CFLAGS_set=
ac_cv_env_COINMP_CFLAGS_value=
ac_cv_env_COINMP_LIBS_set=
ac_cv_env_COINMP_LIBS_value=
ac_cv_env_CPPFLAGS_set=
ac_cv_env_CPPFLAGS_value=
ac_cv_env_CPPUNIT_CFLAGS_set=
ac_cv_env_CPPUNIT_CFLAGS_value=
ac_cv_env_CPPUNIT_LIBS_set=
ac_cv_env_CPPUNIT_LIBS_value=
ac_cv_env_CPP_set=
ac_cv_env_CPP_value=
ac_cv_env_CXXCPP_set=
ac_cv_env_CXXCPP_value=
ac_cv_env_CXXFLAGS_set=
ac_cv_env_CXXFLAGS_value=
ac_cv_env_CXX_set=
ac_cv_env_CXX_value=
ac_cv_env_DBUS_CFLAGS_set=
ac_cv_env_DBUS_CFLAGS_value=
ac_cv_env_DBUS_LIBS_set=
ac_cv_env_DBUS_LIBS_value=
ac_cv_env_FREETYPE_CFLAGS_set=
ac_cv_env_FREETYPE_CFLAGS_value=
ac_cv_env_FREETYPE_LIBS_set=
ac_cv_env_FREETYPE_LIBS_value=
ac_cv_env_GCONF_CFLAGS_set=
ac_cv_env_GCONF_CFLAGS_value=
ac_cv_env_GCONF_LIBS_set=
ac_cv_env_GCONF_LIBS_value=
ac_cv_env_GIO_CFLAGS_set=
ac_cv_env_GIO_CFLAGS_value=
ac_cv_env_GIO_LIBS_set=
ac_cv_env_GIO_LIBS_value=
ac_cv_env_GNOMEVFS_CFLAGS_set=
ac_cv_env_GNOMEVFS_CFLAGS_value=
ac_cv_env_GNOMEVFS_LIBS_set=
ac_cv_env_GNOMEVFS_LIBS_value=
ac_cv_env_GOBJECT_CFLAGS_set=
ac_cv_env_GOBJECT_CFLAGS_value=
ac_cv_env_GOBJECT_LIBS_set=
ac_cv_env_GOBJECT_LIBS_value=
ac_cv_env_GRAPHITE_CFLAGS_set=
ac_cv_env_GRAPHITE_CFLAGS_value=
ac_cv_env_GRAPHITE_LIBS_set=
ac_cv_env_GRAPHITE_LIBS_value=
ac_cv_env_GSTREAMER_CFLAGS_set=
ac_cv_env_GSTREAMER_CFLAGS_value=
ac_cv_env_GSTREAMER_LIBS_set=
ac_cv_env_GSTREAMER_LIBS_value=
ac_cv_env_GTHREAD_CFLAGS_set=
ac_cv_env_GTHREAD_CFLAGS_value=
ac_cv_env_GTHREAD_LIBS_set=
ac_cv_env_GTHREAD_LIBS_value=
ac_cv_env_GTK_2_10_CFLAGS_set=
ac_cv_env_GTK_2_10_CFLAGS_value=
ac_cv_env_GTK_2_10_LIBS_set=
ac_cv_env_GTK_2_10_LIBS_value=
ac_cv_env_GTK_CFLAGS_set=
ac_cv_env_GTK_CFLAGS_value=
ac_cv_env_GTK_LIBS_set=
ac_cv_env_GTK_LIBS_value=
ac_cv_env_HUNSPELL_CFLAGS_set=
ac_cv_env_HUNSPELL_CFLAGS_value=
ac_cv_env_HUNSPELL_LIBS_set=
ac_cv_env_HUNSPELL_LIBS_value=
ac_cv_env_LDFLAGS_set=
ac_cv_env_LDFLAGS_value=
ac_cv_env_LIBS_set=
ac_cv_env_LIBS_value=
ac_cv_env_LIBWPD_CFLAGS_set=
ac_cv_env_LIBWPD_CFLAGS_value=
ac_cv_env_LIBWPD_LIBS_set=
ac_cv_env_LIBWPD_LIBS_value=
ac_cv_env_LIBXML_CFLAGS_set=
ac_cv_env_LIBXML_CFLAGS_value=
ac_cv_env_LIBXML_LIBS_set=
ac_cv_env_LIBXML_LIBS_value=
ac_cv_env_LIBXSLT_CFLAGS_set=
ac_cv_env_LIBXSLT_CFLAGS_value=
ac_cv_env_LIBXSLT_LIBS_set=
ac_cv_env_LIBXSLT_LIBS_value=
ac_cv_env_MYTHES_CFLAGS_set=
ac_cv_env_MYTHES_CFLAGS_value=
ac_cv_env_MYTHES_LIBS_set=
ac_cv_env_MYTHES_LIBS_value=
ac_cv_env_NSS_CFLAGS_set=
ac_cv_env_NSS_CFLAGS_value=
ac_cv_env_NSS_LIBS_set=
ac_cv_env_NSS_LIBS_value=
ac_cv_env_OPENSSL_CFLAGS_set=
ac_cv_env_OPENSSL_CFLAGS_value=
ac_cv_env_OPENSSL_LIBS_set=
ac_cv_env_OPENSSL_LIBS_value=
ac_cv_env_PKG_CONFIG_LIBDIR_set=
ac_cv_env_PKG_CONFIG_LIBDIR_value=
ac_cv_env_PKG_CONFIG_PATH_set=
ac_cv_env_PKG_CONFIG_PATH_value=
ac_cv_env_PKG_CONFIG_set=
ac_cv_env_PKG_CONFIG_value=
ac_cv_env_POPPLER_CFLAGS_set=
ac_cv_env_POPPLER_CFLAGS_value=
ac_cv_env_POPPLER_LIBS_set=
ac_cv_env_POPPLER_LIBS_value=
ac_cv_env_REDLAND_CFLAGS_set=
ac_cv_env_REDLAND_CFLAGS_value=
ac_cv_env_REDLAND_LIBS_set=
ac_cv_env_REDLAND_LIBS_value=
ac_cv_env_SERF_CFLAGS_set=
ac_cv_env_SERF_CFLAGS_value=
ac_cv_env_SERF_LIBS_set=
ac_cv_env_SERF_LIBS_value=
ac_cv_env_XMKMF_set=
ac_cv_env_XMKMF_value=
ac_cv_env_XRANDR_CFLAGS_set=
ac_cv_env_XRANDR_CFLAGS_value=
ac_cv_env_XRANDR_LIBS_set=
ac_cv_env_XRANDR_LIBS_value=
ac_cv_env_build_alias_set=
ac_cv_env_build_alias_value=
ac_cv_env_host_alias_set=
ac_cv_env_host_alias_value=
ac_cv_env_target_alias_set=
ac_cv_env_target_alias_value=
ac_cv_func_getopt=yes
ac_cv_func_readdir_r=yes
ac_cv_header_Python_h=yes
ac_cv_header_cups_cups_h=yes
ac_cv_header_inttypes_h=yes
ac_cv_header_ldap_h=yes
ac_cv_header_memory_h=yes
ac_cv_header_stdc=yes
ac_cv_header_stdint_h=yes
ac_cv_header_stdlib_h=yes
ac_cv_header_string_h=yes
ac_cv_header_strings_h=yes
ac_cv_header_sys_stat_h=yes
ac_cv_header_sys_types_h=yes
ac_cv_header_unistd_h=yes
ac_cv_header_zlib_h=yes
ac_cv_host=x86_64-apple-darwin17.7.0
ac_cv_lib_ldap_ldap_set_option=yes
ac_cv_lib_ldap_ldap_simple_bind_s=yes
ac_cv_lib_z_deflate=yes
ac_cv_objext=o
ac_cv_path_ANT=/usr/local/share/java/apache-ant-1.9/bin/ant
ac_cv_path_AWK=/usr/bin/awk
ac_cv_path_BISON=/usr/bin/bison
ac_cv_path_CCACHE=not_found
ac_cv_path_CURLCONFIG=/usr/bin/curl-config
ac_cv_path_EGREP='/usr/bin/grep -E'
ac_cv_path_FLEX=/usr/bin/flex
ac_cv_path_GNUCP=/bin/cp
ac_cv_path_GPERF=/usr/bin/gperf
ac_cv_path_GREP=/usr/bin/grep
ac_cv_path_PATCH=/usr/local/bin/patch
ac_cv_path_PERL=/Users/jim/bin/perl
ac_cv_path_SED=/usr/bin/sed
ac_cv_path_SHELLPATH=/usr/local/bin/bash
ac_cv_path_UNZIP=/usr/bin/unzip
ac_cv_path_XSLTPROC=/usr/local/bin/xsltproc
ac_cv_path_ZIP=/usr/bin/zip
ac_cv_path_ac_pt_PKG_CONFIG=/usr/local/bin/pkg-config
ac_cv_prog_AWK=awk
ac_cv_prog_CPP='/Applications/Xcode7.app/Contents/Developer/Toolchains/XcodeDefault.xctoolchain/usr/bin/clang -arch x86_64 -E'
ac_cv_prog_CXXCPP='/Applications/Xcode7.app/Contents/Developer/Toolchains/XcodeDefault.xctoolchain/usr/bin/clang++ -arch x86_64 -std=c++11 -E'
ac_cv_prog_ac_ct_CC='/Applications/Xcode7.app/Contents/Developer/Toolchains/XcodeDefault.xctoolchain/usr/bin/clang -arch x86_64'
ac_cv_prog_cc_c89=
ac_cv_prog_cc_g=yes
ac_cv_prog_cxx_g=yes
ac_cv_sizeof_long=8
ac_cv_sys_file_offset_bits=no
ac_cv_sys_largefile_CC=no
ac_cv_target=x86_64-apple-darwin17.7.0

## ----------------- ##
## Output variables. ##
## ----------------- ##

ABOUT_BITMAPS=''
ADDITIONAL_REPOSITORIES='../ext_libraries ../extras'
ALLOC=''
ANT='/usr/local/share/java/apache-ant-1.9/bin/ant'
ANT_HOME='/usr/local/share/java/apache-ant-1.9'
ANT_LIB='/usr/local/share/java/apache-ant-1.9/lib'
APR_CFLAGS=''
APR_LIBS=''
APR_UTIL_CFLAGS=''
APR_UTIL_LIBS=''
ARM_TARGET=''
ASM_HOME='NO_ASM_HOME'
ATL_INCLUDE=''
ATL_LIB=''
ATL_LIB_X64=''
AWK='/usr/bin/awk'
AWTLIB='-ljawt'
BISON='/usr/bin/bison'
BSH_JAR=''
BUILD_EPM='NO'
BUILD_PIXMAN=''
BUILD_STAX='YES'
BUILD_TYPE='OOo ODK JPEG EXPAT LIBXMLSEC LUCENE HSQLDB BSH SAXON RHINO APR APR_UTIL SERF COINMP COINMP MDDS BOOST VIGRA UNIXODBC NSS SANE ICU X11_EXTENSIONS NSS REDLAND HUNSPELL HYPHEN MYTHES LIBTEXTCAT LIBTEXTCATDATA SWEXT TOMCAT APACHE_COMMONS TOMCAT MATHMLDTD CATB_FONTS MORE_FONTS AFMS L10N'
BUILD_UNOWINREG='NO'
BUILD_VER_STRING='2020-09-24 15:23:05 (Thu, 24 Sep 2020) - Darwin x86_64'
BUILD_X64=''
BUNDLED_EXTENSION_BLOBS=''
BUNDLED_PREREG_EXTENSIONS=''
BZIP2=''
CAIRO_CFLAGS=''
CAIRO_LIBS=''
CC='/Applications/Xcode7.app/Contents/Developer/Toolchains/XcodeDefault.xctoolchain/usr/bin/clang -arch x86_64'
CCACHE='not_found'
CC_PATH='/Applications/Xcode7.app/Contents/Developer/Toolchains/XcodeDefault.xctoolchain/usr/bin/'
CFLAGS='-g -O2'
COINMP_CFLAGS=''
COINMP_LIBS=''
COMEX=''
COMMONS_CODEC_JAR=''
COMMONS_HTTPCLIENT_JAR=''
COMMONS_LANG_JAR=''
COMMONS_LOGGING_JAR=''
COMPATH='/Applications/Xcode7.app/Contents/Developer/Toolchains/XcodeDefault.xctoolchain/usr'
COM_IS=''
CPP='/Applications/Xcode7.app/Contents/Developer/Toolchains/XcodeDefault.xctoolchain/usr/bin/clang -arch x86_64 -E'
CPPFLAGS=''
CPPUNIT_CFLAGS=''
CPPUNIT_LIBS=''
CRYPT_LINK=''
CSC_PATH=''
CURLCONFIG='/usr/bin/curl-config'
CURL_CFLAGS=''
CURL_LIBS='-lcurl'
CUSTOM_PACK_LIST=''
CXX='/Applications/Xcode7.app/Contents/Developer/Toolchains/XcodeDefault.xctoolchain/usr/bin/clang++ -arch x86_64 -std=c++11'
CXXCPP='/Applications/Xcode7.app/Contents/Developer/Toolchains/XcodeDefault.xctoolchain/usr/bin/clang++ -arch x86_64 -std=c++11 -E'
CXXFLAGS='-g -O2'
CYGWIN_PATH='NO_CYGWIN'
DBUS_CFLAGS=''
DBUS_LIBS=''
DEFS='-DPACKAGE_NAME=\"\" -DPACKAGE_TARNAME=\"\" -DPACKAGE_VERSION=\"\" -DPACKAGE_STRING=\"\" -DPACKAGE_BUGREPORT=\"\" -DPACKAGE_URL=\"\" -DSTDC_HEADERS=1 -DHAVE_SYS_TYPES_H=1 -DHAVE_SYS_STAT_H=1 -DHAVE_STDLIB_H=1 -DHAVE_STRING_H=1 -DHAVE_MEMORY_H=1 -DHAVE_STRINGS_H=1 -DHAVE_INTTYPES_H=1 -DHAVE_STDINT_H=1 -DHAVE_UNISTD_H=1 -DSIZEOF_LONG=8 -DHAVE_LDAP_H=1 -DHAVE_LIBLDAP=1 -DHAVE_LIBLDAP=1 -DHAVE_GETOPT=1 -DHAVE_READDIR_R=1'
DICT_SYSTEM_DIR=''
DIRECTXSDK_HOME=''
DIRECTXSDK_LIB=''
DISABLE_ACTIVEX=''
DISABLE_ATL=''
DISABLE_SAXON=''
DISABLE_STRIP=''
DMAKE='/usr/local/bin/dmake'
DMAKE_PATH='/usr/local/bin/dmake'
DMAKE_URL=''
DO_FETCH_TARBALLS='yes'
DPKG=''
ECHO_C='\c'
ECHO_N=''
ECHO_T=''
EGREP='/usr/bin/grep -E'
ENABLE_BEANSHELL='YES'
ENABLE_BUNDLED_DICTIONARIES='YES'
ENABLE_CAIRO=''
ENABLE_CAIRO_CANVAS='FALSE'
ENABLE_CATEGORY_B='YES'
ENABLE_COINMP='YES'
ENABLE_CRASHDUMP=''
ENABLE_CUPS=''
ENABLE_DBUS=''
ENABLE_DEBUG='FALSE'
ENABLE_DIRECTX=''
ENABLE_DIRECT_DRAW=''
ENABLE_EVOAB2=''
ENABLE_FONTCONFIG=''
ENABLE_GCONF=''
ENABLE_GIO=''
ENABLE_GNOMEVFS=''
ENABLE_GRAPHITE='FALSE'
ENABLE_GSTREAMER=''
ENABLE_GTK=''
ENABLE_HUNSPELL='YES'
ENABLE_HYPHEN='YES'
ENABLE_JAVASCRIPT='YES'
ENABLE_KAB=''
ENABLE_KDE4=''
ENABLE_KDE=''
ENABLE_LAYOUT='FALSE'
ENABLE_LOCKDOWN=''
ENABLE_MEDIAWIKI='YES'
ENABLE_MYSQLC='NO'
ENABLE_NSS_MODULE='YES'
ENABLE_ONLINE_UPDATE='YES'
ENABLE_OPENGL=''
ENABLE_PCH=''
ENABLE_PDFIMPORT='NO'
ENABLE_RANDR=''
ENABLE_REPORTBUILDER='NO'
ENABLE_RPATH='yes'
ENABLE_STATIC_GTK='FALSE'
ENABLE_SYMBOLS=''
ENABLE_SYSTRAY_GTK=''
ENABLE_WERROR='FALSE'
EPM='/usr/local/bin/epm'
EPM_URL=''
EXCEPTIONS=''
EXEEXT=''
FAKEROOT=''
FBSD_GCC_RPATH=''
FLEX='/usr/bin/flex'
FLUTE_JAR=''
FRAME_HOME=''
FREETYPE_CFLAGS=''
FREETYPE_LIBS=''
GCCVER='40201'
GCC_HOME='/usr'
GCONF_CFLAGS=''
GCONF_LIBS=''
GIO_CFLAGS=''
GIO_LIBS=''
GNOMEVFS_CFLAGS=''
GNOMEVFS_LIBS=''
GNUCP=''
GNUMAKE='make'
GNUPATCH='/usr/local/bin/patch'
GNUTAR='gtar'
GOBJECT_CFLAGS=''
GOBJECT_LIBS=''
GPERF='/usr/bin/gperf'
GRAPHITE_CFLAGS=''
GRAPHITE_LIBS=''
GREP='/usr/bin/grep'
GSTREAMER_CFLAGS=''
GSTREAMER_LIBS=''
GTHREAD_CFLAGS=''
GTHREAD_LIBS=''
GTK_2_10_CFLAGS=''
GTK_2_10_LIBS=''
GTK_CFLAGS=''
GTK_LIBS=''
GXX_INCLUDE_PATH='/usr/include/c++/4.2.1'
HAVE_ATLTHUNK=''
HAVE_GCC_VISIBILITY_FEATURE='TRUE'
HAVE_GETOPT='YES'
HAVE_LD_BSYMBOLIC_FUNCTIONS=''
HAVE_LD_HASH_STYLE='FALSE'
HAVE_READDIR_R='YES'
HOME='/Users/jim'
HSQLDB_JAR=''
HUNSPELL_CFLAGS=''
HUNSPELL_LIBS=''
HYPHEN_LIB=''
HYPH_SYSTEM_DIR=''
ICUCONFIG=''
ICU_MAJOR=''
ICU_MICRO=''
ICU_MINOR=''
INTRO_BITMAPS=''
IS_SYSTEM_DMAKE=''
JAVAAOTCOMPILER=''
JAVACISGCJ=''
JAVACOMPILER='/Library/Java/JavaVirtualMachines/jdk1.7.0_80.jdk/Contents/Home/bin/javac'
JAVADOC='/Library/Java/JavaVirtualMachines/jdk1.7.0_80.jdk/Contents/Home/bin/javadoc'
JAVAFLAGS=''
JAVAIFLAGS=''
JAVAINTERPRETER='/Library/Java/JavaVirtualMachines/jdk1.7.0_80.jdk/Contents/Home/bin/java'
JAVA_HOME='/Library/Java/JavaVirtualMachines/jdk1.7.0_80.jdk/Contents/Home'
JDK='sun'
JFREEREPORT_JAR=''
KDE4_CFLAGS=''
KDE4_LIBS=''
KDE_CFLAGS=''
KDE_LIBS=''
LDFLAGS=''
LFS_CFLAGS='-D_FILE_OFFSET_BITS=no'
LIBBASE_JAR=''
LIBFONTS_JAR=''
LIBFORMULA_JAR=''
LIBINTL_PREFIX=''
LIBLAYOUT_JAR=''
LIBLOADER_JAR=''
LIBMYSQL_PATH=''
LIBOBJS=''
LIBREPOSITORY_JAR=''
LIBS='-lldap -lldap '
LIBSERIALIZER_JAR=''
LIBWPD_CFLAGS=''
LIBWPD_LIBS=''
LIBXML_CFLAGS='-I/usr/local/include/libxml2'
LIBXML_JAR=''
LIBXML_LIBS='-L/usr/local/lib -lxml2 -lz -lpthread -lm'
LIBXSLT_CFLAGS='-I/usr/local/include -I/usr/local/include/libxml2'
LIBXSLT_LIBS='-L/usr/local/lib -lxslt -lxml2'
LOCAL_SOLENV='DEFAULT'
LOCAL_SOLVER='DEFAULT'
LTLIBOBJS=''
LUCENE_ANALYZERS_JAR=''
LUCENE_CORE_JAR=''
MACOSX_DEPLOYMENT_TARGET='10.7'
MACOSX_SDK_PATH='/Applications/Xcode7.app/Contents/Developer/Platforms/MacOSX.platform/Developer/SDKs/MacOSX10.11.sdk'
MFC_INCLUDE=''
MFC_LIB=''
MIDL_PATH=''
MINGWCXX=''
MINGWSTRIP=''
MINGW_BACKWARD_INCLUDE_PATH=''
MINGW_CLIB_DIR=''
MINGW_GCCDLL=''
MINGW_GCCLIB_EH=''
MINGW_GXXDLL=''
MINGW_LIB_INCLUDE_PATH=''
MINGW_SHARED_GCCLIB=''
MINGW_SHARED_GXXLIB=''
MINGW_SHARED_LIBSTDCPP=''
ML_EXE=''
MOC4='moc'
MOC='moc'
MOCQT4=''
MOZILLABUILD=''
MOZ_INC=''
MSPDB_PATH=''
MYSQLCONFIG=''
MYSQL_DEFINES=''
MYSQL_INC=''
MYSQL_LIB=''
MYTHES_CFLAGS=''
MYTHES_LIBS=''
NASM_EXE=''
NASM_HOME='NO_NASM_HOME'
NEW_SHADOW_API=''
NSIS_PATH=''
NSS_CFLAGS=''
NSS_LIBS=''
OBJEXT='o'
OOO_JUNIT_JAR='/usr/local/share/java/junit.jar'
OOO_VENDOR=''
OPENSSL_CFLAGS=''
OPENSSL_LIBS='-lssl -lcrypto'
OSVERSION=''
PACKAGE_BUGREPORT=''
PACKAGE_NAME=''
PACKAGE_STRING=''
PACKAGE_TARNAME=''
PACKAGE_URL=''
PACKAGE_VERSION=''
PAM=''
PAM_LINK=''
PATCH='/usr/local/bin/patch'
PATH_SEPARATOR=':'
PERL='/Users/jim/bin/perl'
PKGFORMAT='dmg'
PKGMK=''
PKG_CONFIG='/usr/local/bin/pkg-config'
PKG_CONFIG_LIBDIR=''
PKG_CONFIG_PATH=''
POPPLER_CFLAGS=''
POPPLER_LIBS=''
PRODUCT='full'
PROEXT='.pro'
PROFULLSWITCH='product=full'
PSDK_HOME=''
PTHREAD_CFLAGS=''
PTHREAD_LIBS=''
PYTHON=''
PYTHON_CFLAGS='-I/Applications/Xcode7.app/Contents/Developer/Platforms/MacOSX.platform/Developer/SDKs/MacOSX10.11.sdk/usr/include/python2.7'
PYTHON_EXEC_PREFIX=''
PYTHON_LIBS='-framework Python'
PYTHON_PLATFORM=''
PYTHON_PREFIX=''
PYTHON_VERSION=''
RAT_JAR_HOME=''
REDLAND_CFLAGS=''
REDLAND_LIBS=''
RPM=''
SAC_JAR=''
SAXON_JAR=''
SCPDEFS=' -DENABLE_ONLINE_UPDATE -DWITH_CATB_FONTS -DWITH_CATA_FONTS'
SED='/usr/bin/sed'
SERF_CFLAGS=''
SERF_LIBS=''
SERIALIZER_JAR=''
SERVLETAPI_JAR=''
SHELL='/bin/sh'
SHELLPATH='/usr/local/bin'
SIZEOF_LONG='8'
SOLAR_JAVA='TRUE'
SOURCEVERSION='AOO418'
SYSTEM_APACHE_COMMONS='NO'
SYSTEM_APR='NO'
SYSTEM_APR_UTIL='NO'
SYSTEM_BOOST='NO'
SYSTEM_BSH='NO'
SYSTEM_CAIRO=''
SYSTEM_COINMP='NO'
SYSTEM_CPPUNIT='NO'
SYSTEM_CURL='YES'
SYSTEM_DICTS='NO'
SYSTEM_EXPAT='NO'
SYSTEM_GDKPIXBUF='YES'
SYSTEM_GENBRK=''
SYSTEM_GENCCODE=''
SYSTEM_GENCMN=''
SYSTEM_GETTEXT='YES'
SYSTEM_GLIB='YES'
SYSTEM_GRAPHITE=''
SYSTEM_HSQLDB='NO'
SYSTEM_HUNSPELL='NO'
SYSTEM_HYPH='NO'
SYSTEM_ICU='NO'
SYSTEM_JFREEREPORT=''
SYSTEM_JPEG='NO'
SYSTEM_LIBC='YES'
SYSTEM_LIBJPEG='NO'
SYSTEM_LIBPNG='NO'
SYSTEM_LIBTEXTCAT='NO'
SYSTEM_LIBTEXTCAT_DATA=''
SYSTEM_LIBWPD=''
SYSTEM_LIBXML='YES'
SYSTEM_LIBXSLT='YES'
SYSTEM_LUCENE='NO'
SYSTEM_MDDS='NO'
SYSTEM_MYSQL=''
SYSTEM_MYSQL_CPPCONN=''
SYSTEM_MYTHES='NO'
SYSTEM_NSS='NO'
SYSTEM_ODBC_HEADERS='NO'
SYSTEM_OPENSSL='YES'
SYSTEM_PANGO='YES'
SYSTEM_POPPLER=''
SYSTEM_PYTHON='YES'
SYSTEM_REDLAND='NO'
SYSTEM_SANE_HEADER='NO'
SYSTEM_SAXON='NO'
SYSTEM_SERF='NO'
SYSTEM_SERVLETAPI='NO'
SYSTEM_STDLIBS='NO'
SYSTEM_VIGRA='NO'
SYSTEM_XRENDER_HEADERS='NO'
SYSTEM_ZLIB='YES'
TARFILE_LOCATION='DEFAULT'
THES_SYSTEM_DIR=''
UNIXWRAPPERNAME=''
UNZIP='/usr/bin/unzip'
UPD='418'
USE_CCACHE=''
USE_FT_EMBOLDEN=''
USE_MINGW=''
USE_PACKAGER=''
USE_SYSTEM_STL='YES'
USE_XINERAMA='YES'
VALGRIND_CFLAGS=''
VC_STANDARD=''
VERBOSE='TRUE'
WINDOWS_VISTA_PSDK=''
WITHOUT_AFMS=''
WITHOUT_PPDS=''
WITH_CATA_FONTS='YES'
WITH_CATB_FONTS='YES'
WITH_CPPUNIT=''
WITH_DICT=',ALL,'
WITH_FONTS='YES'
WITH_LANG='ast bg ca ca-XR ca-XV cs da de el en-GB en-US es eu fi fr gd gl he hi hu it ja km ko lt nb nl pl pt pt-BR ru sk sl sr sv ta th tr vi zh-CN zh-TW'
WITH_LDAP='YES'
WITH_MINGWIN='0'
WITH_OPENLDAP='YES'
WITH_POOR_HELP_LOCALIZATIONS=''
WITH_VC_REDIST=''
WORDS_BIGENDIAN='no'
XAU_LIBS=''
XINC='no_x_includes'
XINERAMA_LINK='dynamic'
XLIB='no_x_libraries'
XMKMF=''
XRANDR_CFLAGS=''
XRANDR_DLOPEN=''
XRANDR_LIBS=''
XRENDER_LINK='NO'
XSLTPROC='/usr/local/bin/xsltproc'
X_CFLAGS=''
X_EXTRA_LIBS=''
X_LIBS=''
X_PRE_LIBS=''
ZIP='/usr/bin/zip'
ZIP_HOME='/usr/bin'
_cc=''
_solenv='./solenv'
ac_ct_CC='/Applications/Xcode7.app/Contents/Developer/Toolchains/XcodeDefault.xctoolchain/usr/bin/clang -arch x86_64'
ac_ct_CXX=''
bindir='${exec_prefix}/bin'
build='x86_64-apple-darwin17.7.0'
build_alias=''
build_cpu='x86_64'
build_os='darwin17.7.0'
build_vendor='apple'
datadir='${datarootdir}'
datarootdir='${prefix}/share'
docdir='${datarootdir}/doc/${PACKAGE}'
dvidir='${docdir}'
exec_prefix='${prefix}'
host='x86_64-apple-darwin17.7.0'
host_alias=''
host_cpu='x86_64'
host_os='darwin17.7.0'
host_vendor='apple'
htmldir='${docdir}'
includedir='${prefix}/include'
infodir='${datarootdir}/info'
libdir='${exec_prefix}/lib'
libexecdir='${exec_prefix}/libexec'
localedir='${datarootdir}/locale'
localstatedir='${prefix}/var'
mandir='${datarootdir}/man'
nodep=''
oldincludedir='/usr/include'
pdfdir='${docdir}'
pkgpyexecdir=''
pkgpythondir=''
prefix='/usr/local'
program_transform_name='s,x,x,'
psdir='${docdir}'
pyexecdir=''
pythondir=''
sbindir='${exec_prefix}/sbin'
sharedstatedir='${prefix}/com'
sysconfdir='${prefix}/etc'
target='x86_64-apple-darwin17.7.0'
target_alias=''
target_cpu='x86_64'
target_os='darwin17.7.0'
target_vendor='apple'

## ----------- ##
## confdefs.h. ##
## ----------- ##

/* confdefs.h */
#define PACKAGE_NAME ""
#define PACKAGE_TARNAME ""
#define PACKAGE_VERSION ""
#define PACKAGE_STRING ""
#define PACKAGE_BUGREPORT ""
#define PACKAGE_URL ""
#define STDC_HEADERS 1
#define HAVE_SYS_TYPES_H 1
#define HAVE_SYS_STAT_H 1
#define HAVE_STDLIB_H 1
#define HAVE_STRING_H 1
#define HAVE_MEMORY_H 1
#define HAVE_STRINGS_H 1
#define HAVE_INTTYPES_H 1
#define HAVE_STDINT_H 1
#define HAVE_UNISTD_H 1
#define SIZEOF_LONG 8
#define HAVE_LDAP_H 1
#define HAVE_LIBLDAP 1
#define HAVE_LIBLDAP 1
#define HAVE_GETOPT 1
#define HAVE_READDIR_R 1

configure: exit 0
