This file contains any messages produced by compilers while
running configure, to aid debugging if configure makes a mistake.

It was created by configure, which was
generated by GNU Autoconf 2.69.  Invocation command line was

  $ ./configure --with-build-version=2020-10-05 22:01 --with-frame-home=/cygdrive/c/Microsoft_SDKs/Windows/v7.0 --with-psdk-home=/cygdrive/c/Microsoft_SDKs/Windows/v7.0 --with-midl-path=/cygdrive/c/Microsoft_SDKs/Windows/v7.0/bin --with-ant-home=/cygdrive/c/apache-ant-1.9.15 --with-jdk-home=/cygdrive/c/Program Files (x86)/Java/jdk1.7.0_80 --with-csc-path=/cygdrive/c/Windows/Microsoft.NET/Framework/v3.5 --with-cl-home=/cygdrive/c/Program Files (x86)/Microsoft Visual Studio 9.0/VC --with-asm-home=/cygdrive/c/Program Files (x86)/Microsoft Visual Studio 9.0/VC/bin --with-atl-include-dir=/cygdrive/c/WinDDK/7600.16385.1/inc/atl71 --with-atl-lib-dir=/cygdrive/c/WinDDK/7600.16385.1/lib/atl/i386 --with-mfc-include-dir=/cygdrive/c/WinDDK/7600.16385.1/inc/mfc42 --with-mfc-lib-dir=/cygdrive/c/WinDDK/7600.16385.1/lib/mfc/i386 --with-dmake-url=https://sourceforge.net/projects/oooextras.mirror/files/dmake-4.12.tar.bz2 --with-directx-home=/cygdrive/c/Microsoft_DirectX_SDK_June_2010 --with-nasm-home=/cygdrive/c/Program Files/NASM --enable-win-x64-shellext --enable-wiki-publisher --without-junit --without-stlport --with-mozilla-build=/cygdrive/c/mozilla-build-3.3 --enable-category-b --with-lang=ast bg ca ca-XR ca-XV cs da de el en-GB en-US es eu fi fr gd gl he hi hu it ja km ko lt nb nl pl pt pt-BR ru sk sl sr sv ta th tr vi zh-CN zh-TW --enable-bundled-dictionaries --with-packager-list=/cygdrive/c/Source/Pack.lst --with-nsis-path=/cygdrive/c/NSIS

## --------- ##
## Platform. ##
## --------- ##

hostname = VM-W10-AOO
uname -m = i686
uname -r = 3.1.7(0.340/5/3)
uname -s = CYGWIN_NT-10.0-WOW
uname -v = 2020-08-22 19:03

/usr/bin/uname -p = unknown
/bin/uname -X     = unknown

/bin/arch              = i686
/usr/bin/arch -k       = unknown
/usr/convex/getsysinfo = unknown
/usr/bin/hostinfo      = unknown
/bin/machine           = unknown
/usr/bin/oslevel       = unknown
/bin/universe          = unknown

PATH: /usr/local/bin
PATH: /usr/bin
PATH: /cygdrive/c/Program Files (x86)/AdoptOpenJDK/jdk-8.0.265.01-hotspot/bin
PATH: /cygdrive/c/Program Files (x86)/Common Files/Oracle/Java/javapath
PATH: /cygdrive/c/WINDOWS/system32
PATH: /cygdrive/c/WINDOWS
PATH: /cygdrive/c/WINDOWS/System32/Wbem
PATH: /cygdrive/c/WINDOWS/System32/WindowsPowerShell/v1.0
PATH: /cygdrive/c/WINDOWS/System32/OpenSSH
PATH: /cygdrive/c/Users/Seidel/AppData/Local/Microsoft/WindowsApps


## ----------- ##
## Core tests. ##
## ----------- ##

configure:5180: checking whether configure is up-to-date
configure:5187: result: yes
configure:5214: checking for grep that handles long lines and -e
configure:5272: result: /usr/bin/grep
configure:5277: checking for egrep
configure:5339: result: /usr/bin/grep -E
configure:5348: checking for gawk
configure:5378: result: no
configure:5348: checking for mawk
configure:5378: result: no
configure:5348: checking for nawk
configure:5378: result: no
configure:5348: checking for awk
configure:5364: found /usr/bin/awk
configure:5375: result: awk
configure:5388: checking for awk
configure:5406: found /usr/bin/awk
configure:5418: result: /usr/bin/awk
configure:5434: checking for sed
configure:5452: found /usr/bin/sed
configure:5464: result: /usr/bin/sed
configure:5479: checking for solenv environment
configure:5483: result: default
configure:5510: checking for custom pack.lst
configure:5521: result: /cygdrive/c/Source/Pack.lst
configure:5564: checking build system type
configure:5578: result: i686-pc-cygwin
configure:5598: checking host system type
configure:5611: result: i686-pc-cygwin
configure:5631: checking target system type
configure:5644: result: i686-pc-cygwin
configure:5679: checking Cygwin version
configure:5682: result: 3.1.7(0.340/5/3)
configure:5947: checking for pkg-config
configure:5980: result: no
configure:6015: checking whether to enable crashdump feature
configure:6024: result: no
configure:6034: checking whether to use the standard non-optimizing compiler
configure:6038: result: no
configure:6049: checking whether to build/use the Windows 64bit shell extensions
configure:6057: result: yes
configure:6063: checking whether to turn warnings to errors
configure:6076: result: no
configure:6081: checking whether to do a debug build
configure:6092: result: no
configure:6097: checking whether to build with additional debug utilities
configure:6109: result: no, full product build
configure:6116: checking whether to include symbols into final build
configure:6138: result: no
configure:6143: checking whether to strip the solver or not.
configure:6162: result: yes
configure:6179: checking whether to enable category B components
configure:6200: result: yes: allow modules nss, hunspell, hyphen, saxon, rhino, beanshell, graphite, coinmp to be built
configure:6221: checking whether to enable the Online Update support
configure:6226: result: yes
configure:6236: checking whether to enable native CUPS support
configure:6244: result: no
configure:6249: checking whether to enable fontconfig support
configure:6257: result: no
configure:6274: checking whether to use DirectX
configure:6279: result: yes
configure:6288: checking whether to use ActiveX
configure:6292: result: yes
configure:6300: checking whether to use ATL
configure:6304: result: yes
configure:6318: checking whether to use RPATH in shared libraries
configure:6325: result: yes
configure:6346: checking whether to use dicts from external paths
configure:6380: result: no
configure:6390: checking Windows build environment sanity
configure:6410: result: ok
configure:6416: checking for cygwin gcc/g++
configure:6419: result: found
configure:6429: checking for bash
configure:6447: found /usr/bin/bash
configure:6459: result: /usr/bin/bash
configure:6474: checking gcc home
configure:6481: result: /usr
configure:7429: checking whether to enable pch feature
configure:7447: result: no
configure:7452: checking for GNU make
configure:7461: result: make
configure:7467: checking the GNU make version
configure:7472: result: make 4.3
3+:
configure:7479: checking for dmake
configure:7546: no system or user-provided dmake found
configure:7553: result: dmake will be downloaded and compiled in bootstrap
configure:7601: checking for GNU or compatible BSD tar
configure:7610: result: tar
configure:7789: checking for perl
configure:7807: found /usr/bin/perl
configure:7819: result: /usr/bin/perl
configure:7840: checking the Perl version
configure:7847: result: checked (perl 5)
configure:7854: checking for required Perl modules
configure:7857: result: all modules found
configure:7888: checking for friendly registry keys
configure:7899: result: done
configure:8009: checking the Microsoft C/C++ Compiler
configure:8060: result: found (/cygdrive/c/PROGRA~2/MICROS~1.0/VC/bin/cl.exe)
configure:8064: checking the Version of Microsoft C/C++ Compiler
configure:8075: result: found Compiler version 001500003072 in "Microsoft (R) 32-bit C/C++ Optimizing Compiler Version 15.00.30729.01 for 80x86
"
configure:8080: result: found .NET 2008 / VS 9.0.
configure:8112: checking for midl.exe
configure:8145: result: no
configure:8183: checking for csc.exe
configure:8216: result: no
configure:8242: checking .NET Framework
configure:8267: result: found
configure:9071: checking for sys/types.h
configure:9071: /cygdrive/c/PROGRA~2/MICROS~1.0/VC/bin/cl.exe -c   conftest.c >&5
conftest.c
Microsoft (R) 32-bit C/C++ Optimizing Compiler Version 15.00.30729.01 for 80x86
Copyright (C) Microsoft Corporation.  All rights reserved.

configure:9071: $? = 0
configure: failed program was:
| /* confdefs.h */
| #define PACKAGE_NAME ""
| #define PACKAGE_TARNAME ""
| #define PACKAGE_VERSION ""
| #define PACKAGE_STRING ""
| #define PACKAGE_BUGREPORT ""
| #define PACKAGE_URL ""
| /* end confdefs.h.  */
| #include <stdio.h>
| #ifdef HAVE_SYS_TYPES_H
| # include <sys/types.h>
| #endif
| #ifdef HAVE_SYS_STAT_H
| # include <sys/stat.h>
| #endif
| #ifdef STDC_HEADERS
| # include <stdlib.h>
| # include <stddef.h>
| #else
| # ifdef HAVE_STDLIB_H
| #  include <stdlib.h>
| # endif
| #endif
| #ifdef HAVE_STRING_H
| # if !defined STDC_HEADERS && defined HAVE_MEMORY_H
| #  include <memory.h>
| # endif
| # include <string.h>
| #endif
| #ifdef HAVE_STRINGS_H
| # include <strings.h>
| #endif
| #ifdef HAVE_INTTYPES_H
| # include <inttypes.h>
| #endif
| #ifdef HAVE_STDINT_H
| # include <stdint.h>
| #endif
| #ifdef HAVE_UNISTD_H
| # include <unistd.h>
| #endif
| 
| #include <sys/types.h>
configure:9071: result: no
configure:9071: checking for sys/stat.h
configure:9071: /cygdrive/c/PROGRA~2/MICROS~1.0/VC/bin/cl.exe -c   conftest.c >&5
conftest.c
Microsoft (R) 32-bit C/C++ Optimizing Compiler Version 15.00.30729.01 for 80x86
Copyright (C) Microsoft Corporation.  All rights reserved.

configure:9071: $? = 0
configure: failed program was:
| /* confdefs.h */
| #define PACKAGE_NAME ""
| #define PACKAGE_TARNAME ""
| #define PACKAGE_VERSION ""
| #define PACKAGE_STRING ""
| #define PACKAGE_BUGREPORT ""
| #define PACKAGE_URL ""
| /* end confdefs.h.  */
| #include <stdio.h>
| #ifdef HAVE_SYS_TYPES_H
| # include <sys/types.h>
| #endif
| #ifdef HAVE_SYS_STAT_H
| # include <sys/stat.h>
| #endif
| #ifdef STDC_HEADERS
| # include <stdlib.h>
| # include <stddef.h>
| #else
| # ifdef HAVE_STDLIB_H
| #  include <stdlib.h>
| # endif
| #endif
| #ifdef HAVE_STRING_H
| # if !defined STDC_HEADERS && defined HAVE_MEMORY_H
| #  include <memory.h>
| # endif
| # include <string.h>
| #endif
| #ifdef HAVE_STRINGS_H
| # include <strings.h>
| #endif
| #ifdef HAVE_INTTYPES_H
| # include <inttypes.h>
| #endif
| #ifdef HAVE_STDINT_H
| # include <stdint.h>
| #endif
| #ifdef HAVE_UNISTD_H
| # include <unistd.h>
| #endif
| 
| #include <sys/stat.h>
configure:9071: result: no
configure:9071: checking for stdlib.h
configure:9071: /cygdrive/c/PROGRA~2/MICROS~1.0/VC/bin/cl.exe -c   conftest.c >&5
conftest.c
Microsoft (R) 32-bit C/C++ Optimizing Compiler Version 15.00.30729.01 for 80x86
Copyright (C) Microsoft Corporation.  All rights reserved.

configure:9071: $? = 0
configure: failed program was:
| /* confdefs.h */
| #define PACKAGE_NAME ""
| #define PACKAGE_TARNAME ""
| #define PACKAGE_VERSION ""
| #define PACKAGE_STRING ""
| #define PACKAGE_BUGREPORT ""
| #define PACKAGE_URL ""
| /* end confdefs.h.  */
| #include <stdio.h>
| #ifdef HAVE_SYS_TYPES_H
| # include <sys/types.h>
| #endif
| #ifdef HAVE_SYS_STAT_H
| # include <sys/stat.h>
| #endif
| #ifdef STDC_HEADERS
| # include <stdlib.h>
| # include <stddef.h>
| #else
| # ifdef HAVE_STDLIB_H
| #  include <stdlib.h>
| # endif
| #endif
| #ifdef HAVE_STRING_H
| # if !defined STDC_HEADERS && defined HAVE_MEMORY_H
| #  include <memory.h>
| # endif
| # include <string.h>
| #endif
| #ifdef HAVE_STRINGS_H
| # include <strings.h>
| #endif
| #ifdef HAVE_INTTYPES_H
| # include <inttypes.h>
| #endif
| #ifdef HAVE_STDINT_H
| # include <stdint.h>
| #endif
| #ifdef HAVE_UNISTD_H
| # include <unistd.h>
| #endif
| 
| #include <stdlib.h>
configure:9071: result: no
configure:9071: checking for string.h
configure:9071: /cygdrive/c/PROGRA~2/MICROS~1.0/VC/bin/cl.exe -c   conftest.c >&5
conftest.c
Microsoft (R) 32-bit C/C++ Optimizing Compiler Version 15.00.30729.01 for 80x86
Copyright (C) Microsoft Corporation.  All rights reserved.

configure:9071: $? = 0
configure: failed program was:
| /* confdefs.h */
| #define PACKAGE_NAME ""
| #define PACKAGE_TARNAME ""
| #define PACKAGE_VERSION ""
| #define PACKAGE_STRING ""
| #define PACKAGE_BUGREPORT ""
| #define PACKAGE_URL ""
| /* end confdefs.h.  */
| #include <stdio.h>
| #ifdef HAVE_SYS_TYPES_H
| # include <sys/types.h>
| #endif
| #ifdef HAVE_SYS_STAT_H
| # include <sys/stat.h>
| #endif
| #ifdef STDC_HEADERS
| # include <stdlib.h>
| # include <stddef.h>
| #else
| # ifdef HAVE_STDLIB_H
| #  include <stdlib.h>
| # endif
| #endif
| #ifdef HAVE_STRING_H
| # if !defined STDC_HEADERS && defined HAVE_MEMORY_H
| #  include <memory.h>
| # endif
| # include <string.h>
| #endif
| #ifdef HAVE_STRINGS_H
| # include <strings.h>
| #endif
| #ifdef HAVE_INTTYPES_H
| # include <inttypes.h>
| #endif
| #ifdef HAVE_STDINT_H
| # include <stdint.h>
| #endif
| #ifdef HAVE_UNISTD_H
| # include <unistd.h>
| #endif
| 
| #include <string.h>
configure:9071: result: no
configure:9071: checking for memory.h
configure:9071: /cygdrive/c/PROGRA~2/MICROS~1.0/VC/bin/cl.exe -c   conftest.c >&5
conftest.c
Microsoft (R) 32-bit C/C++ Optimizing Compiler Version 15.00.30729.01 for 80x86
Copyright (C) Microsoft Corporation.  All rights reserved.

configure:9071: $? = 0
configure: failed program was:
| /* confdefs.h */
| #define PACKAGE_NAME ""
| #define PACKAGE_TARNAME ""
| #define PACKAGE_VERSION ""
| #define PACKAGE_STRING ""
| #define PACKAGE_BUGREPORT ""
| #define PACKAGE_URL ""
| /* end confdefs.h.  */
| #include <stdio.h>
| #ifdef HAVE_SYS_TYPES_H
| # include <sys/types.h>
| #endif
| #ifdef HAVE_SYS_STAT_H
| # include <sys/stat.h>
| #endif
| #ifdef STDC_HEADERS
| # include <stdlib.h>
| # include <stddef.h>
| #else
| # ifdef HAVE_STDLIB_H
| #  include <stdlib.h>
| # endif
| #endif
| #ifdef HAVE_STRING_H
| # if !defined STDC_HEADERS && defined HAVE_MEMORY_H
| #  include <memory.h>
| # endif
| # include <string.h>
| #endif
| #ifdef HAVE_STRINGS_H
| # include <strings.h>
| #endif
| #ifdef HAVE_INTTYPES_H
| # include <inttypes.h>
| #endif
| #ifdef HAVE_STDINT_H
| # include <stdint.h>
| #endif
| #ifdef HAVE_UNISTD_H
| # include <unistd.h>
| #endif
| 
| #include <memory.h>
configure:9071: result: no
configure:9071: checking for strings.h
configure:9071: /cygdrive/c/PROGRA~2/MICROS~1.0/VC/bin/cl.exe -c   conftest.c >&5
conftest.c
conftest.c(43) : fatal error C1083: Cannot open include file: 'strings.h': No such file or directory
Microsoft (R) 32-bit C/C++ Optimizing Compiler Version 15.00.30729.01 for 80x86
Copyright (C) Microsoft Corporation.  All rights reserved.

configure:9071: $? = 2
configure: failed program was:
| /* confdefs.h */
| #define PACKAGE_NAME ""
| #define PACKAGE_TARNAME ""
| #define PACKAGE_VERSION ""
| #define PACKAGE_STRING ""
| #define PACKAGE_BUGREPORT ""
| #define PACKAGE_URL ""
| /* end confdefs.h.  */
| #include <stdio.h>
| #ifdef HAVE_SYS_TYPES_H
| # include <sys/types.h>
| #endif
| #ifdef HAVE_SYS_STAT_H
| # include <sys/stat.h>
| #endif
| #ifdef STDC_HEADERS
| # include <stdlib.h>
| # include <stddef.h>
| #else
| # ifdef HAVE_STDLIB_H
| #  include <stdlib.h>
| # endif
| #endif
| #ifdef HAVE_STRING_H
| # if !defined STDC_HEADERS && defined HAVE_MEMORY_H
| #  include <memory.h>
| # endif
| # include <string.h>
| #endif
| #ifdef HAVE_STRINGS_H
| # include <strings.h>
| #endif
| #ifdef HAVE_INTTYPES_H
| # include <inttypes.h>
| #endif
| #ifdef HAVE_STDINT_H
| # include <stdint.h>
| #endif
| #ifdef HAVE_UNISTD_H
| # include <unistd.h>
| #endif
| 
| #include <strings.h>
configure:9071: result: no
configure:9071: checking for inttypes.h
configure:9071: /cygdrive/c/PROGRA~2/MICROS~1.0/VC/bin/cl.exe -c   conftest.c >&5
conftest.c
conftest.c(43) : fatal error C1083: Cannot open include file: 'inttypes.h': No such file or directory
Microsoft (R) 32-bit C/C++ Optimizing Compiler Version 15.00.30729.01 for 80x86
Copyright (C) Microsoft Corporation.  All rights reserved.

configure:9071: $? = 2
configure: failed program was:
| /* confdefs.h */
| #define PACKAGE_NAME ""
| #define PACKAGE_TARNAME ""
| #define PACKAGE_VERSION ""
| #define PACKAGE_STRING ""
| #define PACKAGE_BUGREPORT ""
| #define PACKAGE_URL ""
| /* end confdefs.h.  */
| #include <stdio.h>
| #ifdef HAVE_SYS_TYPES_H
| # include <sys/types.h>
| #endif
| #ifdef HAVE_SYS_STAT_H
| # include <sys/stat.h>
| #endif
| #ifdef STDC_HEADERS
| # include <stdlib.h>
| # include <stddef.h>
| #else
| # ifdef HAVE_STDLIB_H
| #  include <stdlib.h>
| # endif
| #endif
| #ifdef HAVE_STRING_H
| # if !defined STDC_HEADERS && defined HAVE_MEMORY_H
| #  include <memory.h>
| # endif
| # include <string.h>
| #endif
| #ifdef HAVE_STRINGS_H
| # include <strings.h>
| #endif
| #ifdef HAVE_INTTYPES_H
| # include <inttypes.h>
| #endif
| #ifdef HAVE_STDINT_H
| # include <stdint.h>
| #endif
| #ifdef HAVE_UNISTD_H
| # include <unistd.h>
| #endif
| 
| #include <inttypes.h>
configure:9071: result: no
configure:9071: checking for stdint.h
configure:9071: /cygdrive/c/PROGRA~2/MICROS~1.0/VC/bin/cl.exe -c   conftest.c >&5
conftest.c
conftest.c(43) : fatal error C1083: Cannot open include file: 'stdint.h': No such file or directory
Microsoft (R) 32-bit C/C++ Optimizing Compiler Version 15.00.30729.01 for 80x86
Copyright (C) Microsoft Corporation.  All rights reserved.

configure:9071: $? = 2
configure: failed program was:
| /* confdefs.h */
| #define PACKAGE_NAME ""
| #define PACKAGE_TARNAME ""
| #define PACKAGE_VERSION ""
| #define PACKAGE_STRING ""
| #define PACKAGE_BUGREPORT ""
| #define PACKAGE_URL ""
| /* end confdefs.h.  */
| #include <stdio.h>
| #ifdef HAVE_SYS_TYPES_H
| # include <sys/types.h>
| #endif
| #ifdef HAVE_SYS_STAT_H
| # include <sys/stat.h>
| #endif
| #ifdef STDC_HEADERS
| # include <stdlib.h>
| # include <stddef.h>
| #else
| # ifdef HAVE_STDLIB_H
| #  include <stdlib.h>
| # endif
| #endif
| #ifdef HAVE_STRING_H
| # if !defined STDC_HEADERS && defined HAVE_MEMORY_H
| #  include <memory.h>
| # endif
| # include <string.h>
| #endif
| #ifdef HAVE_STRINGS_H
| # include <strings.h>
| #endif
| #ifdef HAVE_INTTYPES_H
| # include <inttypes.h>
| #endif
| #ifdef HAVE_STDINT_H
| # include <stdint.h>
| #endif
| #ifdef HAVE_UNISTD_H
| # include <unistd.h>
| #endif
| 
| #include <stdint.h>
configure:9071: result: no
configure:9071: checking for unistd.h
configure:9071: /cygdrive/c/PROGRA~2/MICROS~1.0/VC/bin/cl.exe -c   conftest.c >&5
conftest.c
conftest.c(43) : fatal error C1083: Cannot open include file: 'unistd.h': No such file or directory
Microsoft (R) 32-bit C/C++ Optimizing Compiler Version 15.00.30729.01 for 80x86
Copyright (C) Microsoft Corporation.  All rights reserved.

configure:9071: $? = 2
configure: failed program was:
| /* confdefs.h */
| #define PACKAGE_NAME ""
| #define PACKAGE_TARNAME ""
| #define PACKAGE_VERSION ""
| #define PACKAGE_STRING ""
| #define PACKAGE_BUGREPORT ""
| #define PACKAGE_URL ""
| /* end confdefs.h.  */
| #include <stdio.h>
| #ifdef HAVE_SYS_TYPES_H
| # include <sys/types.h>
| #endif
| #ifdef HAVE_SYS_STAT_H
| # include <sys/stat.h>
| #endif
| #ifdef STDC_HEADERS
| # include <stdlib.h>
| # include <stddef.h>
| #else
| # ifdef HAVE_STDLIB_H
| #  include <stdlib.h>
| # endif
| #endif
| #ifdef HAVE_STRING_H
| # if !defined STDC_HEADERS && defined HAVE_MEMORY_H
| #  include <memory.h>
| # endif
| # include <string.h>
| #endif
| #ifdef HAVE_STRINGS_H
| # include <strings.h>
| #endif
| #ifdef HAVE_INTTYPES_H
| # include <inttypes.h>
| #endif
| #ifdef HAVE_STDINT_H
| # include <stdint.h>
| #endif
| #ifdef HAVE_UNISTD_H
| # include <unistd.h>
| #endif
| 
| #include <unistd.h>
configure:9071: result: no
configure:9087: checking size of long
configure:9092: /cygdrive/c/PROGRA~2/MICROS~1.0/VC/bin/cl.exe -o conftest    conftest.c  >&5
Microsoft (R) 32-bit C/C++ Optimizing Compiler Version 15.00.30729.01 for 80x86
Copyright (C) Microsoft Corporation.  All rights reserved.

cl : Command line warning D9035 : option 'o' has been deprecated and will be removed in a future release
conftest.c
Microsoft (R) Incremental Linker Version 9.00.30729.01
Copyright (C) Microsoft Corporation.  All rights reserved.

/out:conftest.exe 
/out:conftest.exe 
conftest.obj 
LINK : fatal error LNK1104: cannot open file 'LIBCMT.lib'
configure:9092: $? = 2
configure: program exited with status 2
configure: failed program was:
| /* confdefs.h */
| #define PACKAGE_NAME ""
| #define PACKAGE_TARNAME ""
| #define PACKAGE_VERSION ""
| #define PACKAGE_STRING ""
| #define PACKAGE_BUGREPORT ""
| #define PACKAGE_URL ""
| /* end confdefs.h.  */
| #include <stdio.h>
| #ifdef HAVE_SYS_TYPES_H
| # include <sys/types.h>
| #endif
| #ifdef HAVE_SYS_STAT_H
| # include <sys/stat.h>
| #endif
| #ifdef STDC_HEADERS
| # include <stdlib.h>
| # include <stddef.h>
| #else
| # ifdef HAVE_STDLIB_H
| #  include <stdlib.h>
| # endif
| #endif
| #ifdef HAVE_STRING_H
| # if !defined STDC_HEADERS && defined HAVE_MEMORY_H
| #  include <memory.h>
| # endif
| # include <string.h>
| #endif
| #ifdef HAVE_STRINGS_H
| # include <strings.h>
| #endif
| #ifdef HAVE_INTTYPES_H
| # include <inttypes.h>
| #endif
| #ifdef HAVE_STDINT_H
| # include <stdint.h>
| #endif
| #ifdef HAVE_UNISTD_H
| # include <unistd.h>
| #endif
| static long int longval () { return (long int) (sizeof (long)); }
| static unsigned long int ulongval () { return (long int) (sizeof (long)); }
| #include <stdio.h>
| #include <stdlib.h>
| int
| main ()
| {
| 
|   FILE *f = fopen ("conftest.val", "w");
|   if (! f)
|     return 1;
|   if (((long int) (sizeof (long))) < 0)
|     {
|       long int i = longval ();
|       if (i != ((long int) (sizeof (long))))
| 	return 1;
|       fprintf (f, "%ld", i);
|     }
|   else
|     {
|       unsigned long int i = ulongval ();
|       if (i != ((long int) (sizeof (long))))
| 	return 1;
|       fprintf (f, "%lu", i);
|     }
|   /* Do not output a trailing newline, as this causes \r\n confusion
|      on some platforms.  */
|   return ferror (f) || fclose (f) != 0;
| 
|   ;
|   return 0;
| }
configure:9106: result: 0
configure:9118: checking whether byte ordering is bigendian
configure:9133: /cygdrive/c/PROGRA~2/MICROS~1.0/VC/bin/cl.exe -c   conftest.c >&5
conftest.c
conftest.c(11) : error C2061: syntax error : identifier 'a'
conftest.c(11) : error C2059: syntax error : ';'
conftest.c(11) : error C2061: syntax error : identifier 'capable'
conftest.c(11) : error C2059: syntax error : ';'
conftest.c(13) : error C2054: expected '(' to follow 'compiler'
conftest.c(13) : error C2085: 'dummy' : not in formal parameter list
conftest.c(15) : fatal error C1004: unexpected end-of-file found
Microsoft (R) 32-bit C/C++ Optimizing Compiler Version 15.00.30729.01 for 80x86
Copyright (C) Microsoft Corporation.  All rights reserved.

configure:9133: $? = 2
configure: failed program was:
| /* confdefs.h */
| #define PACKAGE_NAME ""
| #define PACKAGE_TARNAME ""
| #define PACKAGE_VERSION ""
| #define PACKAGE_STRING ""
| #define PACKAGE_BUGREPORT ""
| #define PACKAGE_URL ""
| #define SIZEOF_LONG 0
| /* end confdefs.h.  */
| #ifndef __APPLE_CC__
| 	       not a universal capable compiler
| 	     #endif
| 	     typedef int dummy;
| 
configure:9178: /cygdrive/c/PROGRA~2/MICROS~1.0/VC/bin/cl.exe -c   conftest.c >&5
conftest.c
conftest.c(11) : fatal error C1083: Cannot open include file: 'sys/param.h': No such file or directory
Microsoft (R) 32-bit C/C++ Optimizing Compiler Version 15.00.30729.01 for 80x86
Copyright (C) Microsoft Corporation.  All rights reserved.

configure:9178: $? = 2
configure: failed program was:
| /* confdefs.h */
| #define PACKAGE_NAME ""
| #define PACKAGE_TARNAME ""
| #define PACKAGE_VERSION ""
| #define PACKAGE_STRING ""
| #define PACKAGE_BUGREPORT ""
| #define PACKAGE_URL ""
| #define SIZEOF_LONG 0
| /* end confdefs.h.  */
| #include <sys/types.h>
| 	     #include <sys/param.h>
| 
| int
| main ()
| {
| #if ! (defined BYTE_ORDER && defined BIG_ENDIAN 		     && defined LITTLE_ENDIAN && BYTE_ORDER && BIG_ENDIAN 		     && LITTLE_ENDIAN)
| 	      bogus endian macros
| 	     #endif
| 
|   ;
|   return 0;
| }
configure:9222: /cygdrive/c/PROGRA~2/MICROS~1.0/VC/bin/cl.exe -c   conftest.c >&5
conftest.c
conftest.c(16) : error C2065: 'bogus' : undeclared identifier
conftest.c(16) : error C2146: syntax error : missing ';' before identifier 'endian'
conftest.c(16) : error C2065: 'endian' : undeclared identifier
conftest.c(16) : error C2146: syntax error : missing ';' before identifier 'macros'
conftest.c(19) : error C2065: 'macros' : undeclared identifier
Microsoft (R) 32-bit C/C++ Optimizing Compiler Version 15.00.30729.01 for 80x86
Copyright (C) Microsoft Corporation.  All rights reserved.

configure:9222: $? = 2
configure: failed program was:
| /* confdefs.h */
| #define PACKAGE_NAME ""
| #define PACKAGE_TARNAME ""
| #define PACKAGE_VERSION ""
| #define PACKAGE_STRING ""
| #define PACKAGE_BUGREPORT ""
| #define PACKAGE_URL ""
| #define SIZEOF_LONG 0
| /* end confdefs.h.  */
| #include <limits.h>
| 
| int
| main ()
| {
| #if ! (defined _LITTLE_ENDIAN || defined _BIG_ENDIAN)
| 	      bogus endian macros
| 	     #endif
| 
|   ;
|   return 0;
| }
configure:9313: /cygdrive/c/PROGRA~2/MICROS~1.0/VC/bin/cl.exe -o conftest    conftest.c  >&5
Microsoft (R) 32-bit C/C++ Optimizing Compiler Version 15.00.30729.01 for 80x86
Copyright (C) Microsoft Corporation.  All rights reserved.

cl : Command line warning D9035 : option 'o' has been deprecated and will be removed in a future release
conftest.c
Microsoft (R) Incremental Linker Version 9.00.30729.01
Copyright (C) Microsoft Corporation.  All rights reserved.

/out:conftest.exe 
/out:conftest.exe 
conftest.obj 
LINK : fatal error LNK1104: cannot open file 'LIBCMT.lib'
configure:9313: $? = 2
configure: program exited with status 2
configure: failed program was:
| /* confdefs.h */
| #define PACKAGE_NAME ""
| #define PACKAGE_TARNAME ""
| #define PACKAGE_VERSION ""
| #define PACKAGE_STRING ""
| #define PACKAGE_BUGREPORT ""
| #define PACKAGE_URL ""
| #define SIZEOF_LONG 0
| /* end confdefs.h.  */
| #include <stdio.h>
| #ifdef HAVE_SYS_TYPES_H
| # include <sys/types.h>
| #endif
| #ifdef HAVE_SYS_STAT_H
| # include <sys/stat.h>
| #endif
| #ifdef STDC_HEADERS
| # include <stdlib.h>
| # include <stddef.h>
| #else
| # ifdef HAVE_STDLIB_H
| #  include <stdlib.h>
| # endif
| #endif
| #ifdef HAVE_STRING_H
| # if !defined STDC_HEADERS && defined HAVE_MEMORY_H
| #  include <memory.h>
| # endif
| # include <string.h>
| #endif
| #ifdef HAVE_STRINGS_H
| # include <strings.h>
| #endif
| #ifdef HAVE_INTTYPES_H
| # include <inttypes.h>
| #endif
| #ifdef HAVE_STDINT_H
| # include <stdint.h>
| #endif
| #ifdef HAVE_UNISTD_H
| # include <unistd.h>
| #endif
| int
| main ()
| {
| 
| 	     /* Are we little or big endian?  From Harbison&Steele.  */
| 	     union
| 	     {
| 	       long int l;
| 	       char c[sizeof (long int)];
| 	     } u;
| 	     u.l = 1;
| 	     return u.c[sizeof (long int) - 1] == 1;
| 
|   ;
|   return 0;
| }
configure:9324: result: yes
configure:9352: checking for special C compiler options needed for large files
configure:9382: /cygdrive/c/PROGRA~2/MICROS~1.0/VC/bin/cl.exe -c   conftest.c >&5
conftest.c
conftest.c(17) : warning C4293: '<<' : shift count negative or too big, undefined behavior
conftest.c(17) : warning C4293: '<<' : shift count negative or too big, undefined behavior
conftest.c(18) : warning C4293: '<<' : shift count negative or too big, undefined behavior
conftest.c(18) : warning C4293: '<<' : shift count negative or too big, undefined behavior
conftest.c(19) : error C2118: negative subscript
Microsoft (R) 32-bit C/C++ Optimizing Compiler Version 15.00.30729.01 for 80x86
Copyright (C) Microsoft Corporation.  All rights reserved.

configure:9382: $? = 2
configure: failed program was:
| /* confdefs.h */
| #define PACKAGE_NAME ""
| #define PACKAGE_TARNAME ""
| #define PACKAGE_VERSION ""
| #define PACKAGE_STRING ""
| #define PACKAGE_BUGREPORT ""
| #define PACKAGE_URL ""
| #define SIZEOF_LONG 0
| #define WORDS_BIGENDIAN 1
| /* end confdefs.h.  */
| #include <sys/types.h>
|  /* Check that off_t can represent 2**63 - 1 correctly.
|     We can't simply define LARGE_OFF_T to be 9223372036854775807,
|     since some C++ compilers masquerading as C compilers
|     incorrectly reject 9223372036854775807.  */
| #define LARGE_OFF_T (((off_t) 1 << 62) - 1 + ((off_t) 1 << 62))
|   int off_t_is_large[(LARGE_OFF_T % 2147483629 == 721
| 		       && LARGE_OFF_T % 2147483647 == 1)
| 		      ? 1 : -1];
| int
| main ()
| {
| 
|   ;
|   return 0;
| }
configure:9387: /cygdrive/c/PROGRA~2/MICROS~1.0/VC/bin/cl.exe -n32 -c   conftest.c >&5
conftest.c
conftest.c(17) : warning C4293: '<<' : shift count negative or too big, undefined behavior
conftest.c(17) : warning C4293: '<<' : shift count negative or too big, undefined behavior
conftest.c(18) : warning C4293: '<<' : shift count negative or too big, undefined behavior
conftest.c(18) : warning C4293: '<<' : shift count negative or too big, undefined behavior
conftest.c(19) : error C2118: negative subscript
Microsoft (R) 32-bit C/C++ Optimizing Compiler Version 15.00.30729.01 for 80x86
Copyright (C) Microsoft Corporation.  All rights reserved.

cl : Command line warning D9002 : ignoring unknown option '-n32'
configure:9387: $? = 2
configure: failed program was:
| /* confdefs.h */
| #define PACKAGE_NAME ""
| #define PACKAGE_TARNAME ""
| #define PACKAGE_VERSION ""
| #define PACKAGE_STRING ""
| #define PACKAGE_BUGREPORT ""
| #define PACKAGE_URL ""
| #define SIZEOF_LONG 0
| #define WORDS_BIGENDIAN 1
| /* end confdefs.h.  */
| #include <sys/types.h>
|  /* Check that off_t can represent 2**63 - 1 correctly.
|     We can't simply define LARGE_OFF_T to be 9223372036854775807,
|     since some C++ compilers masquerading as C compilers
|     incorrectly reject 9223372036854775807.  */
| #define LARGE_OFF_T (((off_t) 1 << 62) - 1 + ((off_t) 1 << 62))
|   int off_t_is_large[(LARGE_OFF_T % 2147483629 == 721
| 		       && LARGE_OFF_T % 2147483647 == 1)
| 		      ? 1 : -1];
| int
| main ()
| {
| 
|   ;
|   return 0;
| }
configure:9397: result: no
configure:9403: checking for _FILE_OFFSET_BITS value needed for large files
configure:9428: /cygdrive/c/PROGRA~2/MICROS~1.0/VC/bin/cl.exe -c   conftest.c >&5
conftest.c
conftest.c(17) : warning C4293: '<<' : shift count negative or too big, undefined behavior
conftest.c(17) : warning C4293: '<<' : shift count negative or too big, undefined behavior
conftest.c(18) : warning C4293: '<<' : shift count negative or too big, undefined behavior
conftest.c(18) : warning C4293: '<<' : shift count negative or too big, undefined behavior
conftest.c(19) : error C2118: negative subscript
Microsoft (R) 32-bit C/C++ Optimizing Compiler Version 15.00.30729.01 for 80x86
Copyright (C) Microsoft Corporation.  All rights reserved.

configure:9428: $? = 2
configure: failed program was:
| /* confdefs.h */
| #define PACKAGE_NAME ""
| #define PACKAGE_TARNAME ""
| #define PACKAGE_VERSION ""
| #define PACKAGE_STRING ""
| #define PACKAGE_BUGREPORT ""
| #define PACKAGE_URL ""
| #define SIZEOF_LONG 0
| #define WORDS_BIGENDIAN 1
| /* end confdefs.h.  */
| #include <sys/types.h>
|  /* Check that off_t can represent 2**63 - 1 correctly.
|     We can't simply define LARGE_OFF_T to be 9223372036854775807,
|     since some C++ compilers masquerading as C compilers
|     incorrectly reject 9223372036854775807.  */
| #define LARGE_OFF_T (((off_t) 1 << 62) - 1 + ((off_t) 1 << 62))
|   int off_t_is_large[(LARGE_OFF_T % 2147483629 == 721
| 		       && LARGE_OFF_T % 2147483647 == 1)
| 		      ? 1 : -1];
| int
| main ()
| {
| 
|   ;
|   return 0;
| }
configure:9452: /cygdrive/c/PROGRA~2/MICROS~1.0/VC/bin/cl.exe -c   conftest.c >&5
conftest.c
conftest.c(18) : warning C4293: '<<' : shift count negative or too big, undefined behavior
conftest.c(18) : warning C4293: '<<' : shift count negative or too big, undefined behavior
conftest.c(19) : warning C4293: '<<' : shift count negative or too big, undefined behavior
conftest.c(19) : warning C4293: '<<' : shift count negative or too big, undefined behavior
conftest.c(20) : error C2118: negative subscript
Microsoft (R) 32-bit C/C++ Optimizing Compiler Version 15.00.30729.01 for 80x86
Copyright (C) Microsoft Corporation.  All rights reserved.

configure:9452: $? = 2
configure: failed program was:
| /* confdefs.h */
| #define PACKAGE_NAME ""
| #define PACKAGE_TARNAME ""
| #define PACKAGE_VERSION ""
| #define PACKAGE_STRING ""
| #define PACKAGE_BUGREPORT ""
| #define PACKAGE_URL ""
| #define SIZEOF_LONG 0
| #define WORDS_BIGENDIAN 1
| /* end confdefs.h.  */
| #define _FILE_OFFSET_BITS 64
| #include <sys/types.h>
|  /* Check that off_t can represent 2**63 - 1 correctly.
|     We can't simply define LARGE_OFF_T to be 9223372036854775807,
|     since some C++ compilers masquerading as C compilers
|     incorrectly reject 9223372036854775807.  */
| #define LARGE_OFF_T (((off_t) 1 << 62) - 1 + ((off_t) 1 << 62))
|   int off_t_is_large[(LARGE_OFF_T % 2147483629 == 721
| 		       && LARGE_OFF_T % 2147483647 == 1)
| 		      ? 1 : -1];
| int
| main ()
| {
| 
|   ;
|   return 0;
| }
configure:9460: result: unknown
configure:9472: checking for _LARGE_FILES value needed for large files
configure:9497: /cygdrive/c/PROGRA~2/MICROS~1.0/VC/bin/cl.exe -c   conftest.c >&5
conftest.c
conftest.c(17) : warning C4293: '<<' : shift count negative or too big, undefined behavior
conftest.c(17) : warning C4293: '<<' : shift count negative or too big, undefined behavior
conftest.c(18) : warning C4293: '<<' : shift count negative or too big, undefined behavior
conftest.c(18) : warning C4293: '<<' : shift count negative or too big, undefined behavior
conftest.c(19) : error C2118: negative subscript
Microsoft (R) 32-bit C/C++ Optimizing Compiler Version 15.00.30729.01 for 80x86
Copyright (C) Microsoft Corporation.  All rights reserved.

configure:9497: $? = 2
configure: failed program was:
| /* confdefs.h */
| #define PACKAGE_NAME ""
| #define PACKAGE_TARNAME ""
| #define PACKAGE_VERSION ""
| #define PACKAGE_STRING ""
| #define PACKAGE_BUGREPORT ""
| #define PACKAGE_URL ""
| #define SIZEOF_LONG 0
| #define WORDS_BIGENDIAN 1
| /* end confdefs.h.  */
| #include <sys/types.h>
|  /* Check that off_t can represent 2**63 - 1 correctly.
|     We can't simply define LARGE_OFF_T to be 9223372036854775807,
|     since some C++ compilers masquerading as C compilers
|     incorrectly reject 9223372036854775807.  */
| #define LARGE_OFF_T (((off_t) 1 << 62) - 1 + ((off_t) 1 << 62))
|   int off_t_is_large[(LARGE_OFF_T % 2147483629 == 721
| 		       && LARGE_OFF_T % 2147483647 == 1)
| 		      ? 1 : -1];
| int
| main ()
| {
| 
|   ;
|   return 0;
| }
configure:9521: /cygdrive/c/PROGRA~2/MICROS~1.0/VC/bin/cl.exe -c   conftest.c >&5
conftest.c
conftest.c(18) : warning C4293: '<<' : shift count negative or too big, undefined behavior
conftest.c(18) : warning C4293: '<<' : shift count negative or too big, undefined behavior
conftest.c(19) : warning C4293: '<<' : shift count negative or too big, undefined behavior
conftest.c(19) : warning C4293: '<<' : shift count negative or too big, undefined behavior
conftest.c(20) : error C2118: negative subscript
Microsoft (R) 32-bit C/C++ Optimizing Compiler Version 15.00.30729.01 for 80x86
Copyright (C) Microsoft Corporation.  All rights reserved.

configure:9521: $? = 2
configure: failed program was:
| /* confdefs.h */
| #define PACKAGE_NAME ""
| #define PACKAGE_TARNAME ""
| #define PACKAGE_VERSION ""
| #define PACKAGE_STRING ""
| #define PACKAGE_BUGREPORT ""
| #define PACKAGE_URL ""
| #define SIZEOF_LONG 0
| #define WORDS_BIGENDIAN 1
| /* end confdefs.h.  */
| #define _LARGE_FILES 1
| #include <sys/types.h>
|  /* Check that off_t can represent 2**63 - 1 correctly.
|     We can't simply define LARGE_OFF_T to be 9223372036854775807,
|     since some C++ compilers masquerading as C compilers
|     incorrectly reject 9223372036854775807.  */
| #define LARGE_OFF_T (((off_t) 1 << 62) - 1 + ((off_t) 1 << 62))
|   int off_t_is_large[(LARGE_OFF_T % 2147483629 == 721
| 		       && LARGE_OFF_T % 2147483647 == 1)
| 		      ? 1 : -1];
| int
| main ()
| {
| 
|   ;
|   return 0;
| }
configure:9529: result: unknown
configure:10100: result: no g++ includes
configure:10247: checking exception type
configure:10282: result: 
configure:10390: checking what the default STL should be
configure:10435: checking whether we are allowed and able to use --ccache-skip
configure:10438: result: only used on Mac currently, skipping
configure:10686: checking which memory allocator to use
configure:10834: result: internal
configure:10840: checking whether to add custom build version
configure:10844: result: yes, 2020-10-05 22:01
configure:10853: checking whether to build with Java support
configure:10856: result: yes
configure:10951: checking the installed JDK
configure:11033: result: checked (JDK 1.7.0_80)
configure:11366: checking for jawt lib name
configure:11536: result: -ljawt
configure:11542: checking whether to enable gcj aot compilation
configure:11607: result: no
configure:11623: checking whether to enable EPM for packing
configure:11626: result: yes
configure:11714: checking which package format to use
configure:11782: result: msi
configure:12000: checking for gperf
configure:12018: found /usr/bin/gperf
configure:12030: result: /usr/bin/gperf
configure:12041: checking for gperf
configure:12071: result: /usr/bin/gperf
configure:12089: checking gperf version
configure:12092: result: OK
configure:12100: checking whether to build the stax
configure:12108: result: yes
configure:12113: checking whether to build the ODK
configure:12116: result: yes
configure:12119: checking for external/unowinreg/unowinreg.dll
configure:12127: result: found
configure:12483: checking whether to provide libstdc++/libgcc_s in the installset
configure:12491: result: yes
configure:12500: checking which zlib to use
configure:12558: result: internal
configure:12565: checking which jpeg to use
configure:12624: result: internal
configure:12631: checking which expat to use
configure:12695: result: internal
configure:12702: checking which libwpd to use
configure:12801: result: no
configure:12810: checking which cppunit to use
configure:12896: WARNING: not using cppunit
configure:13078: checking which libxslt to use
configure:13229: result: internal
configure:13239: checking which libxml to use
configure:13346: result: internal
configure:13394: checking which python to use
configure:13680: result: internal
configure:13690: checking for bzip2
configure:13708: found /usr/bin/bzip2
configure:13720: result: /usr/bin/bzip2
configure:13739: checking which lucene to use
configure:13948: result: internal
configure:13957: checking whether to build the MySQL Connector extension
configure:13973: result: no
configure:14203: checking which hsqldb to use
configure:14266: result: internal
configure:14275: checking which beanshell to use
configure:14309: result: internal
configure:14325: checking which saxon to use
configure:14523: result: internal
configure:14539: checking whether to enable support for JavaScript
configure:14543: result: yes
configure:14557: checking which libapr to use
configure:14655: result: internal
configure:14668: checking which libapr-util to use
configure:14766: result: internal
configure:14779: checking which libserf to use
configure:14878: result: internal
configure:14892: checking whether to enable support for CoinMP
configure:14896: result: yes
configure:14900: checking which coinmp to use
configure:15089: result: internal
configure:15108: checking which curl to use
configure:15174: result: internal
configure:15183: checking which mdds to use
configure:15211: result: internal
configure:15218: checking which boost to use
configure:15293: result: internal
configure:15300: checking which vigra to use
configure:15328: result: internal
configure:15335: checking which odbc headers to use
configure:15352: result: internal
configure:15359: checking whether to build XML Security support
configure:15365: result: yes
configure:15369: checking whether to build LDAP configuration backend
configure:15507: checking whether to build the internal NSS module
configure:15512: result: yes
configure:15515: checking for Mozilla build tooling
configure:15536: result: ok
configure:15552: checking which sane header to use
configure:15568: result: internal
configure:15575: checking which icu to use
configure:15799: result: internal
configure:15814: checking whether to enable graphite support
configure:15817: result: yes
configure:15820: checking which graphite to use
configure:15919: result: internal
configure:16812: checking whether to link to Xrender
configure:16820: result: no, dynamically open it
configure:16824: checking which Xrender headers to use
configure:16840: result: internal
configure:16897: checking whether to enable RandR support
configure:17042: result: no
configure:17050: checking which libnss to use
configure:17148: result: internal
configure:17160: checking which libssl to use
configure:17266: result: internal
configure:17275: checking which redland library to use
configure:17374: result: internal
configure:17383: checking whether to build the Spell Checking component
configure:17388: checking which libhunspell to use
configure:17539: result: internal
configure:17554: checking whether to build the Hyphenator component
configure:17559: checking which libhyphen to use
configure:17713: result: internal
configure:17740: checking which mythes to use
configure:17923: result: internal
configure:17933: checking which libtextcat to use
configure:17995: result: internal
configure:18002: checking which libtextcat data directory to use
configure:18013: result: internal
configure:18075: checking for getopt
configure:18075: /cygdrive/c/PROGRA~2/MICROS~1.0/VC/bin/cl.exe -o conftest    conftest.c  >&5
conftest.c
Microsoft (R) Incremental Linker Version 9.00.30729.01
Copyright (C) Microsoft Corporation.  All rights reserved.

/out:conftest.exe 
/out:conftest.exe 
conftest.obj 
LINK : fatal error LNK1104: cannot open file 'LIBCMT.lib'
Microsoft (R) 32-bit C/C++ Optimizing Compiler Version 15.00.30729.01 for 80x86
Copyright (C) Microsoft Corporation.  All rights reserved.

cl : Command line warning D9035 : option 'o' has been deprecated and will be removed in a future release
configure:18075: $? = 2
configure: failed program was:
| /* confdefs.h */
| #define PACKAGE_NAME ""
| #define PACKAGE_TARNAME ""
| #define PACKAGE_VERSION ""
| #define PACKAGE_STRING ""
| #define PACKAGE_BUGREPORT ""
| #define PACKAGE_URL ""
| #define SIZEOF_LONG 0
| #define WORDS_BIGENDIAN 1
| /* end confdefs.h.  */
| /* Define getopt to an innocuous variant, in case <limits.h> declares getopt.
|    For example, HP-UX 11i <limits.h> declares gettimeofday.  */
| #define getopt innocuous_getopt
| 
| /* System header to define __stub macros and hopefully few prototypes,
|     which can conflict with char getopt (); below.
|     Prefer <limits.h> to <assert.h> if __STDC__ is defined, since
|     <limits.h> exists even on freestanding compilers.  */
| 
| #ifdef __STDC__
| # include <limits.h>
| #else
| # include <assert.h>
| #endif
| 
| #undef getopt
| 
| /* Override any GCC internal prototype to avoid an error.
|    Use char because int might match the return type of a GCC
|    builtin and then its argument prototype would still apply.  */
| #ifdef __cplusplus
| extern "C"
| #endif
| char getopt ();
| /* The GNU C library defines this for functions which it implements
|     to always fail with ENOSYS.  Some functions are actually named
|     something starting with __ and the normal name is an alias.  */
| #if defined __stub_getopt || defined __stub___getopt
| choke me
| #endif
| 
| int
| main ()
| {
| return getopt ();
|   ;
|   return 0;
| }
configure:18075: result: no
configure:18088: checking for readdir_r
configure:18088: /cygdrive/c/PROGRA~2/MICROS~1.0/VC/bin/cl.exe -o conftest    conftest.c  >&5
conftest.c
Microsoft (R) Incremental Linker Version 9.00.30729.01
Copyright (C) Microsoft Corporation.  All rights reserved.

/out:conftest.exe 
/out:conftest.exe 
conftest.obj 
LINK : fatal error LNK1104: cannot open file 'LIBCMT.lib'
Microsoft (R) 32-bit C/C++ Optimizing Compiler Version 15.00.30729.01 for 80x86
Copyright (C) Microsoft Corporation.  All rights reserved.

cl : Command line warning D9035 : option 'o' has been deprecated and will be removed in a future release
configure:18088: $? = 2
configure: failed program was:
| /* confdefs.h */
| #define PACKAGE_NAME ""
| #define PACKAGE_TARNAME ""
| #define PACKAGE_VERSION ""
| #define PACKAGE_STRING ""
| #define PACKAGE_BUGREPORT ""
| #define PACKAGE_URL ""
| #define SIZEOF_LONG 0
| #define WORDS_BIGENDIAN 1
| /* end confdefs.h.  */
| /* Define readdir_r to an innocuous variant, in case <limits.h> declares readdir_r.
|    For example, HP-UX 11i <limits.h> declares gettimeofday.  */
| #define readdir_r innocuous_readdir_r
| 
| /* System header to define __stub macros and hopefully few prototypes,
|     which can conflict with char readdir_r (); below.
|     Prefer <limits.h> to <assert.h> if __STDC__ is defined, since
|     <limits.h> exists even on freestanding compilers.  */
| 
| #ifdef __STDC__
| # include <limits.h>
| #else
| # include <assert.h>
| #endif
| 
| #undef readdir_r
| 
| /* Override any GCC internal prototype to avoid an error.
|    Use char because int might match the return type of a GCC
|    builtin and then its argument prototype would still apply.  */
| #ifdef __cplusplus
| extern "C"
| #endif
| char readdir_r ();
| /* The GNU C library defines this for functions which it implements
|     to always fail with ENOSYS.  Some functions are actually named
|     something starting with __ and the normal name is an alias.  */
| #if defined __stub_readdir_r || defined __stub___readdir_r
| choke me
| #endif
| 
| int
| main ()
| {
| return readdir_r ();
|   ;
|   return 0;
| }
configure:18088: result: no
configure:18112: checking for PSDK files
configure:18164: result: SDK files found ...)
configure:18175: result: Found Windows SDK 7.0 (/cygdrive/c/Microsoft_SDKs/Windows/v7.0)
configure:18187: checking for DirectX SDK files
configure:18241: result: found
configure:18258: checking for ATL and MFC
configure:18264: testing ATL/MFC libs and includes
configure:18295: looking for atlbase.h in "/cygdrive/c/WinDDK/7600.16385.1/inc/atl71"
configure:18302: found atlbase.h in "/cygdrive/c/WinDDK/7600.16385.1/inc/atl71"? "yes"
configure:18305: looking for afx.h in "/cygdrive/c/WinDDK/7600.16385.1/inc/mfc42"
configure:18312: found afx.h in "/cygdrive/c/WinDDK/7600.16385.1/inc/mfc42"? "yes"
configure:18315: looking for atls.lib in "/cygdrive/c/WinDDK/7600.16385.1/lib/atl/i386"
configure:18319: looking for atlthunk.lib in "/cygdrive/c/WinDDK/7600.16385.1/lib/atl/i386"
configure:18326: found atlthunk.lib in "/cygdrive/c/WinDDK/7600.16385.1/lib/atl/i386"? "YES"
configure:18331: found atls.lib in "/cygdrive/c/WinDDK/7600.16385.1/lib/atl/i386"? "yes"
configure:18357: result: ATL/MFC enabled
configure:18372: checking for NSIS
configure:18376: checking for nsis.exe
configure:18409: result: no
configure:18434: result: found (/cygdrive/c/NSIS)
configure:18436: checking whether NSIS version is >= 3.*
configure:18442: result: found NSIS 3.06 >= 3.*
configure:18444: checking whether NSIS was compiled with Unicode support
configure:18447: result: NSIS version compiled with Unicode support.
configure:18465: checking for bison
configure:18483: found /usr/bin/bison
configure:18495: result: /usr/bin/bison
configure:18506: checking the bison version
configure:18517: result: checked (/usr/bin/bison 3.0.4)
configure:18526: checking for flex
configure:18544: found /usr/bin/flex
configure:18556: result: /usr/bin/flex
configure:18569: checking for patch
configure:18587: found /usr/bin/patch
configure:18599: result: /usr/bin/patch
configure:18642: checking for gnucp
configure:18675: result: no
configure:18642: checking for cp
configure:18660: found /usr/bin/cp
configure:18672: result: /usr/bin/cp
configure:18695: checking whether /usr/bin/cp is GNU cp from coreutils with preserve= support
configure:18698: result: yes
configure:18722: checking for bash
configure:18740: found /usr/bin/bash
configure:18752: result: /usr/bin/bash
configure:18768: checking ml.exe assembler path
configure:18826: result: 
configure:18835: checking nasm.exe assembler path
configure:18888: result: 
configure:18909: checking for zip
configure:18927: found /usr/bin/zip
configure:18939: result: /usr/bin/zip
configure:18949: checking for unzip
configure:18967: found /usr/bin/unzip
configure:18979: result: /usr/bin/unzip
configure:19001: checking for dbghelp.dll
configure:19004: result: found and executable
configure:19018: checking for vcredist_x86.exe
configure:19021: result: found and executable
configure:19028: checking for vcredist_x64.exe
configure:19031: result: found and executable
configure:19051: checking for gdiplus.dll
configure:19054: result: found and executable
configure:19065: checking for msvcr100.dll
configure:19068: result: found and executable
configure:19079: checking which VCLplugs shall be built
configure:19106: result: gtk
configure:19112: checking whether to enable GConf support
configure:19210: result: no
configure:19217: checking whether to enable GNOME VFS support
configure:19408: result: no
configure:19975: checking whether to use cairo
configure:20126: result: no
configure:20144: checking whether to build the OpenGL Transitions component
configure:20243: result: no
configure:20250: checking whether to build the PDF Import extension
configure:20362: result: no
configure:20371: checking whether to build the Wiki Publisher extension
configure:20374: result: yes
configure:20376: checking for swext module
configure:20379: result: OK
configure:20394: checking which Servlet API Jar to use
configure:20427: result: internal
configure:20436: checking whether to build the Report Builder extension
configure:21204: result: no
configure:21225: checking which Apache commons-* libs to use
configure:21522: result: internal
configure:21885: checking whether to enable the lockdown pieces
configure:21893: result: no
configure:21898: checking whether to enable evolution 2 support
configure:21997: result: no
configure:22004: checking whether to enable KDE address book support
configure:22055: result: no
configure:22061: checking whether to include MathMLDTD
configure:22069: result: yes
configure:22080: checking whether to include category B fonts
configure:22083: result: yes
configure:22095: checking whether to include category A fonts
configure:22098: result: yes
configure:22110: checking whether any fonts are included
configure:22115: result: yes
configure:22126: checking whether to include PPDs
configure:22129: result: yes
configure:22139: checking whether to include AFMs
configure:22142: result: yes
configure:22155: checking whether and how to use Xinerama
configure:22260: result: no
configure:22294: checking whether to build own version of libpng
configure:22300: result: yes
configure:22317: checking whether to build own version of libjpeg
configure:22340: result: yes
configure:22346: checking whether to trigger rat scan
configure:22349: result: no
configure:22530: checking for jakarta-ant
configure:22564: result: no
configure:22530: checking for ant
configure:22549: found /cygdrive/c/apache-ant-1.9.15/bin/ant
configure:22561: result: /cygdrive/c/apache-ant-1.9.15/bin/ant
configure:22596: checking if /cygdrive/c/apache-ant-1.9.15/bin/ant works
configure:22621: /cygdrive/c/apache-ant-1.9.15/bin/ant -buildfile conftest.xml 1>&2
Buildfile: C:\Source\openoffice\main\conftest.xml

conftest:
    [javac] C:\Source\openoffice\main\conftest.xml:3: warning: 'includeantruntime' was not set, defaulting to build.sysclasspath=last; set to false for repeatable builds
    [javac] Compiling 1 source file

BUILD SUCCESSFUL
Total time: 2 seconds
configure:22624: $? = 0
configure:22627: result: Ant works
configure:22655: checking Ant lib directory
configure:22682: result: Ant lib directory found.
configure:22695: checking whether ant is >= 1.7.0
configure: ant_version 1.9.15 
configure: ant_version_major 1 
configure: ant_version_minor 9 
configure:22707: result: yes, 1.9.15
configure:22714: checking whether ant supports mapper type="regexp"
configure:22747: /cygdrive/c/apache-ant-1.9.15/bin/ant -buildfile conftest.xml 1>&2
Buildfile: C:\Source\openoffice\main\conftest.xml

copytest:

conftest:
    [javac] C:\Source\openoffice\main\conftest.xml:3: warning: 'includeantruntime' was not set, defaulting to build.sysclasspath=last; set to false for repeatable builds
    [javac] Compiling 1 source file

BUILD SUCCESSFUL
Total time: 1 second
configure:22750: $? = 0
configure:22753: result: yes
configure:22801: checking which languages to be built
configure:22808: result: ast bg ca ca-XR ca-XV cs da de el en-GB en-US es eu fi fr gd gl he hi hu it ja km ko lt nb nl pl pt pt-BR ru sk sl sr sv ta th tr vi zh-CN zh-TW
configure:22815: checking which languages have poor help localizations
configure:22819: result: none
configure:22827: checking which dictionaries to include
configure:22831: result: ALL
configure:22840: checking for additional 'intro' bitmaps
configure:22845: result: none
configure:22863: checking for additional 'about' bitmaps
configure:22868: result: none
configure:22887: checking for vendor
configure:22890: result: not set
configure:22900: checking for UNIX wrapper name
configure:22903: result: not set
configure:22912: checking whether to statically link to Gtk
configure:22920: result: no
configure:22925: checking whether to use layout dialogs
configure:22933: result: no
configure:22941: checking build verbosity
configure:22955: result: not set
configure:22960: checking whether to enable dependency tracking
configure:22967: result: yes
configure:22984: checking solver path
configure:22988: result: default
configure:23007: writing config.status
configure:23160: creating ./config.status

## ---------------------- ##
## Running config.status. ##
## ---------------------- ##

This file was extended by config.status, which was
generated by GNU Autoconf 2.69.  Invocation command line was

  CONFIG_FILES    = 
  CONFIG_HEADERS  = 
  CONFIG_LINKS    = 
  CONFIG_COMMANDS = 
  $ ./config.status 

on VM-W10-AOO

config.status:1123: creating set_soenv
config.status:1123: creating Makefile

## ---------------- ##
## Cache variables. ##
## ---------------- ##

ac_cv_build=i686-pc-cygwin
ac_cv_c_bigendian=yes
ac_cv_env_APR_CFLAGS_set=
ac_cv_env_APR_CFLAGS_value=
ac_cv_env_APR_LIBS_set=
ac_cv_env_APR_LIBS_value=
ac_cv_env_APR_UTIL_CFLAGS_set=
ac_cv_env_APR_UTIL_CFLAGS_value=
ac_cv_env_APR_UTIL_LIBS_set=
ac_cv_env_APR_UTIL_LIBS_value=
ac_cv_env_CAIRO_CFLAGS_set=
ac_cv_env_CAIRO_CFLAGS_value=
ac_cv_env_CAIRO_LIBS_set=
ac_cv_env_CAIRO_LIBS_value=
ac_cv_env_CCC_set=
ac_cv_env_CCC_value=
ac_cv_env_CC_set=
ac_cv_env_CC_value=
ac_cv_env_CFLAGS_set=
ac_cv_env_CFLAGS_value=
ac_cv_env_COINMP_CFLAGS_set=
ac_cv_env_COINMP_CFLAGS_value=
ac_cv_env_COINMP_LIBS_set=
ac_cv_env_COINMP_LIBS_value=
ac_cv_env_CPPFLAGS_set=
ac_cv_env_CPPFLAGS_value=
ac_cv_env_CPPUNIT_CFLAGS_set=
ac_cv_env_CPPUNIT_CFLAGS_value=
ac_cv_env_CPPUNIT_LIBS_set=
ac_cv_env_CPPUNIT_LIBS_value=
ac_cv_env_CPP_set=
ac_cv_env_CPP_value=
ac_cv_env_CXXCPP_set=
ac_cv_env_CXXCPP_value=
ac_cv_env_CXXFLAGS_set=
ac_cv_env_CXXFLAGS_value=
ac_cv_env_CXX_set=
ac_cv_env_CXX_value=
ac_cv_env_DBUS_CFLAGS_set=
ac_cv_env_DBUS_CFLAGS_value=
ac_cv_env_DBUS_LIBS_set=
ac_cv_env_DBUS_LIBS_value=
ac_cv_env_FREETYPE_CFLAGS_set=
ac_cv_env_FREETYPE_CFLAGS_value=
ac_cv_env_FREETYPE_LIBS_set=
ac_cv_env_FREETYPE_LIBS_value=
ac_cv_env_GCONF_CFLAGS_set=
ac_cv_env_GCONF_CFLAGS_value=
ac_cv_env_GCONF_LIBS_set=
ac_cv_env_GCONF_LIBS_value=
ac_cv_env_GIO_CFLAGS_set=
ac_cv_env_GIO_CFLAGS_value=
ac_cv_env_GIO_LIBS_set=
ac_cv_env_GIO_LIBS_value=
ac_cv_env_GNOMEVFS_CFLAGS_set=
ac_cv_env_GNOMEVFS_CFLAGS_value=
ac_cv_env_GNOMEVFS_LIBS_set=
ac_cv_env_GNOMEVFS_LIBS_value=
ac_cv_env_GOBJECT_CFLAGS_set=
ac_cv_env_GOBJECT_CFLAGS_value=
ac_cv_env_GOBJECT_LIBS_set=
ac_cv_env_GOBJECT_LIBS_value=
ac_cv_env_GRAPHITE_CFLAGS_set=
ac_cv_env_GRAPHITE_CFLAGS_value=
ac_cv_env_GRAPHITE_LIBS_set=
ac_cv_env_GRAPHITE_LIBS_value=
ac_cv_env_GSTREAMER_CFLAGS_set=
ac_cv_env_GSTREAMER_CFLAGS_value=
ac_cv_env_GSTREAMER_LIBS_set=
ac_cv_env_GSTREAMER_LIBS_value=
ac_cv_env_GTHREAD_CFLAGS_set=
ac_cv_env_GTHREAD_CFLAGS_value=
ac_cv_env_GTHREAD_LIBS_set=
ac_cv_env_GTHREAD_LIBS_value=
ac_cv_env_GTK_2_10_CFLAGS_set=
ac_cv_env_GTK_2_10_CFLAGS_value=
ac_cv_env_GTK_2_10_LIBS_set=
ac_cv_env_GTK_2_10_LIBS_value=
ac_cv_env_GTK_CFLAGS_set=
ac_cv_env_GTK_CFLAGS_value=
ac_cv_env_GTK_LIBS_set=
ac_cv_env_GTK_LIBS_value=
ac_cv_env_HUNSPELL_CFLAGS_set=
ac_cv_env_HUNSPELL_CFLAGS_value=
ac_cv_env_HUNSPELL_LIBS_set=
ac_cv_env_HUNSPELL_LIBS_value=
ac_cv_env_LDFLAGS_set=
ac_cv_env_LDFLAGS_value=
ac_cv_env_LIBS_set=
ac_cv_env_LIBS_value=
ac_cv_env_LIBWPD_CFLAGS_set=
ac_cv_env_LIBWPD_CFLAGS_value=
ac_cv_env_LIBWPD_LIBS_set=
ac_cv_env_LIBWPD_LIBS_value=
ac_cv_env_LIBXML_CFLAGS_set=
ac_cv_env_LIBXML_CFLAGS_value=
ac_cv_env_LIBXML_LIBS_set=
ac_cv_env_LIBXML_LIBS_value=
ac_cv_env_LIBXSLT_CFLAGS_set=
ac_cv_env_LIBXSLT_CFLAGS_value=
ac_cv_env_LIBXSLT_LIBS_set=
ac_cv_env_LIBXSLT_LIBS_value=
ac_cv_env_MYTHES_CFLAGS_set=
ac_cv_env_MYTHES_CFLAGS_value=
ac_cv_env_MYTHES_LIBS_set=
ac_cv_env_MYTHES_LIBS_value=
ac_cv_env_NSS_CFLAGS_set=
ac_cv_env_NSS_CFLAGS_value=
ac_cv_env_NSS_LIBS_set=
ac_cv_env_NSS_LIBS_value=
ac_cv_env_OPENSSL_CFLAGS_set=
ac_cv_env_OPENSSL_CFLAGS_value=
ac_cv_env_OPENSSL_LIBS_set=
ac_cv_env_OPENSSL_LIBS_value=
ac_cv_env_PKG_CONFIG_LIBDIR_set=
ac_cv_env_PKG_CONFIG_LIBDIR_value=
ac_cv_env_PKG_CONFIG_PATH_set=
ac_cv_env_PKG_CONFIG_PATH_value=
ac_cv_env_PKG_CONFIG_set=
ac_cv_env_PKG_CONFIG_value=
ac_cv_env_POPPLER_CFLAGS_set=
ac_cv_env_POPPLER_CFLAGS_value=
ac_cv_env_POPPLER_LIBS_set=
ac_cv_env_POPPLER_LIBS_value=
ac_cv_env_REDLAND_CFLAGS_set=
ac_cv_env_REDLAND_CFLAGS_value=
ac_cv_env_REDLAND_LIBS_set=
ac_cv_env_REDLAND_LIBS_value=
ac_cv_env_SERF_CFLAGS_set=
ac_cv_env_SERF_CFLAGS_value=
ac_cv_env_SERF_LIBS_set=
ac_cv_env_SERF_LIBS_value=
ac_cv_env_XMKMF_set=
ac_cv_env_XMKMF_value=
ac_cv_env_XRANDR_CFLAGS_set=
ac_cv_env_XRANDR_CFLAGS_value=
ac_cv_env_XRANDR_LIBS_set=
ac_cv_env_XRANDR_LIBS_value=
ac_cv_env_build_alias_set=
ac_cv_env_build_alias_value=
ac_cv_env_host_alias_set=
ac_cv_env_host_alias_value=
ac_cv_env_target_alias_set=
ac_cv_env_target_alias_value=
ac_cv_func_getopt=no
ac_cv_func_readdir_r=no
ac_cv_header_inttypes_h=no
ac_cv_header_memory_h=no
ac_cv_header_stdint_h=no
ac_cv_header_stdlib_h=no
ac_cv_header_string_h=no
ac_cv_header_strings_h=no
ac_cv_header_sys_stat_h=no
ac_cv_header_sys_types_h=no
ac_cv_header_unistd_h=no
ac_cv_host=i686-pc-cygwin
ac_cv_path_ANT=/cygdrive/c/apache-ant-1.9.15/bin/ant
ac_cv_path_AWK=/usr/bin/awk
ac_cv_path_BISON=/usr/bin/bison
ac_cv_path_BZIP2=/usr/bin/bzip2
ac_cv_path_CYGWIN_PATH=/usr/bin/bash
ac_cv_path_EGREP='/usr/bin/grep -E'
ac_cv_path_FLEX=/usr/bin/flex
ac_cv_path_GNUCP=/usr/bin/cp
ac_cv_path_GPERF=/usr/bin/gperf
ac_cv_path_GREP=/usr/bin/grep
ac_cv_path_PATCH=/usr/bin/patch
ac_cv_path_PERL=/usr/bin/perl
ac_cv_path_SED=/usr/bin/sed
ac_cv_path_SHELLPATH=/usr/bin/bash
ac_cv_path_UNZIP=/usr/bin/unzip
ac_cv_path_ZIP=/usr/bin/zip
ac_cv_prog_AWK=awk
ac_cv_sizeof_long=0
ac_cv_sys_file_offset_bits=unknown
ac_cv_sys_large_files=unknown
ac_cv_sys_largefile_CC=no
ac_cv_target=i686-pc-cygwin

## ----------------- ##
## Output variables. ##
## ----------------- ##

ABOUT_BITMAPS=''
ADDITIONAL_REPOSITORIES='../ext_libraries ../extras'
ALLOC=''
ANT='/cygdrive/c/apache-ant-1.9.15/bin/ant'
ANT_HOME='/cygdrive/c/apache-ant-1.9.15'
ANT_LIB='/cygdrive/c/apache-ant-1.9.15/lib'
APR_CFLAGS=''
APR_LIBS=''
APR_UTIL_CFLAGS=''
APR_UTIL_LIBS=''
ARM_TARGET=''
ASM_HOME='/cygdrive/c/Program Files (x86)/Microsoft Visual Studio 9.0/VC/bin'
ATL_INCLUDE='C:/WinDDK/760016~1.1/inc/atl71'
ATL_LIB='C:/WinDDK/760016~1.1/lib/atl/i386'
ATL_LIB_X64='C:/WinDDK/760016~1.1/lib/atl/amd64'
AWK='/usr/bin/awk'
AWTLIB='-ljawt'
BISON='/usr/bin/bison'
BSH_JAR=''
BUILD_EPM=''
BUILD_PIXMAN=''
BUILD_STAX='YES'
BUILD_TYPE='OOo TWAIN ODK ZLIB JPEG EXPAT LIBXSLT LIBXML2 LIBXMLSEC PYTHON LUCENE HSQLDB BSH SAXON RHINO APR APR_UTIL SERF COINMP COINMP CURL MDDS BOOST VIGRA UNIXODBC NSS SANE ICU GRAPHITE X11_EXTENSIONS NSS OPENSSL REDLAND HUNSPELL HYPHEN MYTHES LIBTEXTCAT LIBTEXTCATDATA SWEXT TOMCAT APACHE_COMMONS TOMCAT MATHMLDTD CATB_FONTS MORE_FONTS AFMS L10N'
BUILD_UNOWINREG='NO'
BUILD_VER_STRING='2020-10-05 22:01'
BUILD_X64='TRUE'
BUNDLED_EXTENSION_BLOBS=''
BUNDLED_PREREG_EXTENSIONS=''
BZIP2='/usr/bin/bzip2'
CAIRO_CFLAGS=''
CAIRO_LIBS=''
CC='/cygdrive/c/PROGRA~2/MICROS~1.0/VC/bin/cl.exe'
CCACHE=''
CC_PATH='./'
CFLAGS=''
COINMP_CFLAGS=''
COINMP_LIBS=''
COMEX='12'
COMMONS_CODEC_JAR=''
COMMONS_HTTPCLIENT_JAR=''
COMMONS_LANG_JAR=''
COMMONS_LOGGING_JAR=''
COMPATH='/cygdrive/c/PROGRA~2/MICROS~1.0/VC'
COM_IS=''
CPP=''
CPPFLAGS=''
CPPUNIT_CFLAGS=''
CPPUNIT_LIBS=''
CRYPT_LINK=''
CSC_PATH='/cygdrive/c/Windows/Microsoft.NET/Framework/v3.5'
CURLCONFIG=''
CURL_CFLAGS=''
CURL_LIBS=''
CUSTOM_PACK_LIST='/cygdrive/c/Source/Pack.lst'
CXX='/cygdrive/c/PROGRA~2/MICROS~1.0/VC/bin/cl.exe'
CXXCPP=''
CXXFLAGS=''
CYGWIN_PATH='/usr/bin'
DBUS_CFLAGS=''
DBUS_LIBS=''
DEFS='-DPACKAGE_NAME=\"\" -DPACKAGE_TARNAME=\"\" -DPACKAGE_VERSION=\"\" -DPACKAGE_STRING=\"\" -DPACKAGE_BUGREPORT=\"\" -DPACKAGE_URL=\"\" -DSIZEOF_LONG=0 -DWORDS_BIGENDIAN=1'
DICT_SYSTEM_DIR=''
DIRECTXSDK_HOME='/cygdrive/c/Microsoft_DirectX_SDK_June_2010'
DIRECTXSDK_LIB='/cygdrive/c/Microsoft_DirectX_SDK_June_2010/lib/x86'
DISABLE_ACTIVEX=''
DISABLE_ATL=''
DISABLE_SAXON=''
DISABLE_STRIP=''
DMAKE=''
DMAKE_PATH=''
DMAKE_URL='https://sourceforge.net/projects/oooextras.mirror/files/dmake-4.12.tar.bz2'
DO_FETCH_TARBALLS='yes'
DPKG=''
ECHO_C=''
ECHO_N='-n'
ECHO_T=''
EGREP='/usr/bin/grep -E'
ENABLE_BEANSHELL='YES'
ENABLE_BUNDLED_DICTIONARIES='YES'
ENABLE_CAIRO=''
ENABLE_CAIRO_CANVAS='FALSE'
ENABLE_CATEGORY_B='YES'
ENABLE_COINMP='YES'
ENABLE_CRASHDUMP=''
ENABLE_CUPS=''
ENABLE_DBUS=''
ENABLE_DEBUG='FALSE'
ENABLE_DIRECTX='TRUE'
ENABLE_DIRECT_DRAW=''
ENABLE_EVOAB2=''
ENABLE_FONTCONFIG=''
ENABLE_GCONF=''
ENABLE_GIO=''
ENABLE_GNOMEVFS=''
ENABLE_GRAPHITE='TRUE'
ENABLE_GSTREAMER=''
ENABLE_GTK='TRUE'
ENABLE_HUNSPELL='YES'
ENABLE_HYPHEN='YES'
ENABLE_JAVASCRIPT='YES'
ENABLE_KAB=''
ENABLE_KDE4=''
ENABLE_KDE=''
ENABLE_LAYOUT='FALSE'
ENABLE_LOCKDOWN=''
ENABLE_MEDIAWIKI='YES'
ENABLE_MYSQLC='NO'
ENABLE_NSS_MODULE='YES'
ENABLE_ONLINE_UPDATE='YES'
ENABLE_OPENGL=''
ENABLE_PCH=''
ENABLE_PDFIMPORT='NO'
ENABLE_RANDR=''
ENABLE_REPORTBUILDER='NO'
ENABLE_RPATH='yes'
ENABLE_STATIC_GTK='FALSE'
ENABLE_SYMBOLS=''
ENABLE_SYSTRAY_GTK=''
ENABLE_WERROR='FALSE'
EPM=''
EPM_URL=''
EXCEPTIONS=''
EXEEXT=''
FAKEROOT=''
FBSD_GCC_RPATH=''
FLEX='/usr/bin/flex'
FLUTE_JAR=''
FRAME_HOME='/cygdrive/c/MICROS~1/Windows/v7.0'
FREETYPE_CFLAGS=''
FREETYPE_LIBS=''
GCCVER='20995'
GCC_HOME='/usr'
GCONF_CFLAGS=''
GCONF_LIBS=''
GIO_CFLAGS=''
GIO_LIBS=''
GNOMEVFS_CFLAGS=''
GNOMEVFS_LIBS=''
GNUCP='/usr/bin/cp'
GNUMAKE='make'
GNUPATCH=''
GNUTAR='tar'
GOBJECT_CFLAGS=''
GOBJECT_LIBS=''
GPERF='/usr/bin/gperf'
GRAPHITE_CFLAGS=''
GRAPHITE_LIBS=''
GREP='/usr/bin/grep'
GSTREAMER_CFLAGS=''
GSTREAMER_LIBS=''
GTHREAD_CFLAGS=''
GTHREAD_LIBS=''
GTK_2_10_CFLAGS=''
GTK_2_10_LIBS=''
GTK_CFLAGS=''
GTK_LIBS=''
GXX_INCLUDE_PATH='NO_GXX_INCLUDE'
HAVE_ATLTHUNK='YES'
HAVE_GCC_VISIBILITY_FEATURE=''
HAVE_GETOPT='NO'
HAVE_LD_BSYMBOLIC_FUNCTIONS=''
HAVE_LD_HASH_STYLE=''
HAVE_READDIR_R='NO'
HOME='/cygdrive/c/Source'
HSQLDB_JAR=''
HUNSPELL_CFLAGS=''
HUNSPELL_LIBS=''
HYPHEN_LIB=''
HYPH_SYSTEM_DIR=''
ICUCONFIG=''
ICU_MAJOR=''
ICU_MICRO=''
ICU_MINOR=''
INTRO_BITMAPS=''
IS_SYSTEM_DMAKE=''
JAVAAOTCOMPILER=''
JAVACISGCJ=''
JAVACOMPILER='/cygdrive/c/PROGRA~2/Java/JDK17~1.0_8/bin/javac.exe'
JAVADOC='/cygdrive/c/PROGRA~2/Java/JDK17~1.0_8/bin/javadoc.exe'
JAVAFLAGS='-source 1.5 -target 1.5'
JAVAIFLAGS=''
JAVAINTERPRETER='/cygdrive/c/PROGRA~2/Java/JDK17~1.0_8/bin/java.exe'
JAVA_HOME='/cygdrive/c/PROGRA~2/Java/JDK17~1.0_8'
JDK='sun'
JFREEREPORT_JAR=''
KDE4_CFLAGS=''
KDE4_LIBS=''
KDE_CFLAGS=''
KDE_LIBS=''
LDFLAGS=''
LFS_CFLAGS='-D_FILE_OFFSET_BITS=unknown -D_LARGE_FILES'
LIBBASE_JAR=''
LIBFONTS_JAR=''
LIBFORMULA_JAR=''
LIBINTL_PREFIX=''
LIBLAYOUT_JAR=''
LIBLOADER_JAR=''
LIBMYSQL_PATH=''
LIBOBJS=''
LIBREPOSITORY_JAR=''
LIBS=''
LIBSERIALIZER_JAR=''
LIBWPD_CFLAGS=''
LIBWPD_LIBS=''
LIBXML_CFLAGS=''
LIBXML_JAR=''
LIBXML_LIBS=''
LIBXSLT_CFLAGS=''
LIBXSLT_LIBS=''
LOCAL_SOLENV='DEFAULT'
LOCAL_SOLVER='DEFAULT'
LTLIBOBJS=''
LUCENE_ANALYZERS_JAR=''
LUCENE_CORE_JAR=''
MACOSX_DEPLOYMENT_TARGET=''
MACOSX_SDK_PATH=''
MFC_INCLUDE='C:/WinDDK/760016~1.1/inc/mfc42'
MFC_LIB='C:/WinDDK/760016~1.1/lib/mfc/i386'
MIDL_PATH='/cygdrive/c/MICROS~1/Windows/v7.0/bin'
MINGWCXX=''
MINGWSTRIP=''
MINGW_BACKWARD_INCLUDE_PATH=''
MINGW_CLIB_DIR=''
MINGW_GCCDLL=''
MINGW_GCCLIB_EH=''
MINGW_GXXDLL=''
MINGW_LIB_INCLUDE_PATH=''
MINGW_SHARED_GCCLIB=''
MINGW_SHARED_GXXLIB=''
MINGW_SHARED_LIBSTDCPP=''
ML_EXE=''
MOC4='moc'
MOC='moc'
MOCQT4=''
MOZILLABUILD='/cygdrive/c/mozilla-build-3.3'
MOZ_INC=''
MSPDB_PATH='/cygdrive/c/PROGRA~2/MICROS~1.0/Common7/IDE'
MYSQLCONFIG=''
MYSQL_DEFINES=''
MYSQL_INC=''
MYSQL_LIB=''
MYTHES_CFLAGS=''
MYTHES_LIBS=''
NASM_EXE=''
NASM_HOME='/cygdrive/c/Program Files/NASM'
NEW_SHADOW_API=''
NSIS_PATH='/cygdrive/c/NSIS'
NSS_CFLAGS=''
NSS_LIBS=''
OBJEXT=''
OOO_JUNIT_JAR=''
OOO_VENDOR=''
OPENSSL_CFLAGS=''
OPENSSL_LIBS=''
OSVERSION=''
PACKAGE_BUGREPORT=''
PACKAGE_NAME=''
PACKAGE_STRING=''
PACKAGE_TARNAME=''
PACKAGE_URL=''
PACKAGE_VERSION=''
PAM=''
PAM_LINK=''
PATCH='/usr/bin/patch'
PATH_SEPARATOR=':'
PERL='/usr/bin/perl'
PKGFORMAT='msi'
PKGMK=''
PKG_CONFIG=''
PKG_CONFIG_LIBDIR=''
PKG_CONFIG_PATH=''
POPPLER_CFLAGS=''
POPPLER_LIBS=''
PRODUCT='full'
PROEXT='.pro'
PROFULLSWITCH='product=full'
PSDK_HOME='/cygdrive/c/Microsoft_SDKs/Windows/v7.0'
PTHREAD_CFLAGS=''
PTHREAD_LIBS=''
PYTHON=''
PYTHON_CFLAGS=''
PYTHON_EXEC_PREFIX=''
PYTHON_LIBS=''
PYTHON_PLATFORM=''
PYTHON_PREFIX=''
PYTHON_VERSION=''
RAT_JAR_HOME=''
REDLAND_CFLAGS=''
REDLAND_LIBS=''
RPM=''
SAC_JAR=''
SAXON_JAR=''
SCPDEFS=' -DENABLE_ONLINE_UPDATE -DWITH_CATB_FONTS -DWITH_CATA_FONTS'
SED='/usr/bin/sed'
SERF_CFLAGS=''
SERF_LIBS=''
SERIALIZER_JAR=''
SERVLETAPI_JAR=''
SHELL='/bin/sh'
SHELLPATH='/usr/bin'
SIZEOF_LONG='0'
SOLAR_JAVA='TRUE'
SOURCEVERSION='AOO418'
SYSTEM_APACHE_COMMONS='NO'
SYSTEM_APR='NO'
SYSTEM_APR_UTIL='NO'
SYSTEM_BOOST='NO'
SYSTEM_BSH='NO'
SYSTEM_CAIRO=''
SYSTEM_COINMP='NO'
SYSTEM_CPPUNIT='NO'
SYSTEM_CURL='NO'
SYSTEM_DICTS='NO'
SYSTEM_EXPAT='NO'
SYSTEM_GDKPIXBUF='YES'
SYSTEM_GENBRK=''
SYSTEM_GENCCODE=''
SYSTEM_GENCMN=''
SYSTEM_GETTEXT='YES'
SYSTEM_GLIB='YES'
SYSTEM_GRAPHITE='NO'
SYSTEM_HSQLDB='NO'
SYSTEM_HUNSPELL='NO'
SYSTEM_HYPH='NO'
SYSTEM_ICU='NO'
SYSTEM_JFREEREPORT=''
SYSTEM_JPEG='NO'
SYSTEM_LIBC=''
SYSTEM_LIBJPEG='NO'
SYSTEM_LIBPNG='NO'
SYSTEM_LIBTEXTCAT='NO'
SYSTEM_LIBTEXTCAT_DATA=''
SYSTEM_LIBWPD=''
SYSTEM_LIBXML='NO'
SYSTEM_LIBXSLT='NO'
SYSTEM_LUCENE='NO'
SYSTEM_MDDS='NO'
SYSTEM_MYSQL=''
SYSTEM_MYSQL_CPPCONN=''
SYSTEM_MYTHES='NO'
SYSTEM_NSS='NO'
SYSTEM_ODBC_HEADERS='NO'
SYSTEM_OPENSSL='NO'
SYSTEM_PANGO='YES'
SYSTEM_POPPLER=''
SYSTEM_PYTHON='NO'
SYSTEM_REDLAND='NO'
SYSTEM_SANE_HEADER='NO'
SYSTEM_SAXON='NO'
SYSTEM_SERF='NO'
SYSTEM_SERVLETAPI='NO'
SYSTEM_STDLIBS='NO'
SYSTEM_VIGRA='NO'
SYSTEM_XRENDER_HEADERS='NO'
SYSTEM_ZLIB='NO'
TARFILE_LOCATION='DEFAULT'
THES_SYSTEM_DIR=''
UNIXWRAPPERNAME=''
UNZIP='/usr/bin/unzip'
UPD='418'
USE_CCACHE=''
USE_FT_EMBOLDEN=''
USE_MINGW=''
USE_PACKAGER='YES'
USE_SYSTEM_STL='YES'
USE_XINERAMA=''
VALGRIND_CFLAGS=''
VC_STANDARD=''
VERBOSE=''
WINDOWS_VISTA_PSDK='TRUE'
WITHOUT_AFMS=''
WITHOUT_PPDS=''
WITH_CATA_FONTS='YES'
WITH_CATB_FONTS='YES'
WITH_CPPUNIT=''
WITH_DICT=',ALL,'
WITH_FONTS='YES'
WITH_LANG='ast bg ca ca-XR ca-XV cs da de el en-GB en-US es eu fi fr gd gl he hi hu it ja km ko lt nb nl pl pt pt-BR ru sk sl sr sv ta th tr vi zh-CN zh-TW'
WITH_LDAP='NO'
WITH_MINGWIN='0'
WITH_OPENLDAP=''
WITH_POOR_HELP_LOCALIZATIONS=''
WITH_VC_REDIST='YES'
WORDS_BIGENDIAN='yes'
XAU_LIBS=''
XINC='no_x_includes'
XINERAMA_LINK=''
XLIB='no_x_libraries'
XMKMF=''
XRANDR_CFLAGS=''
XRANDR_DLOPEN=''
XRANDR_LIBS=''
XRENDER_LINK='NO'
XSLTPROC=''
X_CFLAGS=''
X_EXTRA_LIBS=''
X_LIBS=''
X_PRE_LIBS=''
ZIP='/usr/bin/zip'
ZIP_HOME='/usr/bin'
_cc=''
_solenv='./solenv'
ac_ct_CC=''
ac_ct_CXX=''
bindir='${exec_prefix}/bin'
build='i686-pc-cygwin'
build_alias=''
build_cpu='i686'
build_os='cygwin'
build_vendor='pc'
datadir='${datarootdir}'
datarootdir='${prefix}/share'
docdir='${datarootdir}/doc/${PACKAGE}'
dvidir='${docdir}'
exec_prefix='${prefix}'
host='i686-pc-cygwin'
host_alias=''
host_cpu='i686'
host_os='cygwin'
host_vendor='pc'
htmldir='${docdir}'
includedir='${prefix}/include'
infodir='${datarootdir}/info'
libdir='${exec_prefix}/lib'
libexecdir='${exec_prefix}/libexec'
localedir='${datarootdir}/locale'
localstatedir='${prefix}/var'
mandir='${datarootdir}/man'
nodep=''
oldincludedir='/usr/include'
pdfdir='${docdir}'
pkgpyexecdir=''
pkgpythondir=''
prefix='/usr/local'
program_transform_name='s,x,x,'
psdir='${docdir}'
pyexecdir=''
pythondir=''
runstatedir='${localstatedir}/run'
sbindir='${exec_prefix}/sbin'
sharedstatedir='${prefix}/com'
sysconfdir='${prefix}/etc'
target='i686-pc-cygwin'
target_alias=''
target_cpu='i686'
target_os='cygwin'
target_vendor='pc'

## ----------- ##
## confdefs.h. ##
## ----------- ##

/* confdefs.h */
#define PACKAGE_NAME ""
#define PACKAGE_TARNAME ""
#define PACKAGE_VERSION ""
#define PACKAGE_STRING ""
#define PACKAGE_BUGREPORT ""
#define PACKAGE_URL ""
#define SIZEOF_LONG 0
#define WORDS_BIGENDIAN 1

configure: exit 0
