This file contains any messages produced by compilers while
running configure, to aid debugging if configure makes a mistake.

It was created by configure, which was
generated by GNU Autoconf 2.69.  Invocation command line was

  $ ./configure --with-build-version=2019-09-03 12:04 --with-frame-home=/cygdrive/c/Microsoft_SDKs/Windows/v7.0 --with-psdk-home=/cygdrive/c/Microsoft_SDKs/Windows/v7.0 --with-midl-path=/cygdrive/c/Microsoft_SDKs/Windows/v7.0/bin --with-ant-home=/cygdrive/c/apache-ant-1.9.14 --with-jdk-home=C:/PROGRA~2/Java/JDK17~1.0_8 --with-csc-path=C:/Windows/Microsoft.NET/Framework/v3.5 --with-cl-home=C:/PROGRA~2/MICROS~1.0/VC --with-asm-home=C:/PROGRA~2/MICROS~1.0/VC/bin --with-atl-include-dir=/cygdrive/c/WinDDK/7600.16385.1/inc/atl71 --with-atl-lib-dir=/cygdrive/c/WinDDK/7600.16385.1/lib/atl/i386 --with-mfc-include-dir=/cygdrive/c/WinDDK/7600.16385.1/inc/mfc42 --with-mfc-lib-dir=/cygdrive/c/WinDDK/7600.16385.1/lib/mfc/i386 --with-dmake-url=https://sourceforge.net/projects/oooextras.mirror/files/dmake-4.12.tar.bz2 --with-directx-home=C:\Microsoft_DirectX_SDK_June_2010 --enable-win-x64-shellext --enable-wiki-publisher --without-junit --without-stlport --with-mozilla-build=/cygdrive/c/mozilla-build --enable-category-b --with-lang=ast bg ca ca-XR ca-XV cs da de el en-GB en-US es eu fi fr gd gl he hi hu it ja km ko lt nb nl pl pt pt-BR ru sk sl sr sv ta th tr vi zh-CN zh-TW --enable-bundled-dictionaries --with-packager-list=/cygdrive/c/Source/Pack.lst --with-nsis-path=C:/NSIS

## --------- ##
## Platform. ##
## --------- ##

hostname = VM-W10-AOO
uname -m = i686
uname -r = 3.0.7(0.338/5/3)
uname -s = CYGWIN_NT-10.0-WOW
uname -v = 2019-04-30 18:04

/usr/bin/uname -p = unknown
/bin/uname -X     = unknown

/bin/arch              = i686
/usr/bin/arch -k       = unknown
/usr/convex/getsysinfo = unknown
/usr/bin/hostinfo      = unknown
/bin/machine           = unknown
/usr/bin/oslevel       = unknown
/bin/universe          = unknown

PATH: /usr/local/bin
PATH: /usr/bin
PATH: /cygdrive/c/Program Files (x86)/AdoptOpenJDK/jdk-8.0.222.10-hotspot/bin
PATH: /cygdrive/c/Program Files (x86)/AdoptOpenJDK/jre-11.0.4.11-hotspot/bin
PATH: /cygdrive/c/Program Files (x86)/Common Files/Oracle/Java/javapath
PATH: /cygdrive/c/WINDOWS/system32
PATH: /cygdrive/c/WINDOWS
PATH: /cygdrive/c/WINDOWS/System32/Wbem
PATH: /cygdrive/c/WINDOWS/System32/WindowsPowerShell/v1.0
PATH: /cygdrive/c/WINDOWS/System32/OpenSSH
PATH: /cygdrive/c/Users/Seidel/AppData/Local/Microsoft/WindowsApps


## ----------- ##
## Core tests. ##
## ----------- ##

configure:5165: checking whether configure is up-to-date
configure:5172: result: yes
configure:5199: checking for grep that handles long lines and -e
configure:5257: result: /usr/bin/grep
configure:5262: checking for egrep
configure:5324: result: /usr/bin/grep -E
configure:5333: checking for gawk
configure:5363: result: no
configure:5333: checking for mawk
configure:5363: result: no
configure:5333: checking for nawk
configure:5363: result: no
configure:5333: checking for awk
configure:5349: found /usr/bin/awk
configure:5360: result: awk
configure:5373: checking for awk
configure:5391: found /usr/bin/awk
configure:5403: result: /usr/bin/awk
configure:5419: checking for sed
configure:5437: found /usr/bin/sed
configure:5449: result: /usr/bin/sed
configure:5464: checking for solenv environment
configure:5468: result: default
configure:5495: checking for custom pack.lst
configure:5506: result: /cygdrive/c/Source/Pack.lst
configure:5549: checking build system type
configure:5563: result: i686-pc-cygwin
configure:5583: checking host system type
configure:5596: result: i686-pc-cygwin
configure:5616: checking target system type
configure:5629: result: i686-pc-cygwin
configure:5664: checking Cygwin version
configure:5667: result: 3.0.7(0.338/5/3)
configure:5932: checking for pkg-config
configure:5965: result: no
configure:6000: checking whether to enable crashdump feature
configure:6009: result: no
configure:6019: checking whether to use the standard non-optimizing compiler
configure:6023: result: no
configure:6034: checking whether to build/use the Windows 64bit shell extensions
configure:6042: result: yes
configure:6048: checking whether to turn warnings to errors
configure:6061: result: no
configure:6066: checking whether to do a debug build
configure:6077: result: no
configure:6082: checking whether to build with additional debug utilities
configure:6094: result: no, full product build
configure:6101: checking whether to include symbols into final build
configure:6123: result: no
configure:6128: checking whether to strip the solver or not.
configure:6147: result: yes
configure:6164: checking whether to enable category B components
configure:6185: result: yes: allow modules nss, hunspell, hyphen, saxon, rhino, beanshell, graphite, coinmp to be built
configure:6206: checking whether to enable the Online Update support
configure:6211: result: yes
configure:6221: checking whether to enable native CUPS support
configure:6229: result: no
configure:6234: checking whether to enable fontconfig support
configure:6242: result: no
configure:6259: checking whether to use DirectX
configure:6264: result: yes
configure:6273: checking whether to use ActiveX
configure:6277: result: yes
configure:6285: checking whether to use ATL
configure:6289: result: yes
configure:6303: checking whether to use RPATH in shared libraries
configure:6310: result: yes
configure:6331: checking whether to use dicts from external paths
configure:6365: result: no
configure:6375: checking Windows build environment sanity
configure:6395: result: ok
configure:6401: checking for cygwin gcc/g++
configure:6404: result: found
configure:6414: checking for bash
configure:6432: found /usr/bin/bash
configure:6444: result: /usr/bin/bash
configure:6459: checking gcc home
configure:6466: result: /usr
configure:7414: checking whether to enable pch feature
configure:7432: result: no
configure:7437: checking for GNU make
configure:7446: result: make
configure:7452: checking the GNU make version
configure:7457: result: make 4.2.1
3+:
configure:7464: checking for dmake
configure:7531: no system or user-provided dmake found
configure:7538: result: dmake will be downloaded and compiled in bootstrap
configure:7586: checking for GNU or compatible BSD tar
configure:7595: result: tar
configure:7774: checking for perl
configure:7792: found /usr/bin/perl
configure:7804: result: /usr/bin/perl
configure:7825: checking the Perl version
configure:7832: result: checked (perl 5)
configure:7839: checking for required Perl modules
configure:7842: result: all modules found
configure:7873: checking for friendly registry keys
configure:7884: result: done
configure:7994: checking the Microsoft C/C++ Compiler
configure:8045: result: found (/cygdrive/c/PROGRA~2/MICROS~1.0/VC/bin/cl.exe)
configure:8049: checking the Version of Microsoft C/C++ Compiler
configure:8060: result: found Compiler version 001500003072 in "Microsoft (R) 32-bit C/C++ Optimizing Compiler Version 15.00.30729.01 for 80x86
"
configure:8065: result: found .NET 2008 / VS 9.0.
configure:8097: checking for midl.exe
configure:8130: result: no
configure:8168: checking for csc.exe
configure:8201: result: no
configure:8227: checking .NET Framework
configure:8252: result: found
configure:9056: checking for sys/types.h
configure:9056: /cygdrive/c/PROGRA~2/MICROS~1.0/VC/bin/cl.exe -c   conftest.c >&5
conftest.c
Microsoft (R) 32-bit C/C++ Optimizing Compiler Version 15.00.30729.01 for 80x86
Copyright (C) Microsoft Corporation.  All rights reserved.

configure:9056: $? = 0
configure: failed program was:
| /* confdefs.h */
| #define PACKAGE_NAME ""
| #define PACKAGE_TARNAME ""
| #define PACKAGE_VERSION ""
| #define PACKAGE_STRING ""
| #define PACKAGE_BUGREPORT ""
| #define PACKAGE_URL ""
| /* end confdefs.h.  */
| #include <stdio.h>
| #ifdef HAVE_SYS_TYPES_H
| # include <sys/types.h>
| #endif
| #ifdef HAVE_SYS_STAT_H
| # include <sys/stat.h>
| #endif
| #ifdef STDC_HEADERS
| # include <stdlib.h>
| # include <stddef.h>
| #else
| # ifdef HAVE_STDLIB_H
| #  include <stdlib.h>
| # endif
| #endif
| #ifdef HAVE_STRING_H
| # if !defined STDC_HEADERS && defined HAVE_MEMORY_H
| #  include <memory.h>
| # endif
| # include <string.h>
| #endif
| #ifdef HAVE_STRINGS_H
| # include <strings.h>
| #endif
| #ifdef HAVE_INTTYPES_H
| # include <inttypes.h>
| #endif
| #ifdef HAVE_STDINT_H
| # include <stdint.h>
| #endif
| #ifdef HAVE_UNISTD_H
| # include <unistd.h>
| #endif
| 
| #include <sys/types.h>
configure:9056: result: no
configure:9056: checking for sys/stat.h
configure:9056: /cygdrive/c/PROGRA~2/MICROS~1.0/VC/bin/cl.exe -c   conftest.c >&5
conftest.c
Microsoft (R) 32-bit C/C++ Optimizing Compiler Version 15.00.30729.01 for 80x86
Copyright (C) Microsoft Corporation.  All rights reserved.

configure:9056: $? = 0
configure: failed program was:
| /* confdefs.h */
| #define PACKAGE_NAME ""
| #define PACKAGE_TARNAME ""
| #define PACKAGE_VERSION ""
| #define PACKAGE_STRING ""
| #define PACKAGE_BUGREPORT ""
| #define PACKAGE_URL ""
| /* end confdefs.h.  */
| #include <stdio.h>
| #ifdef HAVE_SYS_TYPES_H
| # include <sys/types.h>
| #endif
| #ifdef HAVE_SYS_STAT_H
| # include <sys/stat.h>
| #endif
| #ifdef STDC_HEADERS
| # include <stdlib.h>
| # include <stddef.h>
| #else
| # ifdef HAVE_STDLIB_H
| #  include <stdlib.h>
| # endif
| #endif
| #ifdef HAVE_STRING_H
| # if !defined STDC_HEADERS && defined HAVE_MEMORY_H
| #  include <memory.h>
| # endif
| # include <string.h>
| #endif
| #ifdef HAVE_STRINGS_H
| # include <strings.h>
| #endif
| #ifdef HAVE_INTTYPES_H
| # include <inttypes.h>
| #endif
| #ifdef HAVE_STDINT_H
| # include <stdint.h>
| #endif
| #ifdef HAVE_UNISTD_H
| # include <unistd.h>
| #endif
| 
| #include <sys/stat.h>
configure:9056: result: no
configure:9056: checking for stdlib.h
configure:9056: /cygdrive/c/PROGRA~2/MICROS~1.0/VC/bin/cl.exe -c   conftest.c >&5
conftest.c
Microsoft (R) 32-bit C/C++ Optimizing Compiler Version 15.00.30729.01 for 80x86
Copyright (C) Microsoft Corporation.  All rights reserved.

configure:9056: $? = 0
configure: failed program was:
| /* confdefs.h */
| #define PACKAGE_NAME ""
| #define PACKAGE_TARNAME ""
| #define PACKAGE_VERSION ""
| #define PACKAGE_STRING ""
| #define PACKAGE_BUGREPORT ""
| #define PACKAGE_URL ""
| /* end confdefs.h.  */
| #include <stdio.h>
| #ifdef HAVE_SYS_TYPES_H
| # include <sys/types.h>
| #endif
| #ifdef HAVE_SYS_STAT_H
| # include <sys/stat.h>
| #endif
| #ifdef STDC_HEADERS
| # include <stdlib.h>
| # include <stddef.h>
| #else
| # ifdef HAVE_STDLIB_H
| #  include <stdlib.h>
| # endif
| #endif
| #ifdef HAVE_STRING_H
| # if !defined STDC_HEADERS && defined HAVE_MEMORY_H
| #  include <memory.h>
| # endif
| # include <string.h>
| #endif
| #ifdef HAVE_STRINGS_H
| # include <strings.h>
| #endif
| #ifdef HAVE_INTTYPES_H
| # include <inttypes.h>
| #endif
| #ifdef HAVE_STDINT_H
| # include <stdint.h>
| #endif
| #ifdef HAVE_UNISTD_H
| # include <unistd.h>
| #endif
| 
| #include <stdlib.h>
configure:9056: result: no
configure:9056: checking for string.h
configure:9056: /cygdrive/c/PROGRA~2/MICROS~1.0/VC/bin/cl.exe -c   conftest.c >&5
conftest.c
Microsoft (R) 32-bit C/C++ Optimizing Compiler Version 15.00.30729.01 for 80x86
Copyright (C) Microsoft Corporation.  All rights reserved.

configure:9056: $? = 0
configure: failed program was:
| /* confdefs.h */
| #define PACKAGE_NAME ""
| #define PACKAGE_TARNAME ""
| #define PACKAGE_VERSION ""
| #define PACKAGE_STRING ""
| #define PACKAGE_BUGREPORT ""
| #define PACKAGE_URL ""
| /* end confdefs.h.  */
| #include <stdio.h>
| #ifdef HAVE_SYS_TYPES_H
| # include <sys/types.h>
| #endif
| #ifdef HAVE_SYS_STAT_H
| # include <sys/stat.h>
| #endif
| #ifdef STDC_HEADERS
| # include <stdlib.h>
| # include <stddef.h>
| #else
| # ifdef HAVE_STDLIB_H
| #  include <stdlib.h>
| # endif
| #endif
| #ifdef HAVE_STRING_H
| # if !defined STDC_HEADERS && defined HAVE_MEMORY_H
| #  include <memory.h>
| # endif
| # include <string.h>
| #endif
| #ifdef HAVE_STRINGS_H
| # include <strings.h>
| #endif
| #ifdef HAVE_INTTYPES_H
| # include <inttypes.h>
| #endif
| #ifdef HAVE_STDINT_H
| # include <stdint.h>
| #endif
| #ifdef HAVE_UNISTD_H
| # include <unistd.h>
| #endif
| 
| #include <string.h>
configure:9056: result: no
configure:9056: checking for memory.h
configure:9056: /cygdrive/c/PROGRA~2/MICROS~1.0/VC/bin/cl.exe -c   conftest.c >&5
conftest.c
Microsoft (R) 32-bit C/C++ Optimizing Compiler Version 15.00.30729.01 for 80x86
Copyright (C) Microsoft Corporation.  All rights reserved.

configure:9056: $? = 0
configure: failed program was:
| /* confdefs.h */
| #define PACKAGE_NAME ""
| #define PACKAGE_TARNAME ""
| #define PACKAGE_VERSION ""
| #define PACKAGE_STRING ""
| #define PACKAGE_BUGREPORT ""
| #define PACKAGE_URL ""
| /* end confdefs.h.  */
| #include <stdio.h>
| #ifdef HAVE_SYS_TYPES_H
| # include <sys/types.h>
| #endif
| #ifdef HAVE_SYS_STAT_H
| # include <sys/stat.h>
| #endif
| #ifdef STDC_HEADERS
| # include <stdlib.h>
| # include <stddef.h>
| #else
| # ifdef HAVE_STDLIB_H
| #  include <stdlib.h>
| # endif
| #endif
| #ifdef HAVE_STRING_H
| # if !defined STDC_HEADERS && defined HAVE_MEMORY_H
| #  include <memory.h>
| # endif
| # include <string.h>
| #endif
| #ifdef HAVE_STRINGS_H
| # include <strings.h>
| #endif
| #ifdef HAVE_INTTYPES_H
| # include <inttypes.h>
| #endif
| #ifdef HAVE_STDINT_H
| # include <stdint.h>
| #endif
| #ifdef HAVE_UNISTD_H
| # include <unistd.h>
| #endif
| 
| #include <memory.h>
configure:9056: result: no
configure:9056: checking for strings.h
configure:9056: /cygdrive/c/PROGRA~2/MICROS~1.0/VC/bin/cl.exe -c   conftest.c >&5
conftest.c
conftest.c(43) : fatal error C1083: Cannot open include file: 'strings.h': No such file or directory
Microsoft (R) 32-bit C/C++ Optimizing Compiler Version 15.00.30729.01 for 80x86
Copyright (C) Microsoft Corporation.  All rights reserved.

configure:9056: $? = 2
configure: failed program was:
| /* confdefs.h */
| #define PACKAGE_NAME ""
| #define PACKAGE_TARNAME ""
| #define PACKAGE_VERSION ""
| #define PACKAGE_STRING ""
| #define PACKAGE_BUGREPORT ""
| #define PACKAGE_URL ""
| /* end confdefs.h.  */
| #include <stdio.h>
| #ifdef HAVE_SYS_TYPES_H
| # include <sys/types.h>
| #endif
| #ifdef HAVE_SYS_STAT_H
| # include <sys/stat.h>
| #endif
| #ifdef STDC_HEADERS
| # include <stdlib.h>
| # include <stddef.h>
| #else
| # ifdef HAVE_STDLIB_H
| #  include <stdlib.h>
| # endif
| #endif
| #ifdef HAVE_STRING_H
| # if !defined STDC_HEADERS && defined HAVE_MEMORY_H
| #  include <memory.h>
| # endif
| # include <string.h>
| #endif
| #ifdef HAVE_STRINGS_H
| # include <strings.h>
| #endif
| #ifdef HAVE_INTTYPES_H
| # include <inttypes.h>
| #endif
| #ifdef HAVE_STDINT_H
| # include <stdint.h>
| #endif
| #ifdef HAVE_UNISTD_H
| # include <unistd.h>
| #endif
| 
| #include <strings.h>
configure:9056: result: no
configure:9056: checking for inttypes.h
configure:9056: /cygdrive/c/PROGRA~2/MICROS~1.0/VC/bin/cl.exe -c   conftest.c >&5
conftest.c
conftest.c(43) : fatal error C1083: Cannot open include file: 'inttypes.h': No such file or directory
Microsoft (R) 32-bit C/C++ Optimizing Compiler Version 15.00.30729.01 for 80x86
Copyright (C) Microsoft Corporation.  All rights reserved.

configure:9056: $? = 2
configure: failed program was:
| /* confdefs.h */
| #define PACKAGE_NAME ""
| #define PACKAGE_TARNAME ""
| #define PACKAGE_VERSION ""
| #define PACKAGE_STRING ""
| #define PACKAGE_BUGREPORT ""
| #define PACKAGE_URL ""
| /* end confdefs.h.  */
| #include <stdio.h>
| #ifdef HAVE_SYS_TYPES_H
| # include <sys/types.h>
| #endif
| #ifdef HAVE_SYS_STAT_H
| # include <sys/stat.h>
| #endif
| #ifdef STDC_HEADERS
| # include <stdlib.h>
| # include <stddef.h>
| #else
| # ifdef HAVE_STDLIB_H
| #  include <stdlib.h>
| # endif
| #endif
| #ifdef HAVE_STRING_H
| # if !defined STDC_HEADERS && defined HAVE_MEMORY_H
| #  include <memory.h>
| # endif
| # include <string.h>
| #endif
| #ifdef HAVE_STRINGS_H
| # include <strings.h>
| #endif
| #ifdef HAVE_INTTYPES_H
| # include <inttypes.h>
| #endif
| #ifdef HAVE_STDINT_H
| # include <stdint.h>
| #endif
| #ifdef HAVE_UNISTD_H
| # include <unistd.h>
| #endif
| 
| #include <inttypes.h>
configure:9056: result: no
configure:9056: checking for stdint.h
configure:9056: /cygdrive/c/PROGRA~2/MICROS~1.0/VC/bin/cl.exe -c   conftest.c >&5
conftest.c
conftest.c(43) : fatal error C1083: Cannot open include file: 'stdint.h': No such file or directory
Microsoft (R) 32-bit C/C++ Optimizing Compiler Version 15.00.30729.01 for 80x86
Copyright (C) Microsoft Corporation.  All rights reserved.

configure:9056: $? = 2
configure: failed program was:
| /* confdefs.h */
| #define PACKAGE_NAME ""
| #define PACKAGE_TARNAME ""
| #define PACKAGE_VERSION ""
| #define PACKAGE_STRING ""
| #define PACKAGE_BUGREPORT ""
| #define PACKAGE_URL ""
| /* end confdefs.h.  */
| #include <stdio.h>
| #ifdef HAVE_SYS_TYPES_H
| # include <sys/types.h>
| #endif
| #ifdef HAVE_SYS_STAT_H
| # include <sys/stat.h>
| #endif
| #ifdef STDC_HEADERS
| # include <stdlib.h>
| # include <stddef.h>
| #else
| # ifdef HAVE_STDLIB_H
| #  include <stdlib.h>
| # endif
| #endif
| #ifdef HAVE_STRING_H
| # if !defined STDC_HEADERS && defined HAVE_MEMORY_H
| #  include <memory.h>
| # endif
| # include <string.h>
| #endif
| #ifdef HAVE_STRINGS_H
| # include <strings.h>
| #endif
| #ifdef HAVE_INTTYPES_H
| # include <inttypes.h>
| #endif
| #ifdef HAVE_STDINT_H
| # include <stdint.h>
| #endif
| #ifdef HAVE_UNISTD_H
| # include <unistd.h>
| #endif
| 
| #include <stdint.h>
configure:9056: result: no
configure:9056: checking for unistd.h
configure:9056: /cygdrive/c/PROGRA~2/MICROS~1.0/VC/bin/cl.exe -c   conftest.c >&5
conftest.c
conftest.c(43) : fatal error C1083: Cannot open include file: 'unistd.h': No such file or directory
Microsoft (R) 32-bit C/C++ Optimizing Compiler Version 15.00.30729.01 for 80x86
Copyright (C) Microsoft Corporation.  All rights reserved.

configure:9056: $? = 2
configure: failed program was:
| /* confdefs.h */
| #define PACKAGE_NAME ""
| #define PACKAGE_TARNAME ""
| #define PACKAGE_VERSION ""
| #define PACKAGE_STRING ""
| #define PACKAGE_BUGREPORT ""
| #define PACKAGE_URL ""
| /* end confdefs.h.  */
| #include <stdio.h>
| #ifdef HAVE_SYS_TYPES_H
| # include <sys/types.h>
| #endif
| #ifdef HAVE_SYS_STAT_H
| # include <sys/stat.h>
| #endif
| #ifdef STDC_HEADERS
| # include <stdlib.h>
| # include <stddef.h>
| #else
| # ifdef HAVE_STDLIB_H
| #  include <stdlib.h>
| # endif
| #endif
| #ifdef HAVE_STRING_H
| # if !defined STDC_HEADERS && defined HAVE_MEMORY_H
| #  include <memory.h>
| # endif
| # include <string.h>
| #endif
| #ifdef HAVE_STRINGS_H
| # include <strings.h>
| #endif
| #ifdef HAVE_INTTYPES_H
| # include <inttypes.h>
| #endif
| #ifdef HAVE_STDINT_H
| # include <stdint.h>
| #endif
| #ifdef HAVE_UNISTD_H
| # include <unistd.h>
| #endif
| 
| #include <unistd.h>
configure:9056: result: no
configure:9072: checking size of long
configure:9077: /cygdrive/c/PROGRA~2/MICROS~1.0/VC/bin/cl.exe -o conftest    conftest.c  >&5
Microsoft (R) 32-bit C/C++ Optimizing Compiler Version 15.00.30729.01 for 80x86
Copyright (C) Microsoft Corporation.  All rights reserved.

cl : Command line warning D9035 : option 'o' has been deprecated and will be removed in a future release
conftest.c
Microsoft (R) Incremental Linker Version 9.00.30729.01
Copyright (C) Microsoft Corporation.  All rights reserved.

/out:conftest.exe 
/out:conftest.exe 
conftest.obj 
LINK : fatal error LNK1104: cannot open file 'LIBCMT.lib'
configure:9077: $? = 2
configure: program exited with status 2
configure: failed program was:
| /* confdefs.h */
| #define PACKAGE_NAME ""
| #define PACKAGE_TARNAME ""
| #define PACKAGE_VERSION ""
| #define PACKAGE_STRING ""
| #define PACKAGE_BUGREPORT ""
| #define PACKAGE_URL ""
| /* end confdefs.h.  */
| #include <stdio.h>
| #ifdef HAVE_SYS_TYPES_H
| # include <sys/types.h>
| #endif
| #ifdef HAVE_SYS_STAT_H
| # include <sys/stat.h>
| #endif
| #ifdef STDC_HEADERS
| # include <stdlib.h>
| # include <stddef.h>
| #else
| # ifdef HAVE_STDLIB_H
| #  include <stdlib.h>
| # endif
| #endif
| #ifdef HAVE_STRING_H
| # if !defined STDC_HEADERS && defined HAVE_MEMORY_H
| #  include <memory.h>
| # endif
| # include <string.h>
| #endif
| #ifdef HAVE_STRINGS_H
| # include <strings.h>
| #endif
| #ifdef HAVE_INTTYPES_H
| # include <inttypes.h>
| #endif
| #ifdef HAVE_STDINT_H
| # include <stdint.h>
| #endif
| #ifdef HAVE_UNISTD_H
| # include <unistd.h>
| #endif
| static long int longval () { return (long int) (sizeof (long)); }
| static unsigned long int ulongval () { return (long int) (sizeof (long)); }
| #include <stdio.h>
| #include <stdlib.h>
| int
| main ()
| {
| 
|   FILE *f = fopen ("conftest.val", "w");
|   if (! f)
|     return 1;
|   if (((long int) (sizeof (long))) < 0)
|     {
|       long int i = longval ();
|       if (i != ((long int) (sizeof (long))))
| 	return 1;
|       fprintf (f, "%ld", i);
|     }
|   else
|     {
|       unsigned long int i = ulongval ();
|       if (i != ((long int) (sizeof (long))))
| 	return 1;
|       fprintf (f, "%lu", i);
|     }
|   /* Do not output a trailing newline, as this causes \r\n confusion
|      on some platforms.  */
|   return ferror (f) || fclose (f) != 0;
| 
|   ;
|   return 0;
| }
configure:9091: result: 0
configure:9103: checking whether byte ordering is bigendian
configure:9118: /cygdrive/c/PROGRA~2/MICROS~1.0/VC/bin/cl.exe -c   conftest.c >&5
conftest.c
conftest.c(11) : error C2061: syntax error : identifier 'a'
conftest.c(11) : error C2059: syntax error : ';'
conftest.c(11) : error C2061: syntax error : identifier 'capable'
conftest.c(11) : error C2059: syntax error : ';'
conftest.c(13) : error C2054: expected '(' to follow 'compiler'
conftest.c(13) : error C2085: 'dummy' : not in formal parameter list
conftest.c(15) : fatal error C1004: unexpected end-of-file found
Microsoft (R) 32-bit C/C++ Optimizing Compiler Version 15.00.30729.01 for 80x86
Copyright (C) Microsoft Corporation.  All rights reserved.

configure:9118: $? = 2
configure: failed program was:
| /* confdefs.h */
| #define PACKAGE_NAME ""
| #define PACKAGE_TARNAME ""
| #define PACKAGE_VERSION ""
| #define PACKAGE_STRING ""
| #define PACKAGE_BUGREPORT ""
| #define PACKAGE_URL ""
| #define SIZEOF_LONG 0
| /* end confdefs.h.  */
| #ifndef __APPLE_CC__
| 	       not a universal capable compiler
| 	     #endif
| 	     typedef int dummy;
| 
configure:9163: /cygdrive/c/PROGRA~2/MICROS~1.0/VC/bin/cl.exe -c   conftest.c >&5
conftest.c
conftest.c(11) : fatal error C1083: Cannot open include file: 'sys/param.h': No such file or directory
Microsoft (R) 32-bit C/C++ Optimizing Compiler Version 15.00.30729.01 for 80x86
Copyright (C) Microsoft Corporation.  All rights reserved.

configure:9163: $? = 2
configure: failed program was:
| /* confdefs.h */
| #define PACKAGE_NAME ""
| #define PACKAGE_TARNAME ""
| #define PACKAGE_VERSION ""
| #define PACKAGE_STRING ""
| #define PACKAGE_BUGREPORT ""
| #define PACKAGE_URL ""
| #define SIZEOF_LONG 0
| /* end confdefs.h.  */
| #include <sys/types.h>
| 	     #include <sys/param.h>
| 
| int
| main ()
| {
| #if ! (defined BYTE_ORDER && defined BIG_ENDIAN 		     && defined LITTLE_ENDIAN && BYTE_ORDER && BIG_ENDIAN 		     && LITTLE_ENDIAN)
| 	      bogus endian macros
| 	     #endif
| 
|   ;
|   return 0;
| }
configure:9207: /cygdrive/c/PROGRA~2/MICROS~1.0/VC/bin/cl.exe -c   conftest.c >&5
conftest.c
conftest.c(16) : error C2065: 'bogus' : undeclared identifier
conftest.c(16) : error C2146: syntax error : missing ';' before identifier 'endian'
conftest.c(16) : error C2065: 'endian' : undeclared identifier
conftest.c(16) : error C2146: syntax error : missing ';' before identifier 'macros'
conftest.c(19) : error C2065: 'macros' : undeclared identifier
Microsoft (R) 32-bit C/C++ Optimizing Compiler Version 15.00.30729.01 for 80x86
Copyright (C) Microsoft Corporation.  All rights reserved.

configure:9207: $? = 2
configure: failed program was:
| /* confdefs.h */
| #define PACKAGE_NAME ""
| #define PACKAGE_TARNAME ""
| #define PACKAGE_VERSION ""
| #define PACKAGE_STRING ""
| #define PACKAGE_BUGREPORT ""
| #define PACKAGE_URL ""
| #define SIZEOF_LONG 0
| /* end confdefs.h.  */
| #include <limits.h>
| 
| int
| main ()
| {
| #if ! (defined _LITTLE_ENDIAN || defined _BIG_ENDIAN)
| 	      bogus endian macros
| 	     #endif
| 
|   ;
|   return 0;
| }
configure:9298: /cygdrive/c/PROGRA~2/MICROS~1.0/VC/bin/cl.exe -o conftest    conftest.c  >&5
Microsoft (R) 32-bit C/C++ Optimizing Compiler Version 15.00.30729.01 for 80x86
Copyright (C) Microsoft Corporation.  All rights reserved.

cl : Command line warning D9035 : option 'o' has been deprecated and will be removed in a future release
conftest.c
Microsoft (R) Incremental Linker Version 9.00.30729.01
Copyright (C) Microsoft Corporation.  All rights reserved.

/out:conftest.exe 
/out:conftest.exe 
conftest.obj 
LINK : fatal error LNK1104: cannot open file 'LIBCMT.lib'
configure:9298: $? = 2
configure: program exited with status 2
configure: failed program was:
| /* confdefs.h */
| #define PACKAGE_NAME ""
| #define PACKAGE_TARNAME ""
| #define PACKAGE_VERSION ""
| #define PACKAGE_STRING ""
| #define PACKAGE_BUGREPORT ""
| #define PACKAGE_URL ""
| #define SIZEOF_LONG 0
| /* end confdefs.h.  */
| #include <stdio.h>
| #ifdef HAVE_SYS_TYPES_H
| # include <sys/types.h>
| #endif
| #ifdef HAVE_SYS_STAT_H
| # include <sys/stat.h>
| #endif
| #ifdef STDC_HEADERS
| # include <stdlib.h>
| # include <stddef.h>
| #else
| # ifdef HAVE_STDLIB_H
| #  include <stdlib.h>
| # endif
| #endif
| #ifdef HAVE_STRING_H
| # if !defined STDC_HEADERS && defined HAVE_MEMORY_H
| #  include <memory.h>
| # endif
| # include <string.h>
| #endif
| #ifdef HAVE_STRINGS_H
| # include <strings.h>
| #endif
| #ifdef HAVE_INTTYPES_H
| # include <inttypes.h>
| #endif
| #ifdef HAVE_STDINT_H
| # include <stdint.h>
| #endif
| #ifdef HAVE_UNISTD_H
| # include <unistd.h>
| #endif
| int
| main ()
| {
| 
| 	     /* Are we little or big endian?  From Harbison&Steele.  */
| 	     union
| 	     {
| 	       long int l;
| 	       char c[sizeof (long int)];
| 	     } u;
| 	     u.l = 1;
| 	     return u.c[sizeof (long int) - 1] == 1;
| 
|   ;
|   return 0;
| }
configure:9309: result: yes
configure:9337: checking for special C compiler options needed for large files
configure:9367: /cygdrive/c/PROGRA~2/MICROS~1.0/VC/bin/cl.exe -c   conftest.c >&5
conftest.c
conftest.c(17) : warning C4293: '<<' : shift count negative or too big, undefined behavior
conftest.c(17) : warning C4293: '<<' : shift count negative or too big, undefined behavior
conftest.c(18) : warning C4293: '<<' : shift count negative or too big, undefined behavior
conftest.c(18) : warning C4293: '<<' : shift count negative or too big, undefined behavior
conftest.c(19) : error C2118: negative subscript
Microsoft (R) 32-bit C/C++ Optimizing Compiler Version 15.00.30729.01 for 80x86
Copyright (C) Microsoft Corporation.  All rights reserved.

configure:9367: $? = 2
configure: failed program was:
| /* confdefs.h */
| #define PACKAGE_NAME ""
| #define PACKAGE_TARNAME ""
| #define PACKAGE_VERSION ""
| #define PACKAGE_STRING ""
| #define PACKAGE_BUGREPORT ""
| #define PACKAGE_URL ""
| #define SIZEOF_LONG 0
| #define WORDS_BIGENDIAN 1
| /* end confdefs.h.  */
| #include <sys/types.h>
|  /* Check that off_t can represent 2**63 - 1 correctly.
|     We can't simply define LARGE_OFF_T to be 9223372036854775807,
|     since some C++ compilers masquerading as C compilers
|     incorrectly reject 9223372036854775807.  */
| #define LARGE_OFF_T (((off_t) 1 << 62) - 1 + ((off_t) 1 << 62))
|   int off_t_is_large[(LARGE_OFF_T % 2147483629 == 721
| 		       && LARGE_OFF_T % 2147483647 == 1)
| 		      ? 1 : -1];
| int
| main ()
| {
| 
|   ;
|   return 0;
| }
configure:9372: /cygdrive/c/PROGRA~2/MICROS~1.0/VC/bin/cl.exe -n32 -c   conftest.c >&5
conftest.c
conftest.c(17) : warning C4293: '<<' : shift count negative or too big, undefined behavior
conftest.c(17) : warning C4293: '<<' : shift count negative or too big, undefined behavior
conftest.c(18) : warning C4293: '<<' : shift count negative or too big, undefined behavior
conftest.c(18) : warning C4293: '<<' : shift count negative or too big, undefined behavior
conftest.c(19) : error C2118: negative subscript
Microsoft (R) 32-bit C/C++ Optimizing Compiler Version 15.00.30729.01 for 80x86
Copyright (C) Microsoft Corporation.  All rights reserved.

cl : Command line warning D9002 : ignoring unknown option '-n32'
configure:9372: $? = 2
configure: failed program was:
| /* confdefs.h */
| #define PACKAGE_NAME ""
| #define PACKAGE_TARNAME ""
| #define PACKAGE_VERSION ""
| #define PACKAGE_STRING ""
| #define PACKAGE_BUGREPORT ""
| #define PACKAGE_URL ""
| #define SIZEOF_LONG 0
| #define WORDS_BIGENDIAN 1
| /* end confdefs.h.  */
| #include <sys/types.h>
|  /* Check that off_t can represent 2**63 - 1 correctly.
|     We can't simply define LARGE_OFF_T to be 9223372036854775807,
|     since some C++ compilers masquerading as C compilers
|     incorrectly reject 9223372036854775807.  */
| #define LARGE_OFF_T (((off_t) 1 << 62) - 1 + ((off_t) 1 << 62))
|   int off_t_is_large[(LARGE_OFF_T % 2147483629 == 721
| 		       && LARGE_OFF_T % 2147483647 == 1)
| 		      ? 1 : -1];
| int
| main ()
| {
| 
|   ;
|   return 0;
| }
configure:9382: result: no
configure:9388: checking for _FILE_OFFSET_BITS value needed for large files
configure:9413: /cygdrive/c/PROGRA~2/MICROS~1.0/VC/bin/cl.exe -c   conftest.c >&5
conftest.c
conftest.c(17) : warning C4293: '<<' : shift count negative or too big, undefined behavior
conftest.c(17) : warning C4293: '<<' : shift count negative or too big, undefined behavior
conftest.c(18) : warning C4293: '<<' : shift count negative or too big, undefined behavior
conftest.c(18) : warning C4293: '<<' : shift count negative or too big, undefined behavior
conftest.c(19) : error C2118: negative subscript
Microsoft (R) 32-bit C/C++ Optimizing Compiler Version 15.00.30729.01 for 80x86
Copyright (C) Microsoft Corporation.  All rights reserved.

configure:9413: $? = 2
configure: failed program was:
| /* confdefs.h */
| #define PACKAGE_NAME ""
| #define PACKAGE_TARNAME ""
| #define PACKAGE_VERSION ""
| #define PACKAGE_STRING ""
| #define PACKAGE_BUGREPORT ""
| #define PACKAGE_URL ""
| #define SIZEOF_LONG 0
| #define WORDS_BIGENDIAN 1
| /* end confdefs.h.  */
| #include <sys/types.h>
|  /* Check that off_t can represent 2**63 - 1 correctly.
|     We can't simply define LARGE_OFF_T to be 9223372036854775807,
|     since some C++ compilers masquerading as C compilers
|     incorrectly reject 9223372036854775807.  */
| #define LARGE_OFF_T (((off_t) 1 << 62) - 1 + ((off_t) 1 << 62))
|   int off_t_is_large[(LARGE_OFF_T % 2147483629 == 721
| 		       && LARGE_OFF_T % 2147483647 == 1)
| 		      ? 1 : -1];
| int
| main ()
| {
| 
|   ;
|   return 0;
| }
configure:9437: /cygdrive/c/PROGRA~2/MICROS~1.0/VC/bin/cl.exe -c   conftest.c >&5
conftest.c
conftest.c(18) : warning C4293: '<<' : shift count negative or too big, undefined behavior
conftest.c(18) : warning C4293: '<<' : shift count negative or too big, undefined behavior
conftest.c(19) : warning C4293: '<<' : shift count negative or too big, undefined behavior
conftest.c(19) : warning C4293: '<<' : shift count negative or too big, undefined behavior
conftest.c(20) : error C2118: negative subscript
Microsoft (R) 32-bit C/C++ Optimizing Compiler Version 15.00.30729.01 for 80x86
Copyright (C) Microsoft Corporation.  All rights reserved.

configure:9437: $? = 2
configure: failed program was:
| /* confdefs.h */
| #define PACKAGE_NAME ""
| #define PACKAGE_TARNAME ""
| #define PACKAGE_VERSION ""
| #define PACKAGE_STRING ""
| #define PACKAGE_BUGREPORT ""
| #define PACKAGE_URL ""
| #define SIZEOF_LONG 0
| #define WORDS_BIGENDIAN 1
| /* end confdefs.h.  */
| #define _FILE_OFFSET_BITS 64
| #include <sys/types.h>
|  /* Check that off_t can represent 2**63 - 1 correctly.
|     We can't simply define LARGE_OFF_T to be 9223372036854775807,
|     since some C++ compilers masquerading as C compilers
|     incorrectly reject 9223372036854775807.  */
| #define LARGE_OFF_T (((off_t) 1 << 62) - 1 + ((off_t) 1 << 62))
|   int off_t_is_large[(LARGE_OFF_T % 2147483629 == 721
| 		       && LARGE_OFF_T % 2147483647 == 1)
| 		      ? 1 : -1];
| int
| main ()
| {
| 
|   ;
|   return 0;
| }
configure:9445: result: unknown
configure:9457: checking for _LARGE_FILES value needed for large files
configure:9482: /cygdrive/c/PROGRA~2/MICROS~1.0/VC/bin/cl.exe -c   conftest.c >&5
conftest.c
conftest.c(17) : warning C4293: '<<' : shift count negative or too big, undefined behavior
conftest.c(17) : warning C4293: '<<' : shift count negative or too big, undefined behavior
conftest.c(18) : warning C4293: '<<' : shift count negative or too big, undefined behavior
conftest.c(18) : warning C4293: '<<' : shift count negative or too big, undefined behavior
conftest.c(19) : error C2118: negative subscript
Microsoft (R) 32-bit C/C++ Optimizing Compiler Version 15.00.30729.01 for 80x86
Copyright (C) Microsoft Corporation.  All rights reserved.

configure:9482: $? = 2
configure: failed program was:
| /* confdefs.h */
| #define PACKAGE_NAME ""
| #define PACKAGE_TARNAME ""
| #define PACKAGE_VERSION ""
| #define PACKAGE_STRING ""
| #define PACKAGE_BUGREPORT ""
| #define PACKAGE_URL ""
| #define SIZEOF_LONG 0
| #define WORDS_BIGENDIAN 1
| /* end confdefs.h.  */
| #include <sys/types.h>
|  /* Check that off_t can represent 2**63 - 1 correctly.
|     We can't simply define LARGE_OFF_T to be 9223372036854775807,
|     since some C++ compilers masquerading as C compilers
|     incorrectly reject 9223372036854775807.  */
| #define LARGE_OFF_T (((off_t) 1 << 62) - 1 + ((off_t) 1 << 62))
|   int off_t_is_large[(LARGE_OFF_T % 2147483629 == 721
| 		       && LARGE_OFF_T % 2147483647 == 1)
| 		      ? 1 : -1];
| int
| main ()
| {
| 
|   ;
|   return 0;
| }
configure:9506: /cygdrive/c/PROGRA~2/MICROS~1.0/VC/bin/cl.exe -c   conftest.c >&5
conftest.c
conftest.c(18) : warning C4293: '<<' : shift count negative or too big, undefined behavior
conftest.c(18) : warning C4293: '<<' : shift count negative or too big, undefined behavior
conftest.c(19) : warning C4293: '<<' : shift count negative or too big, undefined behavior
conftest.c(19) : warning C4293: '<<' : shift count negative or too big, undefined behavior
conftest.c(20) : error C2118: negative subscript
Microsoft (R) 32-bit C/C++ Optimizing Compiler Version 15.00.30729.01 for 80x86
Copyright (C) Microsoft Corporation.  All rights reserved.

configure:9506: $? = 2
configure: failed program was:
| /* confdefs.h */
| #define PACKAGE_NAME ""
| #define PACKAGE_TARNAME ""
| #define PACKAGE_VERSION ""
| #define PACKAGE_STRING ""
| #define PACKAGE_BUGREPORT ""
| #define PACKAGE_URL ""
| #define SIZEOF_LONG 0
| #define WORDS_BIGENDIAN 1
| /* end confdefs.h.  */
| #define _LARGE_FILES 1
| #include <sys/types.h>
|  /* Check that off_t can represent 2**63 - 1 correctly.
|     We can't simply define LARGE_OFF_T to be 9223372036854775807,
|     since some C++ compilers masquerading as C compilers
|     incorrectly reject 9223372036854775807.  */
| #define LARGE_OFF_T (((off_t) 1 << 62) - 1 + ((off_t) 1 << 62))
|   int off_t_is_large[(LARGE_OFF_T % 2147483629 == 721
| 		       && LARGE_OFF_T % 2147483647 == 1)
| 		      ? 1 : -1];
| int
| main ()
| {
| 
|   ;
|   return 0;
| }
configure:9514: result: unknown
configure:10085: result: no g++ includes
configure:10232: checking exception type
configure:10267: result: 
configure:10375: checking what the default STL should be
configure:10420: checking whether we are allowed and able to use --ccache-skip
configure:10423: result: only used on Mac currently, skipping
configure:10671: checking which memory allocator to use
configure:10819: result: internal
configure:10825: checking whether to add custom build version
configure:10829: result: yes, 2019-09-03 12:04
configure:10838: checking whether to build with Java support
configure:10841: result: yes
configure:10936: checking the installed JDK
configure:11018: result: checked (JDK 1.7.0_80)
configure:11349: checking for jawt lib name
configure:11519: result: -ljawt
configure:11525: checking whether to enable gcj aot compilation
configure:11590: result: no
configure:11606: checking whether to enable EPM for packing
configure:11609: result: yes
configure:11697: checking which package format to use
configure:11765: result: msi
configure:11937: checking for gperf
configure:11955: found /usr/bin/gperf
configure:11967: result: /usr/bin/gperf
configure:11978: checking for gperf
configure:12008: result: /usr/bin/gperf
configure:12026: checking gperf version
configure:12029: result: OK
configure:12037: checking whether to build the stax
configure:12045: result: yes
configure:12050: checking whether to build the ODK
configure:12053: result: yes
configure:12056: checking for external/unowinreg/unowinreg.dll
configure:12064: result: found
configure:12420: checking whether to provide libstdc++/libgcc_s in the installset
configure:12428: result: yes
configure:12437: checking which zlib to use
configure:12495: result: internal
configure:12502: checking which jpeg to use
configure:12561: result: internal
configure:12568: checking which expat to use
configure:12632: result: internal
configure:12639: checking which libwpd to use
configure:12738: result: no
configure:12747: checking which cppunit to use
configure:12833: WARNING: not using cppunit
configure:13015: checking which libxslt to use
configure:13166: result: internal
configure:13176: checking which libxml to use
configure:13283: result: internal
configure:13331: checking which python to use
configure:13617: result: internal
configure:13627: checking for bzip2
configure:13645: found /usr/bin/bzip2
configure:13657: result: /usr/bin/bzip2
configure:13676: checking which lucene to use
configure:13885: result: internal
configure:13894: checking whether to build the MySQL Connector extension
configure:13910: result: no
configure:14140: checking which hsqldb to use
configure:14203: result: internal
configure:14212: checking which beanshell to use
configure:14246: result: internal
configure:14262: checking which saxon to use
configure:14460: result: internal
configure:14476: checking whether to enable support for JavaScript
configure:14480: result: yes
configure:14494: checking which libapr to use
configure:14592: result: internal
configure:14605: checking which libapr-util to use
configure:14703: result: internal
configure:14716: checking which libserf to use
configure:14815: result: internal
configure:14829: checking whether to enable support for CoinMP
configure:14833: result: yes
configure:14837: checking which coinmp to use
configure:15026: result: internal
configure:15045: checking which curl to use
configure:15111: result: internal
configure:15120: checking which mdds to use
configure:15148: result: internal
configure:15155: checking which boost to use
configure:15230: result: internal
configure:15237: checking which vigra to use
configure:15265: result: internal
configure:15272: checking which odbc headers to use
configure:15289: result: internal
configure:15296: checking whether to build XML Security support
configure:15302: result: yes
configure:15306: checking whether to build LDAP configuration backend
configure:15444: checking whether to build the internal NSS module
configure:15449: result: yes
configure:15452: checking for Mozilla build tooling
configure:15474: result: ok
configure:15490: checking which sane header to use
configure:15506: result: internal
configure:15513: checking which icu to use
configure:15737: result: internal
configure:15752: checking whether to enable graphite support
configure:15755: result: yes
configure:15758: checking which graphite to use
configure:15857: result: internal
configure:16750: checking whether to link to Xrender
configure:16758: result: no, dynamically open it
configure:16762: checking which Xrender headers to use
configure:16778: result: internal
configure:16835: checking whether to enable RandR support
configure:16980: result: no
configure:16988: checking which libnss to use
configure:17086: result: internal
configure:17098: checking which libssl to use
configure:17204: result: internal
configure:17213: checking which redland library to use
configure:17312: result: internal
configure:17321: checking whether to build the Spell Checking component
configure:17326: checking which libhunspell to use
configure:17477: result: internal
configure:17492: checking whether to build the Hyphenator component
configure:17497: checking which libhyphen to use
configure:17651: result: internal
configure:17678: checking which mythes to use
configure:17861: result: internal
configure:17871: checking which libtextcat to use
configure:17933: result: internal
configure:17940: checking which libtextcat data directory to use
configure:17951: result: internal
configure:18013: checking for getopt
configure:18013: /cygdrive/c/PROGRA~2/MICROS~1.0/VC/bin/cl.exe -o conftest    conftest.c  >&5
conftest.c
Microsoft (R) Incremental Linker Version 9.00.30729.01
Copyright (C) Microsoft Corporation.  All rights reserved.

/out:conftest.exe 
/out:conftest.exe 
conftest.obj 
LINK : fatal error LNK1104: cannot open file 'LIBCMT.lib'
Microsoft (R) 32-bit C/C++ Optimizing Compiler Version 15.00.30729.01 for 80x86
Copyright (C) Microsoft Corporation.  All rights reserved.

cl : Command line warning D9035 : option 'o' has been deprecated and will be removed in a future release
configure:18013: $? = 2
configure: failed program was:
| /* confdefs.h */
| #define PACKAGE_NAME ""
| #define PACKAGE_TARNAME ""
| #define PACKAGE_VERSION ""
| #define PACKAGE_STRING ""
| #define PACKAGE_BUGREPORT ""
| #define PACKAGE_URL ""
| #define SIZEOF_LONG 0
| #define WORDS_BIGENDIAN 1
| /* end confdefs.h.  */
| /* Define getopt to an innocuous variant, in case <limits.h> declares getopt.
|    For example, HP-UX 11i <limits.h> declares gettimeofday.  */
| #define getopt innocuous_getopt
| 
| /* System header to define __stub macros and hopefully few prototypes,
|     which can conflict with char getopt (); below.
|     Prefer <limits.h> to <assert.h> if __STDC__ is defined, since
|     <limits.h> exists even on freestanding compilers.  */
| 
| #ifdef __STDC__
| # include <limits.h>
| #else
| # include <assert.h>
| #endif
| 
| #undef getopt
| 
| /* Override any GCC internal prototype to avoid an error.
|    Use char because int might match the return type of a GCC
|    builtin and then its argument prototype would still apply.  */
| #ifdef __cplusplus
| extern "C"
| #endif
| char getopt ();
| /* The GNU C library defines this for functions which it implements
|     to always fail with ENOSYS.  Some functions are actually named
|     something starting with __ and the normal name is an alias.  */
| #if defined __stub_getopt || defined __stub___getopt
| choke me
| #endif
| 
| int
| main ()
| {
| return getopt ();
|   ;
|   return 0;
| }
configure:18013: result: no
configure:18026: checking for readdir_r
configure:18026: /cygdrive/c/PROGRA~2/MICROS~1.0/VC/bin/cl.exe -o conftest    conftest.c  >&5
conftest.c
Microsoft (R) Incremental Linker Version 9.00.30729.01
Copyright (C) Microsoft Corporation.  All rights reserved.

/out:conftest.exe 
/out:conftest.exe 
conftest.obj 
LINK : fatal error LNK1104: cannot open file 'LIBCMT.lib'
Microsoft (R) 32-bit C/C++ Optimizing Compiler Version 15.00.30729.01 for 80x86
Copyright (C) Microsoft Corporation.  All rights reserved.

cl : Command line warning D9035 : option 'o' has been deprecated and will be removed in a future release
configure:18026: $? = 2
configure: failed program was:
| /* confdefs.h */
| #define PACKAGE_NAME ""
| #define PACKAGE_TARNAME ""
| #define PACKAGE_VERSION ""
| #define PACKAGE_STRING ""
| #define PACKAGE_BUGREPORT ""
| #define PACKAGE_URL ""
| #define SIZEOF_LONG 0
| #define WORDS_BIGENDIAN 1
| /* end confdefs.h.  */
| /* Define readdir_r to an innocuous variant, in case <limits.h> declares readdir_r.
|    For example, HP-UX 11i <limits.h> declares gettimeofday.  */
| #define readdir_r innocuous_readdir_r
| 
| /* System header to define __stub macros and hopefully few prototypes,
|     which can conflict with char readdir_r (); below.
|     Prefer <limits.h> to <assert.h> if __STDC__ is defined, since
|     <limits.h> exists even on freestanding compilers.  */
| 
| #ifdef __STDC__
| # include <limits.h>
| #else
| # include <assert.h>
| #endif
| 
| #undef readdir_r
| 
| /* Override any GCC internal prototype to avoid an error.
|    Use char because int might match the return type of a GCC
|    builtin and then its argument prototype would still apply.  */
| #ifdef __cplusplus
| extern "C"
| #endif
| char readdir_r ();
| /* The GNU C library defines this for functions which it implements
|     to always fail with ENOSYS.  Some functions are actually named
|     something starting with __ and the normal name is an alias.  */
| #if defined __stub_readdir_r || defined __stub___readdir_r
| choke me
| #endif
| 
| int
| main ()
| {
| return readdir_r ();
|   ;
|   return 0;
| }
configure:18026: result: no
configure:18050: checking for PSDK files
configure:18102: result: SDK files found ...)
configure:18113: result: Found Windows SDK 7.0 (/cygdrive/c/Microsoft_SDKs/Windows/v7.0)
configure:18125: checking for DirectX SDK files
configure:18179: result: found
configure:18196: checking for ATL and MFC
configure:18202: testing ATL/MFC libs and includes
configure:18233: looking for atlbase.h in "/cygdrive/c/WinDDK/7600.16385.1/inc/atl71"
configure:18240: found atlbase.h in "/cygdrive/c/WinDDK/7600.16385.1/inc/atl71"? "yes"
configure:18243: looking for afx.h in "/cygdrive/c/WinDDK/7600.16385.1/inc/mfc42"
configure:18250: found afx.h in "/cygdrive/c/WinDDK/7600.16385.1/inc/mfc42"? "yes"
configure:18253: looking for atls.lib in "/cygdrive/c/WinDDK/7600.16385.1/lib/atl/i386"
configure:18257: looking for atlthunk.lib in "/cygdrive/c/WinDDK/7600.16385.1/lib/atl/i386"
configure:18264: found atlthunk.lib in "/cygdrive/c/WinDDK/7600.16385.1/lib/atl/i386"? "YES"
configure:18269: found atls.lib in "/cygdrive/c/WinDDK/7600.16385.1/lib/atl/i386"? "yes"
configure:18295: result: ATL/MFC enabled
configure:18310: checking for NSIS
configure:18314: checking for nsis.exe
configure:18347: result: no
configure:18372: result: found (/cygdrive/c/NSIS)
configure:18374: checking whether NSIS version is >= 3.*
configure:18380: result: found NSIS 3.04 >= 3.*
configure:18382: checking whether NSIS was compiled with Unicode support
configure:18385: result: NSIS version compiled with Unicode support.
configure:18403: checking for bison
configure:18421: found /usr/bin/bison
configure:18433: result: /usr/bin/bison
configure:18444: checking the bison version
configure:18455: result: checked (/usr/bin/bison 3.0.4)
configure:18464: checking for flex
configure:18482: found /usr/bin/flex
configure:18494: result: /usr/bin/flex
configure:18507: checking for patch
configure:18525: found /usr/bin/patch
configure:18537: result: /usr/bin/patch
configure:18580: checking for gnucp
configure:18613: result: no
configure:18580: checking for cp
configure:18598: found /usr/bin/cp
configure:18610: result: /usr/bin/cp
configure:18633: checking whether /usr/bin/cp is GNU cp from coreutils with preserve= support
configure:18636: result: yes
configure:18660: checking for bash
configure:18678: found /usr/bin/bash
configure:18690: result: /usr/bin/bash
configure:18706: checking ml.exe assembler path
configure:18764: result: 
configure:18785: checking for zip
configure:18803: found /usr/bin/zip
configure:18815: result: /usr/bin/zip
configure:18825: checking for unzip
configure:18843: found /usr/bin/unzip
configure:18855: result: /usr/bin/unzip
configure:18877: checking for dbghelp.dll
configure:18880: result: found and executable
configure:18894: checking for vcredist_x86.exe
configure:18897: result: found and executable
configure:18904: checking for vcredist_x64.exe
configure:18907: result: found and executable
configure:18927: checking for gdiplus.dll
configure:18930: result: found and executable
configure:18941: checking for msvcr100.dll
configure:18944: result: found and executable
configure:18955: checking which VCLplugs shall be built
configure:18982: result: gtk
configure:18988: checking whether to enable GConf support
configure:19086: result: no
configure:19093: checking whether to enable GNOME VFS support
configure:19284: result: no
configure:19851: checking whether to use cairo
configure:20002: result: no
configure:20020: checking whether to build the OpenGL Transitions component
configure:20119: result: no
configure:20126: checking whether to build the PDF Import extension
configure:20238: result: no
configure:20247: checking whether to build the Wiki Publisher extension
configure:20250: result: yes
configure:20252: checking for swext module
configure:20255: result: OK
configure:20270: checking which Servlet API Jar to use
configure:20303: result: internal
configure:20312: checking whether to build the Report Builder extension
configure:21080: result: no
configure:21101: checking which Apache commons-* libs to use
configure:21398: result: internal
configure:21761: checking whether to enable the lockdown pieces
configure:21769: result: no
configure:21774: checking whether to enable evolution 2 support
configure:21873: result: no
configure:21880: checking whether to enable KDE address book support
configure:21931: result: no
configure:21937: checking whether to include MathMLDTD
configure:21945: result: yes
configure:21956: checking whether to include category B fonts
configure:21959: result: yes
configure:21971: checking whether to include category A fonts
configure:21974: result: yes
configure:21986: checking whether any fonts are included
configure:21991: result: yes
configure:22002: checking whether to include PPDs
configure:22005: result: yes
configure:22015: checking whether to include AFMs
configure:22018: result: yes
configure:22031: checking whether and how to use Xinerama
configure:22136: result: no
configure:22170: checking whether to build own version of libpng
configure:22176: result: yes
configure:22193: checking whether to build own version of libjpeg
configure:22216: result: yes
configure:22222: checking whether to trigger rat scan
configure:22225: result: no
configure:22406: checking for jakarta-ant
configure:22440: result: no
configure:22406: checking for ant
configure:22425: found /cygdrive/c/apache-ant-1.9.14/bin/ant
configure:22437: result: /cygdrive/c/apache-ant-1.9.14/bin/ant
configure:22472: checking if /cygdrive/c/apache-ant-1.9.14/bin/ant works
configure:22497: /cygdrive/c/apache-ant-1.9.14/bin/ant -buildfile conftest.xml 1>&2
Buildfile: C:\Source\openoffice\main\conftest.xml

conftest:
    [javac] C:\Source\openoffice\main\conftest.xml:3: warning: 'includeantruntime' was not set, defaulting to build.sysclasspath=last; set to false for repeatable builds
    [javac] Compiling 1 source file

BUILD SUCCESSFUL
Total time: 1 second
configure:22500: $? = 0
configure:22503: result: Ant works
configure:22531: checking Ant lib directory
configure:22558: result: Ant lib directory found.
configure:22571: checking whether ant is >= 1.7.0
configure: ant_version 1.9.14 
configure: ant_version_major 1 
configure: ant_version_minor 9 
configure:22583: result: yes, 1.9.14
configure:22590: checking whether ant supports mapper type="regexp"
configure:22623: /cygdrive/c/apache-ant-1.9.14/bin/ant -buildfile conftest.xml 1>&2
Buildfile: C:\Source\openoffice\main\conftest.xml

copytest:

conftest:
    [javac] C:\Source\openoffice\main\conftest.xml:3: warning: 'includeantruntime' was not set, defaulting to build.sysclasspath=last; set to false for repeatable builds
    [javac] Compiling 1 source file

BUILD SUCCESSFUL
Total time: 1 second
configure:22626: $? = 0
configure:22629: result: yes
configure:22677: checking which languages to be built
configure:22684: result: ast bg ca ca-XR ca-XV cs da de el en-GB en-US es eu fi fr gd gl he hi hu it ja km ko lt nb nl pl pt pt-BR ru sk sl sr sv ta th tr vi zh-CN zh-TW
configure:22691: checking which languages have poor help localizations
configure:22695: result: none
configure:22703: checking which dictionaries to include
configure:22707: result: ALL
configure:22716: checking for additional 'intro' bitmaps
configure:22721: result: none
configure:22739: checking for additional 'about' bitmaps
configure:22744: result: none
configure:22763: checking for vendor
configure:22766: result: not set
configure:22776: checking for UNIX wrapper name
configure:22779: result: not set
configure:22788: checking whether to statically link to Gtk
configure:22796: result: no
configure:22801: checking whether to use layout dialogs
configure:22809: result: no
configure:22817: checking build verbosity
configure:22831: result: not set
configure:22836: checking whether to enable dependency tracking
configure:22843: result: yes
configure:22860: checking solver path
configure:22864: result: default
configure:22883: writing config.status
configure:23036: creating ./config.status

## ---------------------- ##
## Running config.status. ##
## ---------------------- ##

This file was extended by config.status, which was
generated by GNU Autoconf 2.69.  Invocation command line was

  CONFIG_FILES    = 
  CONFIG_HEADERS  = 
  CONFIG_LINKS    = 
  CONFIG_COMMANDS = 
  $ ./config.status 

on VM-W10-AOO

config.status:1120: creating set_soenv
config.status:1120: creating Makefile

## ---------------- ##
## Cache variables. ##
## ---------------- ##

ac_cv_build=i686-pc-cygwin
ac_cv_c_bigendian=yes
ac_cv_env_APR_CFLAGS_set=
ac_cv_env_APR_CFLAGS_value=
ac_cv_env_APR_LIBS_set=
ac_cv_env_APR_LIBS_value=
ac_cv_env_APR_UTIL_CFLAGS_set=
ac_cv_env_APR_UTIL_CFLAGS_value=
ac_cv_env_APR_UTIL_LIBS_set=
ac_cv_env_APR_UTIL_LIBS_value=
ac_cv_env_CAIRO_CFLAGS_set=
ac_cv_env_CAIRO_CFLAGS_value=
ac_cv_env_CAIRO_LIBS_set=
ac_cv_env_CAIRO_LIBS_value=
ac_cv_env_CCC_set=
ac_cv_env_CCC_value=
ac_cv_env_CC_set=
ac_cv_env_CC_value=
ac_cv_env_CFLAGS_set=
ac_cv_env_CFLAGS_value=
ac_cv_env_COINMP_CFLAGS_set=
ac_cv_env_COINMP_CFLAGS_value=
ac_cv_env_COINMP_LIBS_set=
ac_cv_env_COINMP_LIBS_value=
ac_cv_env_CPPFLAGS_set=
ac_cv_env_CPPFLAGS_value=
ac_cv_env_CPPUNIT_CFLAGS_set=
ac_cv_env_CPPUNIT_CFLAGS_value=
ac_cv_env_CPPUNIT_LIBS_set=
ac_cv_env_CPPUNIT_LIBS_value=
ac_cv_env_CPP_set=
ac_cv_env_CPP_value=
ac_cv_env_CXXCPP_set=
ac_cv_env_CXXCPP_value=
ac_cv_env_CXXFLAGS_set=
ac_cv_env_CXXFLAGS_value=
ac_cv_env_CXX_set=
ac_cv_env_CXX_value=
ac_cv_env_DBUS_CFLAGS_set=
ac_cv_env_DBUS_CFLAGS_value=
ac_cv_env_DBUS_LIBS_set=
ac_cv_env_DBUS_LIBS_value=
ac_cv_env_FREETYPE_CFLAGS_set=
ac_cv_env_FREETYPE_CFLAGS_value=
ac_cv_env_FREETYPE_LIBS_set=
ac_cv_env_FREETYPE_LIBS_value=
ac_cv_env_GCONF_CFLAGS_set=
ac_cv_env_GCONF_CFLAGS_value=
ac_cv_env_GCONF_LIBS_set=
ac_cv_env_GCONF_LIBS_value=
ac_cv_env_GIO_CFLAGS_set=
ac_cv_env_GIO_CFLAGS_value=
ac_cv_env_GIO_LIBS_set=
ac_cv_env_GIO_LIBS_value=
ac_cv_env_GNOMEVFS_CFLAGS_set=
ac_cv_env_GNOMEVFS_CFLAGS_value=
ac_cv_env_GNOMEVFS_LIBS_set=
ac_cv_env_GNOMEVFS_LIBS_value=
ac_cv_env_GOBJECT_CFLAGS_set=
ac_cv_env_GOBJECT_CFLAGS_value=
ac_cv_env_GOBJECT_LIBS_set=
ac_cv_env_GOBJECT_LIBS_value=
ac_cv_env_GRAPHITE_CFLAGS_set=
ac_cv_env_GRAPHITE_CFLAGS_value=
ac_cv_env_GRAPHITE_LIBS_set=
ac_cv_env_GRAPHITE_LIBS_value=
ac_cv_env_GSTREAMER_CFLAGS_set=
ac_cv_env_GSTREAMER_CFLAGS_value=
ac_cv_env_GSTREAMER_LIBS_set=
ac_cv_env_GSTREAMER_LIBS_value=
ac_cv_env_GTHREAD_CFLAGS_set=
ac_cv_env_GTHREAD_CFLAGS_value=
ac_cv_env_GTHREAD_LIBS_set=
ac_cv_env_GTHREAD_LIBS_value=
ac_cv_env_GTK_2_10_CFLAGS_set=
ac_cv_env_GTK_2_10_CFLAGS_value=
ac_cv_env_GTK_2_10_LIBS_set=
ac_cv_env_GTK_2_10_LIBS_value=
ac_cv_env_GTK_CFLAGS_set=
ac_cv_env_GTK_CFLAGS_value=
ac_cv_env_GTK_LIBS_set=
ac_cv_env_GTK_LIBS_value=
ac_cv_env_HUNSPELL_CFLAGS_set=
ac_cv_env_HUNSPELL_CFLAGS_value=
ac_cv_env_HUNSPELL_LIBS_set=
ac_cv_env_HUNSPELL_LIBS_value=
ac_cv_env_LDFLAGS_set=
ac_cv_env_LDFLAGS_value=
ac_cv_env_LIBS_set=
ac_cv_env_LIBS_value=
ac_cv_env_LIBWPD_CFLAGS_set=
ac_cv_env_LIBWPD_CFLAGS_value=
ac_cv_env_LIBWPD_LIBS_set=
ac_cv_env_LIBWPD_LIBS_value=
ac_cv_env_LIBXML_CFLAGS_set=
ac_cv_env_LIBXML_CFLAGS_value=
ac_cv_env_LIBXML_LIBS_set=
ac_cv_env_LIBXML_LIBS_value=
ac_cv_env_LIBXSLT_CFLAGS_set=
ac_cv_env_LIBXSLT_CFLAGS_value=
ac_cv_env_LIBXSLT_LIBS_set=
ac_cv_env_LIBXSLT_LIBS_value=
ac_cv_env_MYTHES_CFLAGS_set=
ac_cv_env_MYTHES_CFLAGS_value=
ac_cv_env_MYTHES_LIBS_set=
ac_cv_env_MYTHES_LIBS_value=
ac_cv_env_NSS_CFLAGS_set=
ac_cv_env_NSS_CFLAGS_value=
ac_cv_env_NSS_LIBS_set=
ac_cv_env_NSS_LIBS_value=
ac_cv_env_OPENSSL_CFLAGS_set=
ac_cv_env_OPENSSL_CFLAGS_value=
ac_cv_env_OPENSSL_LIBS_set=
ac_cv_env_OPENSSL_LIBS_value=
ac_cv_env_PKG_CONFIG_LIBDIR_set=
ac_cv_env_PKG_CONFIG_LIBDIR_value=
ac_cv_env_PKG_CONFIG_PATH_set=
ac_cv_env_PKG_CONFIG_PATH_value=
ac_cv_env_PKG_CONFIG_set=
ac_cv_env_PKG_CONFIG_value=
ac_cv_env_POPPLER_CFLAGS_set=
ac_cv_env_POPPLER_CFLAGS_value=
ac_cv_env_POPPLER_LIBS_set=
ac_cv_env_POPPLER_LIBS_value=
ac_cv_env_REDLAND_CFLAGS_set=
ac_cv_env_REDLAND_CFLAGS_value=
ac_cv_env_REDLAND_LIBS_set=
ac_cv_env_REDLAND_LIBS_value=
ac_cv_env_SERF_CFLAGS_set=
ac_cv_env_SERF_CFLAGS_value=
ac_cv_env_SERF_LIBS_set=
ac_cv_env_SERF_LIBS_value=
ac_cv_env_XMKMF_set=
ac_cv_env_XMKMF_value=
ac_cv_env_XRANDR_CFLAGS_set=
ac_cv_env_XRANDR_CFLAGS_value=
ac_cv_env_XRANDR_LIBS_set=
ac_cv_env_XRANDR_LIBS_value=
ac_cv_env_build_alias_set=
ac_cv_env_build_alias_value=
ac_cv_env_host_alias_set=
ac_cv_env_host_alias_value=
ac_cv_env_target_alias_set=
ac_cv_env_target_alias_value=
ac_cv_func_getopt=no
ac_cv_func_readdir_r=no
ac_cv_header_inttypes_h=no
ac_cv_header_memory_h=no
ac_cv_header_stdint_h=no
ac_cv_header_stdlib_h=no
ac_cv_header_string_h=no
ac_cv_header_strings_h=no
ac_cv_header_sys_stat_h=no
ac_cv_header_sys_types_h=no
ac_cv_header_unistd_h=no
ac_cv_host=i686-pc-cygwin
ac_cv_path_ANT=/cygdrive/c/apache-ant-1.9.14/bin/ant
ac_cv_path_AWK=/usr/bin/awk
ac_cv_path_BISON=/usr/bin/bison
ac_cv_path_BZIP2=/usr/bin/bzip2
ac_cv_path_CYGWIN_PATH=/usr/bin/bash
ac_cv_path_EGREP='/usr/bin/grep -E'
ac_cv_path_FLEX=/usr/bin/flex
ac_cv_path_GNUCP=/usr/bin/cp
ac_cv_path_GPERF=/usr/bin/gperf
ac_cv_path_GREP=/usr/bin/grep
ac_cv_path_PATCH=/usr/bin/patch
ac_cv_path_PERL=/usr/bin/perl
ac_cv_path_SED=/usr/bin/sed
ac_cv_path_SHELLPATH=/usr/bin/bash
ac_cv_path_UNZIP=/usr/bin/unzip
ac_cv_path_ZIP=/usr/bin/zip
ac_cv_prog_AWK=awk
ac_cv_sizeof_long=0
ac_cv_sys_file_offset_bits=unknown
ac_cv_sys_large_files=unknown
ac_cv_sys_largefile_CC=no
ac_cv_target=i686-pc-cygwin

## ----------------- ##
## Output variables. ##
## ----------------- ##

ABOUT_BITMAPS=''
ADDITIONAL_REPOSITORIES='../ext_libraries ../extras'
ALLOC=''
ANT='/cygdrive/c/apache-ant-1.9.14/bin/ant'
ANT_HOME='/cygdrive/c/apache-ant-1.9.14'
ANT_LIB='/cygdrive/c/apache-ant-1.9.14/lib'
APR_CFLAGS=''
APR_LIBS=''
APR_UTIL_CFLAGS=''
APR_UTIL_LIBS=''
ARM_TARGET=''
ASM_HOME='/cygdrive/c/PROGRA~2/MICROS~1.0/VC/bin'
ATL_INCLUDE='C:/WinDDK/760016~1.1/inc/atl71'
ATL_LIB='C:/WinDDK/760016~1.1/lib/atl/i386'
ATL_LIB_X64='C:/WinDDK/760016~1.1/lib/atl/amd64'
AWK='/usr/bin/awk'
AWTLIB='-ljawt'
BISON='/usr/bin/bison'
BSH_JAR=''
BUILD_EPM=''
BUILD_PIXMAN=''
BUILD_STAX='YES'
BUILD_TYPE='OOo TWAIN ODK ZLIB JPEG EXPAT LIBXSLT LIBXML2 LIBXMLSEC PYTHON LUCENE HSQLDB BSH SAXON RHINO APR APR_UTIL SERF COINMP COINMP CURL MDDS BOOST VIGRA UNIXODBC NSS SANE ICU GRAPHITE X11_EXTENSIONS NSS OPENSSL REDLAND HUNSPELL HYPHEN MYTHES LIBTEXTCAT LIBTEXTCATDATA SWEXT TOMCAT APACHE_COMMONS TOMCAT MATHMLDTD CATB_FONTS MORE_FONTS AFMS L10N'
BUILD_UNOWINREG='NO'
BUILD_VER_STRING='2019-09-03 12:04'
BUILD_X64='TRUE'
BUNDLED_EXTENSION_BLOBS=''
BUNDLED_PREREG_EXTENSIONS=''
BZIP2='/usr/bin/bzip2'
CAIRO_CFLAGS=''
CAIRO_LIBS=''
CC='/cygdrive/c/PROGRA~2/MICROS~1.0/VC/bin/cl.exe'
CCACHE=''
CC_PATH='./'
CFLAGS=''
COINMP_CFLAGS=''
COINMP_LIBS=''
COMEX='12'
COMMONS_CODEC_JAR=''
COMMONS_HTTPCLIENT_JAR=''
COMMONS_LANG_JAR=''
COMMONS_LOGGING_JAR=''
COMPATH='/cygdrive/c/PROGRA~2/MICROS~1.0/VC'
COM_IS=''
CPP=''
CPPFLAGS=''
CPPUNIT_CFLAGS=''
CPPUNIT_LIBS=''
CRYPT_LINK=''
CSC_PATH='/cygdrive/c/Windows/Microsoft.NET/Framework/v3.5'
CURLCONFIG=''
CURL_CFLAGS=''
CURL_LIBS=''
CUSTOM_PACK_LIST='/cygdrive/c/Source/Pack.lst'
CXX='/cygdrive/c/PROGRA~2/MICROS~1.0/VC/bin/cl.exe'
CXXCPP=''
CXXFLAGS=''
CYGWIN_PATH='/usr/bin'
DBUS_CFLAGS=''
DBUS_LIBS=''
DEFS='-DPACKAGE_NAME=\"\" -DPACKAGE_TARNAME=\"\" -DPACKAGE_VERSION=\"\" -DPACKAGE_STRING=\"\" -DPACKAGE_BUGREPORT=\"\" -DPACKAGE_URL=\"\" -DSIZEOF_LONG=0 -DWORDS_BIGENDIAN=1'
DICT_SYSTEM_DIR=''
DIRECTXSDK_HOME='/cygdrive/c/Microsoft_DirectX_SDK_June_2010'
DIRECTXSDK_LIB='/cygdrive/c/Microsoft_DirectX_SDK_June_2010/lib/x86'
DISABLE_ACTIVEX=''
DISABLE_ATL=''
DISABLE_SAXON=''
DISABLE_STRIP=''
DMAKE=''
DMAKE_PATH=''
DMAKE_URL='https://sourceforge.net/projects/oooextras.mirror/files/dmake-4.12.tar.bz2'
DO_FETCH_TARBALLS='yes'
DPKG=''
ECHO_C=''
ECHO_N='-n'
ECHO_T=''
EGREP='/usr/bin/grep -E'
ENABLE_BEANSHELL='YES'
ENABLE_BUNDLED_DICTIONARIES='YES'
ENABLE_CAIRO=''
ENABLE_CAIRO_CANVAS='FALSE'
ENABLE_CATEGORY_B='YES'
ENABLE_COINMP='YES'
ENABLE_CRASHDUMP=''
ENABLE_CUPS=''
ENABLE_DBUS=''
ENABLE_DEBUG='FALSE'
ENABLE_DIRECTX='TRUE'
ENABLE_DIRECT_DRAW=''
ENABLE_EVOAB2=''
ENABLE_FONTCONFIG=''
ENABLE_GCONF=''
ENABLE_GIO=''
ENABLE_GNOMEVFS=''
ENABLE_GRAPHITE='TRUE'
ENABLE_GSTREAMER=''
ENABLE_GTK='TRUE'
ENABLE_HUNSPELL='YES'
ENABLE_HYPHEN='YES'
ENABLE_JAVASCRIPT='YES'
ENABLE_KAB=''
ENABLE_KDE4=''
ENABLE_KDE=''
ENABLE_LAYOUT='FALSE'
ENABLE_LOCKDOWN=''
ENABLE_MEDIAWIKI='YES'
ENABLE_MYSQLC='NO'
ENABLE_NSS_MODULE='YES'
ENABLE_ONLINE_UPDATE='YES'
ENABLE_OPENGL=''
ENABLE_PCH=''
ENABLE_PDFIMPORT='NO'
ENABLE_RANDR=''
ENABLE_REPORTBUILDER='NO'
ENABLE_RPATH='yes'
ENABLE_STATIC_GTK='FALSE'
ENABLE_SYMBOLS=''
ENABLE_SYSTRAY_GTK=''
ENABLE_WERROR='FALSE'
EPM=''
EPM_URL=''
EXCEPTIONS=''
EXEEXT=''
FBSD_GCC_RPATH=''
FLEX='/usr/bin/flex'
FLUTE_JAR=''
FRAME_HOME='/cygdrive/c/MICROS~1/Windows/v7.0'
FREETYPE_CFLAGS=''
FREETYPE_LIBS=''
GCCVER='20995'
GCC_HOME='/usr'
GCONF_CFLAGS=''
GCONF_LIBS=''
GIO_CFLAGS=''
GIO_LIBS=''
GNOMEVFS_CFLAGS=''
GNOMEVFS_LIBS=''
GNUCP='/usr/bin/cp'
GNUMAKE='make'
GNUPATCH=''
GNUTAR='tar'
GOBJECT_CFLAGS=''
GOBJECT_LIBS=''
GPERF='/usr/bin/gperf'
GRAPHITE_CFLAGS=''
GRAPHITE_LIBS=''
GREP='/usr/bin/grep'
GSTREAMER_CFLAGS=''
GSTREAMER_LIBS=''
GTHREAD_CFLAGS=''
GTHREAD_LIBS=''
GTK_2_10_CFLAGS=''
GTK_2_10_LIBS=''
GTK_CFLAGS=''
GTK_LIBS=''
GXX_INCLUDE_PATH='NO_GXX_INCLUDE'
HAVE_ATLTHUNK='YES'
HAVE_GCC_VISIBILITY_FEATURE=''
HAVE_GETOPT='NO'
HAVE_LD_BSYMBOLIC_FUNCTIONS=''
HAVE_LD_HASH_STYLE=''
HAVE_READDIR_R='NO'
HOME='/cygdrive/c/Source'
HSQLDB_JAR=''
HUNSPELL_CFLAGS=''
HUNSPELL_LIBS=''
HYPHEN_LIB=''
HYPH_SYSTEM_DIR=''
ICUCONFIG=''
ICU_MAJOR=''
ICU_MICRO=''
ICU_MINOR=''
INTRO_BITMAPS=''
IS_SYSTEM_DMAKE=''
JAVAAOTCOMPILER=''
JAVACISGCJ=''
JAVACOMPILER='/cygdrive/c/PROGRA~2/Java/JDK17~1.0_8/bin/javac.exe'
JAVADOC='/cygdrive/c/PROGRA~2/Java/JDK17~1.0_8/bin/javadoc.exe'
JAVAFLAGS=''
JAVAIFLAGS=''
JAVAINTERPRETER='/cygdrive/c/PROGRA~2/Java/JDK17~1.0_8/bin/java.exe'
JAVA_HOME='/cygdrive/c/PROGRA~2/Java/JDK17~1.0_8'
JDK='sun'
JFREEREPORT_JAR=''
KDE4_CFLAGS=''
KDE4_LIBS=''
KDE_CFLAGS=''
KDE_LIBS=''
LDFLAGS=''
LFS_CFLAGS='-D_FILE_OFFSET_BITS=unknown -D_LARGE_FILES'
LIBBASE_JAR=''
LIBFONTS_JAR=''
LIBFORMULA_JAR=''
LIBINTL_PREFIX=''
LIBLAYOUT_JAR=''
LIBLOADER_JAR=''
LIBMYSQL_PATH=''
LIBOBJS=''
LIBREPOSITORY_JAR=''
LIBS=''
LIBSERIALIZER_JAR=''
LIBWPD_CFLAGS=''
LIBWPD_LIBS=''
LIBXML_CFLAGS=''
LIBXML_JAR=''
LIBXML_LIBS=''
LIBXSLT_CFLAGS=''
LIBXSLT_LIBS=''
LOCAL_SOLENV='DEFAULT'
LOCAL_SOLVER='DEFAULT'
LTLIBOBJS=''
LUCENE_ANALYZERS_JAR=''
LUCENE_CORE_JAR=''
MACOSX_DEPLOYMENT_TARGET=''
MACOSX_SDK_PATH=''
MFC_INCLUDE='C:/WinDDK/760016~1.1/inc/mfc42'
MFC_LIB='C:/WinDDK/760016~1.1/lib/mfc/i386'
MIDL_PATH='/cygdrive/c/MICROS~1/Windows/v7.0/bin'
MINGWCXX=''
MINGWSTRIP=''
MINGW_BACKWARD_INCLUDE_PATH=''
MINGW_CLIB_DIR=''
MINGW_GCCDLL=''
MINGW_GCCLIB_EH=''
MINGW_GXXDLL=''
MINGW_LIB_INCLUDE_PATH=''
MINGW_SHARED_GCCLIB=''
MINGW_SHARED_GXXLIB=''
MINGW_SHARED_LIBSTDCPP=''
ML_EXE=''
MOC4='moc'
MOC='moc'
MOCQT4=''
MOZILLABUILD='/cygdrive/c/mozilla-build'
MOZ_INC=''
MSPDB_PATH='/cygdrive/c/PROGRA~2/MICROS~1.0/Common7/IDE'
MYSQLCONFIG=''
MYSQL_DEFINES=''
MYSQL_INC=''
MYSQL_LIB=''
MYTHES_CFLAGS=''
MYTHES_LIBS=''
NEW_SHADOW_API=''
NSIS_PATH='/cygdrive/c/NSIS'
NSS_CFLAGS=''
NSS_LIBS=''
OBJEXT=''
OOO_JUNIT_JAR=''
OOO_VENDOR=''
OPENSSL_CFLAGS=''
OPENSSL_LIBS=''
OSVERSION=''
PACKAGE_BUGREPORT=''
PACKAGE_NAME=''
PACKAGE_STRING=''
PACKAGE_TARNAME=''
PACKAGE_URL=''
PACKAGE_VERSION=''
PAM=''
PAM_LINK=''
PATCH='/usr/bin/patch'
PATH_SEPARATOR=':'
PERL='/usr/bin/perl'
PKGFORMAT='msi'
PKGMK=''
PKG_CONFIG=''
PKG_CONFIG_LIBDIR=''
PKG_CONFIG_PATH=''
POPPLER_CFLAGS=''
POPPLER_LIBS=''
PRODUCT='full'
PROEXT='.pro'
PROFULLSWITCH='product=full'
PSDK_HOME='/cygdrive/c/Microsoft_SDKs/Windows/v7.0'
PTHREAD_CFLAGS=''
PTHREAD_LIBS=''
PYTHON=''
PYTHON_CFLAGS=''
PYTHON_EXEC_PREFIX=''
PYTHON_LIBS=''
PYTHON_PLATFORM=''
PYTHON_PREFIX=''
PYTHON_VERSION=''
RAT_JAR_HOME=''
REDLAND_CFLAGS=''
REDLAND_LIBS=''
RPM=''
SAC_JAR=''
SAXON_JAR=''
SCPDEFS=' -DENABLE_ONLINE_UPDATE -DWITH_CATB_FONTS -DWITH_CATA_FONTS'
SED='/usr/bin/sed'
SERF_CFLAGS=''
SERF_LIBS=''
SERIALIZER_JAR=''
SERVLETAPI_JAR=''
SHELL='/bin/sh'
SHELLPATH='/usr/bin'
SIZEOF_LONG='0'
SOLAR_JAVA='TRUE'
SOURCEVERSION='AOO417'
SYSTEM_APACHE_COMMONS='NO'
SYSTEM_APR='NO'
SYSTEM_APR_UTIL='NO'
SYSTEM_BOOST='NO'
SYSTEM_BSH='NO'
SYSTEM_CAIRO=''
SYSTEM_COINMP='NO'
SYSTEM_CPPUNIT='NO'
SYSTEM_CURL='NO'
SYSTEM_DICTS='NO'
SYSTEM_EXPAT='NO'
SYSTEM_GDKPIXBUF='YES'
SYSTEM_GENBRK=''
SYSTEM_GENCCODE=''
SYSTEM_GENCMN=''
SYSTEM_GETTEXT='YES'
SYSTEM_GLIB='YES'
SYSTEM_GRAPHITE='NO'
SYSTEM_HSQLDB='NO'
SYSTEM_HUNSPELL='NO'
SYSTEM_HYPH='NO'
SYSTEM_ICU='NO'
SYSTEM_JFREEREPORT=''
SYSTEM_JPEG='NO'
SYSTEM_LIBC=''
SYSTEM_LIBJPEG='NO'
SYSTEM_LIBPNG='NO'
SYSTEM_LIBTEXTCAT='NO'
SYSTEM_LIBTEXTCAT_DATA=''
SYSTEM_LIBWPD=''
SYSTEM_LIBXML='NO'
SYSTEM_LIBXSLT='NO'
SYSTEM_LUCENE='NO'
SYSTEM_MDDS='NO'
SYSTEM_MYSQL=''
SYSTEM_MYSQL_CPPCONN=''
SYSTEM_MYTHES='NO'
SYSTEM_NSS='NO'
SYSTEM_ODBC_HEADERS='NO'
SYSTEM_OPENSSL='NO'
SYSTEM_PANGO='YES'
SYSTEM_POPPLER=''
SYSTEM_PYTHON='NO'
SYSTEM_REDLAND='NO'
SYSTEM_SANE_HEADER='NO'
SYSTEM_SAXON='NO'
SYSTEM_SERF='NO'
SYSTEM_SERVLETAPI='NO'
SYSTEM_STDLIBS='NO'
SYSTEM_VIGRA='NO'
SYSTEM_XRENDER_HEADERS='NO'
SYSTEM_ZLIB='NO'
TARFILE_LOCATION='DEFAULT'
THES_SYSTEM_DIR=''
UNIXWRAPPERNAME=''
UNZIP='/usr/bin/unzip'
UPD='417'
USE_CCACHE=''
USE_FT_EMBOLDEN=''
USE_MINGW=''
USE_PACKAGER='YES'
USE_SYSTEM_STL='YES'
USE_XINERAMA=''
VALGRIND_CFLAGS=''
VC_STANDARD=''
VERBOSE=''
WINDOWS_VISTA_PSDK='TRUE'
WITHOUT_AFMS=''
WITHOUT_PPDS=''
WITH_CATA_FONTS='YES'
WITH_CATB_FONTS='YES'
WITH_CPPUNIT=''
WITH_DICT=',ALL,'
WITH_FONTS='YES'
WITH_LANG='ast bg ca ca-XR ca-XV cs da de el en-GB en-US es eu fi fr gd gl he hi hu it ja km ko lt nb nl pl pt pt-BR ru sk sl sr sv ta th tr vi zh-CN zh-TW'
WITH_LDAP='NO'
WITH_MINGWIN='0'
WITH_OPENLDAP=''
WITH_POOR_HELP_LOCALIZATIONS=''
WITH_VC_REDIST='YES'
WORDS_BIGENDIAN='yes'
XAU_LIBS=''
XINC='no_x_includes'
XINERAMA_LINK=''
XLIB='no_x_libraries'
XMKMF=''
XRANDR_CFLAGS=''
XRANDR_DLOPEN=''
XRANDR_LIBS=''
XRENDER_LINK='NO'
XSLTPROC=''
X_CFLAGS=''
X_EXTRA_LIBS=''
X_LIBS=''
X_PRE_LIBS=''
ZIP='/usr/bin/zip'
ZIP_HOME='/usr/bin'
_cc=''
_solenv='./solenv'
ac_ct_CC=''
ac_ct_CXX=''
bindir='${exec_prefix}/bin'
build='i686-pc-cygwin'
build_alias=''
build_cpu='i686'
build_os='cygwin'
build_vendor='pc'
datadir='${datarootdir}'
datarootdir='${prefix}/share'
docdir='${datarootdir}/doc/${PACKAGE}'
dvidir='${docdir}'
exec_prefix='${prefix}'
host='i686-pc-cygwin'
host_alias=''
host_cpu='i686'
host_os='cygwin'
host_vendor='pc'
htmldir='${docdir}'
includedir='${prefix}/include'
infodir='${datarootdir}/info'
libdir='${exec_prefix}/lib'
libexecdir='${exec_prefix}/libexec'
localedir='${datarootdir}/locale'
localstatedir='${prefix}/var'
mandir='${datarootdir}/man'
nodep=''
oldincludedir='/usr/include'
pdfdir='${docdir}'
pkgpyexecdir=''
pkgpythondir=''
prefix='/usr/local'
program_transform_name='s,x,x,'
psdir='${docdir}'
pyexecdir=''
pythondir=''
runstatedir='${localstatedir}/run'
sbindir='${exec_prefix}/sbin'
sharedstatedir='${prefix}/com'
sysconfdir='${prefix}/etc'
target='i686-pc-cygwin'
target_alias=''
target_cpu='i686'
target_os='cygwin'
target_vendor='pc'

## ----------- ##
## confdefs.h. ##
## ----------- ##

/* confdefs.h */
#define PACKAGE_NAME ""
#define PACKAGE_TARNAME ""
#define PACKAGE_VERSION ""
#define PACKAGE_STRING ""
#define PACKAGE_BUGREPORT ""
#define PACKAGE_URL ""
#define SIZEOF_LONG 0
#define WORDS_BIGENDIAN 1

configure: exit 0
