This file contains any messages produced by compilers while
running configure, to aid debugging if configure makes a mistake.

It was created by configure, which was
generated by GNU Autoconf 2.69.  Invocation command line was

  $ ./configure --with-build-version=2015-10-21 09:36:46 (Wed, 21 Oct 2015) --enable-verbose --enable-category-b --enable-wiki-publisher --enable-bundled-dictionaries --without-stlport --with-dmake-path=/Users/jsc/dev/tools/bin/dmake --with-epm=/Users/jsc/dev/tools/bin/epm/epm --with-openldap --with-junit=/Users/jsc/dev/tools/junit/junit-4.11.jar --with-packager-list=/Users/jsc/dev/svn/aoo-build-pack.lst --with-jdk-home=/Library/Java/JavaVirtualMachines/jdk1.7.0_67.jdk/Contents/Home --with-ant-home=/Users/jsc/dev/tools/apache-ant-1.9.3/dist --with-lang=kid ast bg ca ca-XR ca-XV cs da de el en-GB en-US es eu fi fr gd gl he hi hu it ja km ko lt nb nl pl pt pt-BR ru sk sl sr sv ta th tr vi zh-CN zh-TW

## --------- ##
## Platform. ##
## --------- ##

hostname = macbook-jsc
uname -m = x86_64
uname -r = 13.4.0
uname -s = Darwin
uname -v = Darwin Kernel Version 13.4.0: Wed Mar 18 16:20:14 PDT 2015; root:xnu-2422.115.14~1/RELEASE_X86_64

/usr/bin/uname -p = i386
/bin/uname -X     = unknown

/bin/arch              = unknown
/usr/bin/arch -k       = unknown
/usr/convex/getsysinfo = unknown
/usr/bin/hostinfo      = Mach kernel version:
	 Darwin Kernel Version 13.4.0: Wed Mar 18 16:20:14 PDT 2015; root:xnu-2422.115.14~1/RELEASE_X86_64
Kernel configured for up to 8 processors.
4 processors are physically available.
8 processors are logically available.
Processor type: i486 (Intel 80486)
Processors active: 0 1 2 3 4 5 6 7
Primary memory available: 16.00 gigabytes
Default processor set: 160 tasks, 759 threads, 8 processors
Load average: 1.11, Mach factor: 6.88
/bin/machine           = unknown
/usr/bin/oslevel       = unknown
/bin/universe          = unknown

PATH: /Library/Frameworks/Python.framework/Versions/2.7/bin
PATH: /opt/subversion/bin
PATH: /Library/Frameworks/Python.framework/Versions/2.7/bin
PATH: /usr/bin
PATH: /bin
PATH: /usr/sbin
PATH: /sbin
PATH: /usr/local/bin
PATH: /usr/X11/bin
PATH: /usr/local/git/bin
PATH: /usr/local/MacGPG2/bin


## ----------- ##
## Core tests. ##
## ----------- ##

configure:5155: checking whether configure is up-to-date
configure:5162: result: yes
configure:5189: checking for grep that handles long lines and -e
configure:5247: result: /usr/bin/grep
configure:5252: checking for egrep
configure:5314: result: /usr/bin/grep -E
configure:5323: checking for gawk
configure:5353: result: no
configure:5323: checking for mawk
configure:5353: result: no
configure:5323: checking for nawk
configure:5353: result: no
configure:5323: checking for awk
configure:5339: found /usr/bin/awk
configure:5350: result: awk
configure:5363: checking for awk
configure:5381: found /usr/bin/awk
configure:5393: result: /usr/bin/awk
configure:5409: checking for sed
configure:5427: found /usr/bin/sed
configure:5439: result: /usr/bin/sed
configure:5454: checking for solenv environment
configure:5458: result: default
configure:5485: checking for custom pack.lst
configure:5496: result: /Users/jsc/dev/svn/aoo-build-pack.lst
configure:5539: checking build system type
configure:5553: result: x86_64-apple-darwin13.4.0
configure:5573: checking host system type
configure:5586: result: x86_64-apple-darwin13.4.0
configure:5606: checking target system type
configure:5619: result: x86_64-apple-darwin13.4.0
configure:5776: WARNING: Disabling gtk-quickstarter - not supported on Mac. Use --disable-systray
configure:5922: checking for pkg-config
configure:5955: result: no
configure:5990: checking whether to enable crashdump feature
configure:5999: result: no
configure:6038: checking whether to turn warnings to errors
configure:6051: result: no
configure:6056: checking whether to do a debug build
configure:6067: result: no
configure:6072: checking whether to build with additional debug utilities
configure:6084: result: no, full product build
configure:6091: checking whether to include symbols into final build
configure:6113: result: no
configure:6118: checking whether to strip the solver or not.
configure:6137: result: yes
configure:6154: checking whether to enable category B components
configure:6175: result: yes: allow modules nss, hunspell, hyphen, saxon, rhino, beanshell, graphite, coinmp to be built
configure:6196: checking whether to enable the Online Update support
configure:6201: result: yes
configure:6211: checking whether to enable native CUPS support
configure:6215: result: yes
configure:6224: checking whether to enable fontconfig support
configure:6232: result: no
configure:6293: checking whether to use RPATH in shared libraries
configure:6300: result: yes
configure:6321: checking whether to use dicts from external paths
configure:6355: result: no
configure:6404: checking for bash
configure:6422: found /bin/bash
configure:6434: result: /bin/bash
configure:6449: checking gcc home
configure:6456: result: /usr
configure:6518: checking for gcc
configure:6545: result: /Applications/Xcode.app/Contents/Developer/Toolchains/XcodeDefault.xctoolchain/usr/bin/clang -arch x86_64
configure:6774: checking for C compiler version
configure:6783: /Applications/Xcode.app/Contents/Developer/Toolchains/XcodeDefault.xctoolchain/usr/bin/clang -arch x86_64 --version >&5
Apple LLVM version 6.0 (clang-600.0.57) (based on LLVM 3.5svn)
Target: x86_64-apple-darwin13.4.0
Thread model: posix
configure:6794: $? = 0
configure:6783: /Applications/Xcode.app/Contents/Developer/Toolchains/XcodeDefault.xctoolchain/usr/bin/clang -arch x86_64 -v >&5
Apple LLVM version 6.0 (clang-600.0.57) (based on LLVM 3.5svn)
Target: x86_64-apple-darwin13.4.0
Thread model: posix
configure:6794: $? = 0
configure:6783: /Applications/Xcode.app/Contents/Developer/Toolchains/XcodeDefault.xctoolchain/usr/bin/clang -arch x86_64 -V >&5
clang: error: argument to '-V' is missing (expected 1 value)
clang: error: no input files
configure:6794: $? = 1
configure:6783: /Applications/Xcode.app/Contents/Developer/Toolchains/XcodeDefault.xctoolchain/usr/bin/clang -arch x86_64 -qversion >&5
clang: error: unknown argument: '-qversion'
clang: error: no input files
configure:6794: $? = 1
configure:6814: checking whether the C compiler works
configure:6836: /Applications/Xcode.app/Contents/Developer/Toolchains/XcodeDefault.xctoolchain/usr/bin/clang -arch x86_64    conftest.c  >&5
configure:6840: $? = 0
configure:6888: result: yes
configure:6891: checking for C compiler default output file name
configure:6893: result: a.out
configure:6899: checking for suffix of executables
configure:6906: /Applications/Xcode.app/Contents/Developer/Toolchains/XcodeDefault.xctoolchain/usr/bin/clang -arch x86_64 -o conftest    conftest.c  >&5
configure:6910: $? = 0
configure:6932: result: 
configure:6954: checking whether we are cross compiling
configure:6962: /Applications/Xcode.app/Contents/Developer/Toolchains/XcodeDefault.xctoolchain/usr/bin/clang -arch x86_64 -o conftest    conftest.c  >&5
configure:6966: $? = 0
configure:6973: ./conftest
configure:6977: $? = 0
configure:6992: result: no
configure:6997: checking for suffix of object files
configure:7019: /Applications/Xcode.app/Contents/Developer/Toolchains/XcodeDefault.xctoolchain/usr/bin/clang -arch x86_64 -c   conftest.c >&5
configure:7023: $? = 0
configure:7044: result: o
configure:7048: checking whether we are using the GNU C compiler
configure:7067: /Applications/Xcode.app/Contents/Developer/Toolchains/XcodeDefault.xctoolchain/usr/bin/clang -arch x86_64 -c   conftest.c >&5
configure:7067: $? = 0
configure:7076: result: yes
configure:7085: checking whether /Applications/Xcode.app/Contents/Developer/Toolchains/XcodeDefault.xctoolchain/usr/bin/clang -arch x86_64 accepts -g
configure:7105: /Applications/Xcode.app/Contents/Developer/Toolchains/XcodeDefault.xctoolchain/usr/bin/clang -arch x86_64 -c -g  conftest.c >&5
configure:7105: $? = 0
configure:7146: result: yes
configure:7163: checking for /Applications/Xcode.app/Contents/Developer/Toolchains/XcodeDefault.xctoolchain/usr/bin/clang -arch x86_64 option to accept ISO C89
configure:7226: /Applications/Xcode.app/Contents/Developer/Toolchains/XcodeDefault.xctoolchain/usr/bin/clang -arch x86_64  -c -g -O2  conftest.c >&5
configure:7226: $? = 0
configure:7239: result: none needed
configure:7332: checking the GNU gcc compiler version
configure:7348: result: implicitly using CC=/Applications/Xcode.app/Contents/Developer/Toolchains/XcodeDefault.xctoolchain/usr/bin/clang -arch x86_64
configure:7368: checking for -Bsymbolic-functions linker support 
configure:7388: /Applications/Xcode.app/Contents/Developer/Toolchains/XcodeDefault.xctoolchain/usr/bin/clang -arch x86_64 -o conftest -g -O2   -Wl,-Bsymbolic-functions -Wl,--dynamic-list-cpp-new -Wl,--dynamic-list-cpp-typeinfo conftest.c  >&5
ld: unknown option: -Bsymbolic-functions
clang: error: linker command failed with exit code 1 (use -v to see invocation)
configure:7388: $? = 1
configure: failed program was:
| /* confdefs.h */
| #define PACKAGE_NAME ""
| #define PACKAGE_TARNAME ""
| #define PACKAGE_VERSION ""
| #define PACKAGE_STRING ""
| #define PACKAGE_BUGREPORT ""
| #define PACKAGE_URL ""
| /* end confdefs.h.  */
| 
|    #include <stdio.h>
| 
| int
| main ()
| {
| 
|     printf ("hello world\n");
| 
|   ;
|   return 0;
| }
configure:7397: result: not found 
configure:7404: checking whether to enable pch feature
configure:7422: result: no
configure:7427: checking for GNU make
configure:7436: result: make
configure:7442: checking the GNU make version
configure:7447: result: make 3.81
configure:7454: checking for dmake
configure:7510: looking for dmake at /Users/jsc/dev/tools/bin/dmake
configure:7513: result: using user provided dmake
configure:7536: checking whether the found dmake is the right dmake
configure:7546: result: yes
configure:7548: checking the dmake version
configure:7556: result: OK, >= 4.11
configure:7576: checking for GNU or compatible BSD tar
configure:7585: result: gnutar
configure:7661: checking for --hash-style=both linker support 
configure:7680: /Applications/Xcode.app/Contents/Developer/Toolchains/XcodeDefault.xctoolchain/usr/bin/clang -arch x86_64 -o conftest -g -O2   -Wl,--hash-style=both conftest.c  >&5
ld: unknown option: --hash-style=both
clang: error: linker command failed with exit code 1 (use -v to see invocation)
configure:7680: $? = 1
configure: failed program was:
| /* confdefs.h */
| #define PACKAGE_NAME ""
| #define PACKAGE_TARNAME ""
| #define PACKAGE_VERSION ""
| #define PACKAGE_STRING ""
| #define PACKAGE_BUGREPORT ""
| #define PACKAGE_URL ""
| /* end confdefs.h.  */
| 
|    #include <stdio.h>
| 
| int
| main ()
| {
| 
|     printf ("hello world\n");
| 
|   ;
|   return 0;
| }
configure:7691: result: not found 
configure:7764: checking for perl
configure:7794: result: /usr/bin/perl
configure:7815: checking the Perl version
configure:7822: result: checked (perl 5)
configure:7829: checking for required Perl modules
configure:7832: result: all modules found
configure:8249: checking how to run the C preprocessor
configure:8280: /Applications/Xcode.app/Contents/Developer/Toolchains/XcodeDefault.xctoolchain/usr/bin/clang -arch x86_64 -E  conftest.c
configure:8280: $? = 0
configure:8294: /Applications/Xcode.app/Contents/Developer/Toolchains/XcodeDefault.xctoolchain/usr/bin/clang -arch x86_64 -E  conftest.c
conftest.c:9:10: fatal error: 'ac_nonexistent.h' file not found
#include <ac_nonexistent.h>
         ^
1 error generated.
configure:8294: $? = 1
configure: failed program was:
| /* confdefs.h */
| #define PACKAGE_NAME ""
| #define PACKAGE_TARNAME ""
| #define PACKAGE_VERSION ""
| #define PACKAGE_STRING ""
| #define PACKAGE_BUGREPORT ""
| #define PACKAGE_URL ""
| /* end confdefs.h.  */
| #include <ac_nonexistent.h>
configure:8319: result: /Applications/Xcode.app/Contents/Developer/Toolchains/XcodeDefault.xctoolchain/usr/bin/clang -arch x86_64 -E
configure:8339: /Applications/Xcode.app/Contents/Developer/Toolchains/XcodeDefault.xctoolchain/usr/bin/clang -arch x86_64 -E  conftest.c
configure:8339: $? = 0
configure:8353: /Applications/Xcode.app/Contents/Developer/Toolchains/XcodeDefault.xctoolchain/usr/bin/clang -arch x86_64 -E  conftest.c
conftest.c:9:10: fatal error: 'ac_nonexistent.h' file not found
#include <ac_nonexistent.h>
         ^
1 error generated.
configure:8353: $? = 1
configure: failed program was:
| /* confdefs.h */
| #define PACKAGE_NAME ""
| #define PACKAGE_TARNAME ""
| #define PACKAGE_VERSION ""
| #define PACKAGE_STRING ""
| #define PACKAGE_BUGREPORT ""
| #define PACKAGE_URL ""
| /* end confdefs.h.  */
| #include <ac_nonexistent.h>
configure:8382: checking for ANSI C header files
configure:8402: /Applications/Xcode.app/Contents/Developer/Toolchains/XcodeDefault.xctoolchain/usr/bin/clang -arch x86_64 -c -g -O2  conftest.c >&5
configure:8402: $? = 0
configure:8475: /Applications/Xcode.app/Contents/Developer/Toolchains/XcodeDefault.xctoolchain/usr/bin/clang -arch x86_64 -o conftest -g -O2   conftest.c  >&5
configure:8475: $? = 0
configure:8475: ./conftest
configure:8475: $? = 0
configure:8486: result: yes
configure:8609: checking for C++ compiler version
configure:8618: /Applications/Xcode.app/Contents/Developer/Toolchains/XcodeDefault.xctoolchain/usr/bin/clang++ -arch x86_64 -std=c++11 --version >&5
Apple LLVM version 6.0 (clang-600.0.57) (based on LLVM 3.5svn)
Target: x86_64-apple-darwin13.4.0
Thread model: posix
configure:8629: $? = 0
configure:8618: /Applications/Xcode.app/Contents/Developer/Toolchains/XcodeDefault.xctoolchain/usr/bin/clang++ -arch x86_64 -std=c++11 -v >&5
Apple LLVM version 6.0 (clang-600.0.57) (based on LLVM 3.5svn)
Target: x86_64-apple-darwin13.4.0
Thread model: posix
clang: warning: argument unused during compilation: '-std=c++11'
configure:8629: $? = 0
configure:8618: /Applications/Xcode.app/Contents/Developer/Toolchains/XcodeDefault.xctoolchain/usr/bin/clang++ -arch x86_64 -std=c++11 -V >&5
clang: error: argument to '-V' is missing (expected 1 value)
clang: error: no input files
configure:8629: $? = 1
configure:8618: /Applications/Xcode.app/Contents/Developer/Toolchains/XcodeDefault.xctoolchain/usr/bin/clang++ -arch x86_64 -std=c++11 -qversion >&5
clang: error: unknown argument: '-qversion'
clang: error: no input files
configure:8629: $? = 1
configure:8633: checking whether we are using the GNU C++ compiler
configure:8652: /Applications/Xcode.app/Contents/Developer/Toolchains/XcodeDefault.xctoolchain/usr/bin/clang++ -arch x86_64 -std=c++11 -c   conftest.cpp >&5
configure:8652: $? = 0
configure:8661: result: yes
configure:8670: checking whether /Applications/Xcode.app/Contents/Developer/Toolchains/XcodeDefault.xctoolchain/usr/bin/clang++ -arch x86_64 -std=c++11 accepts -g
configure:8690: /Applications/Xcode.app/Contents/Developer/Toolchains/XcodeDefault.xctoolchain/usr/bin/clang++ -arch x86_64 -std=c++11 -c -g  conftest.cpp >&5
configure:8690: $? = 0
configure:8731: result: yes
configure:8759: checking how to run the C++ preprocessor
configure:8786: /Applications/Xcode.app/Contents/Developer/Toolchains/XcodeDefault.xctoolchain/usr/bin/clang++ -arch x86_64 -std=c++11 -E  conftest.cpp
configure:8786: $? = 0
configure:8800: /Applications/Xcode.app/Contents/Developer/Toolchains/XcodeDefault.xctoolchain/usr/bin/clang++ -arch x86_64 -std=c++11 -E  conftest.cpp
conftest.cpp:10:10: fatal error: 'ac_nonexistent.h' file not found
#include <ac_nonexistent.h>
         ^
1 error generated.
configure:8800: $? = 1
configure: failed program was:
| /* confdefs.h */
| #define PACKAGE_NAME ""
| #define PACKAGE_TARNAME ""
| #define PACKAGE_VERSION ""
| #define PACKAGE_STRING ""
| #define PACKAGE_BUGREPORT ""
| #define PACKAGE_URL ""
| #define STDC_HEADERS 1
| /* end confdefs.h.  */
| #include <ac_nonexistent.h>
configure:8825: result: /Applications/Xcode.app/Contents/Developer/Toolchains/XcodeDefault.xctoolchain/usr/bin/clang++ -arch x86_64 -std=c++11 -E
configure:8845: /Applications/Xcode.app/Contents/Developer/Toolchains/XcodeDefault.xctoolchain/usr/bin/clang++ -arch x86_64 -std=c++11 -E  conftest.cpp
configure:8845: $? = 0
configure:8859: /Applications/Xcode.app/Contents/Developer/Toolchains/XcodeDefault.xctoolchain/usr/bin/clang++ -arch x86_64 -std=c++11 -E  conftest.cpp
conftest.cpp:10:10: fatal error: 'ac_nonexistent.h' file not found
#include <ac_nonexistent.h>
         ^
1 error generated.
configure:8859: $? = 1
configure: failed program was:
| /* confdefs.h */
| #define PACKAGE_NAME ""
| #define PACKAGE_TARNAME ""
| #define PACKAGE_VERSION ""
| #define PACKAGE_STRING ""
| #define PACKAGE_BUGREPORT ""
| #define PACKAGE_URL ""
| #define STDC_HEADERS 1
| /* end confdefs.h.  */
| #include <ac_nonexistent.h>
configure:8896: checking how to run the C preprocessor
configure:8966: result: /Applications/Xcode.app/Contents/Developer/Toolchains/XcodeDefault.xctoolchain/usr/bin/clang -arch x86_64 -E
configure:8986: /Applications/Xcode.app/Contents/Developer/Toolchains/XcodeDefault.xctoolchain/usr/bin/clang -arch x86_64 -E  conftest.c
configure:8986: $? = 0
configure:9000: /Applications/Xcode.app/Contents/Developer/Toolchains/XcodeDefault.xctoolchain/usr/bin/clang -arch x86_64 -E  conftest.c
conftest.c:10:10: fatal error: 'ac_nonexistent.h' file not found
#include <ac_nonexistent.h>
         ^
1 error generated.
configure:9000: $? = 1
configure: failed program was:
| /* confdefs.h */
| #define PACKAGE_NAME ""
| #define PACKAGE_TARNAME ""
| #define PACKAGE_VERSION ""
| #define PACKAGE_STRING ""
| #define PACKAGE_BUGREPORT ""
| #define PACKAGE_URL ""
| #define STDC_HEADERS 1
| /* end confdefs.h.  */
| #include <ac_nonexistent.h>
configure:9036: checking for sys/types.h
configure:9036: /Applications/Xcode.app/Contents/Developer/Toolchains/XcodeDefault.xctoolchain/usr/bin/clang -arch x86_64 -c -g -O2  conftest.c >&5
configure:9036: $? = 0
configure:9036: result: yes
configure:9036: checking for sys/stat.h
configure:9036: /Applications/Xcode.app/Contents/Developer/Toolchains/XcodeDefault.xctoolchain/usr/bin/clang -arch x86_64 -c -g -O2  conftest.c >&5
configure:9036: $? = 0
configure:9036: result: yes
configure:9036: checking for stdlib.h
configure:9036: /Applications/Xcode.app/Contents/Developer/Toolchains/XcodeDefault.xctoolchain/usr/bin/clang -arch x86_64 -c -g -O2  conftest.c >&5
configure:9036: $? = 0
configure:9036: result: yes
configure:9036: checking for string.h
configure:9036: /Applications/Xcode.app/Contents/Developer/Toolchains/XcodeDefault.xctoolchain/usr/bin/clang -arch x86_64 -c -g -O2  conftest.c >&5
configure:9036: $? = 0
configure:9036: result: yes
configure:9036: checking for memory.h
configure:9036: /Applications/Xcode.app/Contents/Developer/Toolchains/XcodeDefault.xctoolchain/usr/bin/clang -arch x86_64 -c -g -O2  conftest.c >&5
configure:9036: $? = 0
configure:9036: result: yes
configure:9036: checking for strings.h
configure:9036: /Applications/Xcode.app/Contents/Developer/Toolchains/XcodeDefault.xctoolchain/usr/bin/clang -arch x86_64 -c -g -O2  conftest.c >&5
configure:9036: $? = 0
configure:9036: result: yes
configure:9036: checking for inttypes.h
configure:9036: /Applications/Xcode.app/Contents/Developer/Toolchains/XcodeDefault.xctoolchain/usr/bin/clang -arch x86_64 -c -g -O2  conftest.c >&5
configure:9036: $? = 0
configure:9036: result: yes
configure:9036: checking for stdint.h
configure:9036: /Applications/Xcode.app/Contents/Developer/Toolchains/XcodeDefault.xctoolchain/usr/bin/clang -arch x86_64 -c -g -O2  conftest.c >&5
configure:9036: $? = 0
configure:9036: result: yes
configure:9036: checking for unistd.h
configure:9036: /Applications/Xcode.app/Contents/Developer/Toolchains/XcodeDefault.xctoolchain/usr/bin/clang -arch x86_64 -c -g -O2  conftest.c >&5
configure:9036: $? = 0
configure:9036: result: yes
configure:9052: checking size of long
configure:9057: /Applications/Xcode.app/Contents/Developer/Toolchains/XcodeDefault.xctoolchain/usr/bin/clang -arch x86_64 -o conftest -g -O2   conftest.c  >&5
configure:9057: $? = 0
configure:9057: ./conftest
configure:9057: $? = 0
configure:9071: result: 8
configure:9083: checking whether byte ordering is bigendian
configure:9098: /Applications/Xcode.app/Contents/Developer/Toolchains/XcodeDefault.xctoolchain/usr/bin/clang -arch x86_64 -c -g -O2  conftest.c >&5
configure:9098: $? = 0
configure:9143: /Applications/Xcode.app/Contents/Developer/Toolchains/XcodeDefault.xctoolchain/usr/bin/clang -arch x86_64 -c -g -O2  conftest.c >&5
configure:9143: $? = 0
configure:9161: /Applications/Xcode.app/Contents/Developer/Toolchains/XcodeDefault.xctoolchain/usr/bin/clang -arch x86_64 -c -g -O2  conftest.c >&5
conftest.c:27:4: error: use of undeclared identifier 'not'
                 not big endian
                 ^
1 error generated.
configure:9161: $? = 1
configure: failed program was:
| /* confdefs.h */
| #define PACKAGE_NAME ""
| #define PACKAGE_TARNAME ""
| #define PACKAGE_VERSION ""
| #define PACKAGE_STRING ""
| #define PACKAGE_BUGREPORT ""
| #define PACKAGE_URL ""
| #define STDC_HEADERS 1
| #define HAVE_SYS_TYPES_H 1
| #define HAVE_SYS_STAT_H 1
| #define HAVE_STDLIB_H 1
| #define HAVE_STRING_H 1
| #define HAVE_MEMORY_H 1
| #define HAVE_STRINGS_H 1
| #define HAVE_INTTYPES_H 1
| #define HAVE_STDINT_H 1
| #define HAVE_UNISTD_H 1
| #define SIZEOF_LONG 8
| /* end confdefs.h.  */
| #include <sys/types.h>
| 		#include <sys/param.h>
| 
| int
| main ()
| {
| #if BYTE_ORDER != BIG_ENDIAN
| 		 not big endian
| 		#endif
| 
|   ;
|   return 0;
| }
configure:9289: result: no
configure:9317: checking for special C compiler options needed for large files
configure:9362: result: no
configure:9368: checking for _FILE_OFFSET_BITS value needed for large files
configure:9393: /Applications/Xcode.app/Contents/Developer/Toolchains/XcodeDefault.xctoolchain/usr/bin/clang -arch x86_64 -c -g -O2  conftest.c >&5
configure:9393: $? = 0
configure:9425: result: no
configure:9557: checking cups/cups.h usability
configure:9557: /Applications/Xcode.app/Contents/Developer/Toolchains/XcodeDefault.xctoolchain/usr/bin/clang -arch x86_64 -c -g -O2  conftest.c >&5
configure:9557: $? = 0
configure:9557: result: yes
configure:9557: checking cups/cups.h presence
configure:9557: /Applications/Xcode.app/Contents/Developer/Toolchains/XcodeDefault.xctoolchain/usr/bin/clang -arch x86_64 -E  conftest.c
configure:9557: $? = 0
configure:9557: result: yes
configure:9557: checking for cups/cups.h
configure:9557: result: yes
configure:9839: checking for C++ compiler version
configure:9848: /Applications/Xcode.app/Contents/Developer/Toolchains/XcodeDefault.xctoolchain/usr/bin/clang++ -arch x86_64 -std=c++11 --version >&5
Apple LLVM version 6.0 (clang-600.0.57) (based on LLVM 3.5svn)
Target: x86_64-apple-darwin13.4.0
Thread model: posix
configure:9859: $? = 0
configure:9848: /Applications/Xcode.app/Contents/Developer/Toolchains/XcodeDefault.xctoolchain/usr/bin/clang++ -arch x86_64 -std=c++11 -v >&5
Apple LLVM version 6.0 (clang-600.0.57) (based on LLVM 3.5svn)
Target: x86_64-apple-darwin13.4.0
Thread model: posix
clang: warning: argument unused during compilation: '-std=c++11'
configure:9859: $? = 0
configure:9848: /Applications/Xcode.app/Contents/Developer/Toolchains/XcodeDefault.xctoolchain/usr/bin/clang++ -arch x86_64 -std=c++11 -V >&5
clang: error: argument to '-V' is missing (expected 1 value)
clang: error: no input files
configure:9859: $? = 1
configure:9848: /Applications/Xcode.app/Contents/Developer/Toolchains/XcodeDefault.xctoolchain/usr/bin/clang++ -arch x86_64 -std=c++11 -qversion >&5
clang: error: unknown argument: '-qversion'
clang: error: no input files
configure:9859: $? = 1
configure:9863: checking whether we are using the GNU C++ compiler
configure:9891: result: yes
configure:9900: checking whether /Applications/Xcode.app/Contents/Developer/Toolchains/XcodeDefault.xctoolchain/usr/bin/clang++ -arch x86_64 -std=c++11 accepts -g
configure:9961: result: yes
configure:9987: checking the GNU C++ compiler version
configure:9993: result: checked (g++ 4.2.1)
configure:10046: checking for g++ include path
configure:10068: result: /usr/include/c++/4.2.1
configure:10212: checking exception type
configure:10247: result: 
configure:10355: checking what the default STL should be
configure:10367: checking whether /Applications/Xcode.app/Contents/Developer/Toolchains/XcodeDefault.xctoolchain/usr/bin/clang -arch x86_64 supports -fvisibility=hidden
configure:10382: /Applications/Xcode.app/Contents/Developer/Toolchains/XcodeDefault.xctoolchain/usr/bin/clang -arch x86_64 -o conftest -g -O2 -fvisibility=hidden   conftest.c  >&5
configure:10382: $? = 0
configure:10389: result: yes
configure:10400: checking whether we are allowed and able to use --ccache-skip
configure:10415: result: probing...
configure:10419: checking for ccache
configure:10450: result: not_found
configure:10459: not enabling --ccache-skip (ccache not found)
configure:10651: checking which memory allocator to use
configure:10799: result: internal
configure:10805: checking whether to add custom build version
configure:10809: result: yes, 2015-10-21 09:36:46 (Wed, 21 Oct 2015)
configure:10818: checking whether to build with Java support
configure:10821: result: yes
configure:10916: checking the installed JDK
configure:10998: result: checked (JDK 1.7.0_67)
configure:11329: checking for jawt lib name
configure:11499: result: -ljawt
configure:11505: checking whether to enable gcj aot compilation
configure:11570: result: no
configure:11586: checking whether to enable EPM for packing
configure:11589: result: yes
configure:11653: checking whether the found epm is the right epm
configure:11656: result: yes
configure:11661: checking epm version
configure:11666: result: OK, >= 3.7
configure:11670: checking which PackageMaker EPM thinks to use
configure:11676: result: /Developer/Applications/Utilities/PackageMaker.app/Contents/MacOS/PackageMaker, ok
configure:11690: checking which package format to use
configure:11758: result: dmg
configure:11944: checking for gperf
configure:11974: result: /usr/bin/gperf
configure:11985: checking for gperf
configure:12015: result: /usr/bin/gperf
configure:12033: checking gperf version
configure:12036: result: OK
configure:12044: checking whether to build the stax
configure:12052: result: yes
configure:12057: checking whether to build the ODK
configure:12060: result: yes
configure:12063: checking for external/unowinreg/unowinreg.dll
configure:12071: result: found
configure:12427: checking whether to provide libstdc++/libgcc_s in the installset
configure:12435: result: yes
configure:12444: checking which zlib to use
configure:12448: result: external
configure:12451: checking zlib.h usability
configure:12451: /Applications/Xcode.app/Contents/Developer/Toolchains/XcodeDefault.xctoolchain/usr/bin/clang -arch x86_64 -c -g -O2  conftest.c >&5
configure:12451: $? = 0
configure:12451: result: yes
configure:12451: checking zlib.h presence
configure:12451: /Applications/Xcode.app/Contents/Developer/Toolchains/XcodeDefault.xctoolchain/usr/bin/clang -arch x86_64 -E  conftest.c
configure:12451: $? = 0
configure:12451: result: yes
configure:12451: checking for zlib.h
configure:12451: result: yes
configure:12459: checking for deflate in -lz
configure:12484: /Applications/Xcode.app/Contents/Developer/Toolchains/XcodeDefault.xctoolchain/usr/bin/clang -arch x86_64 -o conftest -g -O2   conftest.c -lz   >&5
configure:12484: $? = 0
configure:12493: result: yes
configure:12509: checking which jpeg to use
configure:12568: result: internal
configure:12575: checking which expat to use
configure:12639: result: internal
configure:12646: checking which libwpd to use
configure:12745: result: no
configure:12754: checking which cppunit to use
configure:12840: WARNING: not using cppunit
configure:13022: checking which libxslt to use
configure:13027: result: external
configure:13130: checking for xsltproc
configure:13148: found /usr/bin/xsltproc
configure:13161: result: /usr/bin/xsltproc
configure:13183: checking which libxml to use
configure:13188: result: external
configure:13302: checking checking SDK compatiblity with OSX 10.7
configure:13316: result: yes, by using SDK macosx10.10
configure:13321: checking for /Applications/Xcode.app/Contents/Developer/Platforms/MacOSX.platform/Developer/SDKs/MacOSX10.10.sdk
configure:13324: result: yes
configure:13338: checking which python to use
configure:13347: result: compiling against system python (/Library/Frameworks/Python.framework/Versions/Current/bin/python)
configure:13354: result: compiling against system python (version 2.7)
configure:13612: checking Python.h usability
configure:13612: /Applications/Xcode.app/Contents/Developer/Toolchains/XcodeDefault.xctoolchain/usr/bin/clang -arch x86_64 -c -g -O2  -I/Library/Frameworks/Python.framework/Versions/2.7/include/python2.7 conftest.c >&5
configure:13612: $? = 0
configure:13612: result: yes
configure:13612: checking Python.h presence
configure:13612: /Applications/Xcode.app/Contents/Developer/Toolchains/XcodeDefault.xctoolchain/usr/bin/clang -arch x86_64 -E  -I/Library/Frameworks/Python.framework/Versions/2.7/include/python2.7 conftest.c
configure:13612: $? = 0
configure:13612: result: yes
configure:13612: checking for Python.h
configure:13612: result: yes
configure:13683: checking which lucene to use
configure:13892: result: internal
configure:13901: checking whether to build the MySQL Connector extension
configure:13917: result: no
configure:14147: checking which hsqldb to use
configure:14210: result: internal
configure:14219: checking which beanshell to use
configure:14253: result: internal
configure:14269: checking which saxon to use
configure:14467: result: internal
configure:14483: checking whether to enable support for JavaScript
configure:14487: result: yes
configure:14501: checking which libapr to use
configure:14599: result: internal
configure:14612: checking which libapr-util to use
configure:14710: result: internal
configure:14723: checking which libserf to use
configure:14822: result: internal
configure:14836: checking whether to enable support for CoinMP
configure:14840: result: yes
configure:14844: checking which coinmp to use
configure:15033: result: internal
configure:15052: checking which curl to use
configure:15056: result: external
configure:15062: checking for curl-config
configure:15080: found /usr/bin/curl-config
configure:15092: result: /usr/bin/curl-config
configure:15105: checking whether curl is >= 7.13.1
configure:15112: result: yes
configure:15127: checking which mdds to use
configure:15155: result: internal
configure:15162: checking which boost to use
configure:15237: result: internal
configure:15244: checking which vigra to use
configure:15272: result: internal
configure:15279: checking which odbc headers to use
configure:15296: result: internal
configure:15303: checking whether to build XML Security support
configure:15309: result: yes
configure:15313: checking whether to build LDAP configuration backend
configure:15317: result: yes
configure:15330: checking which LDAP SDK to use
configure:15333: result: OpenLDAP
configure:15338: checking ldap.h usability
configure:15338: /Applications/Xcode.app/Contents/Developer/Toolchains/XcodeDefault.xctoolchain/usr/bin/clang -arch x86_64 -c -g -O2  conftest.c >&5
configure:15338: $? = 0
configure:15338: result: yes
configure:15338: checking ldap.h presence
configure:15338: /Applications/Xcode.app/Contents/Developer/Toolchains/XcodeDefault.xctoolchain/usr/bin/clang -arch x86_64 -E  conftest.c
configure:15338: $? = 0
configure:15338: result: yes
configure:15338: checking for ldap.h
configure:15338: result: yes
configure:15350: checking for ldap_simple_bind_s in -lldap
configure:15375: /Applications/Xcode.app/Contents/Developer/Toolchains/XcodeDefault.xctoolchain/usr/bin/clang -arch x86_64 -o conftest -g -O2   conftest.c -lldap   >&5
configure:15375: $? = 0
configure:15384: result: yes
configure:15399: checking for ldap_set_option in -lldap
configure:15424: /Applications/Xcode.app/Contents/Developer/Toolchains/XcodeDefault.xctoolchain/usr/bin/clang -arch x86_64 -o conftest -g -O2   conftest.c -lldap  -lldap  >&5
configure:15424: $? = 0
configure:15433: result: yes
configure:15451: checking whether to build the internal NSS module
configure:15456: result: yes
configure:15497: checking which sane header to use
configure:15513: result: internal
configure:15520: checking which icu to use
configure:15744: result: internal
configure:15759: checking whether to enable graphite support
configure:15870: result: no
configure:15885: checking for /System/Library/Frameworks/AppKit.framework
configure:15888: result: yes
configure:16757: checking whether to link to Xrender
configure:16765: result: no, dynamically open it
configure:16769: checking which Xrender headers to use
configure:16785: result: internal
configure:16842: checking whether to enable RandR support
configure:16987: result: no
configure:16995: checking which libnss to use
configure:17093: result: internal
configure:17105: checking which libssl to use
configure:17109: result: external
configure:17220: checking which redland library to use
configure:17319: result: internal
configure:17328: checking whether to build the Spell Checking component
configure:17333: checking which libhunspell to use
configure:17484: result: internal
configure:17499: checking whether to build the Hyphenator component
configure:17504: checking which libhyphen to use
configure:17658: result: internal
configure:17685: checking which mythes to use
configure:17868: result: internal
configure:17878: checking which libtextcat to use
configure:17940: result: internal
configure:17947: checking which libtextcat data directory to use
configure:17958: result: internal
configure:18020: checking for getopt
configure:18020: /Applications/Xcode.app/Contents/Developer/Toolchains/XcodeDefault.xctoolchain/usr/bin/clang -arch x86_64 -o conftest -g -O2   conftest.c -lldap -lldap  >&5
configure:18020: $? = 0
configure:18020: result: yes
configure:18033: checking for readdir_r
configure:18033: /Applications/Xcode.app/Contents/Developer/Toolchains/XcodeDefault.xctoolchain/usr/bin/clang -arch x86_64 -o conftest -g -O2   conftest.c -lldap -lldap  >&5
configure:18033: $? = 0
configure:18033: result: yes
configure:18387: checking for bison
configure:18405: found /usr/bin/bison
configure:18417: result: /usr/bin/bison
configure:18428: checking the bison version
configure:18439: result: checked (/usr/bin/bison 2.3)
configure:18448: checking for flex
configure:18466: found /usr/bin/flex
configure:18478: result: /usr/bin/flex
configure:18491: checking for patch
configure:18509: found /usr/bin/patch
configure:18521: result: /usr/bin/patch
configure:18544: checking whether /usr/bin/patch is GNU patch
configure:18547: result: yes
configure:18564: checking for gnucp
configure:18597: result: no
configure:18564: checking for cp
configure:18582: found /bin/cp
configure:18594: result: /bin/cp
configure:18617: checking whether /bin/cp is GNU cp from coreutils with preserve= support
configure:18623: result: no
configure:18632: result: no GNU cp from coreutils found - using the system's cp command
configure:18769: checking for zip
configure:18787: found /usr/bin/zip
configure:18799: result: /usr/bin/zip
configure:18809: checking for unzip
configure:18827: found /usr/bin/unzip
configure:18839: result: /usr/bin/unzip
configure:18939: checking which VCLplugs shall be built
configure:18963: result: none
configure:18972: checking whether to enable GConf support
configure:19070: result: no
configure:19077: checking whether to enable GNOME VFS support
configure:19268: result: no
configure:19835: checking whether to use cairo
configure:19986: result: no
configure:20004: checking whether to build the OpenGL Transitions component
configure:20103: result: no
configure:20110: checking whether to build the PDF Import extension
configure:20222: result: no
configure:20231: checking whether to build the Wiki Publisher extension
configure:20234: result: yes
configure:20236: checking for swext module
configure:20239: result: OK
configure:20254: checking which Servlet API Jar to use
configure:20287: result: internal
configure:20296: checking whether to build the Report Builder extension
configure:21064: result: no
configure:21085: checking which Apache commons-* libs to use
configure:21382: result: internal
configure:21745: checking whether to enable the lockdown pieces
configure:21753: result: no
configure:21758: checking whether to enable evolution 2 support
configure:21857: result: no
configure:21864: checking whether to enable KDE address book support
configure:21915: result: no
configure:21921: checking whether to include MathMLDTD
configure:21929: result: yes
configure:21940: checking whether to include category B fonts
configure:21943: result: yes
configure:21955: checking whether to include category A fonts
configure:21958: result: yes
configure:21970: checking whether any fonts are included
configure:21975: result: yes
configure:21986: checking whether to include PPDs
configure:21989: result: yes
configure:21999: checking whether to include AFMs
configure:22002: result: yes
configure:22015: checking whether and how to use Xinerama
configure:22020: result: yes
configure:22154: checking whether to build own version of libpng
configure:22165: result: yes
configure:22177: checking whether to build own version of libjpeg
configure:22200: result: yes
configure:22206: checking whether to trigger rat scan
configure:22209: result: no
configure:22390: checking for jakarta-ant
configure:22421: result: /Users/jsc/dev/tools/apache-ant-1.9.3/dist/bin/ant
configure:22456: checking if /Users/jsc/dev/tools/apache-ant-1.9.3/dist/bin/ant works
configure:22481: /Users/jsc/dev/tools/apache-ant-1.9.3/dist/bin/ant -buildfile conftest.xml 1>&2
Buildfile: /Users/jsc/dev/svn/aoo410/main/conftest.xml

conftest:
    [javac] /Users/jsc/dev/svn/aoo410/main/conftest.xml:3: warning: 'includeantruntime' was not set, defaulting to build.sysclasspath=last; set to false for repeatable builds
    [javac] Compiling 1 source file

BUILD SUCCESSFUL
Total time: 6 seconds
configure:22484: $? = 0
configure:22487: result: Ant works
configure:22515: checking Ant lib directory
configure:22542: result: Ant lib directory found.
configure:22555: checking whether ant is >= 1.7.0
configure: ant_version 1.9.3 
configure: ant_version_major 1 
configure: ant_version_minor 9 
configure:22567: result: yes, 1.9.3
configure:22574: checking whether ant supports mapper type="regexp"
configure:22607: /Users/jsc/dev/tools/apache-ant-1.9.3/dist/bin/ant -buildfile conftest.xml 1>&2
Buildfile: /Users/jsc/dev/svn/aoo410/main/conftest.xml

copytest:

conftest:
    [javac] /Users/jsc/dev/svn/aoo410/main/conftest.xml:3: warning: 'includeantruntime' was not set, defaulting to build.sysclasspath=last; set to false for repeatable builds
    [javac] Compiling 1 source file

BUILD SUCCESSFUL
Total time: 0 seconds
configure:22610: $? = 0
configure:22613: result: yes
configure:22628: checking for JUnit 4
configure:22649: result: /Users/jsc/dev/tools/junit/junit-4.11.jar
configure:22661: checking which languages to be built
configure:22668: result: kid ast bg ca ca-XR ca-XV cs da de el en-GB en-US es eu fi fr gd gl he hi hu it ja km ko lt nb nl pl pt pt-BR ru sk sl sr sv ta th tr vi zh-CN zh-TW
configure:22675: checking which languages have poor help localizations
configure:22679: result: none
configure:22687: checking which dictionaries to include
configure:22691: result: ALL
configure:22700: checking for additional 'intro' bitmaps
configure:22705: result: none
configure:22723: checking for additional 'about' bitmaps
configure:22728: result: none
configure:22747: checking for vendor
configure:22750: result: not set
configure:22760: checking for UNIX wrapper name
configure:22763: result: not set
configure:22772: checking whether to statically link to Gtk
configure:22780: result: no
configure:22785: checking whether to use layout dialogs
configure:22793: result: no
configure:22801: checking build verbosity
configure:22806: result: high
configure:22820: checking whether to enable dependency tracking
configure:22827: result: yes
configure:22844: checking solver path
configure:22848: result: default
configure:22867: writing config.status
configure:23020: creating ./config.status

## ---------------------- ##
## Running config.status. ##
## ---------------------- ##

This file was extended by config.status, which was
generated by GNU Autoconf 2.69.  Invocation command line was

  CONFIG_FILES    = 
  CONFIG_HEADERS  = 
  CONFIG_LINKS    = 
  CONFIG_COMMANDS = 
  $ ./config.status 

on macbook-jsc

config.status:1119: creating set_soenv
config.status:1119: creating Makefile

## ---------------- ##
## Cache variables. ##
## ---------------- ##

ac_cv_build=x86_64-apple-darwin13.4.0
ac_cv_c_bigendian=no
ac_cv_c_compiler_gnu=yes
ac_cv_cxx_compiler_gnu=yes
ac_cv_env_APR_CFLAGS_set=
ac_cv_env_APR_CFLAGS_value=
ac_cv_env_APR_LIBS_set=
ac_cv_env_APR_LIBS_value=
ac_cv_env_APR_UTIL_CFLAGS_set=
ac_cv_env_APR_UTIL_CFLAGS_value=
ac_cv_env_APR_UTIL_LIBS_set=
ac_cv_env_APR_UTIL_LIBS_value=
ac_cv_env_CAIRO_CFLAGS_set=
ac_cv_env_CAIRO_CFLAGS_value=
ac_cv_env_CAIRO_LIBS_set=
ac_cv_env_CAIRO_LIBS_value=
ac_cv_env_CCC_set=
ac_cv_env_CCC_value=
ac_cv_env_CC_set=set
ac_cv_env_CC_value='/Applications/Xcode.app/Contents/Developer/Toolchains/XcodeDefault.xctoolchain/usr/bin/clang -arch x86_64'
ac_cv_env_CFLAGS_set=
ac_cv_env_CFLAGS_value=
ac_cv_env_COINMP_CFLAGS_set=
ac_cv_env_COINMP_CFLAGS_value=
ac_cv_env_COINMP_LIBS_set=
ac_cv_env_COINMP_LIBS_value=
ac_cv_env_CPPFLAGS_set=
ac_cv_env_CPPFLAGS_value=
ac_cv_env_CPPUNIT_CFLAGS_set=
ac_cv_env_CPPUNIT_CFLAGS_value=
ac_cv_env_CPPUNIT_LIBS_set=
ac_cv_env_CPPUNIT_LIBS_value=
ac_cv_env_CPP_set=
ac_cv_env_CPP_value=
ac_cv_env_CXXCPP_set=
ac_cv_env_CXXCPP_value=
ac_cv_env_CXXFLAGS_set=
ac_cv_env_CXXFLAGS_value=
ac_cv_env_CXX_set=set
ac_cv_env_CXX_value='/Applications/Xcode.app/Contents/Developer/Toolchains/XcodeDefault.xctoolchain/usr/bin/clang++ -arch x86_64 -std=c++11'
ac_cv_env_DBUS_CFLAGS_set=
ac_cv_env_DBUS_CFLAGS_value=
ac_cv_env_DBUS_LIBS_set=
ac_cv_env_DBUS_LIBS_value=
ac_cv_env_FREETYPE_CFLAGS_set=
ac_cv_env_FREETYPE_CFLAGS_value=
ac_cv_env_FREETYPE_LIBS_set=
ac_cv_env_FREETYPE_LIBS_value=
ac_cv_env_GCONF_CFLAGS_set=
ac_cv_env_GCONF_CFLAGS_value=
ac_cv_env_GCONF_LIBS_set=
ac_cv_env_GCONF_LIBS_value=
ac_cv_env_GIO_CFLAGS_set=
ac_cv_env_GIO_CFLAGS_value=
ac_cv_env_GIO_LIBS_set=
ac_cv_env_GIO_LIBS_value=
ac_cv_env_GNOMEVFS_CFLAGS_set=
ac_cv_env_GNOMEVFS_CFLAGS_value=
ac_cv_env_GNOMEVFS_LIBS_set=
ac_cv_env_GNOMEVFS_LIBS_value=
ac_cv_env_GOBJECT_CFLAGS_set=
ac_cv_env_GOBJECT_CFLAGS_value=
ac_cv_env_GOBJECT_LIBS_set=
ac_cv_env_GOBJECT_LIBS_value=
ac_cv_env_GRAPHITE_CFLAGS_set=
ac_cv_env_GRAPHITE_CFLAGS_value=
ac_cv_env_GRAPHITE_LIBS_set=
ac_cv_env_GRAPHITE_LIBS_value=
ac_cv_env_GSTREAMER_CFLAGS_set=
ac_cv_env_GSTREAMER_CFLAGS_value=
ac_cv_env_GSTREAMER_LIBS_set=
ac_cv_env_GSTREAMER_LIBS_value=
ac_cv_env_GTHREAD_CFLAGS_set=
ac_cv_env_GTHREAD_CFLAGS_value=
ac_cv_env_GTHREAD_LIBS_set=
ac_cv_env_GTHREAD_LIBS_value=
ac_cv_env_GTK_2_10_CFLAGS_set=
ac_cv_env_GTK_2_10_CFLAGS_value=
ac_cv_env_GTK_2_10_LIBS_set=
ac_cv_env_GTK_2_10_LIBS_value=
ac_cv_env_GTK_CFLAGS_set=
ac_cv_env_GTK_CFLAGS_value=
ac_cv_env_GTK_LIBS_set=
ac_cv_env_GTK_LIBS_value=
ac_cv_env_HUNSPELL_CFLAGS_set=
ac_cv_env_HUNSPELL_CFLAGS_value=
ac_cv_env_HUNSPELL_LIBS_set=
ac_cv_env_HUNSPELL_LIBS_value=
ac_cv_env_LDFLAGS_set=
ac_cv_env_LDFLAGS_value=
ac_cv_env_LIBS_set=
ac_cv_env_LIBS_value=
ac_cv_env_LIBWPD_CFLAGS_set=
ac_cv_env_LIBWPD_CFLAGS_value=
ac_cv_env_LIBWPD_LIBS_set=
ac_cv_env_LIBWPD_LIBS_value=
ac_cv_env_LIBXML_CFLAGS_set=set
ac_cv_env_LIBXML_CFLAGS_value=-I/Applications/Xcode.app/Contents/Developer/Platforms/MacOSX.platform/Developer/SDKs/MacOSX10.10.sdk/usr/include/libxml2
ac_cv_env_LIBXML_LIBS_set=set
ac_cv_env_LIBXML_LIBS_value=-lxml2
ac_cv_env_LIBXSLT_CFLAGS_set=set
ac_cv_env_LIBXSLT_CFLAGS_value=-I/usr/include/libxml2
ac_cv_env_LIBXSLT_LIBS_set=set
ac_cv_env_LIBXSLT_LIBS_value='-lxml2 -lxslt'
ac_cv_env_MYTHES_CFLAGS_set=
ac_cv_env_MYTHES_CFLAGS_value=
ac_cv_env_MYTHES_LIBS_set=
ac_cv_env_MYTHES_LIBS_value=
ac_cv_env_NSS_CFLAGS_set=
ac_cv_env_NSS_CFLAGS_value=
ac_cv_env_NSS_LIBS_set=
ac_cv_env_NSS_LIBS_value=
ac_cv_env_OPENSSL_CFLAGS_set=
ac_cv_env_OPENSSL_CFLAGS_value=
ac_cv_env_OPENSSL_LIBS_set=set
ac_cv_env_OPENSSL_LIBS_value='-lssl -lcrypto'
ac_cv_env_PKG_CONFIG_LIBDIR_set=
ac_cv_env_PKG_CONFIG_LIBDIR_value=
ac_cv_env_PKG_CONFIG_PATH_set=
ac_cv_env_PKG_CONFIG_PATH_value=
ac_cv_env_PKG_CONFIG_set=
ac_cv_env_PKG_CONFIG_value=
ac_cv_env_POPPLER_CFLAGS_set=
ac_cv_env_POPPLER_CFLAGS_value=
ac_cv_env_POPPLER_LIBS_set=
ac_cv_env_POPPLER_LIBS_value=
ac_cv_env_REDLAND_CFLAGS_set=
ac_cv_env_REDLAND_CFLAGS_value=
ac_cv_env_REDLAND_LIBS_set=
ac_cv_env_REDLAND_LIBS_value=
ac_cv_env_SERF_CFLAGS_set=
ac_cv_env_SERF_CFLAGS_value=
ac_cv_env_SERF_LIBS_set=
ac_cv_env_SERF_LIBS_value=
ac_cv_env_XMKMF_set=
ac_cv_env_XMKMF_value=
ac_cv_env_XRANDR_CFLAGS_set=
ac_cv_env_XRANDR_CFLAGS_value=
ac_cv_env_XRANDR_LIBS_set=
ac_cv_env_XRANDR_LIBS_value=
ac_cv_env_build_alias_set=
ac_cv_env_build_alias_value=
ac_cv_env_host_alias_set=
ac_cv_env_host_alias_value=
ac_cv_env_target_alias_set=
ac_cv_env_target_alias_value=
ac_cv_func_getopt=yes
ac_cv_func_readdir_r=yes
ac_cv_header_Python_h=yes
ac_cv_header_cups_cups_h=yes
ac_cv_header_inttypes_h=yes
ac_cv_header_ldap_h=yes
ac_cv_header_memory_h=yes
ac_cv_header_stdc=yes
ac_cv_header_stdint_h=yes
ac_cv_header_stdlib_h=yes
ac_cv_header_string_h=yes
ac_cv_header_strings_h=yes
ac_cv_header_sys_stat_h=yes
ac_cv_header_sys_types_h=yes
ac_cv_header_unistd_h=yes
ac_cv_header_zlib_h=yes
ac_cv_host=x86_64-apple-darwin13.4.0
ac_cv_lib_ldap_ldap_set_option=yes
ac_cv_lib_ldap_ldap_simple_bind_s=yes
ac_cv_lib_z_deflate=yes
ac_cv_objext=o
ac_cv_path_ANT=/Users/jsc/dev/tools/apache-ant-1.9.3/dist/bin/ant
ac_cv_path_AWK=/usr/bin/awk
ac_cv_path_BISON=/usr/bin/bison
ac_cv_path_CCACHE=not_found
ac_cv_path_CURLCONFIG=/usr/bin/curl-config
ac_cv_path_EGREP='/usr/bin/grep -E'
ac_cv_path_FLEX=/usr/bin/flex
ac_cv_path_GNUCP=/bin/cp
ac_cv_path_GPERF=/usr/bin/gperf
ac_cv_path_GREP=/usr/bin/grep
ac_cv_path_PATCH=/usr/bin/patch
ac_cv_path_PERL=/usr/bin/perl
ac_cv_path_SED=/usr/bin/sed
ac_cv_path_SHELLPATH=/bin/bash
ac_cv_path_UNZIP=/usr/bin/unzip
ac_cv_path_XSLTPROC=/usr/bin/xsltproc
ac_cv_path_ZIP=/usr/bin/zip
ac_cv_prog_AWK=awk
ac_cv_prog_CPP='/Applications/Xcode.app/Contents/Developer/Toolchains/XcodeDefault.xctoolchain/usr/bin/clang -arch x86_64 -E'
ac_cv_prog_CXXCPP='/Applications/Xcode.app/Contents/Developer/Toolchains/XcodeDefault.xctoolchain/usr/bin/clang++ -arch x86_64 -std=c++11 -E'
ac_cv_prog_ac_ct_CC='/Applications/Xcode.app/Contents/Developer/Toolchains/XcodeDefault.xctoolchain/usr/bin/clang -arch x86_64'
ac_cv_prog_cc_c89=
ac_cv_prog_cc_g=yes
ac_cv_prog_cxx_g=yes
ac_cv_sizeof_long=8
ac_cv_sys_file_offset_bits=no
ac_cv_sys_largefile_CC=no
ac_cv_target=x86_64-apple-darwin13.4.0

## ----------------- ##
## Output variables. ##
## ----------------- ##

ABOUT_BITMAPS=''
ADDITIONAL_REPOSITORIES='../ext_libraries ../extras'
ALLOC=''
ANT='/Users/jsc/dev/tools/apache-ant-1.9.3/dist/bin/ant'
ANT_HOME='/Users/jsc/dev/tools/apache-ant-1.9.3/dist'
ANT_LIB='/Users/jsc/dev/tools/apache-ant-1.9.3/dist/lib'
APR_CFLAGS=''
APR_LIBS=''
APR_UTIL_CFLAGS=''
APR_UTIL_LIBS=''
ARM_TARGET=''
ASM_HOME='NO_ASM_HOME'
ATL_INCLUDE=''
ATL_LIB=''
ATL_LIB_X64=''
AWK='/usr/bin/awk'
AWTLIB='-ljawt'
BISON='/usr/bin/bison'
BSH_JAR=''
BUILD_EPM='NO'
BUILD_PIXMAN=''
BUILD_STAX='YES'
BUILD_TYPE='OOo ODK JPEG EXPAT LIBXMLSEC LUCENE HSQLDB BSH SAXON RHINO APR APR_UTIL SERF COINMP COINMP MDDS BOOST VIGRA UNIXODBC NSS SANE ICU X11_EXTENSIONS NSS REDLAND HUNSPELL HYPHEN MYTHES LIBTEXTCAT LIBTEXTCATDATA SWEXT TOMCAT APACHE_COMMONS TOMCAT MATHMLDTD CATB_FONTS MORE_FONTS AFMS L10N'
BUILD_UNOWINREG='NO'
BUILD_VER_STRING='2015-10-21 09:36:46 (Wed, 21 Oct 2015)'
BUILD_X64=''
BUNDLED_EXTENSION_BLOBS=''
BUNDLED_PREREG_EXTENSIONS=''
BZIP2=''
CAIRO_CFLAGS=''
CAIRO_LIBS=''
CC='/Applications/Xcode.app/Contents/Developer/Toolchains/XcodeDefault.xctoolchain/usr/bin/clang -arch x86_64'
CCACHE='not_found'
CC_PATH='/Applications/Xcode.app/Contents/Developer/Toolchains/XcodeDefault.xctoolchain/usr/bin/'
CFLAGS='-g -O2'
COINMP_CFLAGS=''
COINMP_LIBS=''
COMEX=''
COMMONS_CODEC_JAR=''
COMMONS_HTTPCLIENT_JAR=''
COMMONS_LANG_JAR=''
COMMONS_LOGGING_JAR=''
COMPATH='/Applications/Xcode.app/Contents/Developer/Toolchains/XcodeDefault.xctoolchain/usr'
COM_IS=''
CPP='/Applications/Xcode.app/Contents/Developer/Toolchains/XcodeDefault.xctoolchain/usr/bin/clang -arch x86_64 -E'
CPPFLAGS=''
CPPUNIT_CFLAGS=''
CPPUNIT_LIBS=''
CRYPT_LINK=''
CSC_PATH=''
CURLCONFIG='/usr/bin/curl-config'
CURL_CFLAGS=''
CURL_LIBS='-lcurl'
CUSTOM_PACK_LIST='/Users/jsc/dev/svn/aoo-build-pack.lst'
CXX='/Applications/Xcode.app/Contents/Developer/Toolchains/XcodeDefault.xctoolchain/usr/bin/clang++ -arch x86_64 -std=c++11'
CXXCPP='/Applications/Xcode.app/Contents/Developer/Toolchains/XcodeDefault.xctoolchain/usr/bin/clang++ -arch x86_64 -std=c++11 -E'
CXXFLAGS='-g -O2'
CYGWIN_PATH='NO_CYGWIN'
DBUS_CFLAGS=''
DBUS_LIBS=''
DEFS='-DPACKAGE_NAME=\"\" -DPACKAGE_TARNAME=\"\" -DPACKAGE_VERSION=\"\" -DPACKAGE_STRING=\"\" -DPACKAGE_BUGREPORT=\"\" -DPACKAGE_URL=\"\" -DSTDC_HEADERS=1 -DHAVE_SYS_TYPES_H=1 -DHAVE_SYS_STAT_H=1 -DHAVE_STDLIB_H=1 -DHAVE_STRING_H=1 -DHAVE_MEMORY_H=1 -DHAVE_STRINGS_H=1 -DHAVE_INTTYPES_H=1 -DHAVE_STDINT_H=1 -DHAVE_UNISTD_H=1 -DSIZEOF_LONG=8 -DHAVE_LDAP_H=1 -DHAVE_LIBLDAP=1 -DHAVE_LIBLDAP=1 -DHAVE_GETOPT=1 -DHAVE_READDIR_R=1'
DICT_SYSTEM_DIR=''
DIRECTXSDK_HOME=''
DIRECTXSDK_LIB=''
DISABLE_ACTIVEX=''
DISABLE_ATL=''
DISABLE_SAXON=''
DISABLE_STRIP=''
DMAKE='/Users/jsc/dev/tools/bin/dmake'
DMAKE_PATH='/Users/jsc/dev/tools/bin/dmake'
DMAKE_URL=''
DO_FETCH_TARBALLS='yes'
DPKG=''
ECHO_C='\c'
ECHO_N=''
ECHO_T=''
EGREP='/usr/bin/grep -E'
ENABLE_BEANSHELL='YES'
ENABLE_BUNDLED_DICTIONARIES='YES'
ENABLE_CAIRO=''
ENABLE_CAIRO_CANVAS='FALSE'
ENABLE_CATEGORY_B='YES'
ENABLE_COINMP='YES'
ENABLE_CRASHDUMP=''
ENABLE_CUPS=''
ENABLE_DBUS=''
ENABLE_DEBUG='FALSE'
ENABLE_DIRECTX=''
ENABLE_DIRECT_DRAW=''
ENABLE_EVOAB2=''
ENABLE_FONTCONFIG=''
ENABLE_GCONF=''
ENABLE_GIO=''
ENABLE_GNOMEVFS=''
ENABLE_GRAPHITE='FALSE'
ENABLE_GSTREAMER=''
ENABLE_GTK=''
ENABLE_HUNSPELL='YES'
ENABLE_HYPHEN='YES'
ENABLE_JAVASCRIPT='YES'
ENABLE_KAB=''
ENABLE_KDE4=''
ENABLE_KDE=''
ENABLE_LAYOUT='FALSE'
ENABLE_LOCKDOWN=''
ENABLE_MEDIAWIKI='YES'
ENABLE_MYSQLC='NO'
ENABLE_NSS_MODULE='YES'
ENABLE_ONLINE_UPDATE='YES'
ENABLE_OPENGL=''
ENABLE_PCH=''
ENABLE_PDFIMPORT='NO'
ENABLE_RANDR=''
ENABLE_REPORTBUILDER='NO'
ENABLE_RPATH='yes'
ENABLE_STATIC_GTK='FALSE'
ENABLE_SYMBOLS=''
ENABLE_SYSTRAY_GTK=''
ENABLE_WERROR='FALSE'
EPM='/Users/jsc/dev/tools/bin/epm/epm'
EPM_URL=''
EXCEPTIONS=''
EXEEXT=''
FBSD_GCC_RPATH=''
FLEX='/usr/bin/flex'
FLUTE_JAR=''
FRAME_HOME=''
FREETYPE_CFLAGS=''
FREETYPE_LIBS=''
GCCVER='40201'
GCC_HOME='/usr'
GCONF_CFLAGS=''
GCONF_LIBS=''
GIO_CFLAGS=''
GIO_LIBS=''
GNOMEVFS_CFLAGS=''
GNOMEVFS_LIBS=''
GNUCP=''
GNUMAKE='make'
GNUPATCH='/usr/bin/patch'
GNUTAR='gnutar'
GOBJECT_CFLAGS=''
GOBJECT_LIBS=''
GPERF='/usr/bin/gperf'
GRAPHITE_CFLAGS=''
GRAPHITE_LIBS=''
GREP='/usr/bin/grep'
GSTREAMER_CFLAGS=''
GSTREAMER_LIBS=''
GTHREAD_CFLAGS=''
GTHREAD_LIBS=''
GTK_2_10_CFLAGS=''
GTK_2_10_LIBS=''
GTK_CFLAGS=''
GTK_LIBS=''
GXX_INCLUDE_PATH='/usr/include/c++/4.2.1'
HAVE_ATLTHUNK=''
HAVE_GCC_VISIBILITY_FEATURE='TRUE'
HAVE_GETOPT='YES'
HAVE_LD_BSYMBOLIC_FUNCTIONS=''
HAVE_LD_HASH_STYLE='FALSE'
HAVE_READDIR_R='YES'
HOME='/Users/jsc'
HSQLDB_JAR=''
HUNSPELL_CFLAGS=''
HUNSPELL_LIBS=''
HYPHEN_LIB=''
HYPH_SYSTEM_DIR=''
ICUCONFIG=''
ICU_MAJOR=''
ICU_MICRO=''
ICU_MINOR=''
INTRO_BITMAPS=''
IS_SYSTEM_DMAKE=''
JAVAAOTCOMPILER=''
JAVACISGCJ=''
JAVACOMPILER='/Library/Java/JavaVirtualMachines/jdk1.7.0_67.jdk/Contents/Home/bin/javac'
JAVADOC='/Library/Java/JavaVirtualMachines/jdk1.7.0_67.jdk/Contents/Home/bin/javadoc'
JAVAFLAGS=''
JAVAIFLAGS=''
JAVAINTERPRETER='/Library/Java/JavaVirtualMachines/jdk1.7.0_67.jdk/Contents/Home/bin/java'
JAVA_HOME='/Library/Java/JavaVirtualMachines/jdk1.7.0_67.jdk/Contents/Home'
JDK='sun'
JFREEREPORT_JAR=''
KDE4_CFLAGS=''
KDE4_LIBS=''
KDE_CFLAGS=''
KDE_LIBS=''
LDFLAGS=''
LFS_CFLAGS='-D_FILE_OFFSET_BITS=no'
LIBBASE_JAR=''
LIBFONTS_JAR=''
LIBFORMULA_JAR=''
LIBINTL_PREFIX=''
LIBLAYOUT_JAR=''
LIBLOADER_JAR=''
LIBMYSQL_PATH=''
LIBOBJS=''
LIBREPOSITORY_JAR=''
LIBS='-lldap -lldap '
LIBSERIALIZER_JAR=''
LIBWPD_CFLAGS=''
LIBWPD_LIBS=''
LIBXML_CFLAGS='-I/Applications/Xcode.app/Contents/Developer/Platforms/MacOSX.platform/Developer/SDKs/MacOSX10.10.sdk/usr/include/libxml2'
LIBXML_JAR=''
LIBXML_LIBS='-lxml2'
LIBXSLT_CFLAGS='-I/usr/include/libxml2'
LIBXSLT_LIBS='-lxml2 -lxslt'
LOCAL_SOLENV='DEFAULT'
LOCAL_SOLVER='DEFAULT'
LTLIBOBJS=''
LUCENE_ANALYZERS_JAR=''
LUCENE_CORE_JAR=''
MACOSX_DEPLOYMENT_TARGET='10.7'
MACOSX_SDK_PATH='/Applications/Xcode.app/Contents/Developer/Platforms/MacOSX.platform/Developer/SDKs/MacOSX10.10.sdk'
MFC_INCLUDE=''
MFC_LIB=''
MIDL_PATH=''
MINGWCXX=''
MINGWSTRIP=''
MINGW_BACKWARD_INCLUDE_PATH=''
MINGW_CLIB_DIR=''
MINGW_GCCDLL=''
MINGW_GCCLIB_EH=''
MINGW_GXXDLL=''
MINGW_LIB_INCLUDE_PATH=''
MINGW_SHARED_GCCLIB=''
MINGW_SHARED_GXXLIB=''
MINGW_SHARED_LIBSTDCPP=''
ML_EXE=''
MOC4='moc'
MOC='moc'
MOCQT4=''
MOZILLABUILD=''
MOZ_INC=''
MSPDB_PATH=''
MYSQLCONFIG=''
MYSQL_DEFINES=''
MYSQL_INC=''
MYSQL_LIB=''
MYTHES_CFLAGS=''
MYTHES_LIBS=''
NEW_SHADOW_API=''
NSIS_PATH=''
NSS_CFLAGS=''
NSS_LIBS=''
OBJEXT='o'
OOO_JUNIT_JAR='/Users/jsc/dev/tools/junit/junit-4.11.jar'
OOO_VENDOR=''
OPENSSL_CFLAGS=''
OPENSSL_LIBS='-lssl -lcrypto'
OSVERSION=''
PACKAGE_BUGREPORT=''
PACKAGE_NAME=''
PACKAGE_STRING=''
PACKAGE_TARNAME=''
PACKAGE_URL=''
PACKAGE_VERSION=''
PAM=''
PAM_LINK=''
PATCH='/usr/bin/patch'
PATH_SEPARATOR=':'
PERL='/usr/bin/perl'
PKGFORMAT='dmg'
PKGMK=''
PKG_CONFIG=''
PKG_CONFIG_LIBDIR=''
PKG_CONFIG_PATH=''
POPPLER_CFLAGS=''
POPPLER_LIBS=''
PRODUCT='full'
PROEXT='.pro'
PROFULLSWITCH='product=full'
PSDK_HOME=''
PTHREAD_CFLAGS=''
PTHREAD_LIBS=''
PYTHON=''
PYTHON_CFLAGS='-I/Library/Frameworks/Python.framework/Versions/2.7/include/python2.7'
PYTHON_EXEC_PREFIX=''
PYTHON_LIBS='-framework Python'
PYTHON_PLATFORM=''
PYTHON_PREFIX=''
PYTHON_VERSION=''
RAT_JAR_HOME=''
REDLAND_CFLAGS=''
REDLAND_LIBS=''
RPM=''
SAC_JAR=''
SAXON_JAR=''
SCPDEFS=' -DENABLE_ONLINE_UPDATE -DWITH_CATB_FONTS -DWITH_CATA_FONTS'
SED='/usr/bin/sed'
SERF_CFLAGS=''
SERF_LIBS=''
SERIALIZER_JAR=''
SERVLETAPI_JAR=''
SHELL='/bin/sh'
SHELLPATH='/bin'
SIZEOF_LONG='8'
SOLAR_JAVA='TRUE'
SOURCEVERSION='AOO412'
SYSTEM_APACHE_COMMONS='NO'
SYSTEM_APR='NO'
SYSTEM_APR_UTIL='NO'
SYSTEM_BOOST='NO'
SYSTEM_BSH='NO'
SYSTEM_CAIRO=''
SYSTEM_COINMP='NO'
SYSTEM_CPPUNIT='NO'
SYSTEM_CURL='YES'
SYSTEM_DICTS='NO'
SYSTEM_EXPAT='NO'
SYSTEM_GDKPIXBUF='YES'
SYSTEM_GENBRK=''
SYSTEM_GENCCODE=''
SYSTEM_GENCMN=''
SYSTEM_GETTEXT='YES'
SYSTEM_GLIB='YES'
SYSTEM_GRAPHITE=''
SYSTEM_HSQLDB='NO'
SYSTEM_HUNSPELL='NO'
SYSTEM_HYPH='NO'
SYSTEM_ICU='NO'
SYSTEM_JFREEREPORT=''
SYSTEM_JPEG='NO'
SYSTEM_LIBC='YES'
SYSTEM_LIBJPEG='NO'
SYSTEM_LIBPNG='NO'
SYSTEM_LIBTEXTCAT='NO'
SYSTEM_LIBTEXTCAT_DATA=''
SYSTEM_LIBWPD=''
SYSTEM_LIBXML='YES'
SYSTEM_LIBXSLT='YES'
SYSTEM_LUCENE='NO'
SYSTEM_MDDS='NO'
SYSTEM_MYSQL=''
SYSTEM_MYSQL_CPPCONN=''
SYSTEM_MYTHES='NO'
SYSTEM_NSS='NO'
SYSTEM_ODBC_HEADERS='NO'
SYSTEM_OPENSSL='YES'
SYSTEM_PANGO='YES'
SYSTEM_POPPLER=''
SYSTEM_PYTHON='YES'
SYSTEM_REDLAND='NO'
SYSTEM_SANE_HEADER='NO'
SYSTEM_SAXON='NO'
SYSTEM_SERF='NO'
SYSTEM_SERVLETAPI='NO'
SYSTEM_STDLIBS='NO'
SYSTEM_VIGRA='NO'
SYSTEM_XRENDER_HEADERS='NO'
SYSTEM_ZLIB='YES'
TARFILE_LOCATION='/Users/jsc/dev/svn/aoo410/ext_sources'
THES_SYSTEM_DIR=''
UNIXWRAPPERNAME=''
UNZIP='/usr/bin/unzip'
UPD='412'
USE_CCACHE=''
USE_FT_EMBOLDEN=''
USE_MINGW=''
USE_PACKAGER='YES'
USE_SYSTEM_STL='YES'
USE_XINERAMA='YES'
VALGRIND_CFLAGS=''
VC_STANDARD=''
VERBOSE='TRUE'
WINDOWS_VISTA_PSDK=''
WITHOUT_AFMS=''
WITHOUT_PPDS=''
WITH_CATA_FONTS='YES'
WITH_CATB_FONTS='YES'
WITH_CPPUNIT=''
WITH_DICT=',ALL,'
WITH_FONTS='YES'
WITH_LANG='kid ast bg ca ca-XR ca-XV cs da de el en-GB en-US es eu fi fr gd gl he hi hu it ja km ko lt nb nl pl pt pt-BR ru sk sl sr sv ta th tr vi zh-CN zh-TW'
WITH_LDAP='YES'
WITH_MINGWIN='0'
WITH_OPENLDAP='YES'
WITH_POOR_HELP_LOCALIZATIONS=''
WITH_VC_REDIST=''
WORDS_BIGENDIAN='no'
XAU_LIBS=''
XINC='no_x_includes'
XINERAMA_LINK='dynamic'
XLIB='no_x_libraries'
XMKMF=''
XRANDR_CFLAGS=''
XRANDR_DLOPEN=''
XRANDR_LIBS=''
XRENDER_LINK='NO'
XSLTPROC='/usr/bin/xsltproc'
X_CFLAGS=''
X_EXTRA_LIBS=''
X_LIBS=''
X_PRE_LIBS=''
ZIP='/usr/bin/zip'
ZIP_HOME='/usr/bin'
_cc=''
_solenv='./solenv'
ac_ct_CC='/Applications/Xcode.app/Contents/Developer/Toolchains/XcodeDefault.xctoolchain/usr/bin/clang -arch x86_64'
ac_ct_CXX=''
bindir='${exec_prefix}/bin'
build='x86_64-apple-darwin13.4.0'
build_alias=''
build_cpu='x86_64'
build_os='darwin13.4.0'
build_vendor='apple'
datadir='${datarootdir}'
datarootdir='${prefix}/share'
docdir='${datarootdir}/doc/${PACKAGE}'
dvidir='${docdir}'
exec_prefix='${prefix}'
host='x86_64-apple-darwin13.4.0'
host_alias=''
host_cpu='x86_64'
host_os='darwin13.4.0'
host_vendor='apple'
htmldir='${docdir}'
includedir='${prefix}/include'
infodir='${datarootdir}/info'
libdir='${exec_prefix}/lib'
libexecdir='${exec_prefix}/libexec'
localedir='${datarootdir}/locale'
localstatedir='${prefix}/var'
mandir='${datarootdir}/man'
nodep=''
oldincludedir='/usr/include'
pdfdir='${docdir}'
pkgpyexecdir=''
pkgpythondir=''
prefix='/usr/local'
program_transform_name='s,x,x,'
psdir='${docdir}'
pyexecdir=''
pythondir=''
sbindir='${exec_prefix}/sbin'
sharedstatedir='${prefix}/com'
sysconfdir='${prefix}/etc'
target='x86_64-apple-darwin13.4.0'
target_alias=''
target_cpu='x86_64'
target_os='darwin13.4.0'
target_vendor='apple'

## ----------- ##
## confdefs.h. ##
## ----------- ##

/* confdefs.h */
#define PACKAGE_NAME ""
#define PACKAGE_TARNAME ""
#define PACKAGE_VERSION ""
#define PACKAGE_STRING ""
#define PACKAGE_BUGREPORT ""
#define PACKAGE_URL ""
#define STDC_HEADERS 1
#define HAVE_SYS_TYPES_H 1
#define HAVE_SYS_STAT_H 1
#define HAVE_STDLIB_H 1
#define HAVE_STRING_H 1
#define HAVE_MEMORY_H 1
#define HAVE_STRINGS_H 1
#define HAVE_INTTYPES_H 1
#define HAVE_STDINT_H 1
#define HAVE_UNISTD_H 1
#define SIZEOF_LONG 8
#define HAVE_LDAP_H 1
#define HAVE_LIBLDAP 1
#define HAVE_LIBLDAP 1
#define HAVE_GETOPT 1
#define HAVE_READDIR_R 1

configure: exit 0
