This file contains any messages produced by compilers while
running configure, to aid debugging if configure makes a mistake.

It was created by configure, which was
generated by GNU Autoconf 2.59.  Invocation command line was

  $ ./configure --with-build-version=2018-10-23 15:17 - Linux i686 --enable-verbose --with-system-stdlibs --enable-crashdump=yes --enable-category-b --enable-wiki-publisher --enable-bundled-dictionaries --enable-opengl --enable-dbus --enable-gstreamer --without-junit --without-stlport --with-ant-home=/home/jim/ant --with-package-format=rpm deb --with-lang=ast bg ca ca-XR ca-XV cs da de el en-GB en-US es eu fi fr gd gl he hi hu it ja km ko lt nb nl pl pt pt-BR ru sk sl sr sv ta th tr vi zh-CN zh-TW --with-dmake-url=http://sourceforge.net/projects/oooextras.mirror/files/dmake-4.12.tar.bz2 --with-epm-url=http://sourceforge.net/projects/oooextras.mirror/files/epm-3.7.tar.gz

## --------- ##
## Platform. ##
## --------- ##

hostname = aoo-builder.localdomain
uname -m = i686
uname -r = 2.6.18-419.el5.centos.plusPAE
uname -s = Linux
uname -v = #1 SMP Sat Feb 25 15:18:00 UTC 2017

/usr/bin/uname -p = unknown
/bin/uname -X     = unknown

/bin/arch              = i686
/usr/bin/arch -k       = unknown
/usr/convex/getsysinfo = unknown
hostinfo               = unknown
/bin/machine           = unknown
/usr/bin/oslevel       = unknown
/bin/universe          = unknown

PATH: /home/jim/bin
PATH: /usr/kerberos/bin
PATH: /usr/lib/ccache
PATH: /home/jim/bin
PATH: /usr/local/bin
PATH: /usr/bin
PATH: /bin
PATH: /usr/X11R6/bin
PATH: .
PATH: /home/jim/bin
PATH: .


## ----------- ##
## Core tests. ##
## ----------- ##

configure:3470: checking whether configure is up-to-date
configure:3479: result: yes
configure:3506: checking for egrep
configure:3516: result: grep -E
configure:3525: checking for gawk
configure:3541: found /usr/bin/gawk
configure:3551: result: gawk
configure:3563: checking for gawk
configure:3581: found /usr/bin/gawk
configure:3593: result: /usr/bin/gawk
configure:3610: checking for sed
configure:3628: found /bin/sed
configure:3640: result: /bin/sed
configure:3656: checking for solenv environment
configure:3660: result: default
configure:3689: checking for custom pack.lst
configure:3703: result: no
configure:3741: checking build system type
configure:3759: result: i686-pc-linux-gnu
configure:3767: checking host system type
configure:3781: result: i686-pc-linux-gnu
configure:3789: checking target system type
configure:3803: result: i686-pc-linux-gnu
configure:4101: checking for pkg-config
configure:4119: found /usr/bin/pkg-config
configure:4131: result: /usr/bin/pkg-config
configure:4146: checking pkg-config is at least version 0.9.0
configure:4149: result: yes
configure:4159: checking whether to enable crashdump feature
configure:4164: result: yes
configure:4207: checking whether to turn warnings to errors
configure:4220: result: no
configure:4225: checking whether to do a debug build
configure:4236: result: no
configure:4241: checking whether to build with additional debug utilities
configure:4253: result: no, full product build
configure:4260: checking whether to include symbols into final build
configure:4284: result: no
configure:4289: checking whether to strip the solver or not.
configure:4310: result: yes
configure:4327: checking whether to enable category B components
configure:4348: result: yes: allow modules nss, hunspell, hyphen, saxon, rhino, beanshell, graphite, coinmp to be built
configure:4369: checking whether to enable the Online Update support
configure:4374: result: yes
configure:4384: checking whether to enable native CUPS support
configure:4388: result: yes
configure:4397: checking whether to enable fontconfig support
configure:4401: result: yes
configure:4466: checking whether to use RPATH in shared libraries
configure:4473: result: yes
configure:4494: checking whether to use dicts from external paths
configure:4528: result: no
configure:4583: checking for bash
configure:4601: found /bin/bash
configure:4613: result: /bin/bash
configure:4629: checking gcc home
configure:4636: result: /usr/lib/ccache/gcc
configure:4696: checking for gcc
configure:4712: found /usr/lib/ccache/gcc
configure:4722: result: gcc
configure:4966: checking for C compiler version
configure:4969: gcc --version </dev/null >&5
gcc (GCC) 4.1.2 20080704 (Red Hat 4.1.2-55)
Copyright (C) 2006 Free Software Foundation, Inc.
This is free software; see the source for copying conditions.  There is NO
warranty; not even for MERCHANTABILITY or FITNESS FOR A PARTICULAR PURPOSE.

configure:4972: $? = 0
configure:4974: gcc -v </dev/null >&5
Using built-in specs.
Target: i386-redhat-linux
Configured with: ../configure --prefix=/usr --mandir=/usr/share/man --infodir=/usr/share/info --enable-shared --enable-threads=posix --enable-checking=release --with-system-zlib --enable-__cxa_atexit --disable-libunwind-exceptions --enable-libgcj-multifile --enable-languages=c,c++,objc,obj-c++,java,fortran,ada --enable-java-awt=gtk --disable-dssi --disable-plugin --with-java-home=/usr/lib/jvm/java-1.4.2-gcj-1.4.2.0/jre --with-cpu=generic --host=i386-redhat-linux
Thread model: posix
gcc version 4.1.2 20080704 (Red Hat 4.1.2-55)
configure:4977: $? = 0
configure:4979: gcc -V </dev/null >&5
gcc: '-V' option must have argument
configure:4982: $? = 1
configure:5005: checking for C compiler default output file name
configure:5008: gcc    conftest.c  >&5
configure:5011: $? = 0
configure:5057: result: a.out
configure:5062: checking whether the C compiler works
configure:5068: ./a.out
configure:5071: $? = 0
configure:5088: result: yes
configure:5095: checking whether we are cross compiling
configure:5097: result: no
configure:5100: checking for suffix of executables
configure:5102: gcc -o conftest    conftest.c  >&5
configure:5105: $? = 0
configure:5130: result: 
configure:5136: checking for suffix of object files
configure:5157: gcc -c   conftest.c >&5
configure:5160: $? = 0
configure:5182: result: o
configure:5186: checking whether we are using the GNU C compiler
configure:5210: gcc -c   conftest.c >&5
configure:5216: $? = 0
configure:5220: test -z 
			 || test ! -s conftest.err
configure:5223: $? = 0
configure:5226: test -s conftest.o
configure:5229: $? = 0
configure:5242: result: yes
configure:5248: checking whether gcc accepts -g
configure:5269: gcc -c -g  conftest.c >&5
configure:5275: $? = 0
configure:5279: test -z 
			 || test ! -s conftest.err
configure:5282: $? = 0
configure:5285: test -s conftest.o
configure:5288: $? = 0
configure:5299: result: yes
configure:5316: checking for gcc option to accept ANSI C
configure:5386: gcc  -c -g -O2  conftest.c >&5
configure:5392: $? = 0
configure:5396: test -z 
			 || test ! -s conftest.err
configure:5399: $? = 0
configure:5402: test -s conftest.o
configure:5405: $? = 0
configure:5423: result: none needed
configure:5441: gcc -c -g -O2  conftest.c >&5
conftest.c:2: error: expected '=', ',', ';', 'asm' or '__attribute__' before 'me'
configure:5447: $? = 1
configure: failed program was:
| #ifndef __cplusplus
|   choke me
| #endif
configure:5605: checking for gcc
configure:5623: found /usr/lib/ccache/gcc
configure:5635: result: /usr/lib/ccache/gcc
configure:5652: checking the GNU gcc compiler version
configure:5675: result: checked (gcc 4.1.2)
configure:5694: checking for -Bsymbolic-functions linker support 
configure:5719: gcc -o conftest -g -O2   -Wl,-Bsymbolic-functions -Wl,--dynamic-list-cpp-new -Wl,--dynamic-list-cpp-typeinfo conftest.c  >&5
/usr/bin/ld: unrecognized option '-Bsymbolic-functions'
/usr/bin/ld: use the --help option for usage information
collect2: ld returned 1 exit status
configure:5725: $? = 1
configure: failed program was:
| /* confdefs.h.  */
| 
| #define PACKAGE_NAME ""
| #define PACKAGE_TARNAME ""
| #define PACKAGE_VERSION ""
| #define PACKAGE_STRING ""
| #define PACKAGE_BUGREPORT ""
| /* end confdefs.h.  */
| 
|    #include <stdio.h>
| 
| int
| main ()
| {
| 
|     printf ("hello world\n");
| 
|   ;
|   return 0;
| }
configure:5752: result: not found 
configure:5759: checking whether to enable pch feature
configure:5777: result: no
configure:5782: checking for GNU make
configure:5791: result: make
configure:5799: checking the GNU make version
configure:5804: result: make 3.81
configure:5813: checking for dmake
configure:5879: no system or user-provided dmake found
configure:5886: result: dmake will be downloaded and compiled in bootstrap
configure:5940: checking for GNU or compatible BSD tar
configure:5949: result: gtar
configure:6030: checking for --hash-style=both linker support 
configure:6054: gcc -o conftest -g -O2   -Wl,--hash-style=both conftest.c  >&5
configure:6060: $? = 0
configure:6064: test -z 
			 || test ! -s conftest.err
configure:6067: $? = 0
configure:6070: test -s conftest
configure:6073: $? = 0
configure:6085: result: found 
configure:6162: checking for perl
configure:6180: found /usr/local/bin/perl
configure:6192: result: /usr/local/bin/perl
configure:6214: checking the Perl version
configure:6223: result: checked (perl 5)
configure:6232: checking for required Perl modules
configure:6235: result: all modules found
configure:6676: checking how to run the C preprocessor
configure:6711: gcc -E  conftest.c
configure:6717: $? = 0
configure:6749: gcc -E  conftest.c
conftest.c:9:28: error: ac_nonexistent.h: No such file or directory
configure:6755: $? = 1
configure: failed program was:
| /* confdefs.h.  */
| 
| #define PACKAGE_NAME ""
| #define PACKAGE_TARNAME ""
| #define PACKAGE_VERSION ""
| #define PACKAGE_STRING ""
| #define PACKAGE_BUGREPORT ""
| /* end confdefs.h.  */
| #include <ac_nonexistent.h>
configure:6794: result: gcc -E
configure:6818: gcc -E  conftest.c
configure:6824: $? = 0
configure:6856: gcc -E  conftest.c
conftest.c:9:28: error: ac_nonexistent.h: No such file or directory
configure:6862: $? = 1
configure: failed program was:
| /* confdefs.h.  */
| 
| #define PACKAGE_NAME ""
| #define PACKAGE_TARNAME ""
| #define PACKAGE_VERSION ""
| #define PACKAGE_STRING ""
| #define PACKAGE_BUGREPORT ""
| /* end confdefs.h.  */
| #include <ac_nonexistent.h>
configure:6906: checking for ANSI C header files
configure:6931: gcc -c -g -O2  conftest.c >&5
configure:6937: $? = 0
configure:6941: test -z 
			 || test ! -s conftest.err
configure:6944: $? = 0
configure:6947: test -s conftest.o
configure:6950: $? = 0
configure:7039: gcc -o conftest -g -O2   conftest.c  >&5
conftest.c: In function 'main':
conftest.c:26: warning: incompatible implicit declaration of built-in function 'exit'
configure:7042: $? = 0
configure:7044: ./conftest
configure:7047: $? = 0
configure:7062: result: yes
configure:7127: checking for g++
configure:7143: found /usr/lib/ccache/g++
configure:7153: result: g++
configure:7169: checking for C++ compiler version
configure:7172: g++ --version </dev/null >&5
g++ (GCC) 4.1.2 20080704 (Red Hat 4.1.2-55)
Copyright (C) 2006 Free Software Foundation, Inc.
This is free software; see the source for copying conditions.  There is NO
warranty; not even for MERCHANTABILITY or FITNESS FOR A PARTICULAR PURPOSE.

configure:7175: $? = 0
configure:7177: g++ -v </dev/null >&5
Using built-in specs.
Target: i386-redhat-linux
Configured with: ../configure --prefix=/usr --mandir=/usr/share/man --infodir=/usr/share/info --enable-shared --enable-threads=posix --enable-checking=release --with-system-zlib --enable-__cxa_atexit --disable-libunwind-exceptions --enable-libgcj-multifile --enable-languages=c,c++,objc,obj-c++,java,fortran,ada --enable-java-awt=gtk --disable-dssi --disable-plugin --with-java-home=/usr/lib/jvm/java-1.4.2-gcj-1.4.2.0/jre --with-cpu=generic --host=i386-redhat-linux
Thread model: posix
gcc version 4.1.2 20080704 (Red Hat 4.1.2-55)
configure:7180: $? = 0
configure:7182: g++ -V </dev/null >&5
g++: '-V' option must have argument
configure:7185: $? = 1
configure:7188: checking whether we are using the GNU C++ compiler
configure:7212: g++ -c   conftest.cc >&5
configure:7218: $? = 0
configure:7222: test -z 
			 || test ! -s conftest.err
configure:7225: $? = 0
configure:7228: test -s conftest.o
configure:7231: $? = 0
configure:7244: result: yes
configure:7250: checking whether g++ accepts -g
configure:7271: g++ -c -g  conftest.cc >&5
configure:7277: $? = 0
configure:7281: test -z 
			 || test ! -s conftest.err
configure:7284: $? = 0
configure:7287: test -s conftest.o
configure:7290: $? = 0
configure:7301: result: yes
configure:7343: g++ -c -g -O2  conftest.cc >&5
configure:7349: $? = 0
configure:7353: test -z 
			 || test ! -s conftest.err
configure:7356: $? = 0
configure:7359: test -s conftest.o
configure:7362: $? = 0
configure:7388: g++ -c -g -O2  conftest.cc >&5
conftest.cc: In function 'int main()':
conftest.cc:14: error: 'exit' was not declared in this scope
configure:7394: $? = 1
configure: failed program was:
| /* confdefs.h.  */
| 
| #define PACKAGE_NAME ""
| #define PACKAGE_TARNAME ""
| #define PACKAGE_VERSION ""
| #define PACKAGE_STRING ""
| #define PACKAGE_BUGREPORT ""
| #define STDC_HEADERS 1
| /* end confdefs.h.  */
| 
| int
| main ()
| {
| exit (42);
|   ;
|   return 0;
| }
configure:7343: g++ -c -g -O2  conftest.cc >&5
configure:7349: $? = 0
configure:7353: test -z 
			 || test ! -s conftest.err
configure:7356: $? = 0
configure:7359: test -s conftest.o
configure:7362: $? = 0
configure:7388: g++ -c -g -O2  conftest.cc >&5
configure:7394: $? = 0
configure:7398: test -z 
			 || test ! -s conftest.err
configure:7401: $? = 0
configure:7404: test -s conftest.o
configure:7407: $? = 0
configure:7435: checking how to run the C++ preprocessor
configure:7466: g++ -E  conftest.cc
configure:7472: $? = 0
configure:7504: g++ -E  conftest.cc
conftest.cc:13:28: error: ac_nonexistent.h: No such file or directory
configure:7510: $? = 1
configure: failed program was:
| /* confdefs.h.  */
| 
| #define PACKAGE_NAME ""
| #define PACKAGE_TARNAME ""
| #define PACKAGE_VERSION ""
| #define PACKAGE_STRING ""
| #define PACKAGE_BUGREPORT ""
| #define STDC_HEADERS 1
| #ifdef __cplusplus
| extern "C" void std::exit (int) throw (); using std::exit;
| #endif
| /* end confdefs.h.  */
| #include <ac_nonexistent.h>
configure:7549: result: g++ -E
configure:7573: g++ -E  conftest.cc
configure:7579: $? = 0
configure:7611: g++ -E  conftest.cc
conftest.cc:13:28: error: ac_nonexistent.h: No such file or directory
configure:7617: $? = 1
configure: failed program was:
| /* confdefs.h.  */
| 
| #define PACKAGE_NAME ""
| #define PACKAGE_TARNAME ""
| #define PACKAGE_VERSION ""
| #define PACKAGE_STRING ""
| #define PACKAGE_BUGREPORT ""
| #define STDC_HEADERS 1
| #ifdef __cplusplus
| extern "C" void std::exit (int) throw (); using std::exit;
| #endif
| /* end confdefs.h.  */
| #include <ac_nonexistent.h>
configure:7669: checking how to run the C preprocessor
configure:7787: result: gcc -E
configure:7811: gcc -E  conftest.c
configure:7817: $? = 0
configure:7849: gcc -E  conftest.c
conftest.c:13:28: error: ac_nonexistent.h: No such file or directory
configure:7855: $? = 1
configure: failed program was:
| /* confdefs.h.  */
| 
| #define PACKAGE_NAME ""
| #define PACKAGE_TARNAME ""
| #define PACKAGE_VERSION ""
| #define PACKAGE_STRING ""
| #define PACKAGE_BUGREPORT ""
| #define STDC_HEADERS 1
| #ifdef __cplusplus
| extern "C" void std::exit (int) throw (); using std::exit;
| #endif
| /* end confdefs.h.  */
| #include <ac_nonexistent.h>
configure:7915: checking for sys/types.h
configure:7931: gcc -c -g -O2  conftest.c >&5
configure:7937: $? = 0
configure:7941: test -z 
			 || test ! -s conftest.err
configure:7944: $? = 0
configure:7947: test -s conftest.o
configure:7950: $? = 0
configure:7961: result: yes
configure:7915: checking for sys/stat.h
configure:7931: gcc -c -g -O2  conftest.c >&5
configure:7937: $? = 0
configure:7941: test -z 
			 || test ! -s conftest.err
configure:7944: $? = 0
configure:7947: test -s conftest.o
configure:7950: $? = 0
configure:7961: result: yes
configure:7915: checking for stdlib.h
configure:7931: gcc -c -g -O2  conftest.c >&5
configure:7937: $? = 0
configure:7941: test -z 
			 || test ! -s conftest.err
configure:7944: $? = 0
configure:7947: test -s conftest.o
configure:7950: $? = 0
configure:7961: result: yes
configure:7915: checking for string.h
configure:7931: gcc -c -g -O2  conftest.c >&5
configure:7937: $? = 0
configure:7941: test -z 
			 || test ! -s conftest.err
configure:7944: $? = 0
configure:7947: test -s conftest.o
configure:7950: $? = 0
configure:7961: result: yes
configure:7915: checking for memory.h
configure:7931: gcc -c -g -O2  conftest.c >&5
configure:7937: $? = 0
configure:7941: test -z 
			 || test ! -s conftest.err
configure:7944: $? = 0
configure:7947: test -s conftest.o
configure:7950: $? = 0
configure:7961: result: yes
configure:7915: checking for strings.h
configure:7931: gcc -c -g -O2  conftest.c >&5
configure:7937: $? = 0
configure:7941: test -z 
			 || test ! -s conftest.err
configure:7944: $? = 0
configure:7947: test -s conftest.o
configure:7950: $? = 0
configure:7961: result: yes
configure:7915: checking for inttypes.h
configure:7931: gcc -c -g -O2  conftest.c >&5
configure:7937: $? = 0
configure:7941: test -z 
			 || test ! -s conftest.err
configure:7944: $? = 0
configure:7947: test -s conftest.o
configure:7950: $? = 0
configure:7961: result: yes
configure:7915: checking for stdint.h
configure:7931: gcc -c -g -O2  conftest.c >&5
configure:7937: $? = 0
configure:7941: test -z 
			 || test ! -s conftest.err
configure:7944: $? = 0
configure:7947: test -s conftest.o
configure:7950: $? = 0
configure:7961: result: yes
configure:7915: checking for unistd.h
configure:7931: gcc -c -g -O2  conftest.c >&5
configure:7937: $? = 0
configure:7941: test -z 
			 || test ! -s conftest.err
configure:7944: $? = 0
configure:7947: test -s conftest.o
configure:7950: $? = 0
configure:7961: result: yes
configure:7973: checking for long
configure:7997: gcc -c -g -O2  conftest.c >&5
configure:8003: $? = 0
configure:8007: test -z 
			 || test ! -s conftest.err
configure:8010: $? = 0
configure:8013: test -s conftest.o
configure:8016: $? = 0
configure:8027: result: yes
configure:8030: checking size of long
configure:8349: gcc -o conftest -g -O2   conftest.c  >&5
configure:8352: $? = 0
configure:8354: ./conftest
configure:8357: $? = 0
configure:8380: result: 4
configure:8389: checking whether byte ordering is bigendian
configure:8416: gcc -c -g -O2  conftest.c >&5
configure:8422: $? = 0
configure:8426: test -z 
			 || test ! -s conftest.err
configure:8429: $? = 0
configure:8432: test -s conftest.o
configure:8435: $? = 0
configure:8459: gcc -c -g -O2  conftest.c >&5
conftest.c: In function 'main':
conftest.c:30: error: 'not' undeclared (first use in this function)
conftest.c:30: error: (Each undeclared identifier is reported only once
conftest.c:30: error: for each function it appears in.)
conftest.c:30: error: expected ';' before 'big'
configure:8465: $? = 1
configure: failed program was:
| /* confdefs.h.  */
| 
| #define PACKAGE_NAME ""
| #define PACKAGE_TARNAME ""
| #define PACKAGE_VERSION ""
| #define PACKAGE_STRING ""
| #define PACKAGE_BUGREPORT ""
| #define STDC_HEADERS 1
| #ifdef __cplusplus
| extern "C" void std::exit (int) throw (); using std::exit;
| #endif
| #define HAVE_SYS_TYPES_H 1
| #define HAVE_SYS_STAT_H 1
| #define HAVE_STDLIB_H 1
| #define HAVE_STRING_H 1
| #define HAVE_MEMORY_H 1
| #define HAVE_STRINGS_H 1
| #define HAVE_INTTYPES_H 1
| #define HAVE_STDINT_H 1
| #define HAVE_UNISTD_H 1
| #define SIZEOF_LONG 4
| /* end confdefs.h.  */
| #include <sys/types.h>
| #include <sys/param.h>
| 
| int
| main ()
| {
| #if BYTE_ORDER != BIG_ENDIAN
|  not big endian
| #endif
| 
|   ;
|   return 0;
| }
configure:8600: result: no
configure:8629: checking for special C compiler options needed for large files
configure:8728: result: no
configure:8734: checking for _FILE_OFFSET_BITS value needed for large files
configure:8765: gcc -c -g -O2  conftest.c >&5
conftest.c:29: warning: left shift count >= width of type
conftest.c:29: warning: left shift count >= width of type
conftest.c:31: error: size of array 'off_t_is_large' is negative
configure:8771: $? = 1
configure: failed program was:
| /* confdefs.h.  */
| 
| #define PACKAGE_NAME ""
| #define PACKAGE_TARNAME ""
| #define PACKAGE_VERSION ""
| #define PACKAGE_STRING ""
| #define PACKAGE_BUGREPORT ""
| #define STDC_HEADERS 1
| #ifdef __cplusplus
| extern "C" void std::exit (int) throw (); using std::exit;
| #endif
| #define HAVE_SYS_TYPES_H 1
| #define HAVE_SYS_STAT_H 1
| #define HAVE_STDLIB_H 1
| #define HAVE_STRING_H 1
| #define HAVE_MEMORY_H 1
| #define HAVE_STRINGS_H 1
| #define HAVE_INTTYPES_H 1
| #define HAVE_STDINT_H 1
| #define HAVE_UNISTD_H 1
| #define SIZEOF_LONG 4
| /* end confdefs.h.  */
| #include <sys/types.h>
|  /* Check that off_t can represent 2**63 - 1 correctly.
|     We can't simply define LARGE_OFF_T to be 9223372036854775807,
|     since some C++ compilers masquerading as C compilers
|     incorrectly reject 9223372036854775807.  */
| #define LARGE_OFF_T (((off_t) 1 << 62) - 1 + ((off_t) 1 << 62))
|   int off_t_is_large[(LARGE_OFF_T % 2147483629 == 721
| 		       && LARGE_OFF_T % 2147483647 == 1)
| 		      ? 1 : -1];
| int
| main ()
| {
| 
|   ;
|   return 0;
| }
configure:8818: gcc -c -g -O2  conftest.c >&5
configure:8824: $? = 0
configure:8828: test -z 
			 || test ! -s conftest.err
configure:8831: $? = 0
configure:8834: test -s conftest.o
configure:8837: $? = 0
configure:8849: result: 64
configure:8859: checking for _LARGE_FILES value needed for large files
configure:8890: gcc -c -g -O2  conftest.c >&5
configure:8896: $? = 0
configure:8900: test -z 
			 || test ! -s conftest.err
configure:8903: $? = 0
configure:8906: test -s conftest.o
configure:8909: $? = 0
configure:8974: result: no
configure:9451: checking cups/cups.h usability
configure:9463: gcc -c -g -O2  conftest.c >&5
configure:9469: $? = 0
configure:9473: test -z 
			 || test ! -s conftest.err
configure:9476: $? = 0
configure:9479: test -s conftest.o
configure:9482: $? = 0
configure:9492: result: yes
configure:9496: checking cups/cups.h presence
configure:9506: gcc -E  conftest.c
configure:9512: $? = 0
configure:9532: result: yes
configure:9567: checking for cups/cups.h
configure:9574: result: yes
configure:9590: checking whether to enable pam support
configure:9593: result: yes
configure:9606: checking security/pam_appl.h usability
configure:9618: gcc -c -g -O2  conftest.c >&5
configure:9624: $? = 0
configure:9628: test -z 
			 || test ! -s conftest.err
configure:9631: $? = 0
configure:9634: test -s conftest.o
configure:9637: $? = 0
configure:9647: result: yes
configure:9651: checking security/pam_appl.h presence
configure:9661: gcc -E  conftest.c
configure:9667: $? = 0
configure:9687: result: yes
configure:9722: checking for security/pam_appl.h
configure:9729: result: yes
configure:9742: checking whether to link to libpam
configure:9827: result: no, dynamically open it
configure:9844: checking whether to link to libcrypt
configure:9847: result: yes
configure:9851: checking for crypt in -lcrypt
configure:9881: gcc -o conftest -g -O2   conftest.c -lcrypt   >&5
configure:9887: $? = 0
configure:9891: test -z 
			 || test ! -s conftest.err
configure:9894: $? = 0
configure:9897: test -s conftest
configure:9900: $? = 0
configure:9913: result: yes
configure:10043: checking for C++ compiler version
configure:10046: g++ --version </dev/null >&5
g++ (GCC) 4.1.2 20080704 (Red Hat 4.1.2-55)
Copyright (C) 2006 Free Software Foundation, Inc.
This is free software; see the source for copying conditions.  There is NO
warranty; not even for MERCHANTABILITY or FITNESS FOR A PARTICULAR PURPOSE.

configure:10049: $? = 0
configure:10051: g++ -v </dev/null >&5
Using built-in specs.
Target: i386-redhat-linux
Configured with: ../configure --prefix=/usr --mandir=/usr/share/man --infodir=/usr/share/info --enable-shared --enable-threads=posix --enable-checking=release --with-system-zlib --enable-__cxa_atexit --disable-libunwind-exceptions --enable-libgcj-multifile --enable-languages=c,c++,objc,obj-c++,java,fortran,ada --enable-java-awt=gtk --disable-dssi --disable-plugin --with-java-home=/usr/lib/jvm/java-1.4.2-gcj-1.4.2.0/jre --with-cpu=generic --host=i386-redhat-linux
Thread model: posix
gcc version 4.1.2 20080704 (Red Hat 4.1.2-55)
configure:10054: $? = 0
configure:10056: g++ -V </dev/null >&5
g++: '-V' option must have argument
configure:10059: $? = 1
configure:10062: checking whether we are using the GNU C++ compiler
configure:10118: result: yes
configure:10124: checking whether g++ accepts -g
configure:10175: result: yes
configure:10217: g++ -c -g -O2  conftest.cc >&5
configure:10223: $? = 0
configure:10227: test -z 
			 || test ! -s conftest.err
configure:10230: $? = 0
configure:10233: test -s conftest.o
configure:10236: $? = 0
configure:10262: g++ -c -g -O2  conftest.cc >&5
configure:10268: $? = 0
configure:10272: test -z 
			 || test ! -s conftest.err
configure:10275: $? = 0
configure:10278: test -s conftest.o
configure:10281: $? = 0
configure:10307: checking the GNU C++ compiler version
configure:10313: result: checked (g++ 4.1.2)
configure:10386: checking for g++ include path
configure:10408: result: /usr/include/c++/4.1.2
configure:10552: checking exception type
configure:10615: result: 
configure:10723: checking what the default STL should be
configure:10737: checking whether gcc supports -fvisibility=hidden
configure:10757: gcc -o conftest -g -O2 -fvisibility=hidden   conftest.c -lcrypt  >&5
configure:10763: $? = 0
configure:10767: test -z 
			 || test ! -s conftest.err
configure:10770: $? = 0
configure:10773: test -s conftest
configure:10776: $? = 0
configure:10788: result: yes
configure:10799: checking whether we are allowed and able to use --ccache-skip
configure:10802: result: only used on Mac currently, skipping
configure:11111: checking which memory allocator to use
configure:11509: result: internal
configure:11515: checking whether to add custom build version
configure:11519: result: yes, 2018-10-23 15:17 - Linux i686
configure:11528: checking whether to build with Java support
configure:11531: result: yes
configure:11567: checking for java
configure:11585: found /usr/bin/java
configure:11597: result: /usr/bin/java
configure:11627: checking the installed JDK
configure:11720: result: checked (JDK 1.6.0_41)
configure:11753: checking for javac
configure:11771: found /usr/bin/javac
configure:11783: result: /usr/bin/javac
configure:11838: checking for javadoc
configure:11856: found /usr/bin/javadoc
configure:11868: result: /usr/bin/javadoc
configure:12058: checking for jawt lib name
configure:12588: result: -ljawt
configure:12594: checking whether to enable gcj aot compilation
configure:12658: result: no
configure:12674: checking whether to enable EPM for packing
configure:12677: result: yes
configure:12685: checking for epm
configure:12703: found /usr/local/bin/epm
configure:12716: result: /usr/local/bin/epm
configure:12729: result: epm will be downloaded and compiled in bootstrap
configure:12770: checking which package format to use
configure:12859: result: rpm deb
configure:12862: checking for rpm
configure:12883: result: /usr/bin/rpmbuild
configure:12894: checking for dpkg
configure:12912: found /usr/bin/dpkg
configure:12925: result: /usr/bin/dpkg
configure:13037: checking for gperf
configure:13055: found /usr/bin/gperf
configure:13067: result: /usr/bin/gperf
configure:13077: checking for gperf
configure:13107: result: /usr/bin/gperf
configure:13128: checking gperf version
configure:13131: result: OK
configure:13141: checking whether to build the stax
configure:13149: result: yes
configure:13154: checking whether to build the ODK
configure:13157: result: yes
configure:13160: checking for external/unowinreg/unowinreg.dll
configure:13168: result: found
configure:13708: checking whether to provide libstdc++/libgcc_s in the installset
configure:13712: result: no
configure:13725: checking which zlib to use
configure:13951: result: internal
configure:13958: checking which jpeg to use
configure:14183: result: internal
configure:14190: checking which expat to use
configure:14421: result: internal
configure:14428: checking which libwpd to use
configure:14547: result: no
configure:14556: checking which cppunit to use
configure:14642: WARNING: not using cppunit
configure:14652: checking whether freetype is available
configure:14656: checking for FREETYPE
configure:14663: $PKG_CONFIG --exists --print-errors "freetype2 >= 2.0 "
configure:14666: $? = 0
configure:14680: $PKG_CONFIG --exists --print-errors "freetype2 >= 2.0 "
configure:14683: $? = 0
configure:14761: result: yes
configure:14775: checking for FT_GlyphSlot_Embolden in -lfreetype
configure:14805: gcc -o conftest -g -O2  -I/usr/include/freetype2    -lfreetype   conftest.c -lfreetype  -lcrypt  >&5
configure:14811: $? = 0
configure:14815: test -z 
			 || test ! -s conftest.err
configure:14818: $? = 0
configure:14821: test -s conftest
configure:14824: $? = 0
configure:14837: result: yes
configure:14872: checking which libxslt to use
configure:15044: result: internal
configure:15054: checking which libxml to use
configure:15181: result: internal
configure:15235: checking which python to use
configure:15666: result: internal
configure:15676: checking for bzip2
configure:15694: found /usr/bin/bzip2
configure:15706: result: /usr/bin/bzip2
configure:15726: checking which lucene to use
configure:15957: result: internal
configure:15966: checking whether to build the MySQL Connector extension
configure:15984: result: no
configure:16410: checking which hsqldb to use
configure:16478: result: internal
configure:16487: checking which beanshell to use
configure:16524: result: internal
configure:16540: checking which saxon to use
configure:16756: result: internal
configure:16772: checking whether to enable support for JavaScript
configure:16776: result: yes
configure:16790: checking which libapr to use
configure:16908: result: internal
configure:16921: checking which libapr-util to use
configure:17039: result: internal
configure:17052: checking which libserf to use
configure:17171: result: internal
configure:17185: checking whether to enable support for CoinMP
configure:17189: result: yes
configure:17193: checking which coinmp to use
configure:17460: result: internal
configure:17479: checking which curl to use
configure:17548: result: internal
configure:17557: checking which mdds to use
configure:17723: result: internal
configure:17730: checking which boost to use
configure:18249: result: internal
configure:18256: checking which vigra to use
configure:18422: result: internal
configure:18429: checking which odbc headers to use
configure:18584: result: internal
configure:18591: checking whether to build XML Security support
configure:18597: result: yes
configure:18601: checking whether to build LDAP configuration backend
configure:18941: checking whether to build the internal NSS module
configure:18946: result: yes
configure:18998: checking which sane header to use
configure:19152: result: internal
configure:19159: checking which icu to use
configure:19413: result: internal
configure:19428: checking whether to enable graphite support
configure:19431: result: yes
configure:19434: checking which graphite to use
configure:19553: result: internal
configure:19602: checking for X
configure:19707: gcc -E  conftest.c
configure:19713: $? = 0
configure:19763: gcc -o conftest -g -O2   conftest.c -lX11 -lcrypt  >&5
configure:19769: $? = 0
configure:19773: test -z 
			 || test ! -s conftest.err
configure:19776: $? = 0
configure:19779: test -s conftest
configure:19782: $? = 0
configure:19832: result: libraries , headers 
configure:20004: gcc -o conftest -g -O2   conftest.c -lcrypt   -lX11 >&5
configure:20010: $? = 0
configure:20014: test -z 
			 || test ! -s conftest.err
configure:20017: $? = 0
configure:20020: test -s conftest
configure:20023: $? = 0
configure:20181: checking for gethostbyname
configure:20238: gcc -o conftest -g -O2   conftest.c -lcrypt  >&5
configure:20244: $? = 0
configure:20248: test -z 
			 || test ! -s conftest.err
configure:20251: $? = 0
configure:20254: test -s conftest
configure:20257: $? = 0
configure:20269: result: yes
configure:20420: checking for connect
configure:20477: gcc -o conftest -g -O2   conftest.c -lcrypt  >&5
configure:20483: $? = 0
configure:20487: test -z 
			 || test ! -s conftest.err
configure:20490: $? = 0
configure:20493: test -s conftest
configure:20496: $? = 0
configure:20508: result: yes
configure:20583: checking for remove
configure:20640: gcc -o conftest -g -O2   conftest.c -lcrypt  >&5
configure:20646: $? = 0
configure:20650: test -z 
			 || test ! -s conftest.err
configure:20653: $? = 0
configure:20656: test -s conftest
configure:20659: $? = 0
configure:20671: result: yes
configure:20746: checking for shmat
configure:20803: gcc -o conftest -g -O2   conftest.c -lcrypt  >&5
configure:20809: $? = 0
configure:20813: test -z 
			 || test ! -s conftest.err
configure:20816: $? = 0
configure:20819: test -s conftest
configure:20822: $? = 0
configure:20834: result: yes
configure:20918: checking for IceConnectionNumber in -lICE
configure:20948: gcc -o conftest -g -O2   conftest.c -lICE  -lcrypt  >&5
configure:20954: $? = 0
configure:20958: test -z 
			 || test ! -s conftest.err
configure:20961: $? = 0
configure:20964: test -s conftest
configure:20967: $? = 0
configure:20980: result: yes
configure:21010: checking for XOpenDisplay in -lX11
configure:21040: gcc -o conftest      conftest.c -lX11  -lcrypt  >&5
configure:21046: $? = 0
configure:21050: test -z 
			 || test ! -s conftest.err
configure:21053: $? = 0
configure:21056: test -s conftest
configure:21059: $? = 0
configure:21072: result: yes
configure:21082: checking for XauDisposeAuth in -lXau
configure:21112: gcc -o conftest      conftest.c -lXau  -lcrypt  >&5
configure:21118: $? = 0
configure:21122: test -z 
			 || test ! -s conftest.err
configure:21125: $? = 0
configure:21128: test -s conftest
configure:21131: $? = 0
configure:21144: result: yes
configure:21188: checking fontconfig/fontconfig.h usability
configure:21200: gcc -c    conftest.c >&5
configure:21206: $? = 0
configure:21210: test -z 
			 || test ! -s conftest.err
configure:21213: $? = 0
configure:21216: test -s conftest.o
configure:21219: $? = 0
configure:21229: result: yes
configure:21233: checking fontconfig/fontconfig.h presence
configure:21243: gcc -E   conftest.c
configure:21249: $? = 0
configure:21269: result: yes
configure:21304: checking for fontconfig/fontconfig.h
configure:21311: result: yes
configure:21324: checking whether fontconfig is >= 2.2.0
configure:21349: gcc -o conftest      conftest.c -lcrypt  >&5
configure:21352: $? = 0
configure:21354: ./conftest
configure:21357: $? = 0
configure:21359: result: yes
configure:21375: checking whether to link to Xrender
configure:21383: result: no, dynamically open it
configure:21387: checking which Xrender headers to use
configure:21541: result: internal
configure:21629: checking whether to enable RandR support
configure:21640: checking for XRANDR
configure:21647: $PKG_CONFIG --exists --print-errors "xrandr >= 1.2"
Requested 'xrandr >= 1.2' but version of Xrandr is 1.1.1
configure:21650: $? = 1
configure:21664: $PKG_CONFIG --exists --print-errors "xrandr >= 1.2"
Requested 'xrandr >= 1.2' but version of Xrandr is 1.1.1
configure:21667: $? = 1
configure:21681: result: no
Requested 'xrandr >= 1.2' but version of Xrandr is 1.1.1
configure:21720: checking X11/extensions/Xrandr.h usability
configure:21732: gcc -c    conftest.c >&5
In file included from conftest.c:60:
/usr/include/X11/extensions/Xrandr.h:49: error: expected specifier-qualifier-list before 'Bool'
/usr/include/X11/extensions/Xrandr.h:68: error: expected '=', ',', ';', 'asm' or '__attribute__' before 'XRRQueryExtension'
/usr/include/X11/extensions/Xrandr.h:69: error: expected '=', ',', ';', 'asm' or '__attribute__' before 'XRRQueryVersion'
/usr/include/X11/extensions/Xrandr.h:73: error: expected ')' before '*' token
/usr/include/X11/extensions/Xrandr.h:85: error: expected '=', ',', ';', 'asm' or '__attribute__' before 'XRRSetScreenConfig'
/usr/include/X11/extensions/Xrandr.h:93: error: expected '=', ',', ';', 'asm' or '__attribute__' before 'XRRSetScreenConfigAndRate'
/usr/include/X11/extensions/Xrandr.h:104: error: expected '=', ',', ';', 'asm' or '__attribute__' before 'XRRConfigTimes'
/usr/include/X11/extensions/Xrandr.h:115: error: expected ')' before '*' token
/usr/include/X11/extensions/Xrandr.h:126: error: expected ')' before '*' token
/usr/include/X11/extensions/Xrandr.h:127: error: expected ')' before '*' token
/usr/include/X11/extensions/Xrandr.h:128: error: expected ')' before '*' token
/usr/include/X11/extensions/Xrandr.h:136: error: expected ')' before '*' token
/usr/include/X11/extensions/Xrandr.h:137: error: expected ')' before '*' token
/usr/include/X11/extensions/Xrandr.h:138: error: expected ')' before '*' token
/usr/include/X11/extensions/Xrandr.h:139: error: expected '=', ',', ';', 'asm' or '__attribute__' before 'XRRTimes'
/usr/include/X11/extensions/Xrandr.h:147: error: expected ')' before '*' token
configure:21738: $? = 1
configure: failed program was:
| /* confdefs.h.  */
| 
| #define PACKAGE_NAME ""
| #define PACKAGE_TARNAME ""
| #define PACKAGE_VERSION ""
| #define PACKAGE_STRING ""
| #define PACKAGE_BUGREPORT ""
| #define STDC_HEADERS 1
| #ifdef __cplusplus
| extern "C" void std::exit (int) throw (); using std::exit;
| #endif
| #define HAVE_SYS_TYPES_H 1
| #define HAVE_SYS_STAT_H 1
| #define HAVE_STDLIB_H 1
| #define HAVE_STRING_H 1
| #define HAVE_MEMORY_H 1
| #define HAVE_STRINGS_H 1
| #define HAVE_INTTYPES_H 1
| #define HAVE_STDINT_H 1
| #define HAVE_UNISTD_H 1
| #define SIZEOF_LONG 4
| #define _FILE_OFFSET_BITS 64
| #define HAVE_LIBCRYPT 1
| /* end confdefs.h.  */
| #include <stdio.h>
| #if HAVE_SYS_TYPES_H
| # include <sys/types.h>
| #endif
| #if HAVE_SYS_STAT_H
| # include <sys/stat.h>
| #endif
| #if STDC_HEADERS
| # include <stdlib.h>
| # include <stddef.h>
| #else
| # if HAVE_STDLIB_H
| #  include <stdlib.h>
| # endif
| #endif
| #if HAVE_STRING_H
| # if !STDC_HEADERS && HAVE_MEMORY_H
| #  include <memory.h>
| # endif
| # include <string.h>
| #endif
| #if HAVE_STRINGS_H
| # include <strings.h>
| #endif
| #if HAVE_INTTYPES_H
| # include <inttypes.h>
| #else
| # if HAVE_STDINT_H
| #  include <stdint.h>
| # endif
| #endif
| #if HAVE_UNISTD_H
| # include <unistd.h>
| #endif
| #include <X11/extensions/Xrandr.h>
configure:21761: result: no
configure:21765: checking X11/extensions/Xrandr.h presence
configure:21775: gcc -E   conftest.c
configure:21781: $? = 0
configure:21801: result: yes
configure:21814: WARNING: X11/extensions/Xrandr.h: present but cannot be compiled
configure:21816: WARNING: X11/extensions/Xrandr.h:     check for missing prerequisite headers?
configure:21818: WARNING: X11/extensions/Xrandr.h: see the Autoconf documentation
configure:21820: WARNING: X11/extensions/Xrandr.h:     section "Present But Cannot Be Compiled"
configure:21822: WARNING: X11/extensions/Xrandr.h: proceeding with the preprocessor's result
configure:21824: WARNING: X11/extensions/Xrandr.h: in the future, the compiler will take precedence
configure:21836: checking for X11/extensions/Xrandr.h
configure:21843: result: yes
configure:21858: checking for XRRQueryExtension in -lXrandr
configure:21888: gcc -o conftest      conftest.c -lXrandr  -lcrypt  >&5
configure:21894: $? = 0
configure:21898: test -z 
			 || test ! -s conftest.err
configure:21901: $? = 0
configure:21904: test -s conftest
configure:21907: $? = 0
configure:21920: result: yes
configure:21937: result: enabling RandR support
configure:21951: checking which libnss to use
configure:22069: result: internal
configure:22081: checking which libssl to use
configure:22207: result: internal
configure:22216: checking which redland library to use
configure:22335: result: internal
configure:22344: checking whether to build the Spell Checking component
configure:22349: checking which libhunspell to use
configure:22805: result: internal
configure:22820: checking whether to build the Hyphenator component
configure:22825: checking which libhyphen to use
configure:23310: result: internal
configure:23337: checking which mythes to use
configure:23717: result: internal
configure:23727: checking which libtextcat to use
configure:23958: result: internal
configure:23965: checking which libtextcat data directory to use
configure:23976: result: internal
configure:23983: checking whether libc is >= 2.1.1
configure:23986: checking for gnu_get_libc_version in -lc
configure:24016: gcc -o conftest      conftest.c -lc  -lXrandr -lcrypt  >&5
configure:24022: $? = 0
configure:24026: test -z 
			 || test ! -s conftest.err
configure:24029: $? = 0
configure:24032: test -s conftest
configure:24035: $? = 0
configure:24048: result: yes
configure:24056: result: yes
configure:24070: checking for getopt
configure:24127: gcc -o conftest      conftest.c -lXrandr -lcrypt  >&5
configure:24133: $? = 0
configure:24137: test -z 
			 || test ! -s conftest.err
configure:24140: $? = 0
configure:24143: test -s conftest
configure:24146: $? = 0
configure:24158: result: yes
configure:24174: checking for readdir_r
configure:24231: gcc -o conftest      conftest.c -lXrandr -lcrypt  >&5
configure:24237: $? = 0
configure:24241: test -z 
			 || test ! -s conftest.err
configure:24244: $? = 0
configure:24247: test -s conftest
configure:24250: $? = 0
configure:24262: result: yes
configure:24653: checking for bison
configure:24671: found /usr/bin/bison
configure:24683: result: /usr/bin/bison
configure:24695: checking the bison version
configure:24706: result: checked (/usr/bin/bison 2.3)
configure:24717: checking for flex
configure:24735: found /usr/bin/flex
configure:24747: result: /usr/bin/flex
configure:24761: checking for patch
configure:24779: found /usr/bin/patch
configure:24791: result: /usr/bin/patch
configure:24839: checking for gnucp
configure:24872: result: no
configure:24839: checking for cp
configure:24857: found /bin/cp
configure:24869: result: /bin/cp
configure:24895: checking whether /bin/cp is GNU cp from coreutils with preserve= support
configure:24898: result: yes
configure:25049: checking for zip
configure:25067: found /usr/local/bin/zip
configure:25079: result: /usr/local/bin/zip
configure:25088: checking for unzip
configure:25106: found /usr/bin/unzip
configure:25118: result: /usr/bin/unzip
configure:25248: checking which VCLplugs shall be built
configure:25275: result: gtk
configure:25281: checking whether to enable GConf support
configure:25285: result: yes
configure:25289: checking for GCONF
configure:25296: $PKG_CONFIG --exists --print-errors "gconf-2.0 "
configure:25299: $? = 0
configure:25313: $PKG_CONFIG --exists --print-errors "gconf-2.0 "
configure:25316: $? = 0
configure:25394: result: yes
configure:25406: checking whether to enable GNOME VFS support
configure:25410: result: yes
configure:25414: checking for GNOMEVFS
configure:25421: $PKG_CONFIG --exists --print-errors "gnome-vfs-2.0 >= 2.6.0 "
configure:25424: $? = 0
configure:25438: $PKG_CONFIG --exists --print-errors "gnome-vfs-2.0 >= 2.6.0 "
configure:25441: $? = 0
configure:25519: result: yes
configure:25652: checking for GTK
configure:25659: $PKG_CONFIG --exists --print-errors "gtk+-2.0 >= 2.4 gdk-pixbuf-xlib-2.0 >= 2.2 "
configure:25662: $? = 0
configure:25676: $PKG_CONFIG --exists --print-errors "gtk+-2.0 >= 2.4 gdk-pixbuf-xlib-2.0 >= 2.2 "
configure:25679: $? = 0
configure:25721: result: yes
configure:25727: checking for GTHREAD
configure:25734: $PKG_CONFIG --exists --print-errors "gthread-2.0"
configure:25737: $? = 0
configure:25751: $PKG_CONFIG --exists --print-errors "gthread-2.0"
configure:25754: $? = 0
configure:25796: result: yes
configure:25805: checking for GTK_2_10
configure:25812: $PKG_CONFIG --exists --print-errors "gtk+-2.0 >= 2.10.0"
configure:25815: $? = 0
configure:25829: $PKG_CONFIG --exists --print-errors "gtk+-2.0 >= 2.10.0"
configure:25832: $? = 0
configure:25870: result: yes
configure:25877: checking whether to enable DBUS support
configure:25881: result: yes
configure:25885: checking for DBUS
configure:25892: $PKG_CONFIG --exists --print-errors "dbus-glib-1 >= 0.70 "
configure:25895: $? = 0
configure:25909: $PKG_CONFIG --exists --print-errors "dbus-glib-1 >= 0.70 "
configure:25912: $? = 0
configure:25990: result: yes
configure:25999: checking whether to enable GIO support
configure:26122: result: no
configure:26143: checking whether to build the GStreamer media backend
configure:26148: checking for GSTREAMER
configure:26155: $PKG_CONFIG --exists --print-errors "gtk+-2.0 >= 2.4 gthread-2.0 gstreamer-0.10 gstreamer-interfaces-0.10 "
configure:26158: $? = 0
configure:26172: $PKG_CONFIG --exists --print-errors "gtk+-2.0 >= 2.4 gthread-2.0 gstreamer-0.10 gstreamer-interfaces-0.10 "
configure:26175: $? = 0
configure:26217: result: yes
configure:26222: result: yes
configure:26258: checking whether to use cairo
configure:26451: result: no
configure:26469: checking whether to build the OpenGL Transitions component
configure:26474: result: yes
configure:26486: checking GL/gl.h usability
configure:26498: gcc -c    conftest.c >&5
configure:26504: $? = 0
configure:26508: test -z 
			 || test ! -s conftest.err
configure:26511: $? = 0
configure:26514: test -s conftest.o
configure:26517: $? = 0
configure:26527: result: yes
configure:26531: checking GL/gl.h presence
configure:26541: gcc -E   conftest.c
configure:26547: $? = 0
configure:26567: result: yes
configure:26602: checking for GL/gl.h
configure:26609: result: yes
configure:26623: checking for main in -lGL
configure:26647: gcc -o conftest      conftest.c -lGL  -lXrandr -lcrypt  >&5
configure:26653: $? = 0
configure:26657: test -z 
			 || test ! -s conftest.err
configure:26660: $? = 0
configure:26663: test -s conftest
configure:26666: $? = 0
configure:26679: result: yes
configure:26695: checking for main in -lGLU
configure:26719: gcc -o conftest      conftest.c -lGLU  -lGL -lXrandr -lcrypt  >&5
configure:26725: $? = 0
configure:26729: test -z 
			 || test ! -s conftest.err
configure:26732: $? = 0
configure:26735: test -s conftest
configure:26738: $? = 0
configure:26751: result: yes
configure:26775: checking whether to build the PDF Import extension
configure:26907: result: no
configure:26916: checking whether to build the Wiki Publisher extension
configure:26919: result: yes
configure:26921: checking for swext module
configure:26924: result: OK
configure:26941: checking which Servlet API Jar to use
configure:26977: result: internal
configure:26986: checking whether to build the Report Builder extension
configure:27849: result: no
configure:27870: checking which Apache commons-* libs to use
configure:28203: result: internal
configure:28588: checking whether to enable the lockdown pieces
configure:28596: result: no
configure:28601: checking whether to enable evolution 2 support
configure:28720: result: no
configure:28727: checking whether to enable KDE address book support
configure:28798: result: no
configure:28804: checking whether to include MathMLDTD
configure:28812: result: yes
configure:28823: checking whether to include category B fonts
configure:28826: result: yes
configure:28838: checking whether to include category A fonts
configure:28841: result: yes
configure:28853: checking whether any fonts are included
configure:28858: result: yes
configure:28869: checking whether to include PPDs
configure:28872: result: yes
configure:28882: checking whether to include AFMs
configure:28885: result: yes
configure:28898: checking whether and how to use Xinerama
configure:28934: result: yes, with dynamic linking
configure:28946: checking X11/extensions/Xinerama.h usability
configure:28958: gcc -c    conftest.c >&5
configure:28964: $? = 0
configure:28968: test -z 
			 || test ! -s conftest.err
configure:28971: $? = 0
configure:28974: test -s conftest.o
configure:28977: $? = 0
configure:28987: result: yes
configure:28991: checking X11/extensions/Xinerama.h presence
configure:29001: gcc -E   conftest.c
configure:29007: $? = 0
configure:29027: result: yes
configure:29062: checking for X11/extensions/Xinerama.h
configure:29069: result: yes
configure:29090: checking for XineramaIsActive in -lXinerama
configure:29120: gcc -o conftest      conftest.c -lXinerama -L/usr/lib -lXext -ldl -lGLU -lGL -lXrandr -lcrypt  >&5
configure:29126: $? = 0
configure:29130: test -z 
			 || test ! -s conftest.err
configure:29133: $? = 0
configure:29136: test -s conftest
configure:29139: $? = 0
configure:29152: result: yes
configure:29206: checking whether to build own version of libpng
configure:29222: result: no
configure:29229: checking whether to build own version of libjpeg
configure:29249: result: no
configure:29258: checking whether to trigger rat scan
configure:29261: result: no
configure:29445: checking for jakarta-ant
configure:29479: result: no
configure:29445: checking for ant
configure:29464: found /home/jim/ant/bin/ant
configure:29476: result: /home/jim/ant/bin/ant
configure:29512: checking if /home/jim/ant/bin/ant works
configure:29537: /home/jim/ant/bin/ant -buildfile conftest.xml 1>&2
Buildfile: /home/jim/src/asf/AOO416/main/conftest.xml

conftest:
    [javac] /home/jim/src/asf/AOO416/main/conftest.xml:3: warning: 'includeantruntime' was not set, defaulting to build.sysclasspath=last; set to false for repeatable builds
    [javac] Compiling 1 source file

BUILD SUCCESSFUL
Total time: 0 seconds
configure:29540: $? = 0
configure:29543: result: Ant works
configure:29571: checking Ant lib directory
configure:29600: result: Ant lib directory found.
configure:29613: checking whether ant is >= 1.7.0
configure: ant_version 1.9.7 
configure: ant_version_major 1 
configure: ant_version_minor 9 
configure:29625: result: yes, 1.9.7
configure:29634: checking whether ant supports mapper type="regexp"
configure:29667: /home/jim/ant/bin/ant -buildfile conftest.xml 1>&2
Buildfile: /home/jim/src/asf/AOO416/main/conftest.xml

copytest:

conftest:
    [javac] /home/jim/src/asf/AOO416/main/conftest.xml:3: warning: 'includeantruntime' was not set, defaulting to build.sysclasspath=last; set to false for repeatable builds
    [javac] Compiling 1 source file

BUILD SUCCESSFUL
Total time: 0 seconds
configure:29670: $? = 0
configure:29673: result: yes
configure:29727: checking which languages to be built
configure:29734: result: ast bg ca ca-XR ca-XV cs da de el en-GB en-US es eu fi fr gd gl he hi hu it ja km ko lt nb nl pl pt pt-BR ru sk sl sr sv ta th tr vi zh-CN zh-TW
configure:29741: checking which languages have poor help localizations
configure:29745: result: none
configure:29753: checking which dictionaries to include
configure:29757: result: ALL
configure:29766: checking for additional 'intro' bitmaps
configure:29771: result: none
configure:29789: checking for additional 'about' bitmaps
configure:29794: result: none
configure:29813: checking for vendor
configure:29816: result: not set
configure:29826: checking for UNIX wrapper name
configure:29829: result: not set
configure:29838: checking whether to statically link to Gtk
configure:29846: result: no
configure:29851: checking whether to use layout dialogs
configure:29859: result: no
configure:29867: checking build verbosity
configure:29872: result: high
configure:29886: checking whether to enable dependency tracking
configure:29893: result: yes
configure:29912: checking solver path
configure:29916: result: default
configure:29935: writing config.status
configure:30063: creating ./config.status

## ---------------------- ##
## Running config.status. ##
## ---------------------- ##

This file was extended by config.status, which was
generated by GNU Autoconf 2.59.  Invocation command line was

  CONFIG_FILES    = 
  CONFIG_HEADERS  = 
  CONFIG_LINKS    = 
  CONFIG_COMMANDS = 
  $ ./config.status 

on aoo-builder.localdomain

config.status:1029: creating set_soenv
config.status:1029: creating Makefile

## ---------------- ##
## Cache variables. ##
## ---------------- ##

ac_cv_build=i686-pc-linux-gnu
ac_cv_build_alias=i686-pc-linux-gnu
ac_cv_c_bigendian=no
ac_cv_c_compiler_gnu=yes
ac_cv_cxx_compiler_gnu=yes
ac_cv_env_APR_CFLAGS_set=
ac_cv_env_APR_CFLAGS_value=
ac_cv_env_APR_LIBS_set=
ac_cv_env_APR_LIBS_value=
ac_cv_env_APR_UTIL_CFLAGS_set=
ac_cv_env_APR_UTIL_CFLAGS_value=
ac_cv_env_APR_UTIL_LIBS_set=
ac_cv_env_APR_UTIL_LIBS_value=
ac_cv_env_CAIRO_CFLAGS_set=
ac_cv_env_CAIRO_CFLAGS_value=
ac_cv_env_CAIRO_LIBS_set=
ac_cv_env_CAIRO_LIBS_value=
ac_cv_env_CC_set=
ac_cv_env_CC_value=
ac_cv_env_CFLAGS_set=
ac_cv_env_CFLAGS_value=
ac_cv_env_COINMP_CFLAGS_set=
ac_cv_env_COINMP_CFLAGS_value=
ac_cv_env_COINMP_LIBS_set=
ac_cv_env_COINMP_LIBS_value=
ac_cv_env_CPPFLAGS_set=
ac_cv_env_CPPFLAGS_value=
ac_cv_env_CPPUNIT_CFLAGS_set=
ac_cv_env_CPPUNIT_CFLAGS_value=
ac_cv_env_CPPUNIT_LIBS_set=
ac_cv_env_CPPUNIT_LIBS_value=
ac_cv_env_CPP_set=
ac_cv_env_CPP_value=
ac_cv_env_CXXCPP_set=
ac_cv_env_CXXCPP_value=
ac_cv_env_CXXFLAGS_set=
ac_cv_env_CXXFLAGS_value=
ac_cv_env_CXX_set=
ac_cv_env_CXX_value=
ac_cv_env_DBUS_CFLAGS_set=
ac_cv_env_DBUS_CFLAGS_value=
ac_cv_env_DBUS_LIBS_set=
ac_cv_env_DBUS_LIBS_value=
ac_cv_env_FREETYPE_CFLAGS_set=
ac_cv_env_FREETYPE_CFLAGS_value=
ac_cv_env_FREETYPE_LIBS_set=
ac_cv_env_FREETYPE_LIBS_value=
ac_cv_env_GCONF_CFLAGS_set=
ac_cv_env_GCONF_CFLAGS_value=
ac_cv_env_GCONF_LIBS_set=
ac_cv_env_GCONF_LIBS_value=
ac_cv_env_GIO_CFLAGS_set=
ac_cv_env_GIO_CFLAGS_value=
ac_cv_env_GIO_LIBS_set=
ac_cv_env_GIO_LIBS_value=
ac_cv_env_GNOMEVFS_CFLAGS_set=
ac_cv_env_GNOMEVFS_CFLAGS_value=
ac_cv_env_GNOMEVFS_LIBS_set=
ac_cv_env_GNOMEVFS_LIBS_value=
ac_cv_env_GOBJECT_CFLAGS_set=
ac_cv_env_GOBJECT_CFLAGS_value=
ac_cv_env_GOBJECT_LIBS_set=
ac_cv_env_GOBJECT_LIBS_value=
ac_cv_env_GRAPHITE_CFLAGS_set=
ac_cv_env_GRAPHITE_CFLAGS_value=
ac_cv_env_GRAPHITE_LIBS_set=
ac_cv_env_GRAPHITE_LIBS_value=
ac_cv_env_GSTREAMER_CFLAGS_set=
ac_cv_env_GSTREAMER_CFLAGS_value=
ac_cv_env_GSTREAMER_LIBS_set=
ac_cv_env_GSTREAMER_LIBS_value=
ac_cv_env_GTHREAD_CFLAGS_set=
ac_cv_env_GTHREAD_CFLAGS_value=
ac_cv_env_GTHREAD_LIBS_set=
ac_cv_env_GTHREAD_LIBS_value=
ac_cv_env_GTK_2_10_CFLAGS_set=
ac_cv_env_GTK_2_10_CFLAGS_value=
ac_cv_env_GTK_2_10_LIBS_set=
ac_cv_env_GTK_2_10_LIBS_value=
ac_cv_env_GTK_CFLAGS_set=
ac_cv_env_GTK_CFLAGS_value=
ac_cv_env_GTK_LIBS_set=
ac_cv_env_GTK_LIBS_value=
ac_cv_env_HUNSPELL_CFLAGS_set=
ac_cv_env_HUNSPELL_CFLAGS_value=
ac_cv_env_HUNSPELL_LIBS_set=
ac_cv_env_HUNSPELL_LIBS_value=
ac_cv_env_LDFLAGS_set=
ac_cv_env_LDFLAGS_value=
ac_cv_env_LIBWPD_CFLAGS_set=
ac_cv_env_LIBWPD_CFLAGS_value=
ac_cv_env_LIBWPD_LIBS_set=
ac_cv_env_LIBWPD_LIBS_value=
ac_cv_env_LIBXML_CFLAGS_set=
ac_cv_env_LIBXML_CFLAGS_value=
ac_cv_env_LIBXML_LIBS_set=
ac_cv_env_LIBXML_LIBS_value=
ac_cv_env_LIBXSLT_CFLAGS_set=
ac_cv_env_LIBXSLT_CFLAGS_value=
ac_cv_env_LIBXSLT_LIBS_set=
ac_cv_env_LIBXSLT_LIBS_value=
ac_cv_env_MYTHES_CFLAGS_set=
ac_cv_env_MYTHES_CFLAGS_value=
ac_cv_env_MYTHES_LIBS_set=
ac_cv_env_MYTHES_LIBS_value=
ac_cv_env_NSS_CFLAGS_set=
ac_cv_env_NSS_CFLAGS_value=
ac_cv_env_NSS_LIBS_set=
ac_cv_env_NSS_LIBS_value=
ac_cv_env_OPENSSL_CFLAGS_set=
ac_cv_env_OPENSSL_CFLAGS_value=
ac_cv_env_OPENSSL_LIBS_set=
ac_cv_env_OPENSSL_LIBS_value=
ac_cv_env_PKG_CONFIG_LIBDIR_set=
ac_cv_env_PKG_CONFIG_LIBDIR_value=
ac_cv_env_PKG_CONFIG_PATH_set=
ac_cv_env_PKG_CONFIG_PATH_value=
ac_cv_env_PKG_CONFIG_set=
ac_cv_env_PKG_CONFIG_value=
ac_cv_env_POPPLER_CFLAGS_set=
ac_cv_env_POPPLER_CFLAGS_value=
ac_cv_env_POPPLER_LIBS_set=
ac_cv_env_POPPLER_LIBS_value=
ac_cv_env_REDLAND_CFLAGS_set=
ac_cv_env_REDLAND_CFLAGS_value=
ac_cv_env_REDLAND_LIBS_set=
ac_cv_env_REDLAND_LIBS_value=
ac_cv_env_SERF_CFLAGS_set=
ac_cv_env_SERF_CFLAGS_value=
ac_cv_env_SERF_LIBS_set=
ac_cv_env_SERF_LIBS_value=
ac_cv_env_XRANDR_CFLAGS_set=
ac_cv_env_XRANDR_CFLAGS_value=
ac_cv_env_XRANDR_LIBS_set=
ac_cv_env_XRANDR_LIBS_value=
ac_cv_env_build_alias_set=
ac_cv_env_build_alias_value=
ac_cv_env_host_alias_set=
ac_cv_env_host_alias_value=
ac_cv_env_target_alias_set=
ac_cv_env_target_alias_value=
ac_cv_exeext=
ac_cv_func_connect=yes
ac_cv_func_gethostbyname=yes
ac_cv_func_getopt=yes
ac_cv_func_readdir_r=yes
ac_cv_func_remove=yes
ac_cv_func_shmat=yes
ac_cv_have_x='have_x=yes 		ac_x_includes= ac_x_libraries='
ac_cv_header_GL_gl_h=yes
ac_cv_header_X11_extensions_Xinerama_h=yes
ac_cv_header_X11_extensions_Xrandr_h=yes
ac_cv_header_cups_cups_h=yes
ac_cv_header_fontconfig_fontconfig_h=yes
ac_cv_header_inttypes_h=yes
ac_cv_header_memory_h=yes
ac_cv_header_security_pam_appl_h=yes
ac_cv_header_stdc=yes
ac_cv_header_stdint_h=yes
ac_cv_header_stdlib_h=yes
ac_cv_header_string_h=yes
ac_cv_header_strings_h=yes
ac_cv_header_sys_stat_h=yes
ac_cv_header_sys_types_h=yes
ac_cv_header_unistd_h=yes
ac_cv_host=i686-pc-linux-gnu
ac_cv_host_alias=i686-pc-linux-gnu
ac_cv_lib_GLU_main=yes
ac_cv_lib_GL_main=yes
ac_cv_lib_ICE_IceConnectionNumber=yes
ac_cv_lib_X11_XOpenDisplay=yes
ac_cv_lib_Xau_XauDisposeAuth=yes
ac_cv_lib_Xinerama_XineramaIsActive=yes
ac_cv_lib_Xrandr_XRRQueryExtension=yes
ac_cv_lib_c_gnu_get_libc_version=yes
ac_cv_lib_crypt_crypt=yes
ac_cv_lib_freetype_FT_GlyphSlot_Embolden=yes
ac_cv_objext=o
ac_cv_path_ANT=/home/jim/ant/bin/ant
ac_cv_path_AWK=/usr/bin/gawk
ac_cv_path_BISON=/usr/bin/bison
ac_cv_path_BZIP2=/usr/bin/bzip2
ac_cv_path_COMPATH=/usr/lib/ccache/gcc
ac_cv_path_DPKG=/usr/bin/dpkg
ac_cv_path_EPM=/usr/local/bin/epm
ac_cv_path_FLEX=/usr/bin/flex
ac_cv_path_GNUCP=/bin/cp
ac_cv_path_GPERF=/usr/bin/gperf
ac_cv_path_JAVACOMPILER=/usr/bin/javac
ac_cv_path_JAVADOC=/usr/bin/javadoc
ac_cv_path_JAVAINTERPRETER=/usr/bin/java
ac_cv_path_PATCH=/usr/bin/patch
ac_cv_path_PERL=/usr/local/bin/perl
ac_cv_path_SED=/bin/sed
ac_cv_path_SHELLPATH=/bin/bash
ac_cv_path_UNZIP=/usr/bin/unzip
ac_cv_path_ZIP=/usr/local/bin/zip
ac_cv_path_ac_pt_PKG_CONFIG=/usr/bin/pkg-config
ac_cv_prog_AWK=gawk
ac_cv_prog_CPP='gcc -E'
ac_cv_prog_CXXCPP='g++ -E'
ac_cv_prog_ac_ct_CC=gcc
ac_cv_prog_ac_ct_CXX=g++
ac_cv_prog_cc_g=yes
ac_cv_prog_cc_stdc=
ac_cv_prog_cxx_g=yes
ac_cv_prog_egrep='grep -E'
ac_cv_sizeof_long=4
ac_cv_sys_file_offset_bits=64
ac_cv_sys_large_files=no
ac_cv_sys_largefile_CC=no
ac_cv_target=i686-pc-linux-gnu
ac_cv_target_alias=i686-pc-linux-gnu
ac_cv_type_long=yes
pkg_cv_DBUS_CFLAGS='-I/usr/include/dbus-1.0 -I/usr/lib/dbus-1.0/include -I/usr/include/glib-2.0 -I/usr/lib/glib-2.0/include  '
pkg_cv_DBUS_LIBS='-L/lib -ldbus-glib-1 -ldbus-1 -lgobject-2.0 -lglib-2.0  '
pkg_cv_FREETYPE_CFLAGS='-I/usr/include/freetype2  '
pkg_cv_FREETYPE_LIBS='-lfreetype  '
pkg_cv_GCONF_CFLAGS='-DORBIT2=1 -pthread -I/usr/include/gconf/2 -I/usr/include/orbit-2.0 -I/usr/include/glib-2.0 -I/usr/lib/glib-2.0/include  '
pkg_cv_GCONF_LIBS='-pthread -L/lib -lgconf-2 -lORBit-2 -lm -lgmodule-2.0 -ldl -lgthread-2.0 -lglib-2.0  '
pkg_cv_GNOMEVFS_CFLAGS='-pthread -DORBIT2=1 -I/usr/include/gnome-vfs-2.0 -I/usr/lib/gnome-vfs-2.0/include -I/usr/include/gconf/2 -I/usr/include/orbit-2.0 -I/usr/include/glib-2.0 -I/usr/lib/glib-2.0/include  '
pkg_cv_GNOMEVFS_LIBS='-pthread -L/lib -lgnomevfs-2 -lgconf-2 -lgobject-2.0 -lORBit-2 -lm -lgmodule-2.0 -ldl -lgthread-2.0 -lglib-2.0  '
pkg_cv_GSTREAMER_CFLAGS='-pthread -I/usr/include/gtk-2.0 -I/usr/lib/gtk-2.0/include -I/usr/include/atk-1.0 -I/usr/include/cairo -I/usr/include/pango-1.0 -I/usr/include/glib-2.0 -I/usr/lib/glib-2.0/include -I/usr/include/freetype2 -I/usr/include/libpng12 -I/usr/include/gstreamer-0.10 -I/usr/include/libxml2  '
pkg_cv_GSTREAMER_LIBS='-pthread -L/lib -lgtk-x11-2.0 -lgdk-x11-2.0 -latk-1.0 -lgdk_pixbuf-2.0 -lpangocairo-1.0 -lpango-1.0 -lcairo -lgstinterfaces-0.10 -lgstreamer-0.10 -lgobject-2.0 -lgmodule-2.0 -ldl -lgthread-2.0 -lxml2 -lz -lm -lglib-2.0  '
pkg_cv_GTHREAD_CFLAGS='-pthread -I/usr/include/glib-2.0 -I/usr/lib/glib-2.0/include  '
pkg_cv_GTHREAD_LIBS='-pthread -L/lib -lgthread-2.0 -lglib-2.0  '
pkg_cv_GTK_2_10_CFLAGS='-I/usr/include/gtk-2.0 -I/usr/lib/gtk-2.0/include -I/usr/include/atk-1.0 -I/usr/include/cairo -I/usr/include/pango-1.0 -I/usr/include/glib-2.0 -I/usr/lib/glib-2.0/include -I/usr/include/freetype2 -I/usr/include/libpng12  '
pkg_cv_GTK_2_10_LIBS='-L/lib -lgtk-x11-2.0 -lgdk-x11-2.0 -latk-1.0 -lgdk_pixbuf-2.0 -lm -lpangocairo-1.0 -lpango-1.0 -lcairo -lgobject-2.0 -lgmodule-2.0 -ldl -lglib-2.0  '
pkg_cv_GTK_CFLAGS='-I/usr/include/gtk-2.0 -I/usr/lib/gtk-2.0/include -I/usr/include/atk-1.0 -I/usr/include/cairo -I/usr/include/pango-1.0 -I/usr/include/glib-2.0 -I/usr/lib/glib-2.0/include -I/usr/include/freetype2 -I/usr/include/libpng12  '
pkg_cv_GTK_LIBS='-L/lib -lgtk-x11-2.0 -lgdk-x11-2.0 -latk-1.0 -lpangocairo-1.0 -lpango-1.0 -lcairo -lgdk_pixbuf_xlib-2.0 -lgdk_pixbuf-2.0 -lm -lgobject-2.0 -lgmodule-2.0 -ldl -lglib-2.0  '

## ----------------- ##
## Output variables. ##
## ----------------- ##

ABOUT_BITMAPS=''
ADDITIONAL_REPOSITORIES='../ext_libraries ../extras'
ALLOC=''
ANT='/home/jim/ant/bin/ant'
ANT_HOME='/home/jim/ant'
ANT_LIB='/home/jim/ant/lib'
APR_CFLAGS=''
APR_LIBS=''
APR_UTIL_CFLAGS=''
APR_UTIL_LIBS=''
ARM_TARGET=''
ASM_HOME='NO_ASM_HOME'
ATL_INCLUDE=''
ATL_LIB=''
ATL_LIB_X64=''
AWK='/usr/bin/gawk'
AWTLIB='-ljawt'
BISON='/usr/bin/bison'
BSH_JAR=''
BUILD_EPM='YES'
BUILD_PIXMAN=''
BUILD_STAX='YES'
BUILD_TYPE='OOo CRASHREP EPM ODK ZLIB JPEG EXPAT LIBXSLT LIBXML2 LIBXMLSEC PYTHON LUCENE HSQLDB BSH SAXON RHINO APR APR_UTIL SERF COINMP COINMP CURL MDDS BOOST VIGRA UNIXODBC NSS SANE ICU GRAPHITE X11_EXTENSIONS NSS OPENSSL REDLAND HUNSPELL HYPHEN MYTHES LIBTEXTCAT LIBTEXTCATDATA GTK SYSTRAY_GTK SWEXT TOMCAT APACHE_COMMONS TOMCAT MATHMLDTD CATB_FONTS MORE_FONTS AFMS L10N'
BUILD_UNOWINREG='NO'
BUILD_VER_STRING='2018-10-23 15:17 - Linux i686'
BUILD_X64=''
BUNDLED_EXTENSION_BLOBS=''
BUNDLED_PREREG_EXTENSIONS=''
BZIP2='/usr/bin/bzip2'
CAIRO_CFLAGS=''
CAIRO_LIBS=''
CC='gcc'
CCACHE=''
CC_PATH='/usr/lib/ccache/'
CFLAGS=''
COINMP_CFLAGS=''
COINMP_LIBS=''
COMEX=''
COMMONS_CODEC_JAR=''
COMMONS_HTTPCLIENT_JAR=''
COMMONS_LANG_JAR=''
COMMONS_LOGGING_JAR=''
COMPATH='/usr/lib/ccache'
COM_IS=''
CPP='gcc -E'
CPPFLAGS=' '
CPPUNIT_CFLAGS=''
CPPUNIT_LIBS=''
CRYPT_LINK='YES'
CSC_PATH=''
CURLCONFIG=''
CURL_CFLAGS=''
CURL_LIBS=''
CUSTOM_PACK_LIST=''
CXX='g++'
CXXCPP='g++ -E'
CXXFLAGS='-g -O2'
CYGWIN_PATH='NO_CYGWIN'
DBUS_CFLAGS='-I/usr/include/dbus-1.0 -I/usr/lib/dbus-1.0/include -I/usr/include/glib-2.0 -I/usr/lib/glib-2.0/include  '
DBUS_LIBS='-L/lib -ldbus-glib-1 -ldbus-1 -lgobject-2.0 -lglib-2.0  '
DEFS='-DPACKAGE_NAME=\"\" -DPACKAGE_TARNAME=\"\" -DPACKAGE_VERSION=\"\" -DPACKAGE_STRING=\"\" -DPACKAGE_BUGREPORT=\"\" -DSTDC_HEADERS=1 -DHAVE_SYS_TYPES_H=1 -DHAVE_SYS_STAT_H=1 -DHAVE_STDLIB_H=1 -DHAVE_STRING_H=1 -DHAVE_MEMORY_H=1 -DHAVE_STRINGS_H=1 -DHAVE_INTTYPES_H=1 -DHAVE_STDINT_H=1 -DHAVE_UNISTD_H=1 -DSIZEOF_LONG=4 -D_FILE_OFFSET_BITS=64 -DHAVE_LIBCRYPT=1 -DHAVE_LIBXRANDR=1 -DHAVE_GETOPT=1 -DHAVE_READDIR_R=1 -DHAVE_LIBGL=1 -DHAVE_LIBGLU=1 -DHAVE_LIBXINERAMA=1 '
DICT_SYSTEM_DIR=''
DIRECTXSDK_HOME=''
DIRECTXSDK_LIB=''
DISABLE_ACTIVEX=''
DISABLE_ATL=''
DISABLE_SAXON=''
DISABLE_STRIP=''
DMAKE=''
DMAKE_PATH=''
DMAKE_URL='http://sourceforge.net/projects/oooextras.mirror/files/dmake-4.12.tar.bz2'
DO_FETCH_TARBALLS='yes'
DPKG='/usr/bin/dpkg'
ECHO_C=''
ECHO_N='-n'
ECHO_T=''
EGREP='grep -E'
ENABLE_BEANSHELL='YES'
ENABLE_BUNDLED_DICTIONARIES='YES'
ENABLE_CAIRO=''
ENABLE_CAIRO_CANVAS='FALSE'
ENABLE_CATEGORY_B='YES'
ENABLE_COINMP='YES'
ENABLE_CRASHDUMP='TRUE'
ENABLE_CUPS='TRUE'
ENABLE_DBUS='TRUE'
ENABLE_DEBUG='FALSE'
ENABLE_DIRECTX=''
ENABLE_DIRECT_DRAW=''
ENABLE_EVOAB2=''
ENABLE_FONTCONFIG='TRUE'
ENABLE_GCONF='TRUE'
ENABLE_GIO=''
ENABLE_GNOMEVFS='TRUE'
ENABLE_GRAPHITE='TRUE'
ENABLE_GSTREAMER='TRUE'
ENABLE_GTK='TRUE'
ENABLE_HUNSPELL='YES'
ENABLE_HYPHEN='YES'
ENABLE_JAVASCRIPT='YES'
ENABLE_KAB=''
ENABLE_KDE4=''
ENABLE_KDE=''
ENABLE_LAYOUT='FALSE'
ENABLE_LOCKDOWN=''
ENABLE_MEDIAWIKI='YES'
ENABLE_MYSQLC='NO'
ENABLE_NSS_MODULE='YES'
ENABLE_ONLINE_UPDATE='YES'
ENABLE_OPENGL='TRUE'
ENABLE_PCH=''
ENABLE_PDFIMPORT='NO'
ENABLE_RANDR='TRUE'
ENABLE_REPORTBUILDER='NO'
ENABLE_RPATH='yes'
ENABLE_STATIC_GTK='FALSE'
ENABLE_SYMBOLS=''
ENABLE_SYSTRAY_GTK='TRUE'
ENABLE_WERROR='FALSE'
EPM=''
EPM_URL='http://sourceforge.net/projects/oooextras.mirror/files/epm-3.7.tar.gz'
EXCEPTIONS=''
EXEEXT=''
FBSD_GCC_RPATH=''
FLEX='/usr/bin/flex'
FLUTE_JAR=''
FRAME_HOME=''
FREETYPE_CFLAGS='-I/usr/include/freetype2  '
FREETYPE_LIBS='-lfreetype  '
GCCVER='40102'
GCC_HOME='/usr/lib/ccache/gcc'
GCONF_CFLAGS='-DORBIT2=1 -pthread -I/usr/include/gconf/2 -I/usr/include/orbit-2.0 -I/usr/include/glib-2.0 -I/usr/lib/glib-2.0/include  '
GCONF_LIBS='-pthread -L/lib -lgconf-2 -lORBit-2 -lm -lgmodule-2.0 -ldl -lgthread-2.0 -lglib-2.0  '
GIO_CFLAGS=''
GIO_LIBS=''
GNOMEVFS_CFLAGS='-pthread -DORBIT2=1 -I/usr/include/gnome-vfs-2.0 -I/usr/lib/gnome-vfs-2.0/include -I/usr/include/gconf/2 -I/usr/include/orbit-2.0 -I/usr/include/glib-2.0 -I/usr/lib/glib-2.0/include  '
GNOMEVFS_LIBS='-pthread -L/lib -lgnomevfs-2 -lgconf-2 -lgobject-2.0 -lORBit-2 -lm -lgmodule-2.0 -ldl -lgthread-2.0 -lglib-2.0  '
GNUCP='/bin/cp'
GNUMAKE='make'
GNUPATCH=''
GNUTAR='gtar'
GOBJECT_CFLAGS=''
GOBJECT_LIBS=''
GPERF='/usr/bin/gperf'
GRAPHITE_CFLAGS=''
GRAPHITE_LIBS=''
GSTREAMER_CFLAGS='-pthread -I/usr/include/gtk-2.0 -I/usr/lib/gtk-2.0/include -I/usr/include/atk-1.0 -I/usr/include/cairo -I/usr/include/pango-1.0 -I/usr/include/glib-2.0 -I/usr/lib/glib-2.0/include -I/usr/include/freetype2 -I/usr/include/libpng12 -I/usr/include/gstreamer-0.10 -I/usr/include/libxml2  '
GSTREAMER_LIBS='-pthread -L/lib -lgtk-x11-2.0 -lgdk-x11-2.0 -latk-1.0 -lgdk_pixbuf-2.0 -lpangocairo-1.0 -lpango-1.0 -lcairo -lgstinterfaces-0.10 -lgstreamer-0.10 -lgobject-2.0 -lgmodule-2.0 -ldl -lgthread-2.0 -lxml2 -lz -lm -lglib-2.0  '
GTHREAD_CFLAGS='-pthread -I/usr/include/glib-2.0 -I/usr/lib/glib-2.0/include  '
GTHREAD_LIBS='-pthread -L/lib -lgthread-2.0 -lglib-2.0  '
GTK_2_10_CFLAGS='-I/usr/include/gtk-2.0 -I/usr/lib/gtk-2.0/include -I/usr/include/atk-1.0 -I/usr/include/cairo -I/usr/include/pango-1.0 -I/usr/include/glib-2.0 -I/usr/lib/glib-2.0/include -I/usr/include/freetype2 -I/usr/include/libpng12  '
GTK_2_10_LIBS='-L/lib -lgtk-x11-2.0 -lgdk-x11-2.0 -latk-1.0 -lgdk_pixbuf-2.0 -lm -lpangocairo-1.0 -lpango-1.0 -lcairo -lgobject-2.0 -lgmodule-2.0 -ldl -lglib-2.0  '
GTK_CFLAGS='-I/usr/include/gtk-2.0 -I/usr/lib/gtk-2.0/include -I/usr/include/atk-1.0 -I/usr/include/cairo -I/usr/include/pango-1.0 -I/usr/include/glib-2.0 -I/usr/lib/glib-2.0/include -I/usr/include/freetype2 -I/usr/include/libpng12  '
GTK_LIBS='-L/lib -lgtk-x11-2.0 -lgdk-x11-2.0 -latk-1.0 -lpangocairo-1.0 -lpango-1.0 -lcairo -lgdk_pixbuf_xlib-2.0 -lgdk_pixbuf-2.0 -lm -lgobject-2.0 -lgmodule-2.0 -ldl -lglib-2.0  '
GXX_INCLUDE_PATH='/usr/include/c++/4.1.2'
HAVE_ATLTHUNK=''
HAVE_GCC_VISIBILITY_FEATURE='TRUE'
HAVE_GETOPT='YES'
HAVE_LD_BSYMBOLIC_FUNCTIONS=''
HAVE_LD_HASH_STYLE='TRUE'
HAVE_READDIR_R='YES'
HOME='/home/jim'
HSQLDB_JAR=''
HUNSPELL_CFLAGS=''
HUNSPELL_LIBS=''
HYPHEN_LIB=''
HYPH_SYSTEM_DIR=''
ICUCONFIG=''
ICU_MAJOR=''
ICU_MICRO=''
ICU_MINOR=''
INTRO_BITMAPS=''
IS_SYSTEM_DMAKE=''
JAVAAOTCOMPILER=''
JAVACISGCJ=''
JAVACOMPILER='/usr/bin/javac'
JAVADOC='/usr/bin/javadoc'
JAVAFLAGS=''
JAVAIFLAGS=''
JAVAINTERPRETER='/usr/bin/java'
JAVA_HOME='/usr/lib/jvm/java-1.6.0-openjdk-1.6.0.41'
JDK='sun'
JFREEREPORT_JAR=''
KDE4_CFLAGS=''
KDE4_LIBS=''
KDE_CFLAGS=''
KDE_LIBS=''
LDFLAGS=' '
LFS_CFLAGS='-D_FILE_OFFSET_BITS=64'
LIBBASE_JAR=''
LIBFONTS_JAR=''
LIBFORMULA_JAR=''
LIBINTL_PREFIX=''
LIBLAYOUT_JAR=''
LIBLOADER_JAR=''
LIBMYSQL_PATH=''
LIBOBJS=''
LIBREPOSITORY_JAR=''
LIBS='-lXinerama -lGLU -lGL -lXrandr -lcrypt '
LIBSERIALIZER_JAR=''
LIBWPD_CFLAGS=''
LIBWPD_LIBS=''
LIBXML_CFLAGS=''
LIBXML_JAR=''
LIBXML_LIBS=''
LIBXSLT_CFLAGS=''
LIBXSLT_LIBS=''
LOCAL_SOLENV='DEFAULT'
LOCAL_SOLVER='DEFAULT'
LTLIBOBJS=''
LUCENE_ANALYZERS_JAR=''
LUCENE_CORE_JAR=''
MACOSX_DEPLOYMENT_TARGET=''
MACOSX_SDK_PATH=''
MFC_INCLUDE=''
MFC_LIB=''
MIDL_PATH=''
MINGWCXX=''
MINGWSTRIP=''
MINGW_BACKWARD_INCLUDE_PATH=''
MINGW_CLIB_DIR=''
MINGW_GCCDLL=''
MINGW_GCCLIB_EH=''
MINGW_GXXDLL=''
MINGW_LIB_INCLUDE_PATH=''
MINGW_SHARED_GCCLIB=''
MINGW_SHARED_GXXLIB=''
MINGW_SHARED_LIBSTDCPP=''
ML_EXE=''
MOC4='moc'
MOC='moc'
MOCQT4=''
MOZILLABUILD=''
MOZ_INC=''
MSPDB_PATH=''
MYSQLCONFIG=''
MYSQL_DEFINES=''
MYSQL_INC=''
MYSQL_LIB=''
MYTHES_CFLAGS=''
MYTHES_LIBS=''
NEW_SHADOW_API=''
NSIS_PATH=''
NSS_CFLAGS=''
NSS_LIBS=''
OBJEXT='o'
OOO_JUNIT_JAR=''
OOO_VENDOR=''
OPENSSL_CFLAGS=''
OPENSSL_LIBS=''
OSVERSION=''
PACKAGE_BUGREPORT=''
PACKAGE_NAME=''
PACKAGE_STRING=''
PACKAGE_TARNAME=''
PACKAGE_VERSION=''
PAM='YES'
PAM_LINK='NO'
PATCH='/usr/bin/patch'
PATH_SEPARATOR=':'
PERL='/usr/local/bin/perl'
PKGFORMAT='rpm deb'
PKGMK=''
PKG_CONFIG='/usr/bin/pkg-config'
PKG_CONFIG_LIBDIR=''
PKG_CONFIG_PATH=''
POPPLER_CFLAGS=''
POPPLER_LIBS=''
PRODUCT='full'
PROEXT='.pro'
PROFULLSWITCH='product=full'
PSDK_HOME=''
PTHREAD_CFLAGS=''
PTHREAD_LIBS=''
PYTHON=''
PYTHON_CFLAGS=''
PYTHON_EXEC_PREFIX=''
PYTHON_LIBS=''
PYTHON_PLATFORM=''
PYTHON_PREFIX=''
PYTHON_VERSION=''
RAT_JAR_HOME=''
REDLAND_CFLAGS=''
REDLAND_LIBS=''
RPM='rpmbuild'
SAC_JAR=''
SAXON_JAR=''
SCPDEFS=' -DENABLE_ONLINE_UPDATE -DWITH_CATB_FONTS -DWITH_CATA_FONTS'
SED='/bin/sed'
SERF_CFLAGS=''
SERF_LIBS=''
SERIALIZER_JAR=''
SERVLETAPI_JAR=''
SHELL='/bin/sh'
SHELLPATH='/bin'
SIZEOF_LONG='4'
SOLAR_JAVA='TRUE'
SOURCEVERSION='AOO416'
SYSTEM_APACHE_COMMONS='NO'
SYSTEM_APR='NO'
SYSTEM_APR_UTIL='NO'
SYSTEM_BOOST='NO'
SYSTEM_BSH='NO'
SYSTEM_CAIRO=''
SYSTEM_COINMP='NO'
SYSTEM_CPPUNIT='NO'
SYSTEM_CURL='NO'
SYSTEM_DICTS='NO'
SYSTEM_EXPAT='NO'
SYSTEM_GDKPIXBUF='YES'
SYSTEM_GENBRK=''
SYSTEM_GENCCODE=''
SYSTEM_GENCMN=''
SYSTEM_GETTEXT='YES'
SYSTEM_GLIB='YES'
SYSTEM_GRAPHITE='NO'
SYSTEM_HSQLDB='NO'
SYSTEM_HUNSPELL='NO'
SYSTEM_HYPH='NO'
SYSTEM_ICU='NO'
SYSTEM_JFREEREPORT=''
SYSTEM_JPEG='NO'
SYSTEM_LIBC='YES'
SYSTEM_LIBJPEG='YES'
SYSTEM_LIBPNG='YES'
SYSTEM_LIBTEXTCAT='NO'
SYSTEM_LIBTEXTCAT_DATA=''
SYSTEM_LIBWPD=''
SYSTEM_LIBXML='NO'
SYSTEM_LIBXSLT='NO'
SYSTEM_LUCENE='NO'
SYSTEM_MDDS='NO'
SYSTEM_MYSQL=''
SYSTEM_MYSQL_CPPCONN=''
SYSTEM_MYTHES='NO'
SYSTEM_NSS='NO'
SYSTEM_ODBC_HEADERS='NO'
SYSTEM_OPENSSL='NO'
SYSTEM_PANGO='YES'
SYSTEM_POPPLER=''
SYSTEM_PYTHON='NO'
SYSTEM_REDLAND='NO'
SYSTEM_SANE_HEADER='NO'
SYSTEM_SAXON='NO'
SYSTEM_SERF='NO'
SYSTEM_SERVLETAPI='NO'
SYSTEM_STDLIBS='YES'
SYSTEM_VIGRA='NO'
SYSTEM_XRENDER_HEADERS='NO'
SYSTEM_ZLIB='NO'
TARFILE_LOCATION='DEFAULT'
THES_SYSTEM_DIR=''
UNIXWRAPPERNAME=''
UNZIP='/usr/bin/unzip'
UPD='416'
USE_CCACHE=''
USE_FT_EMBOLDEN='YES'
USE_MINGW=''
USE_PACKAGER=''
USE_SYSTEM_STL='YES'
USE_XINERAMA='YES'
VALGRIND_CFLAGS=''
VC_STANDARD=''
VERBOSE='TRUE'
WINDOWS_VISTA_PSDK=''
WITHOUT_AFMS=''
WITHOUT_PPDS=''
WITH_CATA_FONTS='YES'
WITH_CATB_FONTS='YES'
WITH_CPPUNIT=''
WITH_DICT=',ALL,'
WITH_FONTS='YES'
WITH_LANG='ast bg ca ca-XR ca-XV cs da de el en-GB en-US es eu fi fr gd gl he hi hu it ja km ko lt nb nl pl pt pt-BR ru sk sl sr sv ta th tr vi zh-CN zh-TW'
WITH_LDAP='NO'
WITH_MINGWIN='0'
WITH_OPENLDAP=''
WITH_POOR_HELP_LOCALIZATIONS=''
WITH_VC_REDIST=''
WORDS_BIGENDIAN='no'
XAU_LIBS='-lXau'
XINC='/usr/include'
XINERAMA_LINK='dynamic'
XLIB='/usr/lib'
XRANDR_CFLAGS=' '
XRANDR_DLOPEN='FALSE'
XRANDR_LIBS='-lXrandr '
XRENDER_LINK='NO'
XSLTPROC=''
X_CFLAGS=''
X_EXTRA_LIBS=''
X_LIBS=''
X_PRE_LIBS=' -lSM -lICE'
ZIP='/usr/local/bin/zip'
ZIP_HOME='/usr/local/bin'
_cc=''
_solenv='./solenv'
ac_ct_CC='gcc'
ac_ct_CXX='g++'
ac_ct_MINGWCXX=''
ac_ct_MINGWSTRIP=''
ac_pt_PKG_CONFIG='/usr/bin/pkg-config'
bindir='${exec_prefix}/bin'
build='i686-pc-linux-gnu'
build_alias=''
build_cpu='i686'
build_os='linux-gnu'
build_vendor='pc'
datadir='${prefix}/share'
exec_prefix='${prefix}'
host='i686-pc-linux-gnu'
host_alias=''
host_cpu='i686'
host_os='linux-gnu'
host_vendor='pc'
includedir='${prefix}/include'
infodir='${prefix}/info'
libdir='${exec_prefix}/lib'
libexecdir='${exec_prefix}/libexec'
localstatedir='${prefix}/var'
mandir='${prefix}/man'
nodep=''
oldincludedir='/usr/include'
pkgpyexecdir=''
pkgpythondir=''
prefix='/usr/local'
program_transform_name='s,x,x,'
pyexecdir=''
pythondir=''
sbindir='${exec_prefix}/sbin'
sharedstatedir='${prefix}/com'
sysconfdir='${prefix}/etc'
target='i686-pc-linux-gnu'
target_alias=''
target_cpu='i686'
target_os='linux-gnu'
target_vendor='pc'

## ----------- ##
## confdefs.h. ##
## ----------- ##

#define HAVE_GETOPT 1
#define HAVE_INTTYPES_H 1
#define HAVE_LIBCRYPT 1
#define HAVE_LIBGL 1
#define HAVE_LIBGLU 1
#define HAVE_LIBXINERAMA 1
#define HAVE_LIBXRANDR 1
#define HAVE_MEMORY_H 1
#define HAVE_READDIR_R 1
#define HAVE_STDINT_H 1
#define HAVE_STDLIB_H 1
#define HAVE_STRINGS_H 1
#define HAVE_STRING_H 1
#define HAVE_SYS_STAT_H 1
#define HAVE_SYS_TYPES_H 1
#define HAVE_UNISTD_H 1
#define PACKAGE_BUGREPORT ""
#define PACKAGE_NAME ""
#define PACKAGE_STRING ""
#define PACKAGE_TARNAME ""
#define PACKAGE_VERSION ""
#define SIZEOF_LONG 4
#define STDC_HEADERS 1
#define _FILE_OFFSET_BITS 64
#endif
#ifdef __cplusplus
extern "C" void std::exit (int) throw (); using std::exit;

configure: exit 0
