https://sourceforge.net/projects/openofficeorg.mirror/files/localized/ar/3.4.0/Apache_OpenOffice_incubating_3.4.0_Win_x86_install_ar.exe
https://sourceforge.net/projects/openofficeorg.mirror/files/localized/ar/3.4.0/Apache_OpenOffice_incubating_3.4.0_Linux_x86_install-rpm_ar.tar.gz
https://sourceforge.net/projects/openofficeorg.mirror/files/localized/ar/3.4.0/Apache_OpenOffice_incubating_3.4.0_Linux_x86_install-deb_ar.tar.gz
https://sourceforge.net/projects/openofficeorg.mirror/files/localized/ar/3.4.0/Apache_OpenOffice_incubating_3.4.0_Linux_x86-64_install-rpm_ar.tar.gz
https://sourceforge.net/projects/openofficeorg.mirror/files/localized/ar/3.4.0/Apache_OpenOffice_incubating_3.4.0_Linux_x86-64_install-deb_ar.tar.gz
https://sourceforge.net/projects/openofficeorg.mirror/files/localized/ar/3.4.0/Apache_OpenOffice_incubating_3.4.0_MacOS_x86_install_ar.dmg
https://sourceforge.net/projects/openofficeorg.mirror/files/localized/zh-CN/3.4.0/Apache_OpenOffice_incubating_3.4.0_Win_x86_install_zh-CN.exe
https://sourceforge.net/projects/openofficeorg.mirror/files/localized/zh-CN/3.4.0/Apache_OpenOffice_incubating_3.4.0_Linux_x86_install-rpm_zh-CN.tar.gz
https://sourceforge.net/projects/openofficeorg.mirror/files/localized/zh-CN/3.4.0/Apache_OpenOffice_incubating_3.4.0_Linux_x86_install-deb_zh-CN.tar.gz
https://sourceforge.net/projects/openofficeorg.mirror/files/localized/zh-CN/3.4.0/Apache_OpenOffice_incubating_3.4.0_Linux_x86-64_install-rpm_zh-CN.tar.gz
https://sourceforge.net/projects/openofficeorg.mirror/files/localized/zh-CN/3.4.0/Apache_OpenOffice_incubating_3.4.0_Linux_x86-64_install-deb_zh-CN.tar.gz
https://sourceforge.net/projects/openofficeorg.mirror/files/localized/zh-CN/3.4.0/Apache_OpenOffice_incubating_3.4.0_MacOS_x86_install_zh-CN.dmg
https://sourceforge.net/projects/openofficeorg.mirror/files/localized/zh-TW/3.4.0/Apache_OpenOffice_incubating_3.4.0_Win_x86_install_zh-TW.exe
https://sourceforge.net/projects/openofficeorg.mirror/files/localized/zh-TW/3.4.0/Apache_OpenOffice_incubating_3.4.0_Linux_x86_install-rpm_zh-TW.tar.gz
https://sourceforge.net/projects/openofficeorg.mirror/files/localized/zh-TW/3.4.0/Apache_OpenOffice_incubating_3.4.0_Linux_x86_install-deb_zh-TW.tar.gz
https://sourceforge.net/projects/openofficeorg.mirror/files/localized/zh-TW/3.4.0/Apache_OpenOffice_incubating_3.4.0_Linux_x86-64_install-rpm_zh-TW.tar.gz
https://sourceforge.net/projects/openofficeorg.mirror/files/localized/zh-TW/3.4.0/Apache_OpenOffice_incubating_3.4.0_Linux_x86-64_install-deb_zh-TW.tar.gz
https://sourceforge.net/projects/openofficeorg.mirror/files/localized/zh-TW/3.4.0/Apache_OpenOffice_incubating_3.4.0_MacOS_x86_install_zh-TW.dmg
https://sourceforge.net/projects/openofficeorg.mirror/files/localized/cs/3.4.0/Apache_OpenOffice_incubating_3.4.0_Win_x86_install_cs.exe
https://sourceforge.net/projects/openofficeorg.mirror/files/localized/cs/3.4.0/Apache_OpenOffice_incubating_3.4.0_Linux_x86_install-rpm_cs.tar.gz
https://sourceforge.net/projects/openofficeorg.mirror/files/localized/cs/3.4.0/Apache_OpenOffice_incubating_3.4.0_Linux_x86_install-deb_cs.tar.gz
https://sourceforge.net/projects/openofficeorg.mirror/files/localized/cs/3.4.0/Apache_OpenOffice_incubating_3.4.0_Linux_x86-64_install-rpm_cs.tar.gz
https://sourceforge.net/projects/openofficeorg.mirror/files/localized/cs/3.4.0/Apache_OpenOffice_incubating_3.4.0_Linux_x86-64_install-deb_cs.tar.gz
https://sourceforge.net/projects/openofficeorg.mirror/files/localized/cs/3.4.0/Apache_OpenOffice_incubating_3.4.0_MacOS_x86_install_cs.dmg
https://sourceforge.net/projects/openofficeorg.mirror/files/localized/nl/3.4.0/Apache_OpenOffice_incubating_3.4.0_Win_x86_install_nl.exe
https://sourceforge.net/projects/openofficeorg.mirror/files/localized/nl/3.4.0/Apache_OpenOffice_incubating_3.4.0_Linux_x86_install-rpm_nl.tar.gz
https://sourceforge.net/projects/openofficeorg.mirror/files/localized/nl/3.4.0/Apache_OpenOffice_incubating_3.4.0_Linux_x86_install-deb_nl.tar.gz
https://sourceforge.net/projects/openofficeorg.mirror/files/localized/nl/3.4.0/Apache_OpenOffice_incubating_3.4.0_Linux_x86-64_install-rpm_nl.tar.gz
https://sourceforge.net/projects/openofficeorg.mirror/files/localized/nl/3.4.0/Apache_OpenOffice_incubating_3.4.0_Linux_x86-64_install-deb_nl.tar.gz
https://sourceforge.net/projects/openofficeorg.mirror/files/localized/nl/3.4.0/Apache_OpenOffice_incubating_3.4.0_MacOS_x86_install_nl.dmg
https://sourceforge.net/projects/openofficeorg.mirror/files/stable/3.4.0/Apache_OpenOffice_incubating_3.4.0_Win_x86_install_en-US.exe
https://sourceforge.net/projects/openofficeorg.mirror/files/stable/3.4.0/Apache_OpenOffice_incubating_3.4.0_Linux_x86_install-rpm_en-US.tar.gz
https://sourceforge.net/projects/openofficeorg.mirror/files/stable/3.4.0/Apache_OpenOffice_incubating_3.4.0_Linux_x86_install-deb_en-US.tar.gz
https://sourceforge.net/projects/openofficeorg.mirror/files/stable/3.4.0/Apache_OpenOffice_incubating_3.4.0_Linux_x86-64_install-rpm_en-US.tar.gz
https://sourceforge.net/projects/openofficeorg.mirror/files/stable/3.4.0/Apache_OpenOffice_incubating_3.4.0_Linux_x86-64_install-deb_en-US.tar.gz
https://sourceforge.net/projects/openofficeorg.mirror/files/stable/3.4.0/Apache_OpenOffice_incubating_3.4.0_MacOS_x86_install_en-US.dmg
https://sourceforge.net/projects/openofficeorg.mirror/files/localized/fr/3.4.0/Apache_OpenOffice_incubating_3.4.0_Win_x86_install_fr.exe
https://sourceforge.net/projects/openofficeorg.mirror/files/localized/fr/3.4.0/Apache_OpenOffice_incubating_3.4.0_Linux_x86_install-rpm_fr.tar.gz
https://sourceforge.net/projects/openofficeorg.mirror/files/localized/fr/3.4.0/Apache_OpenOffice_incubating_3.4.0_Linux_x86_install-deb_fr.tar.gz
https://sourceforge.net/projects/openofficeorg.mirror/files/localized/fr/3.4.0/Apache_OpenOffice_incubating_3.4.0_Linux_x86-64_install-rpm_fr.tar.gz
https://sourceforge.net/projects/openofficeorg.mirror/files/localized/fr/3.4.0/Apache_OpenOffice_incubating_3.4.0_Linux_x86-64_install-deb_fr.tar.gz
https://sourceforge.net/projects/openofficeorg.mirror/files/localized/fr/3.4.0/Apache_OpenOffice_incubating_3.4.0_MacOS_x86_install_fr.dmg
https://sourceforge.net/projects/openofficeorg.mirror/files/localized/gl/3.4.0/Apache_OpenOffice_incubating_3.4.0_Win_x86_install_gl.exe
https://sourceforge.net/projects/openofficeorg.mirror/files/localized/gl/3.4.0/Apache_OpenOffice_incubating_3.4.0_Linux_x86_install-rpm_gl.tar.gz
https://sourceforge.net/projects/openofficeorg.mirror/files/localized/gl/3.4.0/Apache_OpenOffice_incubating_3.4.0_Linux_x86_install-deb_gl.tar.gz
https://sourceforge.net/projects/openofficeorg.mirror/files/localized/gl/3.4.0/Apache_OpenOffice_incubating_3.4.0_Linux_x86-64_install-rpm_gl.tar.gz
https://sourceforge.net/projects/openofficeorg.mirror/files/localized/gl/3.4.0/Apache_OpenOffice_incubating_3.4.0_Linux_x86-64_install-deb_gl.tar.gz
https://sourceforge.net/projects/openofficeorg.mirror/files/localized/gl/3.4.0/Apache_OpenOffice_incubating_3.4.0_MacOS_x86_install_gl.dmg
https://sourceforge.net/projects/openofficeorg.mirror/files/localized/de/3.4.0/Apache_OpenOffice_incubating_3.4.0_Win_x86_install_de.exe
https://sourceforge.net/projects/openofficeorg.mirror/files/localized/de/3.4.0/Apache_OpenOffice_incubating_3.4.0_Linux_x86_install-rpm_de.tar.gz
https://sourceforge.net/projects/openofficeorg.mirror/files/localized/de/3.4.0/Apache_OpenOffice_incubating_3.4.0_Linux_x86_install-deb_de.tar.gz
https://sourceforge.net/projects/openofficeorg.mirror/files/localized/de/3.4.0/Apache_OpenOffice_incubating_3.4.0_Linux_x86-64_install-rpm_de.tar.gz
https://sourceforge.net/projects/openofficeorg.mirror/files/localized/de/3.4.0/Apache_OpenOffice_incubating_3.4.0_Linux_x86-64_install-deb_de.tar.gz
https://sourceforge.net/projects/openofficeorg.mirror/files/localized/de/3.4.0/Apache_OpenOffice_incubating_3.4.0_MacOS_x86_install_de.dmg
https://sourceforge.net/projects/openofficeorg.mirror/files/localized/hu/3.4.0/Apache_OpenOffice_incubating_3.4.0_Win_x86_install_hu.exe
https://sourceforge.net/projects/openofficeorg.mirror/files/localized/hu/3.4.0/Apache_OpenOffice_incubating_3.4.0_Linux_x86_install-rpm_hu.tar.gz
https://sourceforge.net/projects/openofficeorg.mirror/files/localized/hu/3.4.0/Apache_OpenOffice_incubating_3.4.0_Linux_x86_install-deb_hu.tar.gz
https://sourceforge.net/projects/openofficeorg.mirror/files/localized/hu/3.4.0/Apache_OpenOffice_incubating_3.4.0_Linux_x86-64_install-rpm_hu.tar.gz
https://sourceforge.net/projects/openofficeorg.mirror/files/localized/hu/3.4.0/Apache_OpenOffice_incubating_3.4.0_Linux_x86-64_install-deb_hu.tar.gz
https://sourceforge.net/projects/openofficeorg.mirror/files/localized/hu/3.4.0/Apache_OpenOffice_incubating_3.4.0_MacOS_x86_install_hu.dmg
https://sourceforge.net/projects/openofficeorg.mirror/files/localized/it/3.4.0/Apache_OpenOffice_incubating_3.4.0_Win_x86_install_it.exe
https://sourceforge.net/projects/openofficeorg.mirror/files/localized/it/3.4.0/Apache_OpenOffice_incubating_3.4.0_Linux_x86_install-rpm_it.tar.gz
https://sourceforge.net/projects/openofficeorg.mirror/files/localized/it/3.4.0/Apache_OpenOffice_incubating_3.4.0_Linux_x86_install-deb_it.tar.gz
https://sourceforge.net/projects/openofficeorg.mirror/files/localized/it/3.4.0/Apache_OpenOffice_incubating_3.4.0_Linux_x86-64_install-rpm_it.tar.gz
https://sourceforge.net/projects/openofficeorg.mirror/files/localized/it/3.4.0/Apache_OpenOffice_incubating_3.4.0_Linux_x86-64_install-deb_it.tar.gz
https://sourceforge.net/projects/openofficeorg.mirror/files/localized/it/3.4.0/Apache_OpenOffice_incubating_3.4.0_MacOS_x86_install_it.dmg
https://sourceforge.net/projects/openofficeorg.mirror/files/localized/ja/3.4.0/Apache_OpenOffice_incubating_3.4.0_Win_x86_install_ja.exe
https://sourceforge.net/projects/openofficeorg.mirror/files/localized/ja/3.4.0/Apache_OpenOffice_incubating_3.4.0_Linux_x86_install-rpm_ja.tar.gz
https://sourceforge.net/projects/openofficeorg.mirror/files/localized/ja/3.4.0/Apache_OpenOffice_incubating_3.4.0_Linux_x86_install-deb_ja.tar.gz
https://sourceforge.net/projects/openofficeorg.mirror/files/localized/ja/3.4.0/Apache_OpenOffice_incubating_3.4.0_Linux_x86-64_install-rpm_ja.tar.gz
https://sourceforge.net/projects/openofficeorg.mirror/files/localized/ja/3.4.0/Apache_OpenOffice_incubating_3.4.0_Linux_x86-64_install-deb_ja.tar.gz
https://sourceforge.net/projects/openofficeorg.mirror/files/localized/ja/3.4.0/Apache_OpenOffice_incubating_3.4.0_MacOS_x86_install_ja.dmg
https://sourceforge.net/projects/openofficeorg.mirror/files/localized/pt-BR/3.4.0/Apache_OpenOffice_incubating_3.4.0_Win_x86_install_pt-BR.exe
https://sourceforge.net/projects/openofficeorg.mirror/files/localized/pt-BR/3.4.0/Apache_OpenOffice_incubating_3.4.0_Linux_x86_install-rpm_pt-BR.tar.gz
https://sourceforge.net/projects/openofficeorg.mirror/files/localized/pt-BR/3.4.0/Apache_OpenOffice_incubating_3.4.0_Linux_x86_install-deb_pt-BR.tar.gz
https://sourceforge.net/projects/openofficeorg.mirror/files/localized/pt-BR/3.4.0/Apache_OpenOffice_incubating_3.4.0_Linux_x86-64_install-rpm_pt-BR.tar.gz
https://sourceforge.net/projects/openofficeorg.mirror/files/localized/pt-BR/3.4.0/Apache_OpenOffice_incubating_3.4.0_Linux_x86-64_install-deb_pt-BR.tar.gz
https://sourceforge.net/projects/openofficeorg.mirror/files/localized/pt-BR/3.4.0/Apache_OpenOffice_incubating_3.4.0_MacOS_x86_install_pt-BR.dmg
https://sourceforge.net/projects/openofficeorg.mirror/files/localized/ru/3.4.0/Apache_OpenOffice_incubating_3.4.0_Win_x86_install_ru.exe
https://sourceforge.net/projects/openofficeorg.mirror/files/localized/ru/3.4.0/Apache_OpenOffice_incubating_3.4.0_Linux_x86_install-rpm_ru.tar.gz
https://sourceforge.net/projects/openofficeorg.mirror/files/localized/ru/3.4.0/Apache_OpenOffice_incubating_3.4.0_Linux_x86_install-deb_ru.tar.gz
https://sourceforge.net/projects/openofficeorg.mirror/files/localized/ru/3.4.0/Apache_OpenOffice_incubating_3.4.0_Linux_x86-64_install-rpm_ru.tar.gz
https://sourceforge.net/projects/openofficeorg.mirror/files/localized/ru/3.4.0/Apache_OpenOffice_incubating_3.4.0_Linux_x86-64_install-deb_ru.tar.gz
https://sourceforge.net/projects/openofficeorg.mirror/files/localized/ru/3.4.0/Apache_OpenOffice_incubating_3.4.0_MacOS_x86_install_ru.dmg
https://sourceforge.net/projects/openofficeorg.mirror/files/localized/es/3.4.0/Apache_OpenOffice_incubating_3.4.0_Win_x86_install_es.exe
https://sourceforge.net/projects/openofficeorg.mirror/files/localized/es/3.4.0/Apache_OpenOffice_incubating_3.4.0_Linux_x86_install-rpm_es.tar.gz
https://sourceforge.net/projects/openofficeorg.mirror/files/localized/es/3.4.0/Apache_OpenOffice_incubating_3.4.0_Linux_x86_install-deb_es.tar.gz
https://sourceforge.net/projects/openofficeorg.mirror/files/localized/es/3.4.0/Apache_OpenOffice_incubating_3.4.0_Linux_x86-64_install-rpm_es.tar.gz
https://sourceforge.net/projects/openofficeorg.mirror/files/localized/es/3.4.0/Apache_OpenOffice_incubating_3.4.0_Linux_x86-64_install-deb_es.tar.gz
https://sourceforge.net/projects/openofficeorg.mirror/files/localized/es/3.4.0/Apache_OpenOffice_incubating_3.4.0_MacOS_x86_install_es.dmg
