http://sourceforge.net/projects/openofficeorg.mirror/files/4.0.0/binaries/ast/Apache_OpenOffice_4.0.0_Linux_x86-64_install-deb_ast.tar.gz
http://sourceforge.net/projects/openofficeorg.mirror/files/4.0.0/binaries/ast/Apache_OpenOffice_4.0.0_Linux_x86-64_install-rpm_ast.tar.gz
http://sourceforge.net/projects/openofficeorg.mirror/files/4.0.0/binaries/ast/Apache_OpenOffice_4.0.0_Linux_x86_install-deb_ast.tar.gz
http://sourceforge.net/projects/openofficeorg.mirror/files/4.0.0/binaries/ast/Apache_OpenOffice_4.0.0_Linux_x86_install-rpm_ast.tar.gz
http://sourceforge.net/projects/openofficeorg.mirror/files/4.0.0/binaries/ast/Apache_OpenOffice_4.0.0_MacOS_x86_install_ast.dmg
http://sourceforge.net/projects/openofficeorg.mirror/files/4.0.0/binaries/ast/Apache_OpenOffice_4.0.0_Win_x86_install_ast.exe
http://sourceforge.net/projects/openofficeorg.mirror/files/4.0.0/binaries/cs/Apache_OpenOffice_4.0.0_Linux_x86-64_install-deb_cs.tar.gz
http://sourceforge.net/projects/openofficeorg.mirror/files/4.0.0/binaries/cs/Apache_OpenOffice_4.0.0_Linux_x86-64_install-rpm_cs.tar.gz
http://sourceforge.net/projects/openofficeorg.mirror/files/4.0.0/binaries/cs/Apache_OpenOffice_4.0.0_Linux_x86_install-deb_cs.tar.gz
http://sourceforge.net/projects/openofficeorg.mirror/files/4.0.0/binaries/cs/Apache_OpenOffice_4.0.0_Linux_x86_install-rpm_cs.tar.gz
http://sourceforge.net/projects/openofficeorg.mirror/files/4.0.0/binaries/cs/Apache_OpenOffice_4.0.0_MacOS_x86_install_cs.dmg
http://sourceforge.net/projects/openofficeorg.mirror/files/4.0.0/binaries/cs/Apache_OpenOffice_4.0.0_Win_x86_install_cs.exe
http://sourceforge.net/projects/openofficeorg.mirror/files/4.0.0/binaries/de/Apache_OpenOffice_4.0.0_Linux_x86-64_install-deb_de.tar.gz
http://sourceforge.net/projects/openofficeorg.mirror/files/4.0.0/binaries/de/Apache_OpenOffice_4.0.0_Linux_x86-64_install-rpm_de.tar.gz
http://sourceforge.net/projects/openofficeorg.mirror/files/4.0.0/binaries/de/Apache_OpenOffice_4.0.0_Linux_x86_install-deb_de.tar.gz
http://sourceforge.net/projects/openofficeorg.mirror/files/4.0.0/binaries/de/Apache_OpenOffice_4.0.0_Linux_x86_install-rpm_de.tar.gz
http://sourceforge.net/projects/openofficeorg.mirror/files/4.0.0/binaries/de/Apache_OpenOffice_4.0.0_MacOS_x86_install_de.dmg
http://sourceforge.net/projects/openofficeorg.mirror/files/4.0.0/binaries/de/Apache_OpenOffice_4.0.0_Win_x86_install_de.exe
http://sourceforge.net/projects/openofficeorg.mirror/files/4.0.0/binaries/el/Apache_OpenOffice_4.0.0_Linux_x86-64_install-deb_el.tar.gz
http://sourceforge.net/projects/openofficeorg.mirror/files/4.0.0/binaries/el/Apache_OpenOffice_4.0.0_Linux_x86-64_install-rpm_el.tar.gz
http://sourceforge.net/projects/openofficeorg.mirror/files/4.0.0/binaries/el/Apache_OpenOffice_4.0.0_Linux_x86_install-deb_el.tar.gz
http://sourceforge.net/projects/openofficeorg.mirror/files/4.0.0/binaries/el/Apache_OpenOffice_4.0.0_Linux_x86_install-rpm_el.tar.gz
http://sourceforge.net/projects/openofficeorg.mirror/files/4.0.0/binaries/el/Apache_OpenOffice_4.0.0_MacOS_x86_install_el.dmg
http://sourceforge.net/projects/openofficeorg.mirror/files/4.0.0/binaries/el/Apache_OpenOffice_4.0.0_Win_x86_install_el.exe
http://sourceforge.net/projects/openofficeorg.mirror/files/4.0.0/binaries/en-GB/Apache_OpenOffice_4.0.0_Linux_x86-64_install-deb_en-GB.tar.gz
http://sourceforge.net/projects/openofficeorg.mirror/files/4.0.0/binaries/en-GB/Apache_OpenOffice_4.0.0_Linux_x86-64_install-rpm_en-GB.tar.gz
http://sourceforge.net/projects/openofficeorg.mirror/files/4.0.0/binaries/en-GB/Apache_OpenOffice_4.0.0_Linux_x86_install-deb_en-GB.tar.gz
http://sourceforge.net/projects/openofficeorg.mirror/files/4.0.0/binaries/en-GB/Apache_OpenOffice_4.0.0_Linux_x86_install-rpm_en-GB.tar.gz
http://sourceforge.net/projects/openofficeorg.mirror/files/4.0.0/binaries/en-GB/Apache_OpenOffice_4.0.0_MacOS_x86_install_en-GB.dmg
http://sourceforge.net/projects/openofficeorg.mirror/files/4.0.0/binaries/en-GB/Apache_OpenOffice_4.0.0_Win_x86_install_en-GB.exe
http://sourceforge.net/projects/openofficeorg.mirror/files/4.0.0/binaries/en-US/Apache_OpenOffice_4.0.0_Linux_x86-64_install-deb_en-US.tar.gz
http://sourceforge.net/projects/openofficeorg.mirror/files/4.0.0/binaries/en-US/Apache_OpenOffice_4.0.0_Linux_x86-64_install-rpm_en-US.tar.gz
http://sourceforge.net/projects/openofficeorg.mirror/files/4.0.0/binaries/en-US/Apache_OpenOffice_4.0.0_Linux_x86_install-deb_en-US.tar.gz
http://sourceforge.net/projects/openofficeorg.mirror/files/4.0.0/binaries/en-US/Apache_OpenOffice_4.0.0_Linux_x86_install-rpm_en-US.tar.gz
http://sourceforge.net/projects/openofficeorg.mirror/files/4.0.0/binaries/en-US/Apache_OpenOffice_4.0.0_MacOS_x86_install_en-US.dmg
http://sourceforge.net/projects/openofficeorg.mirror/files/4.0.0/binaries/en-US/Apache_OpenOffice_4.0.0_Win_x86_install_en-US.exe
http://sourceforge.net/projects/openofficeorg.mirror/files/4.0.0/binaries/es/Apache_OpenOffice_4.0.0_Linux_x86-64_install-deb_es.tar.gz
http://sourceforge.net/projects/openofficeorg.mirror/files/4.0.0/binaries/es/Apache_OpenOffice_4.0.0_Linux_x86-64_install-rpm_es.tar.gz
http://sourceforge.net/projects/openofficeorg.mirror/files/4.0.0/binaries/es/Apache_OpenOffice_4.0.0_Linux_x86_install-deb_es.tar.gz
http://sourceforge.net/projects/openofficeorg.mirror/files/4.0.0/binaries/es/Apache_OpenOffice_4.0.0_Linux_x86_install-rpm_es.tar.gz
http://sourceforge.net/projects/openofficeorg.mirror/files/4.0.0/binaries/es/Apache_OpenOffice_4.0.0_MacOS_x86_install_es.dmg
http://sourceforge.net/projects/openofficeorg.mirror/files/4.0.0/binaries/es/Apache_OpenOffice_4.0.0_Win_x86_install_es.exe
http://sourceforge.net/projects/openofficeorg.mirror/files/4.0.0/binaries/fi/Apache_OpenOffice_4.0.0_Linux_x86-64_install-deb_fi.tar.gz
http://sourceforge.net/projects/openofficeorg.mirror/files/4.0.0/binaries/fi/Apache_OpenOffice_4.0.0_Linux_x86-64_install-rpm_fi.tar.gz
http://sourceforge.net/projects/openofficeorg.mirror/files/4.0.0/binaries/fi/Apache_OpenOffice_4.0.0_Linux_x86_install-deb_fi.tar.gz
http://sourceforge.net/projects/openofficeorg.mirror/files/4.0.0/binaries/fi/Apache_OpenOffice_4.0.0_Linux_x86_install-rpm_fi.tar.gz
http://sourceforge.net/projects/openofficeorg.mirror/files/4.0.0/binaries/fi/Apache_OpenOffice_4.0.0_MacOS_x86_install_fi.dmg
http://sourceforge.net/projects/openofficeorg.mirror/files/4.0.0/binaries/fi/Apache_OpenOffice_4.0.0_Win_x86_install_fi.exe
http://sourceforge.net/projects/openofficeorg.mirror/files/4.0.0/binaries/fr/Apache_OpenOffice_4.0.0_Linux_x86-64_install-deb_fr.tar.gz
http://sourceforge.net/projects/openofficeorg.mirror/files/4.0.0/binaries/fr/Apache_OpenOffice_4.0.0_Linux_x86-64_install-rpm_fr.tar.gz
http://sourceforge.net/projects/openofficeorg.mirror/files/4.0.0/binaries/fr/Apache_OpenOffice_4.0.0_Linux_x86_install-deb_fr.tar.gz
http://sourceforge.net/projects/openofficeorg.mirror/files/4.0.0/binaries/fr/Apache_OpenOffice_4.0.0_Linux_x86_install-rpm_fr.tar.gz
http://sourceforge.net/projects/openofficeorg.mirror/files/4.0.0/binaries/fr/Apache_OpenOffice_4.0.0_MacOS_x86_install_fr.dmg
http://sourceforge.net/projects/openofficeorg.mirror/files/4.0.0/binaries/fr/Apache_OpenOffice_4.0.0_Win_x86_install_fr.exe
http://sourceforge.net/projects/openofficeorg.mirror/files/4.0.0/binaries/gd/Apache_OpenOffice_4.0.0_Linux_x86-64_install-deb_gd.tar.gz
http://sourceforge.net/projects/openofficeorg.mirror/files/4.0.0/binaries/gd/Apache_OpenOffice_4.0.0_Linux_x86-64_install-rpm_gd.tar.gz
http://sourceforge.net/projects/openofficeorg.mirror/files/4.0.0/binaries/gd/Apache_OpenOffice_4.0.0_Linux_x86_install-deb_gd.tar.gz
http://sourceforge.net/projects/openofficeorg.mirror/files/4.0.0/binaries/gd/Apache_OpenOffice_4.0.0_Linux_x86_install-rpm_gd.tar.gz
http://sourceforge.net/projects/openofficeorg.mirror/files/4.0.0/binaries/gd/Apache_OpenOffice_4.0.0_MacOS_x86_install_gd.dmg
http://sourceforge.net/projects/openofficeorg.mirror/files/4.0.0/binaries/gd/Apache_OpenOffice_4.0.0_Win_x86_install_gd.exe
http://sourceforge.net/projects/openofficeorg.mirror/files/4.0.0/binaries/gl/Apache_OpenOffice_4.0.0_Linux_x86-64_install-deb_gl.tar.gz
http://sourceforge.net/projects/openofficeorg.mirror/files/4.0.0/binaries/gl/Apache_OpenOffice_4.0.0_Linux_x86-64_install-rpm_gl.tar.gz
http://sourceforge.net/projects/openofficeorg.mirror/files/4.0.0/binaries/gl/Apache_OpenOffice_4.0.0_Linux_x86_install-deb_gl.tar.gz
http://sourceforge.net/projects/openofficeorg.mirror/files/4.0.0/binaries/gl/Apache_OpenOffice_4.0.0_Linux_x86_install-rpm_gl.tar.gz
http://sourceforge.net/projects/openofficeorg.mirror/files/4.0.0/binaries/gl/Apache_OpenOffice_4.0.0_MacOS_x86_install_gl.dmg
http://sourceforge.net/projects/openofficeorg.mirror/files/4.0.0/binaries/gl/Apache_OpenOffice_4.0.0_Win_x86_install_gl.exe
http://sourceforge.net/projects/openofficeorg.mirror/files/4.0.0/binaries/hu/Apache_OpenOffice_4.0.0_Linux_x86-64_install-deb_hu.tar.gz
http://sourceforge.net/projects/openofficeorg.mirror/files/4.0.0/binaries/hu/Apache_OpenOffice_4.0.0_Linux_x86-64_install-rpm_hu.tar.gz
http://sourceforge.net/projects/openofficeorg.mirror/files/4.0.0/binaries/hu/Apache_OpenOffice_4.0.0_Linux_x86_install-deb_hu.tar.gz
http://sourceforge.net/projects/openofficeorg.mirror/files/4.0.0/binaries/hu/Apache_OpenOffice_4.0.0_Linux_x86_install-rpm_hu.tar.gz
http://sourceforge.net/projects/openofficeorg.mirror/files/4.0.0/binaries/hu/Apache_OpenOffice_4.0.0_MacOS_x86_install_hu.dmg
http://sourceforge.net/projects/openofficeorg.mirror/files/4.0.0/binaries/hu/Apache_OpenOffice_4.0.0_Win_x86_install_hu.exe
http://sourceforge.net/projects/openofficeorg.mirror/files/4.0.0/binaries/it/Apache_OpenOffice_4.0.0_Linux_x86-64_install-deb_it.tar.gz
http://sourceforge.net/projects/openofficeorg.mirror/files/4.0.0/binaries/it/Apache_OpenOffice_4.0.0_Linux_x86-64_install-rpm_it.tar.gz
http://sourceforge.net/projects/openofficeorg.mirror/files/4.0.0/binaries/it/Apache_OpenOffice_4.0.0_Linux_x86_install-deb_it.tar.gz
http://sourceforge.net/projects/openofficeorg.mirror/files/4.0.0/binaries/it/Apache_OpenOffice_4.0.0_Linux_x86_install-rpm_it.tar.gz
http://sourceforge.net/projects/openofficeorg.mirror/files/4.0.0/binaries/it/Apache_OpenOffice_4.0.0_MacOS_x86_install_it.dmg
http://sourceforge.net/projects/openofficeorg.mirror/files/4.0.0/binaries/it/Apache_OpenOffice_4.0.0_Win_x86_install_it.exe
http://sourceforge.net/projects/openofficeorg.mirror/files/4.0.0/binaries/ja/Apache_OpenOffice_4.0.0_Linux_x86-64_install-deb_ja.tar.gz
http://sourceforge.net/projects/openofficeorg.mirror/files/4.0.0/binaries/ja/Apache_OpenOffice_4.0.0_Linux_x86-64_install-rpm_ja.tar.gz
http://sourceforge.net/projects/openofficeorg.mirror/files/4.0.0/binaries/ja/Apache_OpenOffice_4.0.0_Linux_x86_install-deb_ja.tar.gz
http://sourceforge.net/projects/openofficeorg.mirror/files/4.0.0/binaries/ja/Apache_OpenOffice_4.0.0_Linux_x86_install-rpm_ja.tar.gz
http://sourceforge.net/projects/openofficeorg.mirror/files/4.0.0/binaries/ja/Apache_OpenOffice_4.0.0_MacOS_x86_install_ja.dmg
http://sourceforge.net/projects/openofficeorg.mirror/files/4.0.0/binaries/ja/Apache_OpenOffice_4.0.0_Win_x86_install_ja.exe
http://sourceforge.net/projects/openofficeorg.mirror/files/4.0.0/binaries/ko/Apache_OpenOffice_4.0.0_Linux_x86-64_install-deb_ko.tar.gz
http://sourceforge.net/projects/openofficeorg.mirror/files/4.0.0/binaries/ko/Apache_OpenOffice_4.0.0_Linux_x86-64_install-rpm_ko.tar.gz
http://sourceforge.net/projects/openofficeorg.mirror/files/4.0.0/binaries/ko/Apache_OpenOffice_4.0.0_Linux_x86_install-deb_ko.tar.gz
http://sourceforge.net/projects/openofficeorg.mirror/files/4.0.0/binaries/ko/Apache_OpenOffice_4.0.0_Linux_x86_install-rpm_ko.tar.gz
http://sourceforge.net/projects/openofficeorg.mirror/files/4.0.0/binaries/ko/Apache_OpenOffice_4.0.0_MacOS_x86_install_ko.dmg
http://sourceforge.net/projects/openofficeorg.mirror/files/4.0.0/binaries/ko/Apache_OpenOffice_4.0.0_Win_x86_install_ko.exe
http://sourceforge.net/projects/openofficeorg.mirror/files/4.0.0/binaries/nl/Apache_OpenOffice_4.0.0_Linux_x86-64_install-deb_nl.tar.gz
http://sourceforge.net/projects/openofficeorg.mirror/files/4.0.0/binaries/nl/Apache_OpenOffice_4.0.0_Linux_x86-64_install-rpm_nl.tar.gz
http://sourceforge.net/projects/openofficeorg.mirror/files/4.0.0/binaries/nl/Apache_OpenOffice_4.0.0_Linux_x86_install-deb_nl.tar.gz
http://sourceforge.net/projects/openofficeorg.mirror/files/4.0.0/binaries/nl/Apache_OpenOffice_4.0.0_Linux_x86_install-rpm_nl.tar.gz
http://sourceforge.net/projects/openofficeorg.mirror/files/4.0.0/binaries/nl/Apache_OpenOffice_4.0.0_MacOS_x86_install_nl.dmg
http://sourceforge.net/projects/openofficeorg.mirror/files/4.0.0/binaries/nl/Apache_OpenOffice_4.0.0_Win_x86_install_nl.exe
http://sourceforge.net/projects/openofficeorg.mirror/files/4.0.0/binaries/pt-BR/Apache_OpenOffice_4.0.0_Linux_x86-64_install-deb_pt-BR.tar.gz
http://sourceforge.net/projects/openofficeorg.mirror/files/4.0.0/binaries/pt-BR/Apache_OpenOffice_4.0.0_Linux_x86-64_install-rpm_pt-BR.tar.gz
http://sourceforge.net/projects/openofficeorg.mirror/files/4.0.0/binaries/pt-BR/Apache_OpenOffice_4.0.0_Linux_x86_install-deb_pt-BR.tar.gz
http://sourceforge.net/projects/openofficeorg.mirror/files/4.0.0/binaries/pt-BR/Apache_OpenOffice_4.0.0_Linux_x86_install-rpm_pt-BR.tar.gz
http://sourceforge.net/projects/openofficeorg.mirror/files/4.0.0/binaries/pt-BR/Apache_OpenOffice_4.0.0_MacOS_x86_install_pt-BR.dmg
http://sourceforge.net/projects/openofficeorg.mirror/files/4.0.0/binaries/pt-BR/Apache_OpenOffice_4.0.0_Win_x86_install_pt-BR.exe
http://sourceforge.net/projects/openofficeorg.mirror/files/4.0.0/binaries/pt/Apache_OpenOffice_4.0.0_Linux_x86-64_install-deb_pt.tar.gz
http://sourceforge.net/projects/openofficeorg.mirror/files/4.0.0/binaries/pt/Apache_OpenOffice_4.0.0_Linux_x86-64_install-rpm_pt.tar.gz
http://sourceforge.net/projects/openofficeorg.mirror/files/4.0.0/binaries/pt/Apache_OpenOffice_4.0.0_Linux_x86_install-deb_pt.tar.gz
http://sourceforge.net/projects/openofficeorg.mirror/files/4.0.0/binaries/pt/Apache_OpenOffice_4.0.0_Linux_x86_install-rpm_pt.tar.gz
http://sourceforge.net/projects/openofficeorg.mirror/files/4.0.0/binaries/pt/Apache_OpenOffice_4.0.0_MacOS_x86_install_pt.dmg
http://sourceforge.net/projects/openofficeorg.mirror/files/4.0.0/binaries/pt/Apache_OpenOffice_4.0.0_Win_x86_install_pt.exe
http://sourceforge.net/projects/openofficeorg.mirror/files/4.0.0/binaries/ru/Apache_OpenOffice_4.0.0_Linux_x86-64_install-deb_ru.tar.gz
http://sourceforge.net/projects/openofficeorg.mirror/files/4.0.0/binaries/ru/Apache_OpenOffice_4.0.0_Linux_x86-64_install-rpm_ru.tar.gz
http://sourceforge.net/projects/openofficeorg.mirror/files/4.0.0/binaries/ru/Apache_OpenOffice_4.0.0_Linux_x86_install-deb_ru.tar.gz
http://sourceforge.net/projects/openofficeorg.mirror/files/4.0.0/binaries/ru/Apache_OpenOffice_4.0.0_Linux_x86_install-rpm_ru.tar.gz
http://sourceforge.net/projects/openofficeorg.mirror/files/4.0.0/binaries/ru/Apache_OpenOffice_4.0.0_MacOS_x86_install_ru.dmg
http://sourceforge.net/projects/openofficeorg.mirror/files/4.0.0/binaries/ru/Apache_OpenOffice_4.0.0_Win_x86_install_ru.exe
http://sourceforge.net/projects/openofficeorg.mirror/files/4.0.0/binaries/sk/Apache_OpenOffice_4.0.0_Linux_x86-64_install-deb_sk.tar.gz
http://sourceforge.net/projects/openofficeorg.mirror/files/4.0.0/binaries/sk/Apache_OpenOffice_4.0.0_Linux_x86-64_install-rpm_sk.tar.gz
http://sourceforge.net/projects/openofficeorg.mirror/files/4.0.0/binaries/sk/Apache_OpenOffice_4.0.0_Linux_x86_install-deb_sk.tar.gz
http://sourceforge.net/projects/openofficeorg.mirror/files/4.0.0/binaries/sk/Apache_OpenOffice_4.0.0_Linux_x86_install-rpm_sk.tar.gz
http://sourceforge.net/projects/openofficeorg.mirror/files/4.0.0/binaries/sk/Apache_OpenOffice_4.0.0_MacOS_x86_install_sk.dmg
http://sourceforge.net/projects/openofficeorg.mirror/files/4.0.0/binaries/sk/Apache_OpenOffice_4.0.0_Win_x86_install_sk.exe
http://sourceforge.net/projects/openofficeorg.mirror/files/4.0.0/binaries/sl/Apache_OpenOffice_4.0.0_Linux_x86-64_install-deb_sl.tar.gz
http://sourceforge.net/projects/openofficeorg.mirror/files/4.0.0/binaries/sl/Apache_OpenOffice_4.0.0_Linux_x86-64_install-rpm_sl.tar.gz
http://sourceforge.net/projects/openofficeorg.mirror/files/4.0.0/binaries/sl/Apache_OpenOffice_4.0.0_Linux_x86_install-deb_sl.tar.gz
http://sourceforge.net/projects/openofficeorg.mirror/files/4.0.0/binaries/sl/Apache_OpenOffice_4.0.0_Linux_x86_install-rpm_sl.tar.gz
http://sourceforge.net/projects/openofficeorg.mirror/files/4.0.0/binaries/sl/Apache_OpenOffice_4.0.0_MacOS_x86_install_sl.dmg
http://sourceforge.net/projects/openofficeorg.mirror/files/4.0.0/binaries/sl/Apache_OpenOffice_4.0.0_Win_x86_install_sl.exe
http://sourceforge.net/projects/openofficeorg.mirror/files/4.0.0/binaries/ta/Apache_OpenOffice_4.0.0_Linux_x86-64_install-deb_ta.tar.gz
http://sourceforge.net/projects/openofficeorg.mirror/files/4.0.0/binaries/ta/Apache_OpenOffice_4.0.0_Linux_x86-64_install-rpm_ta.tar.gz
http://sourceforge.net/projects/openofficeorg.mirror/files/4.0.0/binaries/ta/Apache_OpenOffice_4.0.0_Linux_x86_install-deb_ta.tar.gz
http://sourceforge.net/projects/openofficeorg.mirror/files/4.0.0/binaries/ta/Apache_OpenOffice_4.0.0_Linux_x86_install-rpm_ta.tar.gz
http://sourceforge.net/projects/openofficeorg.mirror/files/4.0.0/binaries/ta/Apache_OpenOffice_4.0.0_MacOS_x86_install_ta.dmg
http://sourceforge.net/projects/openofficeorg.mirror/files/4.0.0/binaries/ta/Apache_OpenOffice_4.0.0_Win_x86_install_ta.exe
http://sourceforge.net/projects/openofficeorg.mirror/files/4.0.0/binaries/zh-CN/Apache_OpenOffice_4.0.0_Linux_x86-64_install-deb_zh-CN.tar.gz
http://sourceforge.net/projects/openofficeorg.mirror/files/4.0.0/binaries/zh-CN/Apache_OpenOffice_4.0.0_Linux_x86-64_install-rpm_zh-CN.tar.gz
http://sourceforge.net/projects/openofficeorg.mirror/files/4.0.0/binaries/zh-CN/Apache_OpenOffice_4.0.0_Linux_x86_install-deb_zh-CN.tar.gz
http://sourceforge.net/projects/openofficeorg.mirror/files/4.0.0/binaries/zh-CN/Apache_OpenOffice_4.0.0_Linux_x86_install-rpm_zh-CN.tar.gz
http://sourceforge.net/projects/openofficeorg.mirror/files/4.0.0/binaries/zh-CN/Apache_OpenOffice_4.0.0_MacOS_x86_install_zh-CN.dmg
http://sourceforge.net/projects/openofficeorg.mirror/files/4.0.0/binaries/zh-CN/Apache_OpenOffice_4.0.0_Win_x86_install_zh-CN.exe
