This file contains any messages produced by compilers while
running configure, to aid debugging if configure makes a mistake.

It was created by configure, which was
generated by GNU Autoconf 2.71.  Invocation command line was

  $ ./configure '--with-build-version=2022-04-05 16:10' --with-frame-home=/cygdrive/c/Microsoft_SDKs/Windows/v7.0 --with-psdk-home=/cygdrive/c/Microsoft_SDKs/Windows/v7.0 --with-midl-path=/cygdrive/c/Microsoft_SDKs/Windows/v7.0/bin --with-ant-home=/cygdrive/c/apache-ant-1.9.16 '--with-jdk-home=/cygdrive/c/Program Files (x86)/Java/jdk1.7.0_80' --with-csc-path=/cygdrive/c/Windows/Microsoft.NET/Framework/v3.5 '--with-cl-home=/cygdrive/c/Program Files (x86)/Microsoft Visual Studio 9.0/VC' '--with-asm-home=/cygdrive/c/Program Files (x86)/Microsoft Visual Studio 9.0/VC/bin' --with-atl-include-dir=/cygdrive/c/WinDDK/7600.16385.1/inc/atl71 --with-atl-lib-dir=/cygdrive/c/WinDDK/7600.16385.1/lib/atl/i386 --with-mfc-include-dir=/cygdrive/c/WinDDK/7600.16385.1/inc/mfc42 --with-mfc-lib-dir=/cygdrive/c/WinDDK/7600.16385.1/lib/mfc/i386 --with-dmake-url=https://sourceforge.net/projects/oooextras.mirror/files/dmake-4.12.tar.bz2 --with-directx-home=/cygdrive/c/Microsoft_DirectX_SDK_June_2010 '--with-nasm-home=/cygdrive/c/Program Files/NASM' --enable-win-x64-shellext --enable-wiki-publisher --without-junit --without-stlport --with-mozilla-build=/cygdrive/c/mozilla-build --enable-category-b '--with-lang=ast bg ca ca-XR ca-XV cs da de el en-GB en-US es eu fi fr gd gl he hi hu it ja km ko lt nb nl pl pt pt-BR ru sk sl sr sv ta th tr vi zh-CN zh-TW' --enable-bundled-dictionaries --with-packager-list=/cygdrive/c/Source/Pack.lst --with-nsis-path=/cygdrive/c/NSIS

## --------- ##
## Platform. ##
## --------- ##

hostname = VM-W10-AOO
uname -m = i686
uname -r = 3.3.4(0.341/5/3)
uname -s = CYGWIN_NT-10.0-WOW
uname -v = 2022-01-31 19:31

/usr/bin/uname -p = unknown
/bin/uname -X     = unknown

/bin/arch              = i686
/usr/bin/arch -k       = unknown
/usr/convex/getsysinfo = unknown
/usr/bin/hostinfo      = unknown
/bin/machine           = unknown
/usr/bin/oslevel       = unknown
/bin/universe          = unknown

PATH: /usr/local/bin/
PATH: /usr/bin/
PATH: /cygdrive/c/Program Files (x86)/Eclipse Adoptium/jdk-8.0.322.6-hotspot/bin/
PATH: /cygdrive/c/Program Files (x86)/Common Files/Oracle/Java/javapath/
PATH: /cygdrive/c/WINDOWS/system32/
PATH: /cygdrive/c/WINDOWS/
PATH: /cygdrive/c/WINDOWS/System32/Wbem/
PATH: /cygdrive/c/WINDOWS/System32/WindowsPowerShell/v1.0/
PATH: /cygdrive/c/WINDOWS/System32/OpenSSH/
PATH: /cygdrive/c/Users/Seidel/AppData/Local/Microsoft/WindowsApps/


## ----------- ##
## Core tests. ##
## ----------- ##

configure:4383: looking for aux files: config.guess config.sub
configure:4396:  trying ./
configure:4425:   ./config.guess found
configure:4425:   ./config.sub found
configure:5892: checking whether configure is up-to-date
configure:5899: result: yes
configure:5926: checking for grep that handles long lines and -e
configure:5990: result: /usr/bin/grep
configure:5995: checking for egrep
configure:6063: result: /usr/bin/grep -E
configure:6072: checking for gawk
configure:6107: result: no
configure:6072: checking for mawk
configure:6107: result: no
configure:6072: checking for nawk
configure:6107: result: no
configure:6072: checking for awk
configure:6093: found /usr/bin/awk
configure:6104: result: awk
configure:6117: checking for awk
configure:6140: found /usr/bin/awk
configure:6152: result: /usr/bin/awk
configure:6168: checking for sed
configure:6191: found /usr/bin/sed
configure:6203: result: /usr/bin/sed
configure:6218: checking for solenv environment
configure:6222: result: default
configure:6249: checking for custom pack.lst
configure:6260: result: /cygdrive/c/Source/Pack.lst
configure:6277: checking build system type
configure:6292: result: i686-pc-cygwin
configure:6312: checking host system type
configure:6326: result: i686-pc-cygwin
configure:6346: checking target system type
configure:6360: result: i686-pc-cygwin
configure:6395: checking Cygwin version
configure:6398: result: 3.3.4(0.341/5/3)
configure:6673: checking for pkg-config
configure:6696: found /usr/bin/pkg-config
configure:6708: result: /usr/bin/pkg-config
configure:6733: checking pkg-config is at least version 0.9.0
configure:6736: result: yes
configure:6746: checking whether to enable crashdump feature
configure:6755: result: no
configure:6765: checking whether to use the standard non-optimizing compiler
configure:6769: result: no
configure:6780: checking whether to build/use the Windows 64bit shell extensions
configure:6788: result: yes
configure:6794: checking whether to turn warnings to errors
configure:6807: result: no
configure:6812: checking whether to do a debug build
configure:6823: result: no
configure:6828: checking whether to build with additional debug utilities
configure:6840: result: no, full product build
configure:6847: checking whether to include symbols into final build
configure:6869: result: no
configure:6874: checking whether to strip the solver or not.
configure:6893: result: yes
configure:6910: checking whether to enable category B components
configure:6931: result: yes: allow modules nss, hunspell, hyphen, saxon, rhino, beanshell, graphite, coinmp to be built
configure:6952: checking whether to enable the Online Update support
configure:6957: result: yes
configure:6967: checking whether to enable native CUPS support
configure:6975: result: no
configure:6980: checking whether to enable fontconfig support
configure:6988: result: no
configure:7005: checking whether to use DirectX
configure:7010: result: yes
configure:7019: checking whether to use ActiveX
configure:7023: result: yes
configure:7031: checking whether to use ATL
configure:7035: result: yes
configure:7049: checking whether to use RPATH in shared libraries
configure:7056: result: yes
configure:7077: checking whether to use dicts from external paths
configure:7111: result: no
configure:7121: checking Windows build environment sanity
configure:7141: result: ok
configure:7147: checking for cygwin gcc/g++
configure:7150: result: found
configure:7160: checking for bash
configure:7183: found /usr/bin/bash
configure:7195: result: /usr/bin/bash
configure:7210: checking gcc home
configure:7217: result: /usr
configure:8377: checking whether to enable pch feature
configure:8395: result: no
configure:8400: checking for GNU make
configure:8409: result: make
configure:8415: checking the GNU make version
configure:8420: result: make 4.3
3+:
configure:8427: checking for dmake
configure:8499: no system or user-provided dmake found
configure:8506: result: dmake will be downloaded and compiled in bootstrap
configure:8554: checking for GNU or compatible BSD tar
configure:8563: result: tar
configure:8753: checking for perl
configure:8776: found /usr/bin/perl
configure:8788: result: /usr/bin/perl
configure:8809: checking the Perl version
configure:8816: result: checked (perl 5)
configure:8823: checking for required Perl modules
configure:8826: result: all modules found
configure:8857: checking for friendly registry keys
configure:8868: result: done
configure:8988: checking the Microsoft C/C++ Compiler
configure:9044: result: found (/cygdrive/c/PROGRA~2/MICROS~1.0/VC/bin/cl.exe)
configure:9048: checking the Version of Microsoft C/C++ Compiler
configure:9059: result: found Compiler version 001500003072 in "Microsoft (R) 32-bit C/C++ Optimizing Compiler Version 15.00.30729.01 for 80x86
"
configure:9064: result: found .NET 2008 / VS 9.0.
configure:9096: checking for midl.exe
configure:9134: result: no
configure:9172: checking for csc.exe
configure:9210: result: no
configure:9236: checking .NET Framework
configure:9261: result: found
configure:10028: checking size of long
configure:10034: /cygdrive/c/PROGRA~2/MICROS~1.0/VC/bin/cl.exe -o conftest    conftest.c  >&5
Microsoft (R) 32-bit C/C++ Optimizing Compiler Version 15.00.30729.01 for 80x86
Copyright (C) Microsoft Corporation.  All rights reserved.

cl : Command line warning D9035 : option 'o' has been deprecated and will be removed in a future release
conftest.c
Microsoft (R) Incremental Linker Version 9.00.30729.01
Copyright (C) Microsoft Corporation.  All rights reserved.

/out:conftest.exe 
/out:conftest.exe 
conftest.obj 
LINK : fatal error LNK1104: cannot open file 'LIBCMT.lib'
configure:10034: $? = 2
configure: program exited with status 2
configure: failed program was:
| /* confdefs.h */
| #define PACKAGE_NAME ""
| #define PACKAGE_TARNAME ""
| #define PACKAGE_VERSION ""
| #define PACKAGE_STRING ""
| #define PACKAGE_BUGREPORT ""
| #define PACKAGE_URL ""
| /* end confdefs.h.  */
| #include <stddef.h>
| #ifdef HAVE_STDIO_H
| # include <stdio.h>
| #endif
| #ifdef HAVE_STDLIB_H
| # include <stdlib.h>
| #endif
| #ifdef HAVE_STRING_H
| # include <string.h>
| #endif
| #ifdef HAVE_INTTYPES_H
| # include <inttypes.h>
| #endif
| #ifdef HAVE_STDINT_H
| # include <stdint.h>
| #endif
| #ifdef HAVE_STRINGS_H
| # include <strings.h>
| #endif
| #ifdef HAVE_SYS_TYPES_H
| # include <sys/types.h>
| #endif
| #ifdef HAVE_SYS_STAT_H
| # include <sys/stat.h>
| #endif
| #ifdef HAVE_UNISTD_H
| # include <unistd.h>
| #endif
| static long int longval (void) { return (long int) (sizeof (long)); }
| static unsigned long int ulongval (void) { return (long int) (sizeof (long)); }
| #include <stdio.h>
| #include <stdlib.h>
| int
| main (void)
| {
| 
|   FILE *f = fopen ("conftest.val", "w");
|   if (! f)
|     return 1;
|   if (((long int) (sizeof (long))) < 0)
|     {
|       long int i = longval ();
|       if (i != ((long int) (sizeof (long))))
| 	return 1;
|       fprintf (f, "%ld", i);
|     }
|   else
|     {
|       unsigned long int i = ulongval ();
|       if (i != ((long int) (sizeof (long))))
| 	return 1;
|       fprintf (f, "%lu", i);
|     }
|   /* Do not output a trailing newline, as this causes \r\n confusion
|      on some platforms.  */
|   return ferror (f) || fclose (f) != 0;
| 
|   ;
|   return 0;
| }
configure:10049: result: 0
configure:10059: checking whether byte ordering is bigendian
configure:10075: /cygdrive/c/PROGRA~2/MICROS~1.0/VC/bin/cl.exe -c   conftest.c >&5
conftest.c
conftest.c(11) : error C2061: syntax error : identifier 'a'
conftest.c(11) : error C2059: syntax error : ';'
conftest.c(11) : error C2061: syntax error : identifier 'capable'
conftest.c(11) : error C2059: syntax error : ';'
conftest.c(13) : error C2054: expected '(' to follow 'compiler'
conftest.c(13) : error C2085: 'dummy' : not in formal parameter list
conftest.c(15) : fatal error C1004: unexpected end-of-file found
Microsoft (R) 32-bit C/C++ Optimizing Compiler Version 15.00.30729.01 for 80x86
Copyright (C) Microsoft Corporation.  All rights reserved.

configure:10075: $? = 2
configure: failed program was:
| /* confdefs.h */
| #define PACKAGE_NAME ""
| #define PACKAGE_TARNAME ""
| #define PACKAGE_VERSION ""
| #define PACKAGE_STRING ""
| #define PACKAGE_BUGREPORT ""
| #define PACKAGE_URL ""
| #define SIZEOF_LONG 0
| /* end confdefs.h.  */
| #ifndef __APPLE_CC__
| 	       not a universal capable compiler
| 	     #endif
| 	     typedef int dummy;
| 
configure:10121: /cygdrive/c/PROGRA~2/MICROS~1.0/VC/bin/cl.exe -c   conftest.c >&5
conftest.c
conftest.c(11) : fatal error C1083: Cannot open include file: 'sys/param.h': No such file or directory
Microsoft (R) 32-bit C/C++ Optimizing Compiler Version 15.00.30729.01 for 80x86
Copyright (C) Microsoft Corporation.  All rights reserved.

configure:10121: $? = 2
configure: failed program was:
| /* confdefs.h */
| #define PACKAGE_NAME ""
| #define PACKAGE_TARNAME ""
| #define PACKAGE_VERSION ""
| #define PACKAGE_STRING ""
| #define PACKAGE_BUGREPORT ""
| #define PACKAGE_URL ""
| #define SIZEOF_LONG 0
| /* end confdefs.h.  */
| #include <sys/types.h>
| 	     #include <sys/param.h>
| 
| int
| main (void)
| {
| #if ! (defined BYTE_ORDER && defined BIG_ENDIAN 		     && defined LITTLE_ENDIAN && BYTE_ORDER && BIG_ENDIAN 		     && LITTLE_ENDIAN)
| 	      bogus endian macros
| 	     #endif
| 
|   ;
|   return 0;
| }
configure:10167: /cygdrive/c/PROGRA~2/MICROS~1.0/VC/bin/cl.exe -c   conftest.c >&5
conftest.c
conftest.c(16) : error C2065: 'bogus' : undeclared identifier
conftest.c(16) : error C2146: syntax error : missing ';' before identifier 'endian'
conftest.c(16) : error C2065: 'endian' : undeclared identifier
conftest.c(16) : error C2146: syntax error : missing ';' before identifier 'macros'
conftest.c(19) : error C2065: 'macros' : undeclared identifier
Microsoft (R) 32-bit C/C++ Optimizing Compiler Version 15.00.30729.01 for 80x86
Copyright (C) Microsoft Corporation.  All rights reserved.

configure:10167: $? = 2
configure: failed program was:
| /* confdefs.h */
| #define PACKAGE_NAME ""
| #define PACKAGE_TARNAME ""
| #define PACKAGE_VERSION ""
| #define PACKAGE_STRING ""
| #define PACKAGE_BUGREPORT ""
| #define PACKAGE_URL ""
| #define SIZEOF_LONG 0
| /* end confdefs.h.  */
| #include <limits.h>
| 
| int
| main (void)
| {
| #if ! (defined _LITTLE_ENDIAN || defined _BIG_ENDIAN)
| 	      bogus endian macros
| 	     #endif
| 
|   ;
|   return 0;
| }
configure:10262: /cygdrive/c/PROGRA~2/MICROS~1.0/VC/bin/cl.exe -o conftest    conftest.c  >&5
Microsoft (R) 32-bit C/C++ Optimizing Compiler Version 15.00.30729.01 for 80x86
Copyright (C) Microsoft Corporation.  All rights reserved.

cl : Command line warning D9035 : option 'o' has been deprecated and will be removed in a future release
conftest.c
Microsoft (R) Incremental Linker Version 9.00.30729.01
Copyright (C) Microsoft Corporation.  All rights reserved.

/out:conftest.exe 
/out:conftest.exe 
conftest.obj 
LINK : fatal error LNK1104: cannot open file 'LIBCMT.lib'
configure:10262: $? = 2
configure: program exited with status 2
configure: failed program was:
| /* confdefs.h */
| #define PACKAGE_NAME ""
| #define PACKAGE_TARNAME ""
| #define PACKAGE_VERSION ""
| #define PACKAGE_STRING ""
| #define PACKAGE_BUGREPORT ""
| #define PACKAGE_URL ""
| #define SIZEOF_LONG 0
| /* end confdefs.h.  */
| #include <stddef.h>
| #ifdef HAVE_STDIO_H
| # include <stdio.h>
| #endif
| #ifdef HAVE_STDLIB_H
| # include <stdlib.h>
| #endif
| #ifdef HAVE_STRING_H
| # include <string.h>
| #endif
| #ifdef HAVE_INTTYPES_H
| # include <inttypes.h>
| #endif
| #ifdef HAVE_STDINT_H
| # include <stdint.h>
| #endif
| #ifdef HAVE_STRINGS_H
| # include <strings.h>
| #endif
| #ifdef HAVE_SYS_TYPES_H
| # include <sys/types.h>
| #endif
| #ifdef HAVE_SYS_STAT_H
| # include <sys/stat.h>
| #endif
| #ifdef HAVE_UNISTD_H
| # include <unistd.h>
| #endif
| int
| main (void)
| {
| 
| 	     /* Are we little or big endian?  From Harbison&Steele.  */
| 	     union
| 	     {
| 	       long int l;
| 	       char c[sizeof (long int)];
| 	     } u;
| 	     u.l = 1;
| 	     return u.c[sizeof (long int) - 1] == 1;
| 
|   ;
|   return 0;
| }
configure:10274: result: yes
configure:10303: checking for special C compiler options needed for large files
configure:10334: /cygdrive/c/PROGRA~2/MICROS~1.0/VC/bin/cl.exe -c   conftest.c >&5
conftest.c
conftest.c(19) : error C2118: negative subscript
Microsoft (R) 32-bit C/C++ Optimizing Compiler Version 15.00.30729.01 for 80x86
Copyright (C) Microsoft Corporation.  All rights reserved.

configure:10334: $? = 2
configure: failed program was:
| /* confdefs.h */
| #define PACKAGE_NAME ""
| #define PACKAGE_TARNAME ""
| #define PACKAGE_VERSION ""
| #define PACKAGE_STRING ""
| #define PACKAGE_BUGREPORT ""
| #define PACKAGE_URL ""
| #define SIZEOF_LONG 0
| #define WORDS_BIGENDIAN 1
| /* end confdefs.h.  */
| #include <sys/types.h>
|  /* Check that off_t can represent 2**63 - 1 correctly.
|     We can't simply define LARGE_OFF_T to be 9223372036854775807,
|     since some C++ compilers masquerading as C compilers
|     incorrectly reject 9223372036854775807.  */
| #define LARGE_OFF_T (((off_t) 1 << 31 << 31) - 1 + ((off_t) 1 << 31 << 31))
|   int off_t_is_large[(LARGE_OFF_T % 2147483629 == 721
| 		       && LARGE_OFF_T % 2147483647 == 1)
| 		      ? 1 : -1];
| int
| main (void)
| {
| 
|   ;
|   return 0;
| }
configure:10340: /cygdrive/c/PROGRA~2/MICROS~1.0/VC/bin/cl.exe -n32 -c   conftest.c >&5
conftest.c
conftest.c(19) : error C2118: negative subscript
Microsoft (R) 32-bit C/C++ Optimizing Compiler Version 15.00.30729.01 for 80x86
Copyright (C) Microsoft Corporation.  All rights reserved.

cl : Command line warning D9002 : ignoring unknown option '-n32'
configure:10340: $? = 2
configure: failed program was:
| /* confdefs.h */
| #define PACKAGE_NAME ""
| #define PACKAGE_TARNAME ""
| #define PACKAGE_VERSION ""
| #define PACKAGE_STRING ""
| #define PACKAGE_BUGREPORT ""
| #define PACKAGE_URL ""
| #define SIZEOF_LONG 0
| #define WORDS_BIGENDIAN 1
| /* end confdefs.h.  */
| #include <sys/types.h>
|  /* Check that off_t can represent 2**63 - 1 correctly.
|     We can't simply define LARGE_OFF_T to be 9223372036854775807,
|     since some C++ compilers masquerading as C compilers
|     incorrectly reject 9223372036854775807.  */
| #define LARGE_OFF_T (((off_t) 1 << 31 << 31) - 1 + ((off_t) 1 << 31 << 31))
|   int off_t_is_large[(LARGE_OFF_T % 2147483629 == 721
| 		       && LARGE_OFF_T % 2147483647 == 1)
| 		      ? 1 : -1];
| int
| main (void)
| {
| 
|   ;
|   return 0;
| }
configure:10351: result: no
configure:10357: checking for _FILE_OFFSET_BITS value needed for large files
configure:10383: /cygdrive/c/PROGRA~2/MICROS~1.0/VC/bin/cl.exe -c   conftest.c >&5
conftest.c
conftest.c(19) : error C2118: negative subscript
Microsoft (R) 32-bit C/C++ Optimizing Compiler Version 15.00.30729.01 for 80x86
Copyright (C) Microsoft Corporation.  All rights reserved.

configure:10383: $? = 2
configure: failed program was:
| /* confdefs.h */
| #define PACKAGE_NAME ""
| #define PACKAGE_TARNAME ""
| #define PACKAGE_VERSION ""
| #define PACKAGE_STRING ""
| #define PACKAGE_BUGREPORT ""
| #define PACKAGE_URL ""
| #define SIZEOF_LONG 0
| #define WORDS_BIGENDIAN 1
| /* end confdefs.h.  */
| #include <sys/types.h>
|  /* Check that off_t can represent 2**63 - 1 correctly.
|     We can't simply define LARGE_OFF_T to be 9223372036854775807,
|     since some C++ compilers masquerading as C compilers
|     incorrectly reject 9223372036854775807.  */
| #define LARGE_OFF_T (((off_t) 1 << 31 << 31) - 1 + ((off_t) 1 << 31 << 31))
|   int off_t_is_large[(LARGE_OFF_T % 2147483629 == 721
| 		       && LARGE_OFF_T % 2147483647 == 1)
| 		      ? 1 : -1];
| int
| main (void)
| {
| 
|   ;
|   return 0;
| }
configure:10408: /cygdrive/c/PROGRA~2/MICROS~1.0/VC/bin/cl.exe -c   conftest.c >&5
conftest.c
conftest.c(20) : error C2118: negative subscript
Microsoft (R) 32-bit C/C++ Optimizing Compiler Version 15.00.30729.01 for 80x86
Copyright (C) Microsoft Corporation.  All rights reserved.

configure:10408: $? = 2
configure: failed program was:
| /* confdefs.h */
| #define PACKAGE_NAME ""
| #define PACKAGE_TARNAME ""
| #define PACKAGE_VERSION ""
| #define PACKAGE_STRING ""
| #define PACKAGE_BUGREPORT ""
| #define PACKAGE_URL ""
| #define SIZEOF_LONG 0
| #define WORDS_BIGENDIAN 1
| /* end confdefs.h.  */
| #define _FILE_OFFSET_BITS 64
| #include <sys/types.h>
|  /* Check that off_t can represent 2**63 - 1 correctly.
|     We can't simply define LARGE_OFF_T to be 9223372036854775807,
|     since some C++ compilers masquerading as C compilers
|     incorrectly reject 9223372036854775807.  */
| #define LARGE_OFF_T (((off_t) 1 << 31 << 31) - 1 + ((off_t) 1 << 31 << 31))
|   int off_t_is_large[(LARGE_OFF_T % 2147483629 == 721
| 		       && LARGE_OFF_T % 2147483647 == 1)
| 		      ? 1 : -1];
| int
| main (void)
| {
| 
|   ;
|   return 0;
| }
configure:10417: result: unknown
configure:10427: checking for _LARGE_FILES value needed for large files
configure:10453: /cygdrive/c/PROGRA~2/MICROS~1.0/VC/bin/cl.exe -c   conftest.c >&5
conftest.c
conftest.c(19) : error C2118: negative subscript
Microsoft (R) 32-bit C/C++ Optimizing Compiler Version 15.00.30729.01 for 80x86
Copyright (C) Microsoft Corporation.  All rights reserved.

configure:10453: $? = 2
configure: failed program was:
| /* confdefs.h */
| #define PACKAGE_NAME ""
| #define PACKAGE_TARNAME ""
| #define PACKAGE_VERSION ""
| #define PACKAGE_STRING ""
| #define PACKAGE_BUGREPORT ""
| #define PACKAGE_URL ""
| #define SIZEOF_LONG 0
| #define WORDS_BIGENDIAN 1
| /* end confdefs.h.  */
| #include <sys/types.h>
|  /* Check that off_t can represent 2**63 - 1 correctly.
|     We can't simply define LARGE_OFF_T to be 9223372036854775807,
|     since some C++ compilers masquerading as C compilers
|     incorrectly reject 9223372036854775807.  */
| #define LARGE_OFF_T (((off_t) 1 << 31 << 31) - 1 + ((off_t) 1 << 31 << 31))
|   int off_t_is_large[(LARGE_OFF_T % 2147483629 == 721
| 		       && LARGE_OFF_T % 2147483647 == 1)
| 		      ? 1 : -1];
| int
| main (void)
| {
| 
|   ;
|   return 0;
| }
configure:10478: /cygdrive/c/PROGRA~2/MICROS~1.0/VC/bin/cl.exe -c   conftest.c >&5
conftest.c
conftest.c(20) : error C2118: negative subscript
Microsoft (R) 32-bit C/C++ Optimizing Compiler Version 15.00.30729.01 for 80x86
Copyright (C) Microsoft Corporation.  All rights reserved.

configure:10478: $? = 2
configure: failed program was:
| /* confdefs.h */
| #define PACKAGE_NAME ""
| #define PACKAGE_TARNAME ""
| #define PACKAGE_VERSION ""
| #define PACKAGE_STRING ""
| #define PACKAGE_BUGREPORT ""
| #define PACKAGE_URL ""
| #define SIZEOF_LONG 0
| #define WORDS_BIGENDIAN 1
| /* end confdefs.h.  */
| #define _LARGE_FILES 1
| #include <sys/types.h>
|  /* Check that off_t can represent 2**63 - 1 correctly.
|     We can't simply define LARGE_OFF_T to be 9223372036854775807,
|     since some C++ compilers masquerading as C compilers
|     incorrectly reject 9223372036854775807.  */
| #define LARGE_OFF_T (((off_t) 1 << 31 << 31) - 1 + ((off_t) 1 << 31 << 31))
|   int off_t_is_large[(LARGE_OFF_T % 2147483629 == 721
| 		       && LARGE_OFF_T % 2147483647 == 1)
| 		      ? 1 : -1];
| int
| main (void)
| {
| 
|   ;
|   return 0;
| }
configure:10487: result: unknown
configure:11164: result: no g++ includes
configure:11311: checking exception type
configure:11347: result: 
configure:11455: checking what the default STL should be
configure:11501: checking whether we are allowed and able to use --ccache-skip
configure:11504: result: only used on Mac currently, skipping
configure:11760: checking which memory allocator to use
configure:11930: result: internal
configure:11936: checking whether to add custom build version
configure:11940: result: yes, 2022-04-05 16:10
configure:11949: checking whether to build with Java support
configure:11952: result: yes
configure:12052: checking the installed JDK
configure:12134: result: checked (JDK 1.7.0_80)
configure:12482: checking for jawt lib name
configure:12652: result: -ljawt
configure:12658: checking whether to enable gcj aot compilation
configure:12728: result: no
configure:12744: checking whether to enable EPM for packing
configure:12747: result: yes
configure:12840: checking which package format to use
configure:12908: result: msi
configure:13140: checking for gperf
configure:13163: found /usr/bin/gperf
configure:13175: result: /usr/bin/gperf
configure:13186: checking for gperf
configure:13221: result: /usr/bin/gperf
configure:13239: checking gperf version
configure:13242: result: OK
configure:13250: checking whether to build the stax
configure:13258: result: yes
configure:13263: checking whether to build the ODK
configure:13266: result: yes
configure:13269: checking for external/unowinreg/unowinreg.dll
configure:13277: result: found
configure:13659: checking whether to provide libstdc++/libgcc_s in the installset
configure:13667: result: yes
configure:13676: checking which zlib to use
configure:13734: result: internal
configure:13741: checking which jpeg to use
configure:13800: result: internal
configure:13807: checking which expat to use
configure:13869: result: internal
configure:13877: checking which cppunit to use
configure:13963: WARNING: not using cppunit
configure:14145: checking which libxslt to use
configure:14301: result: internal
configure:14311: checking which libxml to use
configure:14418: result: internal
configure:14466: checking which python to use
configure:14764: result: internal
configure:14774: checking for bzip2
configure:14797: found /usr/bin/bzip2
configure:14809: result: /usr/bin/bzip2
configure:14828: checking which lucene to use
configure:15051: result: internal
configure:15060: checking whether to build the MySQL Connector extension
configure:15076: result: no
configure:15316: checking which hsqldb to use
configure:15381: result: internal
configure:15390: checking which beanshell to use
configure:15426: result: internal
configure:15442: checking which saxon to use
configure:15650: result: internal
configure:15666: checking whether to enable support for JavaScript
configure:15670: result: yes
configure:15684: checking which libapr to use
configure:15782: result: internal
configure:15795: checking which libapr-util to use
configure:15893: result: internal
configure:15906: checking which libserf to use
configure:16005: result: internal
configure:16019: checking whether to enable support for CoinMP
configure:16023: result: yes
configure:16027: checking which coinmp to use
configure:16212: result: internal
configure:16231: checking which curl to use
configure:16302: result: internal
configure:16311: checking which mdds to use
configure:16339: result: internal
configure:16346: checking which boost to use
configure:16422: result: internal
configure:16429: checking which vigra to use
configure:16457: result: internal
configure:16464: checking which odbc headers to use
configure:16481: result: internal
configure:16488: checking whether to build XML Security support
configure:16494: result: yes
configure:16498: checking whether to build LDAP configuration backend
configure:16630: checking whether to build the internal NSS module
configure:16635: result: yes
configure:16638: checking for Mozilla build tooling
configure:16659: result: ok
configure:16675: checking which sane header to use
configure:16691: result: internal
configure:16698: checking which icu to use
configure:16943: result: internal
configure:16958: checking whether to enable graphite support
configure:16961: result: yes
configure:16964: checking which graphite to use
configure:17063: result: internal
configure:17999: checking whether to link to Xrender
configure:18007: result: no, dynamically open it
configure:18011: checking which Xrender headers to use
configure:18027: result: internal
configure:18082: checking whether to enable RandR support
configure:18225: result: no
configure:18233: checking which libnss to use
configure:18331: result: internal
configure:18343: checking which libssl to use
configure:18447: result: internal
configure:18456: checking which redland library to use
configure:18555: result: internal
configure:18564: checking whether to build the Spell Checking component
configure:18569: checking which libhunspell to use
configure:18723: result: internal
configure:18738: checking whether to build the Hyphenator component
configure:18743: checking which libhyphen to use
configure:18898: result: internal
configure:18925: checking which mythes to use
configure:19116: result: internal
configure:19126: checking which libtextcat to use
configure:19186: result: internal
configure:19193: checking which libtextcat data directory to use
configure:19204: result: internal
configure:19267: checking for getopt
configure:19267: /cygdrive/c/PROGRA~2/MICROS~1.0/VC/bin/cl.exe -o conftest    conftest.c  >&5
conftest.c
Microsoft (R) Incremental Linker Version 9.00.30729.01
Copyright (C) Microsoft Corporation.  All rights reserved.

/out:conftest.exe 
/out:conftest.exe 
conftest.obj 
LINK : fatal error LNK1104: cannot open file 'LIBCMT.lib'
Microsoft (R) 32-bit C/C++ Optimizing Compiler Version 15.00.30729.01 for 80x86
Copyright (C) Microsoft Corporation.  All rights reserved.

cl : Command line warning D9035 : option 'o' has been deprecated and will be removed in a future release
configure:19267: $? = 2
configure: failed program was:
| /* confdefs.h */
| #define PACKAGE_NAME ""
| #define PACKAGE_TARNAME ""
| #define PACKAGE_VERSION ""
| #define PACKAGE_STRING ""
| #define PACKAGE_BUGREPORT ""
| #define PACKAGE_URL ""
| #define SIZEOF_LONG 0
| #define WORDS_BIGENDIAN 1
| /* end confdefs.h.  */
| /* Define getopt to an innocuous variant, in case <limits.h> declares getopt.
|    For example, HP-UX 11i <limits.h> declares gettimeofday.  */
| #define getopt innocuous_getopt
| 
| /* System header to define __stub macros and hopefully few prototypes,
|    which can conflict with char getopt (); below.  */
| 
| #include <limits.h>
| #undef getopt
| 
| /* Override any GCC internal prototype to avoid an error.
|    Use char because int might match the return type of a GCC
|    builtin and then its argument prototype would still apply.  */
| #ifdef __cplusplus
| extern "C"
| #endif
| char getopt ();
| /* The GNU C library defines this for functions which it implements
|     to always fail with ENOSYS.  Some functions are actually named
|     something starting with __ and the normal name is an alias.  */
| #if defined __stub_getopt || defined __stub___getopt
| choke me
| #endif
| 
| int
| main (void)
| {
| return getopt ();
|   ;
|   return 0;
| }
configure:19267: result: no
configure:19280: checking for readdir_r
configure:19280: /cygdrive/c/PROGRA~2/MICROS~1.0/VC/bin/cl.exe -o conftest    conftest.c  >&5
conftest.c
Microsoft (R) Incremental Linker Version 9.00.30729.01
Copyright (C) Microsoft Corporation.  All rights reserved.

/out:conftest.exe 
/out:conftest.exe 
conftest.obj 
LINK : fatal error LNK1104: cannot open file 'LIBCMT.lib'
Microsoft (R) 32-bit C/C++ Optimizing Compiler Version 15.00.30729.01 for 80x86
Copyright (C) Microsoft Corporation.  All rights reserved.

cl : Command line warning D9035 : option 'o' has been deprecated and will be removed in a future release
configure:19280: $? = 2
configure: failed program was:
| /* confdefs.h */
| #define PACKAGE_NAME ""
| #define PACKAGE_TARNAME ""
| #define PACKAGE_VERSION ""
| #define PACKAGE_STRING ""
| #define PACKAGE_BUGREPORT ""
| #define PACKAGE_URL ""
| #define SIZEOF_LONG 0
| #define WORDS_BIGENDIAN 1
| /* end confdefs.h.  */
| /* Define readdir_r to an innocuous variant, in case <limits.h> declares readdir_r.
|    For example, HP-UX 11i <limits.h> declares gettimeofday.  */
| #define readdir_r innocuous_readdir_r
| 
| /* System header to define __stub macros and hopefully few prototypes,
|    which can conflict with char readdir_r (); below.  */
| 
| #include <limits.h>
| #undef readdir_r
| 
| /* Override any GCC internal prototype to avoid an error.
|    Use char because int might match the return type of a GCC
|    builtin and then its argument prototype would still apply.  */
| #ifdef __cplusplus
| extern "C"
| #endif
| char readdir_r ();
| /* The GNU C library defines this for functions which it implements
|     to always fail with ENOSYS.  Some functions are actually named
|     something starting with __ and the normal name is an alias.  */
| #if defined __stub_readdir_r || defined __stub___readdir_r
| choke me
| #endif
| 
| int
| main (void)
| {
| return readdir_r ();
|   ;
|   return 0;
| }
configure:19280: result: no
configure:19303: checking for PSDK files
configure:19355: result: SDK files found ...)
configure:19366: result: Found Windows SDK 7.0 (/cygdrive/c/Microsoft_SDKs/Windows/v7.0)
configure:19378: checking for DirectX SDK files
configure:19432: result: found
configure:19449: checking for ATL and MFC
configure:19455: testing ATL/MFC libs and includes
configure:19486: looking for atlbase.h in "/cygdrive/c/WinDDK/7600.16385.1/inc/atl71"
configure:19493: found atlbase.h in "/cygdrive/c/WinDDK/7600.16385.1/inc/atl71"? "yes"
configure:19496: looking for afx.h in "/cygdrive/c/WinDDK/7600.16385.1/inc/mfc42"
configure:19503: found afx.h in "/cygdrive/c/WinDDK/7600.16385.1/inc/mfc42"? "yes"
configure:19506: looking for atls.lib in "/cygdrive/c/WinDDK/7600.16385.1/lib/atl/i386"
configure:19510: looking for atlthunk.lib in "/cygdrive/c/WinDDK/7600.16385.1/lib/atl/i386"
configure:19517: found atlthunk.lib in "/cygdrive/c/WinDDK/7600.16385.1/lib/atl/i386"? "YES"
configure:19522: found atls.lib in "/cygdrive/c/WinDDK/7600.16385.1/lib/atl/i386"? "yes"
configure:19548: result: ATL/MFC enabled
configure:19563: checking for NSIS
configure:19567: checking for nsis.exe
configure:19605: result: no
configure:19630: result: found (/cygdrive/c/NSIS)
configure:19632: checking whether NSIS version is >= 3.*
configure:19638: result: found NSIS 3.08 >= 3.*
configure:19640: checking whether NSIS was compiled with Unicode support
configure:19643: result: NSIS version compiled with Unicode support.
configure:19661: checking for bison
configure:19684: found /usr/bin/bison
configure:19696: result: /usr/bin/bison
configure:19707: checking the bison version
configure:19718: result: checked (/usr/bin/bison 3.8.2)
configure:19727: checking for flex
configure:19750: found /usr/bin/flex
configure:19762: result: /usr/bin/flex
configure:19775: checking for patch
configure:19798: found /usr/bin/patch
configure:19810: result: /usr/bin/patch
configure:19853: checking for gnucp
configure:19891: result: no
configure:19853: checking for cp
configure:19876: found /usr/bin/cp
configure:19888: result: /usr/bin/cp
configure:19911: checking whether /usr/bin/cp is GNU cp from coreutils with preserve= support
configure:19914: result: yes
configure:19938: checking for bash
configure:19961: found /usr/bin/bash
configure:19973: result: /usr/bin/bash
configure:19989: checking ml.exe assembler path
configure:20052: result: 
configure:20061: checking nasm.exe assembler path
configure:20119: result: 
configure:20140: checking for zip
configure:20163: found /usr/bin/zip
configure:20175: result: /usr/bin/zip
configure:20185: checking for unzip
configure:20208: found /usr/bin/unzip
configure:20220: result: /usr/bin/unzip
configure:20242: checking for dbghelp.dll
configure:20245: result: found and executable
configure:20259: checking for vcredist_x86.exe
configure:20262: result: found and executable
configure:20269: checking for vcredist_x64.exe
configure:20272: result: found and executable
configure:20292: checking for gdiplus.dll
configure:20295: result: found and executable
configure:20306: checking for msvcr100.dll
configure:20309: result: found and executable
configure:20320: checking which VCLplugs shall be built
configure:20347: result: gtk
configure:20353: checking whether to enable GConf support
configure:20451: result: no
configure:20458: checking whether to enable GNOME VFS support
configure:20649: result: no
configure:21216: checking whether to use cairo
configure:21369: result: no
configure:21387: checking whether to build the OpenGL Transitions component
configure:21488: result: no
configure:21495: checking whether to build the PDF Import extension
configure:21607: result: no
configure:21616: checking whether to build the Wiki Publisher extension
configure:21619: result: yes
configure:21621: checking for swext module
configure:21624: result: OK
configure:21639: checking which Servlet API Jar to use
configure:21674: result: internal
configure:21683: checking whether to build the Report Builder extension
configure:22513: result: no
configure:22534: checking which Apache commons-* libs to use
configure:22855: result: internal
configure:23233: checking whether to enable the lockdown pieces
configure:23241: result: no
configure:23246: checking whether to enable evolution 2 support
configure:23345: result: no
configure:23352: checking whether to enable KDE address book support
configure:23405: result: no
configure:23411: checking whether to include MathMLDTD
configure:23419: result: yes
configure:23430: checking whether to include category B fonts
configure:23433: result: yes
configure:23445: checking whether to include category A fonts
configure:23448: result: yes
configure:23460: checking whether any fonts are included
configure:23465: result: yes
configure:23476: checking whether to include PPDs
configure:23479: result: yes
configure:23489: checking whether to include AFMs
configure:23492: result: yes
configure:23505: checking whether and how to use Xinerama
configure:23608: result: no
configure:23642: checking whether to build own version of libpng
configure:23648: result: yes
configure:23665: checking whether to build own version of libjpeg
configure:23688: result: yes
configure:23694: checking whether to trigger rat scan
configure:23697: result: no
configure:23893: checking for jakarta-ant
configure:23932: result: no
configure:23893: checking for ant
configure:23917: found /cygdrive/c/apache-ant-1.9.16/bin/ant
configure:23929: result: /cygdrive/c/apache-ant-1.9.16/bin/ant
configure:23964: checking if /cygdrive/c/apache-ant-1.9.16/bin/ant works
configure:23989: /cygdrive/c/apache-ant-1.9.16/bin/ant -buildfile conftest.xml 1>&2
Buildfile: C:\Source\openoffice\main\conftest.xml

conftest:
    [javac] C:\Source\openoffice\main\conftest.xml:3: warning: 'includeantruntime' was not set, defaulting to build.sysclasspath=last; set to false for repeatable builds
    [javac] Compiling 1 source file

BUILD SUCCESSFUL
Total time: 1 second
configure:23992: $? = 0
configure:23995: result: Ant works
configure:24023: checking Ant lib directory
configure:24050: result: Ant lib directory found.
configure:24063: checking whether ant is >= 1.7.0
configure: ant_version 1.9.16 
configure: ant_version_major 1 
configure: ant_version_minor 9 
configure:24075: result: yes, 1.9.16
configure:24082: checking whether ant supports mapper type="regexp"
configure:24115: /cygdrive/c/apache-ant-1.9.16/bin/ant -buildfile conftest.xml 1>&2
Buildfile: C:\Source\openoffice\main\conftest.xml

copytest:

conftest:
    [javac] C:\Source\openoffice\main\conftest.xml:3: warning: 'includeantruntime' was not set, defaulting to build.sysclasspath=last; set to false for repeatable builds
    [javac] Compiling 1 source file

BUILD SUCCESSFUL
Total time: 1 second
configure:24118: $? = 0
configure:24121: result: yes
configure:24169: checking which languages to be built
configure:24176: result: ast bg ca ca-XR ca-XV cs da de el en-GB en-US es eu fi fr gd gl he hi hu it ja km ko lt nb nl pl pt pt-BR ru sk sl sr sv ta th tr vi zh-CN zh-TW
configure:24183: checking which languages have poor help localizations
configure:24187: result: none
configure:24195: checking which dictionaries to include
configure:24199: result: ALL
configure:24208: checking for additional 'intro' bitmaps
configure:24213: result: none
configure:24231: checking for additional 'about' bitmaps
configure:24236: result: none
configure:24255: checking for vendor
configure:24258: result: not set
configure:24268: checking for UNIX wrapper name
configure:24271: result: not set
configure:24280: checking whether to statically link to Gtk
configure:24288: result: no
configure:24293: checking whether to use layout dialogs
configure:24301: result: no
configure:24309: checking build verbosity
configure:24323: result: not set
configure:24328: checking whether to enable dependency tracking
configure:24335: result: yes
configure:24352: checking solver path
configure:24356: result: default
configure:24375: writing config.status
configure:24528: creating ./config.status

## ---------------------- ##
## Running config.status. ##
## ---------------------- ##

This file was extended by config.status, which was
generated by GNU Autoconf 2.71.  Invocation command line was

  CONFIG_FILES    = 
  CONFIG_HEADERS  = 
  CONFIG_LINKS    = 
  CONFIG_COMMANDS = 
  $ ./config.status 

on VM-W10-AOO

config.status:1113: creating set_soenv
config.status:1113: creating Makefile

## ---------------- ##
## Cache variables. ##
## ---------------- ##

ac_cv_build=i686-pc-cygwin
ac_cv_c_bigendian=yes
ac_cv_env_APR_CFLAGS_set=
ac_cv_env_APR_CFLAGS_value=
ac_cv_env_APR_LIBS_set=
ac_cv_env_APR_LIBS_value=
ac_cv_env_APR_UTIL_CFLAGS_set=
ac_cv_env_APR_UTIL_CFLAGS_value=
ac_cv_env_APR_UTIL_LIBS_set=
ac_cv_env_APR_UTIL_LIBS_value=
ac_cv_env_CAIRO_CFLAGS_set=
ac_cv_env_CAIRO_CFLAGS_value=
ac_cv_env_CAIRO_LIBS_set=
ac_cv_env_CAIRO_LIBS_value=
ac_cv_env_CCC_set=
ac_cv_env_CCC_value=
ac_cv_env_CC_set=
ac_cv_env_CC_value=
ac_cv_env_CFLAGS_set=
ac_cv_env_CFLAGS_value=
ac_cv_env_COINMP_CFLAGS_set=
ac_cv_env_COINMP_CFLAGS_value=
ac_cv_env_COINMP_LIBS_set=
ac_cv_env_COINMP_LIBS_value=
ac_cv_env_CPPFLAGS_set=
ac_cv_env_CPPFLAGS_value=
ac_cv_env_CPPUNIT_CFLAGS_set=
ac_cv_env_CPPUNIT_CFLAGS_value=
ac_cv_env_CPPUNIT_LIBS_set=
ac_cv_env_CPPUNIT_LIBS_value=
ac_cv_env_CPP_set=
ac_cv_env_CPP_value=
ac_cv_env_CXXCPP_set=
ac_cv_env_CXXCPP_value=
ac_cv_env_CXXFLAGS_set=
ac_cv_env_CXXFLAGS_value=
ac_cv_env_CXX_set=
ac_cv_env_CXX_value=
ac_cv_env_DBUS_CFLAGS_set=
ac_cv_env_DBUS_CFLAGS_value=
ac_cv_env_DBUS_LIBS_set=
ac_cv_env_DBUS_LIBS_value=
ac_cv_env_FREETYPE_CFLAGS_set=
ac_cv_env_FREETYPE_CFLAGS_value=
ac_cv_env_FREETYPE_LIBS_set=
ac_cv_env_FREETYPE_LIBS_value=
ac_cv_env_GCONF_CFLAGS_set=
ac_cv_env_GCONF_CFLAGS_value=
ac_cv_env_GCONF_LIBS_set=
ac_cv_env_GCONF_LIBS_value=
ac_cv_env_GIO_CFLAGS_set=
ac_cv_env_GIO_CFLAGS_value=
ac_cv_env_GIO_LIBS_set=
ac_cv_env_GIO_LIBS_value=
ac_cv_env_GNOMEVFS_CFLAGS_set=
ac_cv_env_GNOMEVFS_CFLAGS_value=
ac_cv_env_GNOMEVFS_LIBS_set=
ac_cv_env_GNOMEVFS_LIBS_value=
ac_cv_env_GOBJECT_CFLAGS_set=
ac_cv_env_GOBJECT_CFLAGS_value=
ac_cv_env_GOBJECT_LIBS_set=
ac_cv_env_GOBJECT_LIBS_value=
ac_cv_env_GRAPHITE_CFLAGS_set=
ac_cv_env_GRAPHITE_CFLAGS_value=
ac_cv_env_GRAPHITE_LIBS_set=
ac_cv_env_GRAPHITE_LIBS_value=
ac_cv_env_GSTREAMER_CFLAGS_set=
ac_cv_env_GSTREAMER_CFLAGS_value=
ac_cv_env_GSTREAMER_LIBS_set=
ac_cv_env_GSTREAMER_LIBS_value=
ac_cv_env_GTHREAD_CFLAGS_set=
ac_cv_env_GTHREAD_CFLAGS_value=
ac_cv_env_GTHREAD_LIBS_set=
ac_cv_env_GTHREAD_LIBS_value=
ac_cv_env_GTK_2_10_CFLAGS_set=
ac_cv_env_GTK_2_10_CFLAGS_value=
ac_cv_env_GTK_2_10_LIBS_set=
ac_cv_env_GTK_2_10_LIBS_value=
ac_cv_env_GTK_CFLAGS_set=
ac_cv_env_GTK_CFLAGS_value=
ac_cv_env_GTK_LIBS_set=
ac_cv_env_GTK_LIBS_value=
ac_cv_env_HUNSPELL_CFLAGS_set=
ac_cv_env_HUNSPELL_CFLAGS_value=
ac_cv_env_HUNSPELL_LIBS_set=
ac_cv_env_HUNSPELL_LIBS_value=
ac_cv_env_LDFLAGS_set=
ac_cv_env_LDFLAGS_value=
ac_cv_env_LIBS_set=
ac_cv_env_LIBS_value=
ac_cv_env_LIBXML_CFLAGS_set=
ac_cv_env_LIBXML_CFLAGS_value=
ac_cv_env_LIBXML_LIBS_set=
ac_cv_env_LIBXML_LIBS_value=
ac_cv_env_LIBXSLT_CFLAGS_set=
ac_cv_env_LIBXSLT_CFLAGS_value=
ac_cv_env_LIBXSLT_LIBS_set=
ac_cv_env_LIBXSLT_LIBS_value=
ac_cv_env_MYTHES_CFLAGS_set=
ac_cv_env_MYTHES_CFLAGS_value=
ac_cv_env_MYTHES_LIBS_set=
ac_cv_env_MYTHES_LIBS_value=
ac_cv_env_NSS_CFLAGS_set=
ac_cv_env_NSS_CFLAGS_value=
ac_cv_env_NSS_LIBS_set=
ac_cv_env_NSS_LIBS_value=
ac_cv_env_OPENSSL_CFLAGS_set=
ac_cv_env_OPENSSL_CFLAGS_value=
ac_cv_env_OPENSSL_LIBS_set=
ac_cv_env_OPENSSL_LIBS_value=
ac_cv_env_PKG_CONFIG_LIBDIR_set=
ac_cv_env_PKG_CONFIG_LIBDIR_value=
ac_cv_env_PKG_CONFIG_PATH_set=
ac_cv_env_PKG_CONFIG_PATH_value=
ac_cv_env_PKG_CONFIG_set=
ac_cv_env_PKG_CONFIG_value=
ac_cv_env_POPPLER_CFLAGS_set=
ac_cv_env_POPPLER_CFLAGS_value=
ac_cv_env_POPPLER_LIBS_set=
ac_cv_env_POPPLER_LIBS_value=
ac_cv_env_REDLAND_CFLAGS_set=
ac_cv_env_REDLAND_CFLAGS_value=
ac_cv_env_REDLAND_LIBS_set=
ac_cv_env_REDLAND_LIBS_value=
ac_cv_env_SERF_CFLAGS_set=
ac_cv_env_SERF_CFLAGS_value=
ac_cv_env_SERF_LIBS_set=
ac_cv_env_SERF_LIBS_value=
ac_cv_env_XMKMF_set=
ac_cv_env_XMKMF_value=
ac_cv_env_XRANDR_CFLAGS_set=
ac_cv_env_XRANDR_CFLAGS_value=
ac_cv_env_XRANDR_LIBS_set=
ac_cv_env_XRANDR_LIBS_value=
ac_cv_env_build_alias_set=
ac_cv_env_build_alias_value=
ac_cv_env_host_alias_set=
ac_cv_env_host_alias_value=
ac_cv_env_target_alias_set=
ac_cv_env_target_alias_value=
ac_cv_func_getopt=no
ac_cv_func_readdir_r=no
ac_cv_host=i686-pc-cygwin
ac_cv_path_ANT=/cygdrive/c/apache-ant-1.9.16/bin/ant
ac_cv_path_AWK=/usr/bin/awk
ac_cv_path_BISON=/usr/bin/bison
ac_cv_path_BZIP2=/usr/bin/bzip2
ac_cv_path_CYGWIN_PATH=/usr/bin/bash
ac_cv_path_EGREP='/usr/bin/grep -E'
ac_cv_path_FLEX=/usr/bin/flex
ac_cv_path_GNUCP=/usr/bin/cp
ac_cv_path_GPERF=/usr/bin/gperf
ac_cv_path_GREP=/usr/bin/grep
ac_cv_path_PATCH=/usr/bin/patch
ac_cv_path_PERL=/usr/bin/perl
ac_cv_path_SED=/usr/bin/sed
ac_cv_path_SHELLPATH=/usr/bin/bash
ac_cv_path_UNZIP=/usr/bin/unzip
ac_cv_path_ZIP=/usr/bin/zip
ac_cv_path_ac_pt_PKG_CONFIG=/usr/bin/pkg-config
ac_cv_prog_AWK=awk
ac_cv_sizeof_long=0
ac_cv_sys_file_offset_bits=unknown
ac_cv_sys_large_files=unknown
ac_cv_sys_largefile_CC=no
ac_cv_target=i686-pc-cygwin

## ----------------- ##
## Output variables. ##
## ----------------- ##

ABOUT_BITMAPS=''
ADDITIONAL_REPOSITORIES='../ext_libraries ../extras'
ALLOC=''
ANT='/cygdrive/c/apache-ant-1.9.16/bin/ant'
ANT_HOME='/cygdrive/c/apache-ant-1.9.16'
ANT_LIB='/cygdrive/c/apache-ant-1.9.16/lib'
APR_CFLAGS=''
APR_LIBS=''
APR_UTIL_CFLAGS=''
APR_UTIL_LIBS=''
ARM_TARGET=''
ASM_HOME='/cygdrive/c/Program Files (x86)/Microsoft Visual Studio 9.0/VC/bin'
ATL_INCLUDE='C:/WinDDK/760016~1.1/inc/atl71'
ATL_LIB='C:/WinDDK/760016~1.1/lib/atl/i386'
ATL_LIB_X64='C:/WinDDK/760016~1.1/lib/atl/amd64'
AWK='/usr/bin/awk'
AWTLIB='-ljawt'
BISON='/usr/bin/bison'
BSH_JAR=''
BUILD_EPM=''
BUILD_PIXMAN=''
BUILD_STAX='YES'
BUILD_TYPE='OOo TWAIN ODK ZLIB JPEG EXPAT LIBXSLT LIBXML2 LIBXMLSEC PYTHON LUCENE HSQLDB BSH SAXON RHINO APR APR_UTIL SERF COINMP COINMP CURL MDDS BOOST VIGRA UNIXODBC NSS SANE ICU GRAPHITE X11_EXTENSIONS NSS OPENSSL REDLAND HUNSPELL HYPHEN MYTHES LIBTEXTCAT LIBTEXTCATDATA SWEXT TOMCAT APACHE_COMMONS TOMCAT MATHMLDTD CATB_FONTS MORE_FONTS AFMS L10N'
BUILD_UNOWINREG='NO'
BUILD_VER_STRING='2022-04-05 16:10'
BUILD_X64='TRUE'
BUNDLED_EXTENSION_BLOBS=''
BUNDLED_PREREG_EXTENSIONS=''
BZIP2='/usr/bin/bzip2'
CAIRO_CFLAGS=''
CAIRO_LIBS=''
CC='/cygdrive/c/PROGRA~2/MICROS~1.0/VC/bin/cl.exe'
CCACHE=''
CC_PATH='./'
CFLAGS=''
COINMP_CFLAGS=''
COINMP_LIBS=''
COMEX='12'
COMMONS_CODEC_JAR=''
COMMONS_HTTPCLIENT_JAR=''
COMMONS_LANG_JAR=''
COMMONS_LOGGING_JAR=''
COMPATH='/cygdrive/c/PROGRA~2/MICROS~1.0/VC'
COM_IS=''
CPP=''
CPPFLAGS=''
CPPUNIT_CFLAGS=''
CPPUNIT_LIBS=''
CRYPT_LINK=''
CSC_PATH='/cygdrive/c/Windows/Microsoft.NET/Framework/v3.5'
CURLCONFIG=''
CURL_CFLAGS=''
CURL_LIBS=''
CUSTOM_PACK_LIST='/cygdrive/c/Source/Pack.lst'
CXX='/cygdrive/c/PROGRA~2/MICROS~1.0/VC/bin/cl.exe'
CXXCPP=''
CXXFLAGS=''
CYGWIN_PATH='/usr/bin'
DBUS_CFLAGS=''
DBUS_LIBS=''
DEFS='-DPACKAGE_NAME=\"\" -DPACKAGE_TARNAME=\"\" -DPACKAGE_VERSION=\"\" -DPACKAGE_STRING=\"\" -DPACKAGE_BUGREPORT=\"\" -DPACKAGE_URL=\"\" -DSIZEOF_LONG=0 -DWORDS_BIGENDIAN=1'
DICT_SYSTEM_DIR=''
DIRECTXSDK_HOME='/cygdrive/c/Microsoft_DirectX_SDK_June_2010'
DIRECTXSDK_LIB='/cygdrive/c/Microsoft_DirectX_SDK_June_2010/lib/x86'
DISABLE_ACTIVEX=''
DISABLE_ATL=''
DISABLE_SAXON=''
DISABLE_STRIP=''
DMAKE=''
DMAKE_PATH=''
DMAKE_URL='https://sourceforge.net/projects/oooextras.mirror/files/dmake-4.12.tar.bz2'
DO_FETCH_TARBALLS='yes'
DPKG=''
ECHO_C=''
ECHO_N='-n'
ECHO_T=''
EGREP='/usr/bin/grep -E'
ENABLE_BEANSHELL='YES'
ENABLE_BUNDLED_DICTIONARIES='YES'
ENABLE_CAIRO=''
ENABLE_CAIRO_CANVAS='FALSE'
ENABLE_CATEGORY_B='YES'
ENABLE_COINMP='YES'
ENABLE_CRASHDUMP=''
ENABLE_CUPS=''
ENABLE_DBUS=''
ENABLE_DEBUG='FALSE'
ENABLE_DIRECTX='TRUE'
ENABLE_DIRECT_DRAW=''
ENABLE_EVOAB2=''
ENABLE_FONTCONFIG=''
ENABLE_GCONF=''
ENABLE_GIO=''
ENABLE_GNOMEVFS=''
ENABLE_GRAPHITE='TRUE'
ENABLE_GSTREAMER=''
ENABLE_GTK='TRUE'
ENABLE_HUNSPELL='YES'
ENABLE_HYPHEN='YES'
ENABLE_JAVASCRIPT='YES'
ENABLE_KAB=''
ENABLE_KDE4=''
ENABLE_KDE=''
ENABLE_LAYOUT='FALSE'
ENABLE_LOCKDOWN=''
ENABLE_MEDIAWIKI='YES'
ENABLE_MYSQLC='NO'
ENABLE_NSS_MODULE='YES'
ENABLE_ONLINE_UPDATE='YES'
ENABLE_OPENGL=''
ENABLE_PCH=''
ENABLE_PDFIMPORT='NO'
ENABLE_RANDR=''
ENABLE_REPORTBUILDER='NO'
ENABLE_RPATH='yes'
ENABLE_STATIC_GTK='FALSE'
ENABLE_SYMBOLS=''
ENABLE_SYSTRAY_GTK=''
ENABLE_WERROR='FALSE'
EPM=''
EPM_URL=''
EXCEPTIONS=''
EXEEXT=''
FAKEROOT=''
FBSD_GCC_RPATH=''
FLEX='/usr/bin/flex'
FLUTE_JAR=''
FRAME_HOME='/cygdrive/c/MICROS~1/Windows/v7.0'
FREETYPE_CFLAGS=''
FREETYPE_LIBS=''
GCCVER='20995'
GCC_HOME='/usr'
GCONF_CFLAGS=''
GCONF_LIBS=''
GIO_CFLAGS=''
GIO_LIBS=''
GNOMEVFS_CFLAGS=''
GNOMEVFS_LIBS=''
GNUCP='/usr/bin/cp'
GNUMAKE='make'
GNUPATCH=''
GNUTAR='tar'
GOBJECT_CFLAGS=''
GOBJECT_LIBS=''
GPERF='/usr/bin/gperf'
GRAPHITE_CFLAGS=''
GRAPHITE_LIBS=''
GREP='/usr/bin/grep'
GSTREAMER_CFLAGS=''
GSTREAMER_LIBS=''
GTHREAD_CFLAGS=''
GTHREAD_LIBS=''
GTK_2_10_CFLAGS=''
GTK_2_10_LIBS=''
GTK_CFLAGS=''
GTK_LIBS=''
GXX_INCLUDE_PATH='NO_GXX_INCLUDE'
HAVE_ATLTHUNK='YES'
HAVE_GCC_VISIBILITY_FEATURE=''
HAVE_GETOPT='NO'
HAVE_LD_BSYMBOLIC_FUNCTIONS=''
HAVE_LD_HASH_STYLE=''
HAVE_READDIR_R='NO'
HOME='/cygdrive/c/Source'
HSQLDB_JAR=''
HUNSPELL_CFLAGS=''
HUNSPELL_LIBS=''
HYPHEN_LIB=''
HYPH_SYSTEM_DIR=''
ICUCONFIG=''
ICU_MAJOR=''
ICU_MICRO=''
ICU_MINOR=''
INTRO_BITMAPS=''
IS_SYSTEM_DMAKE=''
JAVAAOTCOMPILER=''
JAVACISGCJ=''
JAVACOMPILER='/cygdrive/c/PROGRA~2/Java/JDK17~1.0_8/bin/javac.exe'
JAVADOC='/cygdrive/c/PROGRA~2/Java/JDK17~1.0_8/bin/javadoc.exe'
JAVAFLAGS='-source 1.5 -target 1.5'
JAVAIFLAGS=''
JAVAINTERPRETER='/cygdrive/c/PROGRA~2/Java/JDK17~1.0_8/bin/java.exe'
JAVA_HOME='/cygdrive/c/PROGRA~2/Java/JDK17~1.0_8'
JDK='sun'
JFREEREPORT_JAR=''
KDE4_CFLAGS=''
KDE4_LIBS=''
KDE_CFLAGS=''
KDE_LIBS=''
LDFLAGS=''
LFS_CFLAGS='-D_FILE_OFFSET_BITS=unknown -D_LARGE_FILES'
LIBBASE_JAR=''
LIBFONTS_JAR=''
LIBFORMULA_JAR=''
LIBINTL_PREFIX=''
LIBLAYOUT_JAR=''
LIBLOADER_JAR=''
LIBMYSQL_PATH=''
LIBOBJS=''
LIBREPOSITORY_JAR=''
LIBS=''
LIBSERIALIZER_JAR=''
LIBXML_CFLAGS=''
LIBXML_JAR=''
LIBXML_LIBS=''
LIBXSLT_CFLAGS=''
LIBXSLT_LIBS=''
LOCAL_SOLENV='DEFAULT'
LOCAL_SOLVER='DEFAULT'
LTLIBOBJS=''
LUCENE_ANALYZERS_JAR=''
LUCENE_CORE_JAR=''
MACOSX_DEPLOYMENT_TARGET=''
MACOSX_SDK_PATH=''
MFC_INCLUDE='C:/WinDDK/760016~1.1/inc/mfc42'
MFC_LIB='C:/WinDDK/760016~1.1/lib/mfc/i386'
MIDL_PATH='/cygdrive/c/MICROS~1/Windows/v7.0/bin'
MINGWCXX=''
MINGWSTRIP=''
MINGW_BACKWARD_INCLUDE_PATH=''
MINGW_CLIB_DIR=''
MINGW_GCCDLL=''
MINGW_GCCLIB_EH=''
MINGW_GXXDLL=''
MINGW_LIB_INCLUDE_PATH=''
MINGW_SHARED_GCCLIB=''
MINGW_SHARED_GXXLIB=''
MINGW_SHARED_LIBSTDCPP=''
ML_EXE=''
MOC4='moc'
MOC='moc'
MOCQT4=''
MOZILLABUILD='/cygdrive/c/mozilla-build'
MOZ_INC=''
MSPDB_PATH='/cygdrive/c/PROGRA~2/MICROS~1.0/Common7/IDE'
MYSQLCONFIG=''
MYSQL_DEFINES=''
MYSQL_INC=''
MYSQL_LIB=''
MYTHES_CFLAGS=''
MYTHES_LIBS=''
NASM_EXE=''
NASM_HOME='/cygdrive/c/Program Files/NASM'
NEW_SHADOW_API=''
NSIS_PATH='/cygdrive/c/NSIS'
NSS_CFLAGS=''
NSS_LIBS=''
OBJEXT=''
OOO_JUNIT_JAR=''
OOO_VENDOR=''
OPENSSL_CFLAGS=''
OPENSSL_LIBS=''
OSVERSION=''
PACKAGE_BUGREPORT=''
PACKAGE_NAME=''
PACKAGE_STRING=''
PACKAGE_TARNAME=''
PACKAGE_URL=''
PACKAGE_VERSION=''
PAM=''
PAM_LINK=''
PATCH='/usr/bin/patch'
PATH_SEPARATOR=':'
PERL='/usr/bin/perl'
PKGFORMAT='msi'
PKGMK=''
PKG_CONFIG='/usr/bin/pkg-config'
PKG_CONFIG_LIBDIR=''
PKG_CONFIG_PATH=''
POPPLER_CFLAGS=''
POPPLER_LIBS=''
PRODUCT='full'
PROEXT='.pro'
PROFULLSWITCH='product=full'
PSDK_HOME='/cygdrive/c/Microsoft_SDKs/Windows/v7.0'
PTHREAD_CFLAGS=''
PTHREAD_LIBS=''
PYTHON=''
PYTHON_CFLAGS=''
PYTHON_EXEC_PREFIX=''
PYTHON_LIBS=''
PYTHON_PLATFORM=''
PYTHON_PREFIX=''
PYTHON_VERSION=''
RAT_JAR_HOME=''
REDLAND_CFLAGS=''
REDLAND_LIBS=''
RPM=''
SAC_JAR=''
SAXON_JAR=''
SCPDEFS=' -DENABLE_ONLINE_UPDATE -DWITH_CATB_FONTS -DWITH_CATA_FONTS'
SED='/usr/bin/sed'
SERF_CFLAGS=''
SERF_LIBS=''
SERIALIZER_JAR=''
SERVLETAPI_JAR=''
SHELL='/bin/sh'
SHELLPATH='/usr/bin'
SIZEOF_LONG='0'
SOLAR_JAVA='TRUE'
SOURCEVERSION='AOO4112'
SYSTEM_APACHE_COMMONS='NO'
SYSTEM_APR='NO'
SYSTEM_APR_UTIL='NO'
SYSTEM_BOOST='NO'
SYSTEM_BSH='NO'
SYSTEM_CAIRO=''
SYSTEM_COINMP='NO'
SYSTEM_CPPUNIT='NO'
SYSTEM_CURL='NO'
SYSTEM_DICTS='NO'
SYSTEM_EXPAT='NO'
SYSTEM_GDKPIXBUF='YES'
SYSTEM_GENBRK=''
SYSTEM_GENCCODE=''
SYSTEM_GENCMN=''
SYSTEM_GETTEXT='YES'
SYSTEM_GLIB='YES'
SYSTEM_GRAPHITE='NO'
SYSTEM_HSQLDB='NO'
SYSTEM_HUNSPELL='NO'
SYSTEM_HYPH='NO'
SYSTEM_ICU='NO'
SYSTEM_JFREEREPORT=''
SYSTEM_JPEG='NO'
SYSTEM_LIBC=''
SYSTEM_LIBJPEG='NO'
SYSTEM_LIBPNG='NO'
SYSTEM_LIBTEXTCAT='NO'
SYSTEM_LIBTEXTCAT_DATA=''
SYSTEM_LIBXML='NO'
SYSTEM_LIBXSLT='NO'
SYSTEM_LUCENE='NO'
SYSTEM_MDDS='NO'
SYSTEM_MYSQL=''
SYSTEM_MYSQL_CPPCONN=''
SYSTEM_MYTHES='NO'
SYSTEM_NSS='NO'
SYSTEM_ODBC_HEADERS='NO'
SYSTEM_OPENSSL='NO'
SYSTEM_PANGO='YES'
SYSTEM_POPPLER=''
SYSTEM_PYTHON='NO'
SYSTEM_REDLAND='NO'
SYSTEM_SANE_HEADER='NO'
SYSTEM_SAXON='NO'
SYSTEM_SERF='NO'
SYSTEM_SERVLETAPI='NO'
SYSTEM_STDLIBS='NO'
SYSTEM_VIGRA='NO'
SYSTEM_XRENDER_HEADERS='NO'
SYSTEM_ZLIB='NO'
TARFILE_LOCATION='DEFAULT'
THES_SYSTEM_DIR=''
UNIXWRAPPERNAME=''
UNZIP='/usr/bin/unzip'
UPD='4112'
USE_CCACHE=''
USE_FT_EMBOLDEN=''
USE_MINGW=''
USE_PACKAGER='YES'
USE_SYSTEM_STL='YES'
USE_XINERAMA=''
VALGRIND_CFLAGS=''
VC_STANDARD=''
VERBOSE=''
WINDOWS_VISTA_PSDK='TRUE'
WITHOUT_AFMS=''
WITHOUT_PPDS=''
WITH_CATA_FONTS='YES'
WITH_CATB_FONTS='YES'
WITH_CPPUNIT=''
WITH_DICT=',ALL,'
WITH_FONTS='YES'
WITH_LANG='ast bg ca ca-XR ca-XV cs da de el en-GB en-US es eu fi fr gd gl he hi hu it ja km ko lt nb nl pl pt pt-BR ru sk sl sr sv ta th tr vi zh-CN zh-TW'
WITH_LDAP='NO'
WITH_MINGWIN='0'
WITH_OPENLDAP=''
WITH_POOR_HELP_LOCALIZATIONS=''
WITH_VC_REDIST='YES'
WORDS_BIGENDIAN='yes'
XAU_LIBS=''
XINC='no_x_includes'
XINERAMA_LINK=''
XLIB='no_x_libraries'
XMKMF=''
XRANDR_CFLAGS=''
XRANDR_DLOPEN=''
XRANDR_LIBS=''
XRENDER_LINK='NO'
XSLTPROC=''
X_CFLAGS=''
X_EXTRA_LIBS=''
X_LIBS=''
X_PRE_LIBS=''
ZIP='/usr/bin/zip'
ZIP_HOME='/usr/bin'
_cc=''
_solenv='./solenv'
ac_ct_CC=''
ac_ct_CXX=''
bindir='${exec_prefix}/bin'
build='i686-pc-cygwin'
build_alias=''
build_cpu='i686'
build_os='cygwin'
build_vendor='pc'
datadir='${datarootdir}'
datarootdir='${prefix}/share'
docdir='${datarootdir}/doc/${PACKAGE}'
dvidir='${docdir}'
exec_prefix='${prefix}'
host='i686-pc-cygwin'
host_alias=''
host_cpu='i686'
host_os='cygwin'
host_vendor='pc'
htmldir='${docdir}'
includedir='${prefix}/include'
infodir='${datarootdir}/info'
libdir='${exec_prefix}/lib'
libexecdir='${exec_prefix}/libexec'
localedir='${datarootdir}/locale'
localstatedir='${prefix}/var'
mandir='${datarootdir}/man'
nodep=''
oldincludedir='/usr/include'
pdfdir='${docdir}'
pkgpyexecdir=''
pkgpythondir=''
prefix='/usr/local'
program_transform_name='s,x,x,'
psdir='${docdir}'
pyexecdir=''
pythondir=''
runstatedir='${localstatedir}/run'
sbindir='${exec_prefix}/sbin'
sharedstatedir='${prefix}/com'
sysconfdir='${prefix}/etc'
target='i686-pc-cygwin'
target_alias=''
target_cpu='i686'
target_os='cygwin'
target_vendor='pc'

## ----------- ##
## confdefs.h. ##
## ----------- ##

/* confdefs.h */
#define PACKAGE_NAME ""
#define PACKAGE_TARNAME ""
#define PACKAGE_VERSION ""
#define PACKAGE_STRING ""
#define PACKAGE_BUGREPORT ""
#define PACKAGE_URL ""
#define SIZEOF_LONG 0
#define WORDS_BIGENDIAN 1

configure: exit 0
