This file contains any messages produced by compilers while
running configure, to aid debugging if configure makes a mistake.

It was created by configure, which was
generated by GNU Autoconf 2.59.  Invocation command line was

  $ ./configure --with-build-version=2015-10-21 09:52 - Linux i686 --enable-verbose --with-system-stdlibs --enable-crashdump=yes --enable-category-b --enable-wiki-publisher --enable-bundled-dictionaries --enable-opengl --enable-dbus --enable-gstreamer --with-package-format=rpm deb --with-lang=ast bg ca ca-XR ca-XV cs da de el en-GB en-US es eu fi fr gd gl he hi hu it ja kid km ko lt nb nl pl pt pt-BR ru sk sl sr sv ta th tr vi zh-CN zh-TW --with-dmake-url=http://dmake.apache-extras.org.codespot.com/files/dmake-4.12.tar.bz2 --with-epm-url=http://www.msweet.org/files/project2/epm-3.7-source.tar.gz

## --------- ##
## Platform. ##
## --------- ##

hostname = localhost.localdomain
uname -m = i686
uname -r = 2.6.18-406.el5
uname -s = Linux
uname -v = #1 SMP Tue Jun 2 17:26:20 EDT 2015

/usr/bin/uname -p = unknown
/bin/uname -X     = unknown

/bin/arch              = i686
/usr/bin/arch -k       = unknown
/usr/convex/getsysinfo = unknown
hostinfo               = unknown
/bin/machine           = unknown
/usr/bin/oslevel       = unknown
/bin/universe          = unknown

PATH: .
PATH: /usr
PATH: /home/aoodev/AOO.svn/main/solenv/unxlngi6.pro/bin
PATH: /home/aoodev/AOO.svn/main/solenv/bin
PATH: /usr/lib/qt-3.3/bin
PATH: /usr/kerberos/bin
PATH: /usr/local/bin
PATH: /usr/bin
PATH: /bin
PATH: /usr/X11R6/bin
PATH: /home/aoodev/bin
PATH: /usr/lib/jvm/java-1.6.0-openjdk-1.6.0.36/bin


## ----------- ##
## Core tests. ##
## ----------- ##

configure:3470: checking whether configure is up-to-date
configure:3479: result: yes
configure:3506: checking for egrep
configure:3516: result: grep -E
configure:3525: checking for gawk
configure:3541: found /usr/bin/gawk
configure:3551: result: gawk
configure:3563: checking for gawk
configure:3581: found /usr/bin/gawk
configure:3593: result: /usr/bin/gawk
configure:3610: checking for sed
configure:3628: found /bin/sed
configure:3640: result: /bin/sed
configure:3656: checking for solenv environment
configure:3660: result: default
configure:3689: checking for custom pack.lst
configure:3703: result: no
configure:3741: checking build system type
configure:3759: result: i686-pc-linux-gnu
configure:3767: checking host system type
configure:3781: result: i686-pc-linux-gnu
configure:3789: checking target system type
configure:3803: result: i686-pc-linux-gnu
configure:4101: checking for pkg-config
configure:4119: found /usr/bin/pkg-config
configure:4131: result: /usr/bin/pkg-config
configure:4146: checking pkg-config is at least version 0.9.0
configure:4149: result: yes
configure:4159: checking whether to enable crashdump feature
configure:4164: result: yes
configure:4207: checking whether to turn warnings to errors
configure:4220: result: no
configure:4225: checking whether to do a debug build
configure:4236: result: no
configure:4241: checking whether to build with additional debug utilities
configure:4253: result: no, full product build
configure:4260: checking whether to include symbols into final build
configure:4284: result: no
configure:4289: checking whether to strip the solver or not.
configure:4310: result: yes
configure:4327: checking whether to enable category B components
configure:4348: result: yes: allow modules nss, hunspell, hyphen, saxon, rhino, beanshell, graphite, coinmp to be built
configure:4369: checking whether to enable the Online Update support
configure:4374: result: yes
configure:4384: checking whether to enable native CUPS support
configure:4388: result: yes
configure:4397: checking whether to enable fontconfig support
configure:4401: result: yes
configure:4466: checking whether to use RPATH in shared libraries
configure:4473: result: yes
configure:4494: checking whether to use dicts from external paths
configure:4528: result: no
configure:4583: checking for bash
configure:4601: found /bin/bash
configure:4613: result: /bin/bash
configure:4629: checking gcc home
configure:4636: result: /usr
configure:4696: checking for gcc
configure:4722: result: gcc
configure:4966: checking for C compiler version
configure:4969: gcc --version </dev/null >&5
gcc (GCC) 4.1.2 20080704 (Red Hat 4.1.2-55)
Copyright (C) 2006 Free Software Foundation, Inc.
This is free software; see the source for copying conditions.  There is NO
warranty; not even for MERCHANTABILITY or FITNESS FOR A PARTICULAR PURPOSE.

configure:4972: $? = 0
configure:4974: gcc -v </dev/null >&5
Using built-in specs.
Target: i386-redhat-linux
Configured with: ../configure --prefix=/usr --mandir=/usr/share/man --infodir=/usr/share/info --enable-shared --enable-threads=posix --enable-checking=release --with-system-zlib --enable-__cxa_atexit --disable-libunwind-exceptions --enable-libgcj-multifile --enable-languages=c,c++,objc,obj-c++,java,fortran,ada --enable-java-awt=gtk --disable-dssi --disable-plugin --with-java-home=/usr/lib/jvm/java-1.4.2-gcj-1.4.2.0/jre --with-cpu=generic --host=i386-redhat-linux
Thread model: posix
gcc version 4.1.2 20080704 (Red Hat 4.1.2-55)
configure:4977: $? = 0
configure:4979: gcc -V </dev/null >&5
gcc: '-V' option must have argument
configure:4982: $? = 1
configure:5005: checking for C compiler default output file name
configure:5008: gcc    conftest.c  >&5
configure:5011: $? = 0
configure:5057: result: a.out
configure:5062: checking whether the C compiler works
configure:5068: ./a.out
configure:5071: $? = 0
configure:5088: result: yes
configure:5095: checking whether we are cross compiling
configure:5097: result: no
configure:5100: checking for suffix of executables
configure:5102: gcc -o conftest    conftest.c  >&5
configure:5105: $? = 0
configure:5130: result: 
configure:5136: checking for suffix of object files
configure:5157: gcc -c   conftest.c >&5
configure:5160: $? = 0
configure:5182: result: o
configure:5186: checking whether we are using the GNU C compiler
configure:5210: gcc -c   conftest.c >&5
configure:5216: $? = 0
configure:5220: test -z 
			 || test ! -s conftest.err
configure:5223: $? = 0
configure:5226: test -s conftest.o
configure:5229: $? = 0
configure:5242: result: yes
configure:5248: checking whether gcc accepts -g
configure:5269: gcc -c -g  conftest.c >&5
configure:5275: $? = 0
configure:5279: test -z 
			 || test ! -s conftest.err
configure:5282: $? = 0
configure:5285: test -s conftest.o
configure:5288: $? = 0
configure:5299: result: yes
configure:5316: checking for gcc option to accept ANSI C
configure:5386: gcc  -c -g -O2  conftest.c >&5
configure:5392: $? = 0
configure:5396: test -z 
			 || test ! -s conftest.err
configure:5399: $? = 0
configure:5402: test -s conftest.o
configure:5405: $? = 0
configure:5423: result: none needed
configure:5441: gcc -c -g -O2  conftest.c >&5
conftest.c:2: error: expected '=', ',', ';', 'asm' or '__attribute__' before 'me'
configure:5447: $? = 1
configure: failed program was:
| #ifndef __cplusplus
|   choke me
| #endif
configure:5605: checking for gcc
configure:5623: found /usr/bin/gcc
configure:5635: result: /usr/bin/gcc
configure:5652: checking the GNU gcc compiler version
configure:5675: result: checked (gcc 4.1.2)
configure:5694: checking for -Bsymbolic-functions linker support 
configure:5719: gcc -o conftest -g -O2   -Wl,-Bsymbolic-functions -Wl,--dynamic-list-cpp-new -Wl,--dynamic-list-cpp-typeinfo conftest.c  >&5
/usr/bin/ld: unrecognized option '-Bsymbolic-functions'
/usr/bin/ld: use the --help option for usage information
collect2: ld returned 1 exit status
configure:5725: $? = 1
configure: failed program was:
| /* confdefs.h.  */
| 
| #define PACKAGE_NAME ""
| #define PACKAGE_TARNAME ""
| #define PACKAGE_VERSION ""
| #define PACKAGE_STRING ""
| #define PACKAGE_BUGREPORT ""
| /* end confdefs.h.  */
| 
|    #include <stdio.h>
| 
| int
| main ()
| {
| 
|     printf ("hello world\n");
| 
|   ;
|   return 0;
| }
configure:5752: result: not found 
configure:5759: checking whether to enable pch feature
configure:5777: result: no
configure:5782: checking for GNU make
configure:5791: result: make
configure:5799: checking the GNU make version
configure:5804: result: make 3.81
configure:5813: checking for dmake
configure:5879: no system or user-provided dmake found
configure:5886: result: dmake will be downloaded and compiled in bootstrap
configure:5940: checking for GNU or compatible BSD tar
configure:5949: result: gtar
configure:6030: checking for --hash-style=both linker support 
configure:6054: gcc -o conftest -g -O2   -Wl,--hash-style=both conftest.c  >&5
configure:6060: $? = 0
configure:6064: test -z 
			 || test ! -s conftest.err
configure:6067: $? = 0
configure:6070: test -s conftest
configure:6073: $? = 0
configure:6085: result: found 
configure:6162: checking for perl
configure:6192: result: /usr/bin/perl
configure:6214: checking the Perl version
configure:6223: result: checked (perl 5)
configure:6232: checking for required Perl modules
configure:6235: result: all modules found
configure:6665: checking how to run the C preprocessor
configure:6700: gcc -E  conftest.c
configure:6706: $? = 0
configure:6738: gcc -E  conftest.c
conftest.c:9:28: error: ac_nonexistent.h: No such file or directory
configure:6744: $? = 1
configure: failed program was:
| /* confdefs.h.  */
| 
| #define PACKAGE_NAME ""
| #define PACKAGE_TARNAME ""
| #define PACKAGE_VERSION ""
| #define PACKAGE_STRING ""
| #define PACKAGE_BUGREPORT ""
| /* end confdefs.h.  */
| #include <ac_nonexistent.h>
configure:6783: result: gcc -E
configure:6807: gcc -E  conftest.c
configure:6813: $? = 0
configure:6845: gcc -E  conftest.c
conftest.c:9:28: error: ac_nonexistent.h: No such file or directory
configure:6851: $? = 1
configure: failed program was:
| /* confdefs.h.  */
| 
| #define PACKAGE_NAME ""
| #define PACKAGE_TARNAME ""
| #define PACKAGE_VERSION ""
| #define PACKAGE_STRING ""
| #define PACKAGE_BUGREPORT ""
| /* end confdefs.h.  */
| #include <ac_nonexistent.h>
configure:6895: checking for ANSI C header files
configure:6920: gcc -c -g -O2  conftest.c >&5
configure:6926: $? = 0
configure:6930: test -z 
			 || test ! -s conftest.err
configure:6933: $? = 0
configure:6936: test -s conftest.o
configure:6939: $? = 0
configure:7028: gcc -o conftest -g -O2   conftest.c  >&5
conftest.c: In function 'main':
conftest.c:26: warning: incompatible implicit declaration of built-in function 'exit'
configure:7031: $? = 0
configure:7033: ./conftest
configure:7036: $? = 0
configure:7051: result: yes
configure:7158: checking for C++ compiler version
configure:7161: g++ --version </dev/null >&5
g++ (GCC) 4.1.2 20080704 (Red Hat 4.1.2-55)
Copyright (C) 2006 Free Software Foundation, Inc.
This is free software; see the source for copying conditions.  There is NO
warranty; not even for MERCHANTABILITY or FITNESS FOR A PARTICULAR PURPOSE.

configure:7164: $? = 0
configure:7166: g++ -v </dev/null >&5
Using built-in specs.
Target: i386-redhat-linux
Configured with: ../configure --prefix=/usr --mandir=/usr/share/man --infodir=/usr/share/info --enable-shared --enable-threads=posix --enable-checking=release --with-system-zlib --enable-__cxa_atexit --disable-libunwind-exceptions --enable-libgcj-multifile --enable-languages=c,c++,objc,obj-c++,java,fortran,ada --enable-java-awt=gtk --disable-dssi --disable-plugin --with-java-home=/usr/lib/jvm/java-1.4.2-gcj-1.4.2.0/jre --with-cpu=generic --host=i386-redhat-linux
Thread model: posix
gcc version 4.1.2 20080704 (Red Hat 4.1.2-55)
configure:7169: $? = 0
configure:7171: g++ -V </dev/null >&5
g++: '-V' option must have argument
configure:7174: $? = 1
configure:7177: checking whether we are using the GNU C++ compiler
configure:7201: g++ -c   conftest.cc >&5
configure:7207: $? = 0
configure:7211: test -z 
			 || test ! -s conftest.err
configure:7214: $? = 0
configure:7217: test -s conftest.o
configure:7220: $? = 0
configure:7233: result: yes
configure:7239: checking whether g++ accepts -g
configure:7260: g++ -c -g  conftest.cc >&5
configure:7266: $? = 0
configure:7270: test -z 
			 || test ! -s conftest.err
configure:7273: $? = 0
configure:7276: test -s conftest.o
configure:7279: $? = 0
configure:7290: result: yes
configure:7332: g++ -c -g -O2  conftest.cc >&5
configure:7338: $? = 0
configure:7342: test -z 
			 || test ! -s conftest.err
configure:7345: $? = 0
configure:7348: test -s conftest.o
configure:7351: $? = 0
configure:7377: g++ -c -g -O2  conftest.cc >&5
conftest.cc: In function 'int main()':
conftest.cc:14: error: 'exit' was not declared in this scope
configure:7383: $? = 1
configure: failed program was:
| /* confdefs.h.  */
| 
| #define PACKAGE_NAME ""
| #define PACKAGE_TARNAME ""
| #define PACKAGE_VERSION ""
| #define PACKAGE_STRING ""
| #define PACKAGE_BUGREPORT ""
| #define STDC_HEADERS 1
| /* end confdefs.h.  */
| 
| int
| main ()
| {
| exit (42);
|   ;
|   return 0;
| }
configure:7332: g++ -c -g -O2  conftest.cc >&5
configure:7338: $? = 0
configure:7342: test -z 
			 || test ! -s conftest.err
configure:7345: $? = 0
configure:7348: test -s conftest.o
configure:7351: $? = 0
configure:7377: g++ -c -g -O2  conftest.cc >&5
configure:7383: $? = 0
configure:7387: test -z 
			 || test ! -s conftest.err
configure:7390: $? = 0
configure:7393: test -s conftest.o
configure:7396: $? = 0
configure:7424: checking how to run the C++ preprocessor
configure:7455: g++ -E  conftest.cc
configure:7461: $? = 0
configure:7493: g++ -E  conftest.cc
conftest.cc:13:28: error: ac_nonexistent.h: No such file or directory
configure:7499: $? = 1
configure: failed program was:
| /* confdefs.h.  */
| 
| #define PACKAGE_NAME ""
| #define PACKAGE_TARNAME ""
| #define PACKAGE_VERSION ""
| #define PACKAGE_STRING ""
| #define PACKAGE_BUGREPORT ""
| #define STDC_HEADERS 1
| #ifdef __cplusplus
| extern "C" void std::exit (int) throw (); using std::exit;
| #endif
| /* end confdefs.h.  */
| #include <ac_nonexistent.h>
configure:7538: result: g++ -E
configure:7562: g++ -E  conftest.cc
configure:7568: $? = 0
configure:7600: g++ -E  conftest.cc
conftest.cc:13:28: error: ac_nonexistent.h: No such file or directory
configure:7606: $? = 1
configure: failed program was:
| /* confdefs.h.  */
| 
| #define PACKAGE_NAME ""
| #define PACKAGE_TARNAME ""
| #define PACKAGE_VERSION ""
| #define PACKAGE_STRING ""
| #define PACKAGE_BUGREPORT ""
| #define STDC_HEADERS 1
| #ifdef __cplusplus
| extern "C" void std::exit (int) throw (); using std::exit;
| #endif
| /* end confdefs.h.  */
| #include <ac_nonexistent.h>
configure:7658: checking how to run the C preprocessor
configure:7776: result: gcc -E
configure:7800: gcc -E  conftest.c
configure:7806: $? = 0
configure:7838: gcc -E  conftest.c
conftest.c:13:28: error: ac_nonexistent.h: No such file or directory
configure:7844: $? = 1
configure: failed program was:
| /* confdefs.h.  */
| 
| #define PACKAGE_NAME ""
| #define PACKAGE_TARNAME ""
| #define PACKAGE_VERSION ""
| #define PACKAGE_STRING ""
| #define PACKAGE_BUGREPORT ""
| #define STDC_HEADERS 1
| #ifdef __cplusplus
| extern "C" void std::exit (int) throw (); using std::exit;
| #endif
| /* end confdefs.h.  */
| #include <ac_nonexistent.h>
configure:7904: checking for sys/types.h
configure:7920: gcc -c -g -O2  conftest.c >&5
configure:7926: $? = 0
configure:7930: test -z 
			 || test ! -s conftest.err
configure:7933: $? = 0
configure:7936: test -s conftest.o
configure:7939: $? = 0
configure:7950: result: yes
configure:7904: checking for sys/stat.h
configure:7920: gcc -c -g -O2  conftest.c >&5
configure:7926: $? = 0
configure:7930: test -z 
			 || test ! -s conftest.err
configure:7933: $? = 0
configure:7936: test -s conftest.o
configure:7939: $? = 0
configure:7950: result: yes
configure:7904: checking for stdlib.h
configure:7920: gcc -c -g -O2  conftest.c >&5
configure:7926: $? = 0
configure:7930: test -z 
			 || test ! -s conftest.err
configure:7933: $? = 0
configure:7936: test -s conftest.o
configure:7939: $? = 0
configure:7950: result: yes
configure:7904: checking for string.h
configure:7920: gcc -c -g -O2  conftest.c >&5
configure:7926: $? = 0
configure:7930: test -z 
			 || test ! -s conftest.err
configure:7933: $? = 0
configure:7936: test -s conftest.o
configure:7939: $? = 0
configure:7950: result: yes
configure:7904: checking for memory.h
configure:7920: gcc -c -g -O2  conftest.c >&5
configure:7926: $? = 0
configure:7930: test -z 
			 || test ! -s conftest.err
configure:7933: $? = 0
configure:7936: test -s conftest.o
configure:7939: $? = 0
configure:7950: result: yes
configure:7904: checking for strings.h
configure:7920: gcc -c -g -O2  conftest.c >&5
configure:7926: $? = 0
configure:7930: test -z 
			 || test ! -s conftest.err
configure:7933: $? = 0
configure:7936: test -s conftest.o
configure:7939: $? = 0
configure:7950: result: yes
configure:7904: checking for inttypes.h
configure:7920: gcc -c -g -O2  conftest.c >&5
configure:7926: $? = 0
configure:7930: test -z 
			 || test ! -s conftest.err
configure:7933: $? = 0
configure:7936: test -s conftest.o
configure:7939: $? = 0
configure:7950: result: yes
configure:7904: checking for stdint.h
configure:7920: gcc -c -g -O2  conftest.c >&5
configure:7926: $? = 0
configure:7930: test -z 
			 || test ! -s conftest.err
configure:7933: $? = 0
configure:7936: test -s conftest.o
configure:7939: $? = 0
configure:7950: result: yes
configure:7904: checking for unistd.h
configure:7920: gcc -c -g -O2  conftest.c >&5
configure:7926: $? = 0
configure:7930: test -z 
			 || test ! -s conftest.err
configure:7933: $? = 0
configure:7936: test -s conftest.o
configure:7939: $? = 0
configure:7950: result: yes
configure:7962: checking for long
configure:7986: gcc -c -g -O2  conftest.c >&5
configure:7992: $? = 0
configure:7996: test -z 
			 || test ! -s conftest.err
configure:7999: $? = 0
configure:8002: test -s conftest.o
configure:8005: $? = 0
configure:8016: result: yes
configure:8019: checking size of long
configure:8338: gcc -o conftest -g -O2   conftest.c  >&5
configure:8341: $? = 0
configure:8343: ./conftest
configure:8346: $? = 0
configure:8369: result: 4
configure:8378: checking whether byte ordering is bigendian
configure:8405: gcc -c -g -O2  conftest.c >&5
configure:8411: $? = 0
configure:8415: test -z 
			 || test ! -s conftest.err
configure:8418: $? = 0
configure:8421: test -s conftest.o
configure:8424: $? = 0
configure:8448: gcc -c -g -O2  conftest.c >&5
conftest.c: In function 'main':
conftest.c:30: error: 'not' undeclared (first use in this function)
conftest.c:30: error: (Each undeclared identifier is reported only once
conftest.c:30: error: for each function it appears in.)
conftest.c:30: error: expected ';' before 'big'
configure:8454: $? = 1
configure: failed program was:
| /* confdefs.h.  */
| 
| #define PACKAGE_NAME ""
| #define PACKAGE_TARNAME ""
| #define PACKAGE_VERSION ""
| #define PACKAGE_STRING ""
| #define PACKAGE_BUGREPORT ""
| #define STDC_HEADERS 1
| #ifdef __cplusplus
| extern "C" void std::exit (int) throw (); using std::exit;
| #endif
| #define HAVE_SYS_TYPES_H 1
| #define HAVE_SYS_STAT_H 1
| #define HAVE_STDLIB_H 1
| #define HAVE_STRING_H 1
| #define HAVE_MEMORY_H 1
| #define HAVE_STRINGS_H 1
| #define HAVE_INTTYPES_H 1
| #define HAVE_STDINT_H 1
| #define HAVE_UNISTD_H 1
| #define SIZEOF_LONG 4
| /* end confdefs.h.  */
| #include <sys/types.h>
| #include <sys/param.h>
| 
| int
| main ()
| {
| #if BYTE_ORDER != BIG_ENDIAN
|  not big endian
| #endif
| 
|   ;
|   return 0;
| }
configure:8589: result: no
configure:8618: checking for special C compiler options needed for large files
configure:8717: result: no
configure:8723: checking for _FILE_OFFSET_BITS value needed for large files
configure:8754: gcc -c -g -O2  conftest.c >&5
conftest.c:29: warning: left shift count >= width of type
conftest.c:29: warning: left shift count >= width of type
conftest.c:31: error: size of array 'off_t_is_large' is negative
configure:8760: $? = 1
configure: failed program was:
| /* confdefs.h.  */
| 
| #define PACKAGE_NAME ""
| #define PACKAGE_TARNAME ""
| #define PACKAGE_VERSION ""
| #define PACKAGE_STRING ""
| #define PACKAGE_BUGREPORT ""
| #define STDC_HEADERS 1
| #ifdef __cplusplus
| extern "C" void std::exit (int) throw (); using std::exit;
| #endif
| #define HAVE_SYS_TYPES_H 1
| #define HAVE_SYS_STAT_H 1
| #define HAVE_STDLIB_H 1
| #define HAVE_STRING_H 1
| #define HAVE_MEMORY_H 1
| #define HAVE_STRINGS_H 1
| #define HAVE_INTTYPES_H 1
| #define HAVE_STDINT_H 1
| #define HAVE_UNISTD_H 1
| #define SIZEOF_LONG 4
| /* end confdefs.h.  */
| #include <sys/types.h>
|  /* Check that off_t can represent 2**63 - 1 correctly.
|     We can't simply define LARGE_OFF_T to be 9223372036854775807,
|     since some C++ compilers masquerading as C compilers
|     incorrectly reject 9223372036854775807.  */
| #define LARGE_OFF_T (((off_t) 1 << 62) - 1 + ((off_t) 1 << 62))
|   int off_t_is_large[(LARGE_OFF_T % 2147483629 == 721
| 		       && LARGE_OFF_T % 2147483647 == 1)
| 		      ? 1 : -1];
| int
| main ()
| {
| 
|   ;
|   return 0;
| }
configure:8807: gcc -c -g -O2  conftest.c >&5
configure:8813: $? = 0
configure:8817: test -z 
			 || test ! -s conftest.err
configure:8820: $? = 0
configure:8823: test -s conftest.o
configure:8826: $? = 0
configure:8838: result: 64
configure:8848: checking for _LARGE_FILES value needed for large files
configure:8879: gcc -c -g -O2  conftest.c >&5
configure:8885: $? = 0
configure:8889: test -z 
			 || test ! -s conftest.err
configure:8892: $? = 0
configure:8895: test -s conftest.o
configure:8898: $? = 0
configure:8963: result: no
configure:9440: checking cups/cups.h usability
configure:9452: gcc -c -g -O2  conftest.c >&5
configure:9458: $? = 0
configure:9462: test -z 
			 || test ! -s conftest.err
configure:9465: $? = 0
configure:9468: test -s conftest.o
configure:9471: $? = 0
configure:9481: result: yes
configure:9485: checking cups/cups.h presence
configure:9495: gcc -E  conftest.c
configure:9501: $? = 0
configure:9521: result: yes
configure:9556: checking for cups/cups.h
configure:9563: result: yes
configure:9579: checking whether to enable pam support
configure:9582: result: yes
configure:9595: checking security/pam_appl.h usability
configure:9607: gcc -c -g -O2  conftest.c >&5
configure:9613: $? = 0
configure:9617: test -z 
			 || test ! -s conftest.err
configure:9620: $? = 0
configure:9623: test -s conftest.o
configure:9626: $? = 0
configure:9636: result: yes
configure:9640: checking security/pam_appl.h presence
configure:9650: gcc -E  conftest.c
configure:9656: $? = 0
configure:9676: result: yes
configure:9711: checking for security/pam_appl.h
configure:9718: result: yes
configure:9731: checking whether to link to libpam
configure:9816: result: no, dynamically open it
configure:9833: checking whether to link to libcrypt
configure:9836: result: yes
configure:9840: checking for crypt in -lcrypt
configure:9870: gcc -o conftest -g -O2   conftest.c -lcrypt   >&5
configure:9876: $? = 0
configure:9880: test -z 
			 || test ! -s conftest.err
configure:9883: $? = 0
configure:9886: test -s conftest
configure:9889: $? = 0
configure:9902: result: yes
configure:10032: checking for C++ compiler version
configure:10035: g++ --version </dev/null >&5
g++ (GCC) 4.1.2 20080704 (Red Hat 4.1.2-55)
Copyright (C) 2006 Free Software Foundation, Inc.
This is free software; see the source for copying conditions.  There is NO
warranty; not even for MERCHANTABILITY or FITNESS FOR A PARTICULAR PURPOSE.

configure:10038: $? = 0
configure:10040: g++ -v </dev/null >&5
Using built-in specs.
Target: i386-redhat-linux
Configured with: ../configure --prefix=/usr --mandir=/usr/share/man --infodir=/usr/share/info --enable-shared --enable-threads=posix --enable-checking=release --with-system-zlib --enable-__cxa_atexit --disable-libunwind-exceptions --enable-libgcj-multifile --enable-languages=c,c++,objc,obj-c++,java,fortran,ada --enable-java-awt=gtk --disable-dssi --disable-plugin --with-java-home=/usr/lib/jvm/java-1.4.2-gcj-1.4.2.0/jre --with-cpu=generic --host=i386-redhat-linux
Thread model: posix
gcc version 4.1.2 20080704 (Red Hat 4.1.2-55)
configure:10043: $? = 0
configure:10045: g++ -V </dev/null >&5
g++: '-V' option must have argument
configure:10048: $? = 1
configure:10051: checking whether we are using the GNU C++ compiler
configure:10107: result: yes
configure:10113: checking whether g++ accepts -g
configure:10164: result: yes
configure:10206: g++ -c -g -O2  conftest.cc >&5
configure:10212: $? = 0
configure:10216: test -z 
			 || test ! -s conftest.err
configure:10219: $? = 0
configure:10222: test -s conftest.o
configure:10225: $? = 0
configure:10251: g++ -c -g -O2  conftest.cc >&5
configure:10257: $? = 0
configure:10261: test -z 
			 || test ! -s conftest.err
configure:10264: $? = 0
configure:10267: test -s conftest.o
configure:10270: $? = 0
configure:10296: checking the GNU C++ compiler version
configure:10302: result: checked (g++ 4.1.2)
configure:10375: checking for g++ include path
configure:10397: result: /usr/include/c++/4.1.2
configure:10541: checking exception type
configure:10604: result: 
configure:10712: checking what the default STL should be
configure:10726: checking whether gcc supports -fvisibility=hidden
configure:10746: gcc -o conftest -g -O2 -fvisibility=hidden   conftest.c -lcrypt  >&5
configure:10752: $? = 0
configure:10756: test -z 
			 || test ! -s conftest.err
configure:10759: $? = 0
configure:10762: test -s conftest
configure:10765: $? = 0
configure:10777: result: yes
configure:10788: checking whether we are allowed and able to use --ccache-skip
configure:10791: result: only used on Mac currently, skipping
configure:11100: checking which memory allocator to use
configure:11498: result: internal
configure:11504: checking whether to add custom build version
configure:11508: result: yes, 2015-10-21 09:52 - Linux i686
configure:11517: checking whether to build with Java support
configure:11520: result: yes
configure:11556: checking for java
configure:11586: result: /usr/bin/java
configure:11616: checking the installed JDK
configure:11709: result: checked (JDK 1.6.0_36)
configure:11742: checking for javac
configure:11772: result: /usr/bin/javac
configure:11827: checking for javadoc
configure:11857: result: /usr/bin/javadoc
configure:12047: checking for jawt lib name
configure:12577: result: -ljawt
configure:12583: checking whether to enable gcj aot compilation
configure:12647: result: no
configure:12663: checking whether to enable EPM for packing
configure:12666: result: yes
configure:12674: checking for epm
configure:12705: result: no
configure:12718: result: epm will be downloaded and compiled in bootstrap
configure:12776: checking which package format to use
configure:12865: result: rpm deb
configure:12868: checking for rpm
configure:12889: result: /usr/bin/rpmbuild
configure:12900: checking for dpkg
configure:12931: result: /usr/bin/dpkg
configure:13061: checking for gperf
configure:13079: found /usr/bin/gperf
configure:13091: result: /usr/bin/gperf
configure:13101: checking for gperf
configure:13131: result: /usr/bin/gperf
configure:13152: checking gperf version
configure:13155: result: OK
configure:13165: checking whether to build the stax
configure:13173: result: yes
configure:13178: checking whether to build the ODK
configure:13181: result: yes
configure:13184: checking for external/unowinreg/unowinreg.dll
configure:13192: result: found
configure:13732: checking whether to provide libstdc++/libgcc_s in the installset
configure:13736: result: no
configure:13749: checking which zlib to use
configure:13975: result: internal
configure:13982: checking which jpeg to use
configure:14207: result: internal
configure:14214: checking which expat to use
configure:14445: result: internal
configure:14452: checking which libwpd to use
configure:14571: result: no
configure:14580: checking which cppunit to use
configure:14666: WARNING: not using cppunit
configure:14676: checking whether freetype is available
configure:14680: checking for FREETYPE
configure:14785: result: yes
configure:14799: checking for FT_GlyphSlot_Embolden in -lfreetype
configure:14829: gcc -o conftest -g -O2  -I/usr/include/freetype2    -lfreetype   conftest.c -lfreetype  -lcrypt  >&5
configure:14835: $? = 0
configure:14839: test -z 
			 || test ! -s conftest.err
configure:14842: $? = 0
configure:14845: test -s conftest
configure:14848: $? = 0
configure:14861: result: yes
configure:14896: checking which libxslt to use
configure:15068: result: internal
configure:15078: checking which libxml to use
configure:15205: result: internal
configure:15259: checking which python to use
configure:15690: result: internal
configure:15700: checking for bzip2
configure:15718: found /usr/bin/bzip2
configure:15730: result: /usr/bin/bzip2
configure:15750: checking which lucene to use
configure:15981: result: internal
configure:15990: checking whether to build the MySQL Connector extension
configure:16008: result: no
configure:16434: checking which hsqldb to use
configure:16502: result: internal
configure:16511: checking which beanshell to use
configure:16548: result: internal
configure:16564: checking which saxon to use
configure:16780: result: internal
configure:16796: checking whether to enable support for JavaScript
configure:16800: result: yes
configure:16814: checking which libapr to use
configure:16932: result: internal
configure:16945: checking which libapr-util to use
configure:17063: result: internal
configure:17076: checking which libserf to use
configure:17195: result: internal
configure:17209: checking whether to enable support for CoinMP
configure:17213: result: yes
configure:17217: checking which coinmp to use
configure:17484: result: internal
configure:17503: checking which curl to use
configure:17572: result: internal
configure:17581: checking which mdds to use
configure:17747: result: internal
configure:17754: checking which boost to use
configure:18273: result: internal
configure:18280: checking which vigra to use
configure:18446: result: internal
configure:18453: checking which odbc headers to use
configure:18608: result: internal
configure:18615: checking whether to build XML Security support
configure:18621: result: yes
configure:18625: checking whether to build LDAP configuration backend
configure:18965: checking whether to build the internal NSS module
configure:18970: result: yes
configure:19022: checking which sane header to use
configure:19176: result: internal
configure:19183: checking which icu to use
configure:19437: result: internal
configure:19452: checking whether to enable graphite support
configure:19455: result: yes
configure:19458: checking which graphite to use
configure:19577: result: internal
configure:19626: checking for X
configure:19731: gcc -E  conftest.c
configure:19737: $? = 0
configure:19787: gcc -o conftest -g -O2   conftest.c -lX11 -lcrypt  >&5
configure:19793: $? = 0
configure:19797: test -z 
			 || test ! -s conftest.err
configure:19800: $? = 0
configure:19803: test -s conftest
configure:19806: $? = 0
configure:19856: result: libraries , headers 
configure:20028: gcc -o conftest -g -O2   conftest.c -lcrypt   -lX11 >&5
configure:20034: $? = 0
configure:20038: test -z 
			 || test ! -s conftest.err
configure:20041: $? = 0
configure:20044: test -s conftest
configure:20047: $? = 0
configure:20205: checking for gethostbyname
configure:20262: gcc -o conftest -g -O2   conftest.c -lcrypt  >&5
configure:20268: $? = 0
configure:20272: test -z 
			 || test ! -s conftest.err
configure:20275: $? = 0
configure:20278: test -s conftest
configure:20281: $? = 0
configure:20293: result: yes
configure:20444: checking for connect
configure:20501: gcc -o conftest -g -O2   conftest.c -lcrypt  >&5
configure:20507: $? = 0
configure:20511: test -z 
			 || test ! -s conftest.err
configure:20514: $? = 0
configure:20517: test -s conftest
configure:20520: $? = 0
configure:20532: result: yes
configure:20607: checking for remove
configure:20664: gcc -o conftest -g -O2   conftest.c -lcrypt  >&5
configure:20670: $? = 0
configure:20674: test -z 
			 || test ! -s conftest.err
configure:20677: $? = 0
configure:20680: test -s conftest
configure:20683: $? = 0
configure:20695: result: yes
configure:20770: checking for shmat
configure:20827: gcc -o conftest -g -O2   conftest.c -lcrypt  >&5
configure:20833: $? = 0
configure:20837: test -z 
			 || test ! -s conftest.err
configure:20840: $? = 0
configure:20843: test -s conftest
configure:20846: $? = 0
configure:20858: result: yes
configure:20942: checking for IceConnectionNumber in -lICE
configure:20972: gcc -o conftest -g -O2   conftest.c -lICE  -lcrypt  >&5
configure:20978: $? = 0
configure:20982: test -z 
			 || test ! -s conftest.err
configure:20985: $? = 0
configure:20988: test -s conftest
configure:20991: $? = 0
configure:21004: result: yes
configure:21034: checking for XOpenDisplay in -lX11
configure:21064: gcc -o conftest      conftest.c -lX11  -lcrypt  >&5
configure:21070: $? = 0
configure:21074: test -z 
			 || test ! -s conftest.err
configure:21077: $? = 0
configure:21080: test -s conftest
configure:21083: $? = 0
configure:21096: result: yes
configure:21106: checking for XauDisposeAuth in -lXau
configure:21136: gcc -o conftest      conftest.c -lXau  -lcrypt  >&5
configure:21142: $? = 0
configure:21146: test -z 
			 || test ! -s conftest.err
configure:21149: $? = 0
configure:21152: test -s conftest
configure:21155: $? = 0
configure:21168: result: yes
configure:21212: checking fontconfig/fontconfig.h usability
configure:21224: gcc -c    conftest.c >&5
configure:21230: $? = 0
configure:21234: test -z 
			 || test ! -s conftest.err
configure:21237: $? = 0
configure:21240: test -s conftest.o
configure:21243: $? = 0
configure:21253: result: yes
configure:21257: checking fontconfig/fontconfig.h presence
configure:21267: gcc -E   conftest.c
configure:21273: $? = 0
configure:21293: result: yes
configure:21328: checking for fontconfig/fontconfig.h
configure:21335: result: yes
configure:21348: checking whether fontconfig is >= 2.2.0
configure:21373: gcc -o conftest      conftest.c -lcrypt  >&5
configure:21376: $? = 0
configure:21378: ./conftest
configure:21381: $? = 0
configure:21383: result: yes
configure:21399: checking whether to link to Xrender
configure:21407: result: no, dynamically open it
configure:21411: checking which Xrender headers to use
configure:21565: result: internal
configure:21653: checking whether to enable RandR support
configure:21664: checking for XRANDR
configure:21729: result: yes
configure:21975: checking which libnss to use
configure:22093: result: internal
configure:22105: checking which libssl to use
configure:22231: result: internal
configure:22240: checking which redland library to use
configure:22359: result: internal
configure:22368: checking whether to build the Spell Checking component
configure:22373: checking which libhunspell to use
configure:22829: result: internal
configure:22844: checking whether to build the Hyphenator component
configure:22849: checking which libhyphen to use
configure:23334: result: internal
configure:23361: checking which mythes to use
configure:23741: result: internal
configure:23751: checking which libtextcat to use
configure:23982: result: internal
configure:23989: checking which libtextcat data directory to use
configure:24000: result: internal
configure:24007: checking whether libc is >= 2.1.1
configure:24010: checking for gnu_get_libc_version in -lc
configure:24040: gcc -o conftest      conftest.c -lc  -lcrypt  >&5
configure:24046: $? = 0
configure:24050: test -z 
			 || test ! -s conftest.err
configure:24053: $? = 0
configure:24056: test -s conftest
configure:24059: $? = 0
configure:24072: result: yes
configure:24080: result: yes
configure:24094: checking for getopt
configure:24151: gcc -o conftest      conftest.c -lcrypt  >&5
configure:24157: $? = 0
configure:24161: test -z 
			 || test ! -s conftest.err
configure:24164: $? = 0
configure:24167: test -s conftest
configure:24170: $? = 0
configure:24182: result: yes
configure:24198: checking for readdir_r
configure:24255: gcc -o conftest      conftest.c -lcrypt  >&5
configure:24261: $? = 0
configure:24265: test -z 
			 || test ! -s conftest.err
configure:24268: $? = 0
configure:24271: test -s conftest
configure:24274: $? = 0
configure:24286: result: yes
configure:24654: checking for bison
configure:24672: found /usr/bin/bison
configure:24684: result: /usr/bin/bison
configure:24696: checking the bison version
configure:24707: result: checked (/usr/bin/bison 2.3)
configure:24718: checking for flex
configure:24736: found /usr/bin/flex
configure:24748: result: /usr/bin/flex
configure:24762: checking for patch
configure:24780: found /usr/bin/patch
configure:24792: result: /usr/bin/patch
configure:24840: checking for gnucp
configure:24873: result: no
configure:24840: checking for cp
configure:24858: found /bin/cp
configure:24870: result: /bin/cp
configure:24896: checking whether /bin/cp is GNU cp from coreutils with preserve= support
configure:24899: result: yes
configure:25050: checking for zip
configure:25068: found /usr/bin/zip
configure:25080: result: /usr/bin/zip
configure:25089: checking for unzip
configure:25107: found /usr/bin/unzip
configure:25119: result: /usr/bin/unzip
configure:25249: checking which VCLplugs shall be built
configure:25276: result: gtk
configure:25282: checking whether to enable GConf support
configure:25286: result: yes
configure:25290: checking for GCONF
configure:25297: $PKG_CONFIG --exists --print-errors "gconf-2.0 "
configure:25300: $? = 0
configure:25314: $PKG_CONFIG --exists --print-errors "gconf-2.0 "
configure:25317: $? = 0
configure:25395: result: yes
configure:25407: checking whether to enable GNOME VFS support
configure:25411: result: yes
configure:25415: checking for GNOMEVFS
configure:25422: $PKG_CONFIG --exists --print-errors "gnome-vfs-2.0 >= 2.6.0 "
configure:25425: $? = 0
configure:25439: $PKG_CONFIG --exists --print-errors "gnome-vfs-2.0 >= 2.6.0 "
configure:25442: $? = 0
configure:25520: result: yes
configure:25653: checking for GTK
configure:25660: $PKG_CONFIG --exists --print-errors "gtk+-2.0 >= 2.4 gdk-pixbuf-xlib-2.0 >= 2.2 "
configure:25663: $? = 0
configure:25677: $PKG_CONFIG --exists --print-errors "gtk+-2.0 >= 2.4 gdk-pixbuf-xlib-2.0 >= 2.2 "
configure:25680: $? = 0
configure:25722: result: yes
configure:25728: checking for GTHREAD
configure:25797: result: yes
configure:25806: checking for GTK_2_10
configure:25813: $PKG_CONFIG --exists --print-errors "gtk+-2.0 >= 2.10.0"
configure:25816: $? = 0
configure:25830: $PKG_CONFIG --exists --print-errors "gtk+-2.0 >= 2.10.0"
configure:25833: $? = 0
configure:25871: result: yes
configure:25878: checking whether to enable DBUS support
configure:25882: result: yes
configure:25886: checking for DBUS
configure:25893: $PKG_CONFIG --exists --print-errors "dbus-glib-1 >= 0.70 "
configure:25896: $? = 0
configure:25910: $PKG_CONFIG --exists --print-errors "dbus-glib-1 >= 0.70 "
configure:25913: $? = 0
configure:25991: result: yes
configure:26000: checking whether to enable GIO support
configure:26123: result: no
configure:26144: checking whether to build the GStreamer media backend
configure:26149: checking for GSTREAMER
configure:26156: $PKG_CONFIG --exists --print-errors "gtk+-2.0 >= 2.4 gthread-2.0 gstreamer-0.10 gstreamer-interfaces-0.10 "
configure:26159: $? = 0
configure:26173: $PKG_CONFIG --exists --print-errors "gtk+-2.0 >= 2.4 gthread-2.0 gstreamer-0.10 gstreamer-interfaces-0.10 "
configure:26176: $? = 0
configure:26218: result: yes
configure:26223: result: yes
configure:26259: checking whether to use cairo
configure:26452: result: no
configure:26470: checking whether to build the OpenGL Transitions component
configure:26475: result: yes
configure:26487: checking GL/gl.h usability
configure:26499: gcc -c    conftest.c >&5
configure:26505: $? = 0
configure:26509: test -z 
			 || test ! -s conftest.err
configure:26512: $? = 0
configure:26515: test -s conftest.o
configure:26518: $? = 0
configure:26528: result: yes
configure:26532: checking GL/gl.h presence
configure:26542: gcc -E   conftest.c
configure:26548: $? = 0
configure:26568: result: yes
configure:26603: checking for GL/gl.h
configure:26610: result: yes
configure:26624: checking for main in -lGL
configure:26648: gcc -o conftest      conftest.c -lGL  -lcrypt  >&5
configure:26654: $? = 0
configure:26658: test -z 
			 || test ! -s conftest.err
configure:26661: $? = 0
configure:26664: test -s conftest
configure:26667: $? = 0
configure:26680: result: yes
configure:26696: checking for main in -lGLU
configure:26720: gcc -o conftest      conftest.c -lGLU  -lGL -lcrypt  >&5
configure:26726: $? = 0
configure:26730: test -z 
			 || test ! -s conftest.err
configure:26733: $? = 0
configure:26736: test -s conftest
configure:26739: $? = 0
configure:26752: result: yes
configure:26776: checking whether to build the PDF Import extension
configure:26908: result: no
configure:26917: checking whether to build the Wiki Publisher extension
configure:26920: result: yes
configure:26922: checking for swext module
configure:26925: result: OK
configure:26942: checking which Servlet API Jar to use
configure:26978: result: internal
configure:26987: checking whether to build the Report Builder extension
configure:27850: result: no
configure:27871: checking which Apache commons-* libs to use
configure:28204: result: internal
configure:28589: checking whether to enable the lockdown pieces
configure:28597: result: no
configure:28602: checking whether to enable evolution 2 support
configure:28721: result: no
configure:28728: checking whether to enable KDE address book support
configure:28799: result: no
configure:28805: checking whether to include MathMLDTD
configure:28813: result: yes
configure:28824: checking whether to include category B fonts
configure:28827: result: yes
configure:28839: checking whether to include category A fonts
configure:28842: result: yes
configure:28854: checking whether any fonts are included
configure:28859: result: yes
configure:28870: checking whether to include PPDs
configure:28873: result: yes
configure:28883: checking whether to include AFMs
configure:28886: result: yes
configure:28899: checking whether and how to use Xinerama
configure:28935: result: yes, with dynamic linking
configure:28947: checking X11/extensions/Xinerama.h usability
configure:28959: gcc -c    conftest.c >&5
configure:28965: $? = 0
configure:28969: test -z 
			 || test ! -s conftest.err
configure:28972: $? = 0
configure:28975: test -s conftest.o
configure:28978: $? = 0
configure:28988: result: yes
configure:28992: checking X11/extensions/Xinerama.h presence
configure:29002: gcc -E   conftest.c
configure:29008: $? = 0
configure:29028: result: yes
configure:29063: checking for X11/extensions/Xinerama.h
configure:29070: result: yes
configure:29091: checking for XineramaIsActive in -lXinerama
configure:29121: gcc -o conftest      conftest.c -lXinerama -L/usr/lib -lXext -ldl -lGLU -lGL -lcrypt  >&5
configure:29127: $? = 0
configure:29131: test -z 
			 || test ! -s conftest.err
configure:29134: $? = 0
configure:29137: test -s conftest
configure:29140: $? = 0
configure:29153: result: yes
configure:29207: checking whether to build own version of libpng
configure:29223: result: no
configure:29230: checking whether to build own version of libjpeg
configure:29250: result: no
configure:29259: checking whether to trigger rat scan
configure:29262: result: no
configure:29350: checking for jakarta-ant
configure:29380: result: /usr/bin/ant
configure:29513: checking if /usr/bin/ant works
configure:29538: /usr/bin/ant -buildfile conftest.xml 1>&2
Buildfile: conftest.xml

conftest:
    [javac] Compiling 1 source file

BUILD SUCCESSFUL
Total time: 3 seconds
configure:29541: $? = 0
configure:29544: result: Ant works
configure:29572: checking Ant lib directory
configure:29601: result: Ant lib directory found.
configure:29614: checking whether ant is >= 1.7.0
configure: ant_version 1.7.1 
configure: ant_version_major 1 
configure: ant_version_minor 7 
configure:29626: result: yes, 1.7.1
configure:29635: checking whether ant supports mapper type="regexp"
configure:29668: /usr/bin/ant -buildfile conftest.xml 1>&2
Buildfile: conftest.xml

copytest:

conftest:
    [javac] Compiling 1 source file

BUILD SUCCESSFUL
Total time: 0 seconds
configure:29671: $? = 0
configure:29674: result: yes
configure:29691: checking for JUnit 4
configure:29712: result: /usr/share/java/junit4.jar
configure:29728: checking which languages to be built
configure:29735: result: ast bg ca ca-XR ca-XV cs da de el en-GB en-US es eu fi fr gd gl he hi hu it ja kid km ko lt nb nl pl pt pt-BR ru sk sl sr sv ta th tr vi zh-CN zh-TW
configure:29742: checking which languages have poor help localizations
configure:29746: result: none
configure:29754: checking which dictionaries to include
configure:29758: result: ALL
configure:29767: checking for additional 'intro' bitmaps
configure:29772: result: none
configure:29790: checking for additional 'about' bitmaps
configure:29795: result: none
configure:29814: checking for vendor
configure:29817: result: not set
configure:29827: checking for UNIX wrapper name
configure:29830: result: not set
configure:29839: checking whether to statically link to Gtk
configure:29847: result: no
configure:29852: checking whether to use layout dialogs
configure:29860: result: no
configure:29868: checking build verbosity
configure:29873: result: high
configure:29887: checking whether to enable dependency tracking
configure:29894: result: yes
configure:29913: checking solver path
configure:29917: result: default
configure:29936: writing config.status
configure:30064: creating ./config.status

## ---------------------- ##
## Running config.status. ##
## ---------------------- ##

This file was extended by config.status, which was
generated by GNU Autoconf 2.59.  Invocation command line was

  CONFIG_FILES    = 
  CONFIG_HEADERS  = 
  CONFIG_LINKS    = 
  CONFIG_COMMANDS = 
  $ ./config.status 

on localhost.localdomain

config.status:1029: creating set_soenv
config.status:1029: creating Makefile

## ---------------- ##
## Cache variables. ##
## ---------------- ##

ac_cv_build=i686-pc-linux-gnu
ac_cv_build_alias=i686-pc-linux-gnu
ac_cv_c_bigendian=no
ac_cv_c_compiler_gnu=yes
ac_cv_cxx_compiler_gnu=yes
ac_cv_env_APR_CFLAGS_set=
ac_cv_env_APR_CFLAGS_value=
ac_cv_env_APR_LIBS_set=
ac_cv_env_APR_LIBS_value=
ac_cv_env_APR_UTIL_CFLAGS_set=
ac_cv_env_APR_UTIL_CFLAGS_value=
ac_cv_env_APR_UTIL_LIBS_set=
ac_cv_env_APR_UTIL_LIBS_value=
ac_cv_env_CAIRO_CFLAGS_set=
ac_cv_env_CAIRO_CFLAGS_value=
ac_cv_env_CAIRO_LIBS_set=
ac_cv_env_CAIRO_LIBS_value=
ac_cv_env_CC_set=set
ac_cv_env_CC_value=gcc
ac_cv_env_CFLAGS_set=
ac_cv_env_CFLAGS_value=
ac_cv_env_COINMP_CFLAGS_set=
ac_cv_env_COINMP_CFLAGS_value=
ac_cv_env_COINMP_LIBS_set=
ac_cv_env_COINMP_LIBS_value=
ac_cv_env_CPPFLAGS_set=
ac_cv_env_CPPFLAGS_value=
ac_cv_env_CPPUNIT_CFLAGS_set=
ac_cv_env_CPPUNIT_CFLAGS_value=
ac_cv_env_CPPUNIT_LIBS_set=
ac_cv_env_CPPUNIT_LIBS_value=
ac_cv_env_CPP_set=
ac_cv_env_CPP_value=
ac_cv_env_CXXCPP_set=
ac_cv_env_CXXCPP_value=
ac_cv_env_CXXFLAGS_set=
ac_cv_env_CXXFLAGS_value=
ac_cv_env_CXX_set=set
ac_cv_env_CXX_value=g++
ac_cv_env_DBUS_CFLAGS_set=
ac_cv_env_DBUS_CFLAGS_value=
ac_cv_env_DBUS_LIBS_set=
ac_cv_env_DBUS_LIBS_value=
ac_cv_env_FREETYPE_CFLAGS_set=set
ac_cv_env_FREETYPE_CFLAGS_value='-I/usr/include/freetype2  '
ac_cv_env_FREETYPE_LIBS_set=set
ac_cv_env_FREETYPE_LIBS_value='-lfreetype  '
ac_cv_env_GCONF_CFLAGS_set=
ac_cv_env_GCONF_CFLAGS_value=
ac_cv_env_GCONF_LIBS_set=
ac_cv_env_GCONF_LIBS_value=
ac_cv_env_GIO_CFLAGS_set=
ac_cv_env_GIO_CFLAGS_value=
ac_cv_env_GIO_LIBS_set=
ac_cv_env_GIO_LIBS_value=
ac_cv_env_GNOMEVFS_CFLAGS_set=
ac_cv_env_GNOMEVFS_CFLAGS_value=
ac_cv_env_GNOMEVFS_LIBS_set=
ac_cv_env_GNOMEVFS_LIBS_value=
ac_cv_env_GOBJECT_CFLAGS_set=
ac_cv_env_GOBJECT_CFLAGS_value=
ac_cv_env_GOBJECT_LIBS_set=
ac_cv_env_GOBJECT_LIBS_value=
ac_cv_env_GRAPHITE_CFLAGS_set=
ac_cv_env_GRAPHITE_CFLAGS_value=
ac_cv_env_GRAPHITE_LIBS_set=
ac_cv_env_GRAPHITE_LIBS_value=
ac_cv_env_GSTREAMER_CFLAGS_set=set
ac_cv_env_GSTREAMER_CFLAGS_value='-pthread -I/usr/include/gtk-2.0 -I/usr/lib/gtk-2.0/include -I/usr/include/atk-1.0 -I/usr/include/cairo -I/usr/include/pango-1.0 -I/usr/include/glib-2.0 -I/usr/lib/glib-2.0/include -I/usr/include/freetype2 -I/usr/include/libpng12 -I/usr/include/gstreamer-0.10 -I/usr/include/libxml2  '
ac_cv_env_GSTREAMER_LIBS_set=set
ac_cv_env_GSTREAMER_LIBS_value='-pthread -L/lib -lgtk-x11-2.0 -lgdk-x11-2.0 -latk-1.0 -lgdk_pixbuf-2.0 -lpangocairo-1.0 -lpango-1.0 -lcairo -lgstinterfaces-0.10 -lgstreamer-0.10 -lgobject-2.0 -lgmodule-2.0 -ldl -lgthread-2.0 -lxml2 -lz -lm -lglib-2.0  '
ac_cv_env_GTHREAD_CFLAGS_set=set
ac_cv_env_GTHREAD_CFLAGS_value='-pthread -I/usr/include/glib-2.0 -I/usr/lib/glib-2.0/include  '
ac_cv_env_GTHREAD_LIBS_set=set
ac_cv_env_GTHREAD_LIBS_value='-pthread -L/lib -lgthread-2.0 -lglib-2.0  '
ac_cv_env_GTK_2_10_CFLAGS_set=
ac_cv_env_GTK_2_10_CFLAGS_value=
ac_cv_env_GTK_2_10_LIBS_set=
ac_cv_env_GTK_2_10_LIBS_value=
ac_cv_env_GTK_CFLAGS_set=set
ac_cv_env_GTK_CFLAGS_value='-I/usr/include/gtk-2.0 -I/usr/lib/gtk-2.0/include -I/usr/include/atk-1.0 -I/usr/include/cairo -I/usr/include/pango-1.0 -I/usr/include/glib-2.0 -I/usr/lib/glib-2.0/include -I/usr/include/freetype2 -I/usr/include/libpng12  '
ac_cv_env_GTK_LIBS_set=set
ac_cv_env_GTK_LIBS_value='-L/lib -lgtk-x11-2.0 -lgdk-x11-2.0 -latk-1.0 -lpangocairo-1.0 -lpango-1.0 -lcairo -lgdk_pixbuf_xlib-2.0 -lgdk_pixbuf-2.0 -lm -lgobject-2.0 -lgmodule-2.0 -ldl -lglib-2.0  '
ac_cv_env_HUNSPELL_CFLAGS_set=
ac_cv_env_HUNSPELL_CFLAGS_value=
ac_cv_env_HUNSPELL_LIBS_set=
ac_cv_env_HUNSPELL_LIBS_value=
ac_cv_env_LDFLAGS_set=
ac_cv_env_LDFLAGS_value=
ac_cv_env_LIBWPD_CFLAGS_set=
ac_cv_env_LIBWPD_CFLAGS_value=
ac_cv_env_LIBWPD_LIBS_set=
ac_cv_env_LIBWPD_LIBS_value=
ac_cv_env_LIBXML_CFLAGS_set=
ac_cv_env_LIBXML_CFLAGS_value=
ac_cv_env_LIBXML_LIBS_set=
ac_cv_env_LIBXML_LIBS_value=
ac_cv_env_LIBXSLT_CFLAGS_set=
ac_cv_env_LIBXSLT_CFLAGS_value=
ac_cv_env_LIBXSLT_LIBS_set=
ac_cv_env_LIBXSLT_LIBS_value=
ac_cv_env_MYTHES_CFLAGS_set=
ac_cv_env_MYTHES_CFLAGS_value=
ac_cv_env_MYTHES_LIBS_set=
ac_cv_env_MYTHES_LIBS_value=
ac_cv_env_NSS_CFLAGS_set=
ac_cv_env_NSS_CFLAGS_value=
ac_cv_env_NSS_LIBS_set=
ac_cv_env_NSS_LIBS_value=
ac_cv_env_OPENSSL_CFLAGS_set=
ac_cv_env_OPENSSL_CFLAGS_value=
ac_cv_env_OPENSSL_LIBS_set=
ac_cv_env_OPENSSL_LIBS_value=
ac_cv_env_PKG_CONFIG_LIBDIR_set=
ac_cv_env_PKG_CONFIG_LIBDIR_value=
ac_cv_env_PKG_CONFIG_PATH_set=
ac_cv_env_PKG_CONFIG_PATH_value=
ac_cv_env_PKG_CONFIG_set=
ac_cv_env_PKG_CONFIG_value=
ac_cv_env_POPPLER_CFLAGS_set=
ac_cv_env_POPPLER_CFLAGS_value=
ac_cv_env_POPPLER_LIBS_set=
ac_cv_env_POPPLER_LIBS_value=
ac_cv_env_REDLAND_CFLAGS_set=
ac_cv_env_REDLAND_CFLAGS_value=
ac_cv_env_REDLAND_LIBS_set=
ac_cv_env_REDLAND_LIBS_value=
ac_cv_env_SERF_CFLAGS_set=
ac_cv_env_SERF_CFLAGS_value=
ac_cv_env_SERF_LIBS_set=
ac_cv_env_SERF_LIBS_value=
ac_cv_env_XRANDR_CFLAGS_set=set
ac_cv_env_XRANDR_CFLAGS_value=' '
ac_cv_env_XRANDR_LIBS_set=set
ac_cv_env_XRANDR_LIBS_value='-lXrandr '
ac_cv_env_build_alias_set=
ac_cv_env_build_alias_value=
ac_cv_env_host_alias_set=
ac_cv_env_host_alias_value=
ac_cv_env_target_alias_set=
ac_cv_env_target_alias_value=
ac_cv_exeext=
ac_cv_func_connect=yes
ac_cv_func_gethostbyname=yes
ac_cv_func_getopt=yes
ac_cv_func_readdir_r=yes
ac_cv_func_remove=yes
ac_cv_func_shmat=yes
ac_cv_have_x='have_x=yes 		ac_x_includes= ac_x_libraries='
ac_cv_header_GL_gl_h=yes
ac_cv_header_X11_extensions_Xinerama_h=yes
ac_cv_header_cups_cups_h=yes
ac_cv_header_fontconfig_fontconfig_h=yes
ac_cv_header_inttypes_h=yes
ac_cv_header_memory_h=yes
ac_cv_header_security_pam_appl_h=yes
ac_cv_header_stdc=yes
ac_cv_header_stdint_h=yes
ac_cv_header_stdlib_h=yes
ac_cv_header_string_h=yes
ac_cv_header_strings_h=yes
ac_cv_header_sys_stat_h=yes
ac_cv_header_sys_types_h=yes
ac_cv_header_unistd_h=yes
ac_cv_host=i686-pc-linux-gnu
ac_cv_host_alias=i686-pc-linux-gnu
ac_cv_lib_GLU_main=yes
ac_cv_lib_GL_main=yes
ac_cv_lib_ICE_IceConnectionNumber=yes
ac_cv_lib_X11_XOpenDisplay=yes
ac_cv_lib_Xau_XauDisposeAuth=yes
ac_cv_lib_Xinerama_XineramaIsActive=yes
ac_cv_lib_c_gnu_get_libc_version=yes
ac_cv_lib_crypt_crypt=yes
ac_cv_lib_freetype_FT_GlyphSlot_Embolden=yes
ac_cv_objext=o
ac_cv_path_ANT=/usr/bin/ant
ac_cv_path_AWK=/usr/bin/gawk
ac_cv_path_BISON=/usr/bin/bison
ac_cv_path_BZIP2=/usr/bin/bzip2
ac_cv_path_COMPATH=/usr/bin/gcc
ac_cv_path_DPKG=/usr/bin/dpkg
ac_cv_path_EPM=no
ac_cv_path_FLEX=/usr/bin/flex
ac_cv_path_GNUCP=/bin/cp
ac_cv_path_GPERF=/usr/bin/gperf
ac_cv_path_JAVACOMPILER=/usr/bin/javac
ac_cv_path_JAVADOC=/usr/bin/javadoc
ac_cv_path_JAVAINTERPRETER=/usr/bin/java
ac_cv_path_PATCH=/usr/bin/patch
ac_cv_path_PERL=/usr/bin/perl
ac_cv_path_SED=/bin/sed
ac_cv_path_SHELLPATH=/bin/bash
ac_cv_path_UNZIP=/usr/bin/unzip
ac_cv_path_ZIP=/usr/bin/zip
ac_cv_path_ac_pt_PKG_CONFIG=/usr/bin/pkg-config
ac_cv_prog_AWK=gawk
ac_cv_prog_CPP='gcc -E'
ac_cv_prog_CXXCPP='g++ -E'
ac_cv_prog_ac_ct_CC=gcc
ac_cv_prog_cc_g=yes
ac_cv_prog_cc_stdc=
ac_cv_prog_cxx_g=yes
ac_cv_prog_egrep='grep -E'
ac_cv_sizeof_long=4
ac_cv_sys_file_offset_bits=64
ac_cv_sys_large_files=no
ac_cv_sys_largefile_CC=no
ac_cv_target=i686-pc-linux-gnu
ac_cv_target_alias=i686-pc-linux-gnu
ac_cv_type_long=yes
pkg_cv_DBUS_CFLAGS='-I/usr/include/dbus-1.0 -I/usr/lib/dbus-1.0/include -I/usr/include/glib-2.0 -I/usr/lib/glib-2.0/include  '
pkg_cv_DBUS_LIBS='-L/lib -ldbus-glib-1 -ldbus-1 -lgobject-2.0 -lglib-2.0  '
pkg_cv_FREETYPE_CFLAGS='-I/usr/include/freetype2  '
pkg_cv_FREETYPE_LIBS='-lfreetype  '
pkg_cv_GCONF_CFLAGS='-DORBIT2=1 -pthread -I/usr/include/gconf/2 -I/usr/include/orbit-2.0 -I/usr/include/glib-2.0 -I/usr/lib/glib-2.0/include  '
pkg_cv_GCONF_LIBS='-pthread -L/lib -lgconf-2 -lORBit-2 -lm -lgmodule-2.0 -ldl -lgthread-2.0 -lglib-2.0  '
pkg_cv_GNOMEVFS_CFLAGS='-pthread -DORBIT2=1 -I/usr/include/gnome-vfs-2.0 -I/usr/lib/gnome-vfs-2.0/include -I/usr/include/gconf/2 -I/usr/include/orbit-2.0 -I/usr/include/glib-2.0 -I/usr/lib/glib-2.0/include  '
pkg_cv_GNOMEVFS_LIBS='-pthread -L/lib -lgnomevfs-2 -lgconf-2 -lgobject-2.0 -lORBit-2 -lm -lgmodule-2.0 -ldl -lgthread-2.0 -lglib-2.0  '
pkg_cv_GSTREAMER_CFLAGS='-pthread -I/usr/include/gtk-2.0 -I/usr/lib/gtk-2.0/include -I/usr/include/atk-1.0 -I/usr/include/cairo -I/usr/include/pango-1.0 -I/usr/include/glib-2.0 -I/usr/lib/glib-2.0/include -I/usr/include/freetype2 -I/usr/include/libpng12 -I/usr/include/gstreamer-0.10 -I/usr/include/libxml2  '
pkg_cv_GSTREAMER_LIBS='-pthread -L/lib -lgtk-x11-2.0 -lgdk-x11-2.0 -latk-1.0 -lgdk_pixbuf-2.0 -lpangocairo-1.0 -lpango-1.0 -lcairo -lgstinterfaces-0.10 -lgstreamer-0.10 -lgobject-2.0 -lgmodule-2.0 -ldl -lgthread-2.0 -lxml2 -lz -lm -lglib-2.0  '
pkg_cv_GTHREAD_CFLAGS='-pthread -I/usr/include/glib-2.0 -I/usr/lib/glib-2.0/include  '
pkg_cv_GTHREAD_LIBS='-pthread -L/lib -lgthread-2.0 -lglib-2.0  '
pkg_cv_GTK_2_10_CFLAGS='-I/usr/include/gtk-2.0 -I/usr/lib/gtk-2.0/include -I/usr/include/atk-1.0 -I/usr/include/cairo -I/usr/include/pango-1.0 -I/usr/include/glib-2.0 -I/usr/lib/glib-2.0/include -I/usr/include/freetype2 -I/usr/include/libpng12  '
pkg_cv_GTK_2_10_LIBS='-L/lib -lgtk-x11-2.0 -lgdk-x11-2.0 -latk-1.0 -lgdk_pixbuf-2.0 -lm -lpangocairo-1.0 -lpango-1.0 -lcairo -lgobject-2.0 -lgmodule-2.0 -ldl -lglib-2.0  '
pkg_cv_GTK_CFLAGS='-I/usr/include/gtk-2.0 -I/usr/lib/gtk-2.0/include -I/usr/include/atk-1.0 -I/usr/include/cairo -I/usr/include/pango-1.0 -I/usr/include/glib-2.0 -I/usr/lib/glib-2.0/include -I/usr/include/freetype2 -I/usr/include/libpng12  '
pkg_cv_GTK_LIBS='-L/lib -lgtk-x11-2.0 -lgdk-x11-2.0 -latk-1.0 -lpangocairo-1.0 -lpango-1.0 -lcairo -lgdk_pixbuf_xlib-2.0 -lgdk_pixbuf-2.0 -lm -lgobject-2.0 -lgmodule-2.0 -ldl -lglib-2.0  '
pkg_cv_XRANDR_CFLAGS=' '
pkg_cv_XRANDR_LIBS='-lXrandr '

## ----------------- ##
## Output variables. ##
## ----------------- ##

ABOUT_BITMAPS=''
ADDITIONAL_REPOSITORIES='../ext_libraries ../extras'
ALLOC=''
ANT='/usr/bin/ant'
ANT_HOME='/usr/share/ant'
ANT_LIB='/usr/share/java'
APR_CFLAGS=''
APR_LIBS=''
APR_UTIL_CFLAGS=''
APR_UTIL_LIBS=''
ARM_TARGET=''
ASM_HOME='NO_ASM_HOME'
ATL_INCLUDE=''
ATL_LIB=''
ATL_LIB_X64=''
AWK='/usr/bin/gawk'
AWTLIB='-ljawt'
BISON='/usr/bin/bison'
BSH_JAR=''
BUILD_EPM='YES'
BUILD_PIXMAN=''
BUILD_STAX='YES'
BUILD_TYPE='OOo CRASHREP EPM ODK ZLIB JPEG EXPAT LIBXSLT LIBXML2 LIBXMLSEC PYTHON LUCENE HSQLDB BSH SAXON RHINO APR APR_UTIL SERF COINMP COINMP CURL MDDS BOOST VIGRA UNIXODBC NSS SANE ICU GRAPHITE X11_EXTENSIONS NSS OPENSSL REDLAND HUNSPELL HYPHEN MYTHES LIBTEXTCAT LIBTEXTCATDATA GTK SYSTRAY_GTK SWEXT TOMCAT APACHE_COMMONS TOMCAT MATHMLDTD CATB_FONTS MORE_FONTS AFMS L10N'
BUILD_UNOWINREG='NO'
BUILD_VER_STRING='2015-10-21 09:52 - Linux i686'
BUILD_X64=''
BUNDLED_EXTENSION_BLOBS=''
BUNDLED_PREREG_EXTENSIONS=''
BZIP2='/usr/bin/bzip2'
CAIRO_CFLAGS=''
CAIRO_LIBS=''
CC='gcc'
CCACHE=''
CC_PATH='/usr/bin/'
CFLAGS=''
COINMP_CFLAGS=''
COINMP_LIBS=''
COMEX=''
COMMONS_CODEC_JAR=''
COMMONS_HTTPCLIENT_JAR=''
COMMONS_LANG_JAR=''
COMMONS_LOGGING_JAR=''
COMPATH='/usr'
COM_IS=''
CPP='gcc -E'
CPPFLAGS=' '
CPPUNIT_CFLAGS=''
CPPUNIT_LIBS=''
CRYPT_LINK='YES'
CSC_PATH=''
CURLCONFIG=''
CURL_CFLAGS=''
CURL_LIBS=''
CUSTOM_PACK_LIST=''
CXX='g++'
CXXCPP='g++ -E'
CXXFLAGS='-g -O2'
CYGWIN_PATH='NO_CYGWIN'
DBUS_CFLAGS='-I/usr/include/dbus-1.0 -I/usr/lib/dbus-1.0/include -I/usr/include/glib-2.0 -I/usr/lib/glib-2.0/include  '
DBUS_LIBS='-L/lib -ldbus-glib-1 -ldbus-1 -lgobject-2.0 -lglib-2.0  '
DEFS='-DPACKAGE_NAME=\"\" -DPACKAGE_TARNAME=\"\" -DPACKAGE_VERSION=\"\" -DPACKAGE_STRING=\"\" -DPACKAGE_BUGREPORT=\"\" -DSTDC_HEADERS=1 -DHAVE_SYS_TYPES_H=1 -DHAVE_SYS_STAT_H=1 -DHAVE_STDLIB_H=1 -DHAVE_STRING_H=1 -DHAVE_MEMORY_H=1 -DHAVE_STRINGS_H=1 -DHAVE_INTTYPES_H=1 -DHAVE_STDINT_H=1 -DHAVE_UNISTD_H=1 -DSIZEOF_LONG=4 -D_FILE_OFFSET_BITS=64 -DHAVE_LIBCRYPT=1 -DHAVE_GETOPT=1 -DHAVE_READDIR_R=1 -DHAVE_LIBGL=1 -DHAVE_LIBGLU=1 -DHAVE_LIBXINERAMA=1 '
DICT_SYSTEM_DIR=''
DIRECTXSDK_HOME=''
DIRECTXSDK_LIB=''
DISABLE_ACTIVEX=''
DISABLE_ATL=''
DISABLE_SAXON=''
DISABLE_STRIP=''
DMAKE=''
DMAKE_PATH=''
DMAKE_URL='http://dmake.apache-extras.org.codespot.com/files/dmake-4.12.tar.bz2'
DO_FETCH_TARBALLS='yes'
DPKG='/usr/bin/dpkg'
ECHO_C=''
ECHO_N='-n'
ECHO_T=''
EGREP='grep -E'
ENABLE_BEANSHELL='YES'
ENABLE_BUNDLED_DICTIONARIES='YES'
ENABLE_CAIRO=''
ENABLE_CAIRO_CANVAS='FALSE'
ENABLE_CATEGORY_B='YES'
ENABLE_COINMP='YES'
ENABLE_CRASHDUMP='TRUE'
ENABLE_CUPS='TRUE'
ENABLE_DBUS='TRUE'
ENABLE_DEBUG='FALSE'
ENABLE_DIRECTX=''
ENABLE_DIRECT_DRAW=''
ENABLE_EVOAB2=''
ENABLE_FONTCONFIG='TRUE'
ENABLE_GCONF='TRUE'
ENABLE_GIO=''
ENABLE_GNOMEVFS='TRUE'
ENABLE_GRAPHITE='TRUE'
ENABLE_GSTREAMER='TRUE'
ENABLE_GTK='TRUE'
ENABLE_HUNSPELL='YES'
ENABLE_HYPHEN='YES'
ENABLE_JAVASCRIPT='YES'
ENABLE_KAB=''
ENABLE_KDE4=''
ENABLE_KDE=''
ENABLE_LAYOUT='FALSE'
ENABLE_LOCKDOWN=''
ENABLE_MEDIAWIKI='YES'
ENABLE_MYSQLC='NO'
ENABLE_NSS_MODULE='YES'
ENABLE_ONLINE_UPDATE='YES'
ENABLE_OPENGL='TRUE'
ENABLE_PCH=''
ENABLE_PDFIMPORT='NO'
ENABLE_RANDR='TRUE'
ENABLE_REPORTBUILDER='NO'
ENABLE_RPATH='yes'
ENABLE_STATIC_GTK='FALSE'
ENABLE_SYMBOLS=''
ENABLE_SYSTRAY_GTK='TRUE'
ENABLE_WERROR='FALSE'
EPM=''
EPM_URL='http://www.msweet.org/files/project2/epm-3.7-source.tar.gz'
EXCEPTIONS=''
EXEEXT=''
FBSD_GCC_RPATH=''
FLEX='/usr/bin/flex'
FLUTE_JAR=''
FRAME_HOME=''
FREETYPE_CFLAGS='-I/usr/include/freetype2  '
FREETYPE_LIBS='-lfreetype  '
GCCVER='40102'
GCC_HOME='/usr'
GCONF_CFLAGS='-DORBIT2=1 -pthread -I/usr/include/gconf/2 -I/usr/include/orbit-2.0 -I/usr/include/glib-2.0 -I/usr/lib/glib-2.0/include  '
GCONF_LIBS='-pthread -L/lib -lgconf-2 -lORBit-2 -lm -lgmodule-2.0 -ldl -lgthread-2.0 -lglib-2.0  '
GIO_CFLAGS=''
GIO_LIBS=''
GNOMEVFS_CFLAGS='-pthread -DORBIT2=1 -I/usr/include/gnome-vfs-2.0 -I/usr/lib/gnome-vfs-2.0/include -I/usr/include/gconf/2 -I/usr/include/orbit-2.0 -I/usr/include/glib-2.0 -I/usr/lib/glib-2.0/include  '
GNOMEVFS_LIBS='-pthread -L/lib -lgnomevfs-2 -lgconf-2 -lgobject-2.0 -lORBit-2 -lm -lgmodule-2.0 -ldl -lgthread-2.0 -lglib-2.0  '
GNUCP='/bin/cp'
GNUMAKE='make'
GNUPATCH=''
GNUTAR='gtar'
GOBJECT_CFLAGS=''
GOBJECT_LIBS=''
GPERF='/usr/bin/gperf'
GRAPHITE_CFLAGS=''
GRAPHITE_LIBS=''
GSTREAMER_CFLAGS='-pthread -I/usr/include/gtk-2.0 -I/usr/lib/gtk-2.0/include -I/usr/include/atk-1.0 -I/usr/include/cairo -I/usr/include/pango-1.0 -I/usr/include/glib-2.0 -I/usr/lib/glib-2.0/include -I/usr/include/freetype2 -I/usr/include/libpng12 -I/usr/include/gstreamer-0.10 -I/usr/include/libxml2  '
GSTREAMER_LIBS='-pthread -L/lib -lgtk-x11-2.0 -lgdk-x11-2.0 -latk-1.0 -lgdk_pixbuf-2.0 -lpangocairo-1.0 -lpango-1.0 -lcairo -lgstinterfaces-0.10 -lgstreamer-0.10 -lgobject-2.0 -lgmodule-2.0 -ldl -lgthread-2.0 -lxml2 -lz -lm -lglib-2.0  '
GTHREAD_CFLAGS='-pthread -I/usr/include/glib-2.0 -I/usr/lib/glib-2.0/include  '
GTHREAD_LIBS='-pthread -L/lib -lgthread-2.0 -lglib-2.0  '
GTK_2_10_CFLAGS='-I/usr/include/gtk-2.0 -I/usr/lib/gtk-2.0/include -I/usr/include/atk-1.0 -I/usr/include/cairo -I/usr/include/pango-1.0 -I/usr/include/glib-2.0 -I/usr/lib/glib-2.0/include -I/usr/include/freetype2 -I/usr/include/libpng12  '
GTK_2_10_LIBS='-L/lib -lgtk-x11-2.0 -lgdk-x11-2.0 -latk-1.0 -lgdk_pixbuf-2.0 -lm -lpangocairo-1.0 -lpango-1.0 -lcairo -lgobject-2.0 -lgmodule-2.0 -ldl -lglib-2.0  '
GTK_CFLAGS='-I/usr/include/gtk-2.0 -I/usr/lib/gtk-2.0/include -I/usr/include/atk-1.0 -I/usr/include/cairo -I/usr/include/pango-1.0 -I/usr/include/glib-2.0 -I/usr/lib/glib-2.0/include -I/usr/include/freetype2 -I/usr/include/libpng12  '
GTK_LIBS='-L/lib -lgtk-x11-2.0 -lgdk-x11-2.0 -latk-1.0 -lpangocairo-1.0 -lpango-1.0 -lcairo -lgdk_pixbuf_xlib-2.0 -lgdk_pixbuf-2.0 -lm -lgobject-2.0 -lgmodule-2.0 -ldl -lglib-2.0  '
GXX_INCLUDE_PATH='/usr/include/c++/4.1.2'
HAVE_ATLTHUNK=''
HAVE_GCC_VISIBILITY_FEATURE='TRUE'
HAVE_GETOPT='YES'
HAVE_LD_BSYMBOLIC_FUNCTIONS=''
HAVE_LD_HASH_STYLE='TRUE'
HAVE_READDIR_R='YES'
HOME='/home/aoodev'
HSQLDB_JAR=''
HUNSPELL_CFLAGS=''
HUNSPELL_LIBS=''
HYPHEN_LIB=''
HYPH_SYSTEM_DIR=''
ICUCONFIG=''
ICU_MAJOR=''
ICU_MICRO=''
ICU_MINOR=''
INTRO_BITMAPS=''
IS_SYSTEM_DMAKE=''
JAVAAOTCOMPILER=''
JAVACISGCJ=''
JAVACOMPILER='/usr/bin/javac'
JAVADOC='/usr/bin/javadoc'
JAVAFLAGS=''
JAVAIFLAGS=''
JAVAINTERPRETER='/usr/bin/java'
JAVA_HOME='/usr/lib/jvm/java-1.6.0-openjdk-1.6.0.36'
JDK='sun'
JFREEREPORT_JAR=''
KDE4_CFLAGS=''
KDE4_LIBS=''
KDE_CFLAGS=''
KDE_LIBS=''
LDFLAGS=' '
LFS_CFLAGS='-D_FILE_OFFSET_BITS=64'
LIBBASE_JAR=''
LIBFONTS_JAR=''
LIBFORMULA_JAR=''
LIBINTL_PREFIX=''
LIBLAYOUT_JAR=''
LIBLOADER_JAR=''
LIBMYSQL_PATH=''
LIBOBJS=''
LIBREPOSITORY_JAR=''
LIBS='-lXinerama -lGLU -lGL -lcrypt '
LIBSERIALIZER_JAR=''
LIBWPD_CFLAGS=''
LIBWPD_LIBS=''
LIBXML_CFLAGS=''
LIBXML_JAR=''
LIBXML_LIBS=''
LIBXSLT_CFLAGS=''
LIBXSLT_LIBS=''
LOCAL_SOLENV='DEFAULT'
LOCAL_SOLVER='DEFAULT'
LTLIBOBJS=''
LUCENE_ANALYZERS_JAR=''
LUCENE_CORE_JAR=''
MACOSX_DEPLOYMENT_TARGET=''
MACOSX_SDK_PATH=''
MFC_INCLUDE=''
MFC_LIB=''
MIDL_PATH=''
MINGWCXX=''
MINGWSTRIP=''
MINGW_BACKWARD_INCLUDE_PATH=''
MINGW_CLIB_DIR=''
MINGW_GCCDLL=''
MINGW_GCCLIB_EH=''
MINGW_GXXDLL=''
MINGW_LIB_INCLUDE_PATH=''
MINGW_SHARED_GCCLIB=''
MINGW_SHARED_GXXLIB=''
MINGW_SHARED_LIBSTDCPP=''
ML_EXE=''
MOC4='moc'
MOC='moc'
MOCQT4=''
MOZILLABUILD=''
MOZ_INC=''
MSPDB_PATH=''
MYSQLCONFIG=''
MYSQL_DEFINES=''
MYSQL_INC=''
MYSQL_LIB=''
MYTHES_CFLAGS=''
MYTHES_LIBS=''
NEW_SHADOW_API=''
NSIS_PATH=''
NSS_CFLAGS=''
NSS_LIBS=''
OBJEXT='o'
OOO_JUNIT_JAR='/usr/share/java/junit4.jar'
OOO_VENDOR=''
OPENSSL_CFLAGS=''
OPENSSL_LIBS=''
OSVERSION=''
PACKAGE_BUGREPORT=''
PACKAGE_NAME=''
PACKAGE_STRING=''
PACKAGE_TARNAME=''
PACKAGE_VERSION=''
PAM='YES'
PAM_LINK='NO'
PATCH='/usr/bin/patch'
PATH_SEPARATOR=':'
PERL='/usr/bin/perl'
PKGFORMAT='rpm deb'
PKGMK=''
PKG_CONFIG='/usr/bin/pkg-config'
PKG_CONFIG_LIBDIR=''
PKG_CONFIG_PATH=''
POPPLER_CFLAGS=''
POPPLER_LIBS=''
PRODUCT='full'
PROEXT='.pro'
PROFULLSWITCH='product=full'
PSDK_HOME=''
PTHREAD_CFLAGS=''
PTHREAD_LIBS=''
PYTHON=''
PYTHON_CFLAGS=''
PYTHON_EXEC_PREFIX=''
PYTHON_LIBS=''
PYTHON_PLATFORM=''
PYTHON_PREFIX=''
PYTHON_VERSION=''
RAT_JAR_HOME=''
REDLAND_CFLAGS=''
REDLAND_LIBS=''
RPM='rpmbuild'
SAC_JAR=''
SAXON_JAR=''
SCPDEFS=' -DENABLE_ONLINE_UPDATE -DWITH_CATB_FONTS -DWITH_CATA_FONTS'
SED='/bin/sed'
SERF_CFLAGS=''
SERF_LIBS=''
SERIALIZER_JAR=''
SERVLETAPI_JAR=''
SHELL='/bin/sh'
SHELLPATH='/bin'
SIZEOF_LONG='4'
SOLAR_JAVA='TRUE'
SOURCEVERSION='AOO412'
SYSTEM_APACHE_COMMONS='NO'
SYSTEM_APR='NO'
SYSTEM_APR_UTIL='NO'
SYSTEM_BOOST='NO'
SYSTEM_BSH='NO'
SYSTEM_CAIRO=''
SYSTEM_COINMP='NO'
SYSTEM_CPPUNIT='NO'
SYSTEM_CURL='NO'
SYSTEM_DICTS='NO'
SYSTEM_EXPAT='NO'
SYSTEM_GDKPIXBUF='YES'
SYSTEM_GENBRK=''
SYSTEM_GENCCODE=''
SYSTEM_GENCMN=''
SYSTEM_GETTEXT='YES'
SYSTEM_GLIB='YES'
SYSTEM_GRAPHITE='NO'
SYSTEM_HSQLDB='NO'
SYSTEM_HUNSPELL='NO'
SYSTEM_HYPH='NO'
SYSTEM_ICU='NO'
SYSTEM_JFREEREPORT=''
SYSTEM_JPEG='NO'
SYSTEM_LIBC='YES'
SYSTEM_LIBJPEG='YES'
SYSTEM_LIBPNG='YES'
SYSTEM_LIBTEXTCAT='NO'
SYSTEM_LIBTEXTCAT_DATA=''
SYSTEM_LIBWPD=''
SYSTEM_LIBXML='NO'
SYSTEM_LIBXSLT='NO'
SYSTEM_LUCENE='NO'
SYSTEM_MDDS='NO'
SYSTEM_MYSQL=''
SYSTEM_MYSQL_CPPCONN=''
SYSTEM_MYTHES='NO'
SYSTEM_NSS='NO'
SYSTEM_ODBC_HEADERS='NO'
SYSTEM_OPENSSL='NO'
SYSTEM_PANGO='YES'
SYSTEM_POPPLER=''
SYSTEM_PYTHON='NO'
SYSTEM_REDLAND='NO'
SYSTEM_SANE_HEADER='NO'
SYSTEM_SAXON='NO'
SYSTEM_SERF='NO'
SYSTEM_SERVLETAPI='NO'
SYSTEM_STDLIBS='YES'
SYSTEM_VIGRA='NO'
SYSTEM_XRENDER_HEADERS='NO'
SYSTEM_ZLIB='NO'
TARFILE_LOCATION='/home/aoodev/AOO.svn/ext_sources'
THES_SYSTEM_DIR=''
UNIXWRAPPERNAME=''
UNZIP='/usr/bin/unzip'
UPD='412'
USE_CCACHE=''
USE_FT_EMBOLDEN='YES'
USE_MINGW=''
USE_PACKAGER=''
USE_SYSTEM_STL='YES'
USE_XINERAMA='YES'
VALGRIND_CFLAGS=''
VC_STANDARD=''
VERBOSE='TRUE'
WINDOWS_VISTA_PSDK=''
WITHOUT_AFMS=''
WITHOUT_PPDS=''
WITH_CATA_FONTS='YES'
WITH_CATB_FONTS='YES'
WITH_CPPUNIT=''
WITH_DICT=',ALL,'
WITH_FONTS='YES'
WITH_LANG='ast bg ca ca-XR ca-XV cs da de el en-GB en-US es eu fi fr gd gl he hi hu it ja kid km ko lt nb nl pl pt pt-BR ru sk sl sr sv ta th tr vi zh-CN zh-TW'
WITH_LDAP='NO'
WITH_MINGWIN='0'
WITH_OPENLDAP=''
WITH_POOR_HELP_LOCALIZATIONS=''
WITH_VC_REDIST=''
WORDS_BIGENDIAN='no'
XAU_LIBS='-lXau'
XINC='/usr/include'
XINERAMA_LINK='dynamic'
XLIB='/usr/lib'
XRANDR_CFLAGS=' '
XRANDR_DLOPEN='FALSE'
XRANDR_LIBS='-lXrandr '
XRENDER_LINK='NO'
XSLTPROC=''
X_CFLAGS=''
X_EXTRA_LIBS=''
X_LIBS=''
X_PRE_LIBS=' -lSM -lICE'
ZIP='/usr/bin/zip'
ZIP_HOME='/usr/bin'
_cc=''
_solenv='./solenv'
ac_ct_CC='gcc'
ac_ct_CXX=''
ac_ct_MINGWCXX=''
ac_ct_MINGWSTRIP=''
ac_pt_PKG_CONFIG='/usr/bin/pkg-config'
bindir='${exec_prefix}/bin'
build='i686-pc-linux-gnu'
build_alias=''
build_cpu='i686'
build_os='linux-gnu'
build_vendor='pc'
datadir='${prefix}/share'
exec_prefix='${prefix}'
host='i686-pc-linux-gnu'
host_alias=''
host_cpu='i686'
host_os='linux-gnu'
host_vendor='pc'
includedir='${prefix}/include'
infodir='${prefix}/info'
libdir='${exec_prefix}/lib'
libexecdir='${exec_prefix}/libexec'
localstatedir='${prefix}/var'
mandir='${prefix}/man'
nodep=''
oldincludedir='/usr/include'
pkgpyexecdir=''
pkgpythondir=''
prefix='/usr/local'
program_transform_name='s,x,x,'
pyexecdir=''
pythondir=''
sbindir='${exec_prefix}/sbin'
sharedstatedir='${prefix}/com'
sysconfdir='${prefix}/etc'
target='i686-pc-linux-gnu'
target_alias=''
target_cpu='i686'
target_os='linux-gnu'
target_vendor='pc'

## ----------- ##
## confdefs.h. ##
## ----------- ##

#define HAVE_GETOPT 1
#define HAVE_INTTYPES_H 1
#define HAVE_LIBCRYPT 1
#define HAVE_LIBGL 1
#define HAVE_LIBGLU 1
#define HAVE_LIBXINERAMA 1
#define HAVE_MEMORY_H 1
#define HAVE_READDIR_R 1
#define HAVE_STDINT_H 1
#define HAVE_STDLIB_H 1
#define HAVE_STRINGS_H 1
#define HAVE_STRING_H 1
#define HAVE_SYS_STAT_H 1
#define HAVE_SYS_TYPES_H 1
#define HAVE_UNISTD_H 1
#define PACKAGE_BUGREPORT ""
#define PACKAGE_NAME ""
#define PACKAGE_STRING ""
#define PACKAGE_TARNAME ""
#define PACKAGE_VERSION ""
#define SIZEOF_LONG 4
#define STDC_HEADERS 1
#define _FILE_OFFSET_BITS 64
#endif
#ifdef __cplusplus
extern "C" void std::exit (int) throw (); using std::exit;

configure: exit 0
